<?xml version="1.0" encoding="UTF-8"?>
<testsuite xmlns:xsi="http://www.w3.org/2001/XMLSchema-instance" xsi:noNamespaceSchemaLocation="https://maven.apache.org/surefire/maven-surefire-plugin/xsd/surefire-test-report-3.0.xsd" version="3.0" name="TestSuite" time="1447.28" tests="589" errors="0" skipped="534" failures="12">
  <properties>
    <property name="java.specification.version" value="21"/>
    <property name="sun.cpu.isalist" value="amd64"/>
    <property name="sun.jnu.encoding" value="Cp1252"/>
    <property name="java.class.path" value="C:\Users\veera\eclipse-workspace\AdminPortal\target\test-classes;C:\Users\veera\eclipse-workspace\AdminPortal\target\classes;C:\Windows\system32\config\systemprofile\.m2\repository\org\testng\testng\7.10.2\testng-7.10.2.jar;C:\Windows\system32\config\systemprofile\.m2\repository\org\slf4j\slf4j-api\1.7.36\slf4j-api-1.7.36.jar;C:\Windows\system32\config\systemprofile\.m2\repository\com\beust\jcommander\1.82\jcommander-1.82.jar;C:\Windows\system32\config\systemprofile\.m2\repository\org\webjars\jquery\3.7.1\jquery-3.7.1.jar;C:\Windows\system32\config\systemprofile\.m2\repository\org\seleniumhq\selenium\selenium-java\4.22.0\selenium-java-4.22.0.jar;C:\Windows\system32\config\systemprofile\.m2\repository\org\seleniumhq\selenium\selenium-api\4.22.0\selenium-api-4.22.0.jar;C:\Windows\system32\config\systemprofile\.m2\repository\org\seleniumhq\selenium\selenium-chrome-driver\4.22.0\selenium-chrome-driver-4.22.0.jar;C:\Windows\system32\config\systemprofile\.m2\repository\com\google\auto\service\auto-service-annotations\1.1.1\auto-service-annotations-1.1.1.jar;C:\Windows\system32\config\systemprofile\.m2\repository\org\seleniumhq\selenium\selenium-chromium-driver\4.22.0\selenium-chromium-driver-4.22.0.jar;C:\Windows\system32\config\systemprofile\.m2\repository\org\seleniumhq\selenium\selenium-json\4.22.0\selenium-json-4.22.0.jar;C:\Windows\system32\config\systemprofile\.m2\repository\org\seleniumhq\selenium\selenium-manager\4.22.0\selenium-manager-4.22.0.jar;C:\Windows\system32\config\systemprofile\.m2\repository\org\seleniumhq\selenium\selenium-devtools-v124\4.22.0\selenium-devtools-v124-4.22.0.jar;C:\Windows\system32\config\systemprofile\.m2\repository\org\seleniumhq\selenium\selenium-devtools-v125\4.22.0\selenium-devtools-v125-4.22.0.jar;C:\Windows\system32\config\systemprofile\.m2\repository\org\seleniumhq\selenium\selenium-devtools-v126\4.22.0\selenium-devtools-v126-4.22.0.jar;C:\Windows\system32\config\systemprofile\.m2\repository\org\seleniumhq\selenium\selenium-devtools-v85\4.22.0\selenium-devtools-v85-4.22.0.jar;C:\Windows\system32\config\systemprofile\.m2\repository\org\seleniumhq\selenium\selenium-edge-driver\4.22.0\selenium-edge-driver-4.22.0.jar;C:\Windows\system32\config\systemprofile\.m2\repository\org\seleniumhq\selenium\selenium-firefox-driver\4.22.0\selenium-firefox-driver-4.22.0.jar;C:\Windows\system32\config\systemprofile\.m2\repository\org\seleniumhq\selenium\selenium-http\4.22.0\selenium-http-4.22.0.jar;C:\Windows\system32\config\systemprofile\.m2\repository\dev\failsafe\failsafe\3.3.2\failsafe-3.3.2.jar;C:\Windows\system32\config\systemprofile\.m2\repository\org\seleniumhq\selenium\selenium-ie-driver\4.22.0\selenium-ie-driver-4.22.0.jar;C:\Windows\system32\config\systemprofile\.m2\repository\org\seleniumhq\selenium\selenium-remote-driver\4.22.0\selenium-remote-driver-4.22.0.jar;C:\Windows\system32\config\systemprofile\.m2\repository\com\google\guava\guava\33.2.1-jre\guava-33.2.1-jre.jar;C:\Windows\system32\config\systemprofile\.m2\repository\com\google\guava\failureaccess\1.0.2\failureaccess-1.0.2.jar;C:\Windows\system32\config\systemprofile\.m2\repository\com\google\guava\listenablefuture\9999.0-empty-to-avoid-conflict-with-guava\listenablefuture-9999.0-empty-to-avoid-conflict-with-guava.jar;C:\Windows\system32\config\systemprofile\.m2\repository\com\google\code\findbugs\jsr305\3.0.2\jsr305-3.0.2.jar;C:\Windows\system32\config\systemprofile\.m2\repository\org\checkerframework\checker-qual\3.42.0\checker-qual-3.42.0.jar;C:\Windows\system32\config\systemprofile\.m2\repository\com\google\errorprone\error_prone_annotations\2.26.1\error_prone_annotations-2.26.1.jar;C:\Windows\system32\config\systemprofile\.m2\repository\com\google\j2objc\j2objc-annotations\3.0.0\j2objc-annotations-3.0.0.jar;C:\Windows\system32\config\systemprofile\.m2\repository\io\opentelemetry\semconv\opentelemetry-semconv\1.25.0-alpha\opentelemetry-semconv-1.25.0-alpha.jar;C:\Windows\system32\config\systemprofile\.m2\repository\io\opentelemetry\opentelemetry-api\1.39.0\opentelemetry-api-1.39.0.jar;C:\Windows\system32\config\systemprofile\.m2\repository\io\opentelemetry\opentelemetry-context\1.39.0\opentelemetry-context-1.39.0.jar;C:\Windows\system32\config\systemprofile\.m2\repository\io\opentelemetry\opentelemetry-exporter-logging\1.39.0\opentelemetry-exporter-logging-1.39.0.jar;C:\Windows\system32\config\systemprofile\.m2\repository\io\opentelemetry\opentelemetry-sdk-common\1.39.0\opentelemetry-sdk-common-1.39.0.jar;C:\Windows\system32\config\systemprofile\.m2\repository\io\opentelemetry\opentelemetry-sdk-extension-autoconfigure-spi\1.39.0\opentelemetry-sdk-extension-autoconfigure-spi-1.39.0.jar;C:\Windows\system32\config\systemprofile\.m2\repository\io\opentelemetry\opentelemetry-sdk-extension-autoconfigure\1.39.0\opentelemetry-sdk-extension-autoconfigure-1.39.0.jar;C:\Windows\system32\config\systemprofile\.m2\repository\io\opentelemetry\opentelemetry-api-incubator\1.39.0-alpha\opentelemetry-api-incubator-1.39.0-alpha.jar;C:\Windows\system32\config\systemprofile\.m2\repository\io\opentelemetry\opentelemetry-sdk-trace\1.39.0\opentelemetry-sdk-trace-1.39.0.jar;C:\Windows\system32\config\systemprofile\.m2\repository\io\opentelemetry\opentelemetry-sdk\1.39.0\opentelemetry-sdk-1.39.0.jar;C:\Windows\system32\config\systemprofile\.m2\repository\io\opentelemetry\opentelemetry-sdk-metrics\1.39.0\opentelemetry-sdk-metrics-1.39.0.jar;C:\Windows\system32\config\systemprofile\.m2\repository\io\opentelemetry\opentelemetry-sdk-logs\1.39.0\opentelemetry-sdk-logs-1.39.0.jar;C:\Windows\system32\config\systemprofile\.m2\repository\net\bytebuddy\byte-buddy\1.14.17\byte-buddy-1.14.17.jar;C:\Windows\system32\config\systemprofile\.m2\repository\org\seleniumhq\selenium\selenium-os\4.22.0\selenium-os-4.22.0.jar;C:\Windows\system32\config\systemprofile\.m2\repository\org\apache\commons\commons-exec\1.4.0\commons-exec-1.4.0.jar;C:\Windows\system32\config\systemprofile\.m2\repository\org\seleniumhq\selenium\selenium-safari-driver\4.22.0\selenium-safari-driver-4.22.0.jar;C:\Windows\system32\config\systemprofile\.m2\repository\org\seleniumhq\selenium\selenium-support\4.22.0\selenium-support-4.22.0.jar;C:\Windows\system32\config\systemprofile\.m2\repository\com\aventstack\extentreports\5.0.9\extentreports-5.0.9.jar;C:\Windows\system32\config\systemprofile\.m2\repository\io\reactivex\rxjava3\rxjava\3.0.4\rxjava-3.0.4.jar;C:\Windows\system32\config\systemprofile\.m2\repository\org\reactivestreams\reactive-streams\1.0.3\reactive-streams-1.0.3.jar;C:\Windows\system32\config\systemprofile\.m2\repository\org\freemarker\freemarker\2.3.30\freemarker-2.3.30.jar;C:\Windows\system32\config\systemprofile\.m2\repository\com\google\code\gson\gson\2.8.6\gson-2.8.6.jar;C:\Windows\system32\config\systemprofile\.m2\repository\com\github\javafaker\javafaker\1.0.2\javafaker-1.0.2.jar;C:\Windows\system32\config\systemprofile\.m2\repository\org\apache\commons\commons-lang3\3.5\commons-lang3-3.5.jar;C:\Windows\system32\config\systemprofile\.m2\repository\org\yaml\snakeyaml\1.23\snakeyaml-1.23-android.jar;C:\Windows\system32\config\systemprofile\.m2\repository\com\github\mifmif\generex\1.0.2\generex-1.0.2.jar;C:\Windows\system32\config\systemprofile\.m2\repository\dk\brics\automaton\automaton\1.11-8\automaton-1.11-8.jar;C:\Windows\system32\config\systemprofile\.m2\repository\io\cucumber\cucumber-java\7.18.1\cucumber-java-7.18.1.jar;C:\Windows\system32\config\systemprofile\.m2\repository\io\cucumber\cucumber-core\7.18.1\cucumber-core-7.18.1.jar;C:\Windows\system32\config\systemprofile\.m2\repository\io\cucumber\cucumber-gherkin\7.18.1\cucumber-gherkin-7.18.1.jar;C:\Windows\system32\config\systemprofile\.m2\repository\io\cucumber\cucumber-gherkin-messages\7.18.1\cucumber-gherkin-messages-7.18.1.jar;C:\Windows\system32\config\systemprofile\.m2\repository\io\cucumber\gherkin\28.0.0\gherkin-28.0.0.jar;C:\Windows\system32\config\systemprofile\.m2\repository\io\cucumber\messages\24.1.0\messages-24.1.0.jar;C:\Windows\system32\config\systemprofile\.m2\repository\io\cucumber\testng-xml-formatter\0.2.0\testng-xml-formatter-0.2.0.jar;C:\Windows\system32\config\systemprofile\.m2\repository\io\cucumber\query\12.2.0\query-12.2.0.jar;C:\Windows\system32\config\systemprofile\.m2\repository\io\cucumber\tag-expressions\6.1.0\tag-expressions-6.1.0.jar;C:\Windows\system32\config\systemprofile\.m2\repository\io\cucumber\cucumber-expressions\17.1.0\cucumber-expressions-17.1.0.jar;C:\Windows\system32\config\systemprofile\.m2\repository\io\cucumber\datatable\7.18.1\datatable-7.18.1.jar;C:\Windows\system32\config\systemprofile\.m2\repository\io\cucumber\cucumber-plugin\7.18.1\cucumber-plugin-7.18.1.jar;C:\Windows\system32\config\systemprofile\.m2\repository\io\cucumber\docstring\7.18.1\docstring-7.18.1.jar;C:\Windows\system32\config\systemprofile\.m2\repository\io\cucumber\html-formatter\21.4.1\html-formatter-21.4.1.jar;C:\Windows\system32\config\systemprofile\.m2\repository\io\cucumber\junit-xml-formatter\0.5.0\junit-xml-formatter-0.5.0.jar;C:\Windows\system32\config\systemprofile\.m2\repository\io\cucumber\ci-environment\10.0.1\ci-environment-10.0.1.jar;C:\Windows\system32\config\systemprofile\.m2\repository\org\apiguardian\apiguardian-api\1.1.2\apiguardian-api-1.1.2.jar;C:\Windows\system32\config\systemprofile\.m2\repository\log4j\log4j\1.2.17\log4j-1.2.17.jar;C:\Windows\system32\config\systemprofile\.m2\repository\io\cucumber\cucumber-testng\7.0.0\cucumber-testng-7.0.0.jar;C:\Windows\system32\config\systemprofile\.m2\repository\org\projectlombok\lombok\1.18.24\lombok-1.18.24.jar;"/>
    <property name="java.vm.vendor" value="Oracle Corporation"/>
    <property name="sun.arch.data.model" value="64"/>
    <property name="user.variant" value=""/>
    <property name="java.vendor.url" value="https://java.oracle.com/"/>
    <property name="user.timezone" value="Asia/Calcutta"/>
    <property name="os.name" value="Windows 11"/>
    <property name="java.vm.specification.version" value="21"/>
    <property name="sun.java.launcher" value="SUN_STANDARD"/>
    <property name="user.country" value="IN"/>
    <property name="sun.boot.library.path" value="C:\Program Files\Java\jdk-21\bin"/>
    <property name="sun.java.command" value="C:\Windows\Temp\surefire14299309050255599894\surefirebooter-20240730133047526_3.jar C:\Windows\Temp\surefire14299309050255599894 2024-07-30T13-30-47_377-jvmRun1 surefire-20240730133047526_1tmp surefire_0-20240730133047526_2tmp"/>
    <property name="jdk.debug" value="release"/>
    <property name="surefire.test.class.path" value="C:\Users\veera\eclipse-workspace\AdminPortal\target\test-classes;C:\Users\veera\eclipse-workspace\AdminPortal\target\classes;C:\Windows\system32\config\systemprofile\.m2\repository\org\testng\testng\7.10.2\testng-7.10.2.jar;C:\Windows\system32\config\systemprofile\.m2\repository\org\slf4j\slf4j-api\1.7.36\slf4j-api-1.7.36.jar;C:\Windows\system32\config\systemprofile\.m2\repository\com\beust\jcommander\1.82\jcommander-1.82.jar;C:\Windows\system32\config\systemprofile\.m2\repository\org\webjars\jquery\3.7.1\jquery-3.7.1.jar;C:\Windows\system32\config\systemprofile\.m2\repository\org\seleniumhq\selenium\selenium-java\4.22.0\selenium-java-4.22.0.jar;C:\Windows\system32\config\systemprofile\.m2\repository\org\seleniumhq\selenium\selenium-api\4.22.0\selenium-api-4.22.0.jar;C:\Windows\system32\config\systemprofile\.m2\repository\org\seleniumhq\selenium\selenium-chrome-driver\4.22.0\selenium-chrome-driver-4.22.0.jar;C:\Windows\system32\config\systemprofile\.m2\repository\com\google\auto\service\auto-service-annotations\1.1.1\auto-service-annotations-1.1.1.jar;C:\Windows\system32\config\systemprofile\.m2\repository\org\seleniumhq\selenium\selenium-chromium-driver\4.22.0\selenium-chromium-driver-4.22.0.jar;C:\Windows\system32\config\systemprofile\.m2\repository\org\seleniumhq\selenium\selenium-json\4.22.0\selenium-json-4.22.0.jar;C:\Windows\system32\config\systemprofile\.m2\repository\org\seleniumhq\selenium\selenium-manager\4.22.0\selenium-manager-4.22.0.jar;C:\Windows\system32\config\systemprofile\.m2\repository\org\seleniumhq\selenium\selenium-devtools-v124\4.22.0\selenium-devtools-v124-4.22.0.jar;C:\Windows\system32\config\systemprofile\.m2\repository\org\seleniumhq\selenium\selenium-devtools-v125\4.22.0\selenium-devtools-v125-4.22.0.jar;C:\Windows\system32\config\systemprofile\.m2\repository\org\seleniumhq\selenium\selenium-devtools-v126\4.22.0\selenium-devtools-v126-4.22.0.jar;C:\Windows\system32\config\systemprofile\.m2\repository\org\seleniumhq\selenium\selenium-devtools-v85\4.22.0\selenium-devtools-v85-4.22.0.jar;C:\Windows\system32\config\systemprofile\.m2\repository\org\seleniumhq\selenium\selenium-edge-driver\4.22.0\selenium-edge-driver-4.22.0.jar;C:\Windows\system32\config\systemprofile\.m2\repository\org\seleniumhq\selenium\selenium-firefox-driver\4.22.0\selenium-firefox-driver-4.22.0.jar;C:\Windows\system32\config\systemprofile\.m2\repository\org\seleniumhq\selenium\selenium-http\4.22.0\selenium-http-4.22.0.jar;C:\Windows\system32\config\systemprofile\.m2\repository\dev\failsafe\failsafe\3.3.2\failsafe-3.3.2.jar;C:\Windows\system32\config\systemprofile\.m2\repository\org\seleniumhq\selenium\selenium-ie-driver\4.22.0\selenium-ie-driver-4.22.0.jar;C:\Windows\system32\config\systemprofile\.m2\repository\org\seleniumhq\selenium\selenium-remote-driver\4.22.0\selenium-remote-driver-4.22.0.jar;C:\Windows\system32\config\systemprofile\.m2\repository\com\google\guava\guava\33.2.1-jre\guava-33.2.1-jre.jar;C:\Windows\system32\config\systemprofile\.m2\repository\com\google\guava\failureaccess\1.0.2\failureaccess-1.0.2.jar;C:\Windows\system32\config\systemprofile\.m2\repository\com\google\guava\listenablefuture\9999.0-empty-to-avoid-conflict-with-guava\listenablefuture-9999.0-empty-to-avoid-conflict-with-guava.jar;C:\Windows\system32\config\systemprofile\.m2\repository\com\google\code\findbugs\jsr305\3.0.2\jsr305-3.0.2.jar;C:\Windows\system32\config\systemprofile\.m2\repository\org\checkerframework\checker-qual\3.42.0\checker-qual-3.42.0.jar;C:\Windows\system32\config\systemprofile\.m2\repository\com\google\errorprone\error_prone_annotations\2.26.1\error_prone_annotations-2.26.1.jar;C:\Windows\system32\config\systemprofile\.m2\repository\com\google\j2objc\j2objc-annotations\3.0.0\j2objc-annotations-3.0.0.jar;C:\Windows\system32\config\systemprofile\.m2\repository\io\opentelemetry\semconv\opentelemetry-semconv\1.25.0-alpha\opentelemetry-semconv-1.25.0-alpha.jar;C:\Windows\system32\config\systemprofile\.m2\repository\io\opentelemetry\opentelemetry-api\1.39.0\opentelemetry-api-1.39.0.jar;C:\Windows\system32\config\systemprofile\.m2\repository\io\opentelemetry\opentelemetry-context\1.39.0\opentelemetry-context-1.39.0.jar;C:\Windows\system32\config\systemprofile\.m2\repository\io\opentelemetry\opentelemetry-exporter-logging\1.39.0\opentelemetry-exporter-logging-1.39.0.jar;C:\Windows\system32\config\systemprofile\.m2\repository\io\opentelemetry\opentelemetry-sdk-common\1.39.0\opentelemetry-sdk-common-1.39.0.jar;C:\Windows\system32\config\systemprofile\.m2\repository\io\opentelemetry\opentelemetry-sdk-extension-autoconfigure-spi\1.39.0\opentelemetry-sdk-extension-autoconfigure-spi-1.39.0.jar;C:\Windows\system32\config\systemprofile\.m2\repository\io\opentelemetry\opentelemetry-sdk-extension-autoconfigure\1.39.0\opentelemetry-sdk-extension-autoconfigure-1.39.0.jar;C:\Windows\system32\config\systemprofile\.m2\repository\io\opentelemetry\opentelemetry-api-incubator\1.39.0-alpha\opentelemetry-api-incubator-1.39.0-alpha.jar;C:\Windows\system32\config\systemprofile\.m2\repository\io\opentelemetry\opentelemetry-sdk-trace\1.39.0\opentelemetry-sdk-trace-1.39.0.jar;C:\Windows\system32\config\systemprofile\.m2\repository\io\opentelemetry\opentelemetry-sdk\1.39.0\opentelemetry-sdk-1.39.0.jar;C:\Windows\system32\config\systemprofile\.m2\repository\io\opentelemetry\opentelemetry-sdk-metrics\1.39.0\opentelemetry-sdk-metrics-1.39.0.jar;C:\Windows\system32\config\systemprofile\.m2\repository\io\opentelemetry\opentelemetry-sdk-logs\1.39.0\opentelemetry-sdk-logs-1.39.0.jar;C:\Windows\system32\config\systemprofile\.m2\repository\net\bytebuddy\byte-buddy\1.14.17\byte-buddy-1.14.17.jar;C:\Windows\system32\config\systemprofile\.m2\repository\org\seleniumhq\selenium\selenium-os\4.22.0\selenium-os-4.22.0.jar;C:\Windows\system32\config\systemprofile\.m2\repository\org\apache\commons\commons-exec\1.4.0\commons-exec-1.4.0.jar;C:\Windows\system32\config\systemprofile\.m2\repository\org\seleniumhq\selenium\selenium-safari-driver\4.22.0\selenium-safari-driver-4.22.0.jar;C:\Windows\system32\config\systemprofile\.m2\repository\org\seleniumhq\selenium\selenium-support\4.22.0\selenium-support-4.22.0.jar;C:\Windows\system32\config\systemprofile\.m2\repository\com\aventstack\extentreports\5.0.9\extentreports-5.0.9.jar;C:\Windows\system32\config\systemprofile\.m2\repository\io\reactivex\rxjava3\rxjava\3.0.4\rxjava-3.0.4.jar;C:\Windows\system32\config\systemprofile\.m2\repository\org\reactivestreams\reactive-streams\1.0.3\reactive-streams-1.0.3.jar;C:\Windows\system32\config\systemprofile\.m2\repository\org\freemarker\freemarker\2.3.30\freemarker-2.3.30.jar;C:\Windows\system32\config\systemprofile\.m2\repository\com\google\code\gson\gson\2.8.6\gson-2.8.6.jar;C:\Windows\system32\config\systemprofile\.m2\repository\com\github\javafaker\javafaker\1.0.2\javafaker-1.0.2.jar;C:\Windows\system32\config\systemprofile\.m2\repository\org\apache\commons\commons-lang3\3.5\commons-lang3-3.5.jar;C:\Windows\system32\config\systemprofile\.m2\repository\org\yaml\snakeyaml\1.23\snakeyaml-1.23-android.jar;C:\Windows\system32\config\systemprofile\.m2\repository\com\github\mifmif\generex\1.0.2\generex-1.0.2.jar;C:\Windows\system32\config\systemprofile\.m2\repository\dk\brics\automaton\automaton\1.11-8\automaton-1.11-8.jar;C:\Windows\system32\config\systemprofile\.m2\repository\io\cucumber\cucumber-java\7.18.1\cucumber-java-7.18.1.jar;C:\Windows\system32\config\systemprofile\.m2\repository\io\cucumber\cucumber-core\7.18.1\cucumber-core-7.18.1.jar;C:\Windows\system32\config\systemprofile\.m2\repository\io\cucumber\cucumber-gherkin\7.18.1\cucumber-gherkin-7.18.1.jar;C:\Windows\system32\config\systemprofile\.m2\repository\io\cucumber\cucumber-gherkin-messages\7.18.1\cucumber-gherkin-messages-7.18.1.jar;C:\Windows\system32\config\systemprofile\.m2\repository\io\cucumber\gherkin\28.0.0\gherkin-28.0.0.jar;C:\Windows\system32\config\systemprofile\.m2\repository\io\cucumber\messages\24.1.0\messages-24.1.0.jar;C:\Windows\system32\config\systemprofile\.m2\repository\io\cucumber\testng-xml-formatter\0.2.0\testng-xml-formatter-0.2.0.jar;C:\Windows\system32\config\systemprofile\.m2\repository\io\cucumber\query\12.2.0\query-12.2.0.jar;C:\Windows\system32\config\systemprofile\.m2\repository\io\cucumber\tag-expressions\6.1.0\tag-expressions-6.1.0.jar;C:\Windows\system32\config\systemprofile\.m2\repository\io\cucumber\cucumber-expressions\17.1.0\cucumber-expressions-17.1.0.jar;C:\Windows\system32\config\systemprofile\.m2\repository\io\cucumber\datatable\7.18.1\datatable-7.18.1.jar;C:\Windows\system32\config\systemprofile\.m2\repository\io\cucumber\cucumber-plugin\7.18.1\cucumber-plugin-7.18.1.jar;C:\Windows\system32\config\systemprofile\.m2\repository\io\cucumber\docstring\7.18.1\docstring-7.18.1.jar;C:\Windows\system32\config\systemprofile\.m2\repository\io\cucumber\html-formatter\21.4.1\html-formatter-21.4.1.jar;C:\Windows\system32\config\systemprofile\.m2\repository\io\cucumber\junit-xml-formatter\0.5.0\junit-xml-formatter-0.5.0.jar;C:\Windows\system32\config\systemprofile\.m2\repository\io\cucumber\ci-environment\10.0.1\ci-environment-10.0.1.jar;C:\Windows\system32\config\systemprofile\.m2\repository\org\apiguardian\apiguardian-api\1.1.2\apiguardian-api-1.1.2.jar;C:\Windows\system32\config\systemprofile\.m2\repository\log4j\log4j\1.2.17\log4j-1.2.17.jar;C:\Windows\system32\config\systemprofile\.m2\repository\io\cucumber\cucumber-testng\7.0.0\cucumber-testng-7.0.0.jar;C:\Windows\system32\config\systemprofile\.m2\repository\org\projectlombok\lombok\1.18.24\lombok-1.18.24.jar;"/>
    <property name="sun.cpu.endian" value="little"/>
    <property name="user.home" value="C:\Windows\system32\config\systemprofile"/>
    <property name="user.language" value="en"/>
    <property name="java.specification.vendor" value="Oracle Corporation"/>
    <property name="java.version.date" value="2024-04-16"/>
    <property name="java.home" value="C:\Program Files\Java\jdk-21"/>
    <property name="file.separator" value="\"/>
    <property name="basedir" value="C:\Users\veera\eclipse-workspace\AdminPortal"/>
    <property name="java.vm.compressedOopsMode" value="32-bit"/>
    <property name="line.separator" value="&#10;"/>
    <property name="java.vm.specification.vendor" value="Oracle Corporation"/>
    <property name="java.specification.name" value="Java Platform API Specification"/>
    <property name="surefire.real.class.path" value="C:\Windows\Temp\surefire14299309050255599894\surefirebooter-20240730133047526_3.jar"/>
    <property name="user.script" value=""/>
    <property name="sun.management.compiler" value="HotSpot 64-Bit Tiered Compilers"/>
    <property name="java.runtime.version" value="21.0.3+7-LTS-152"/>
    <property name="user.name" value="DESKTOP-DSBPMRT$"/>
    <property name="stdout.encoding" value="Cp1252"/>
    <property name="path.separator" value=";"/>
    <property name="os.version" value="10.0"/>
    <property name="java.runtime.name" value="Java(TM) SE Runtime Environment"/>
    <property name="file.encoding" value="UTF-8"/>
    <property name="java.vm.name" value="Java HotSpot(TM) 64-Bit Server VM"/>
    <property name="localRepository" value="C:\Windows\system32\config\systemprofile\.m2\repository"/>
    <property name="java.vendor.url.bug" value="https://bugreport.java.com/bugreport/"/>
    <property name="java.io.tmpdir" value="C:\Windows\TEMP\"/>
    <property name="java.version" value="21.0.3"/>
    <property name="user.dir" value="C:\Users\veera\eclipse-workspace\AdminPortal"/>
    <property name="os.arch" value="amd64"/>
    <property name="java.vm.specification.name" value="Java Virtual Machine Specification"/>
    <property name="sun.os.patch.level" value=""/>
    <property name="native.encoding" value="Cp1252"/>
    <property name="java.library.path" value="C:\Program Files\Java\jdk-21\bin;C:\Windows\Sun\Java\bin;C:\Windows\system32;C:\Windows;C:\apache-maven-3.9.8-bin\apache-maven-3.9.8/bin;C:\Program Files\Java\jdk-21/bin;C:\Program Files\Java\jdk-21/bin;C:\Windows\system32;C:\Windows;C:\Windows\System32\Wbem;C:\Windows\System32\WindowsPowerShell\v1.0\;C:\Windows\System32\OpenSSH\;C:\Users\veera\Documents\openjdk-11.0.2_windows-x64_bin\jdk-11.0.2\bin;C:\Program Files\nodejs\;C:\Program Files\nodejs\node_modules;C:\Program Files\Common Files\Oracle\Java\javapath;C:\apache-jmeter-5.6.3\bin;C:\apache-maven-3.9.8-bin\apache-maven-3.9.8\bin;C:\Program Files\Docker\Docker\resources\bin;C:\Program Files\Java\jdk-21\bin;C:\Windows\system32\config\systemprofile\AppData\Local\Microsoft\WindowsApps;."/>
    <property name="java.vm.info" value="mixed mode, sharing"/>
    <property name="stderr.encoding" value="Cp1252"/>
    <property name="java.vendor" value="Oracle Corporation"/>
    <property name="java.vm.version" value="21.0.3+7-LTS-152"/>
    <property name="sun.io.unicode.encoding" value="UnicodeLittle"/>
    <property name="java.class.version" value="65.0"/>
  </properties>
  <testcase name="CompanyInfo" classname="tests.CompanyInfoTest" time="19.965">
    <system-err><![CDATA[SLF4J: Failed to load class "org.slf4j.impl.StaticLoggerBinder".
SLF4J: Defaulting to no-operation (NOP) logger implementation
SLF4J: See http://www.slf4j.org/codes.html#StaticLoggerBinder for further details.
Jul 30, 2024 1:30:51 PM org.openqa.selenium.devtools.CdpVersionFinder findNearestMatch
WARNING: Unable to find an exact match for CDP version 127, returning the closest version; found: 126; Please update to a Selenium version that supports CDP version 127
]]></system-err>
  </testcase>
  <testcase name="CompanyInfoExceptBankIFSCCode" classname="tests.CompanyInfoTest" time="18.872">
    <system-err><![CDATA[Jul 30, 2024 1:31:25 PM org.openqa.selenium.devtools.CdpVersionFinder findNearestMatch
WARNING: Unable to find an exact match for CDP version 127, returning the closest version; found: 126; Please update to a Selenium version that supports CDP version 127
]]></system-err>
  </testcase>
  <testcase name="selectValidBusinessCategory" classname="tests.CompanyInfoTest" time="0.333">
    <system-err><![CDATA[Jul 30, 2024 1:31:56 PM org.openqa.selenium.devtools.CdpVersionFinder findNearestMatch
WARNING: Unable to find an exact match for CDP version 127, returning the closest version; found: 126; Please update to a Selenium version that supports CDP version 127
]]></system-err>
  </testcase>
  <testcase name="testAddApplicationWithEmptyMandatoryFields" classname="tests.CompanyInfoTest" time="32.304">
    <system-out><![CDATA[https://stageadmin.appxpay.com/onboarding/cokxgpauql/829
]]></system-out>
    <system-err><![CDATA[Jul 30, 2024 1:32:10 PM org.openqa.selenium.devtools.CdpVersionFinder findNearestMatch
WARNING: Unable to find an exact match for CDP version 127, returning the closest version; found: 126; Please update to a Selenium version that supports CDP version 127
]]></system-err>
  </testcase>
  <testcase name="testAddWebApplicationandCloseButton" classname="tests.CompanyInfoTest" time="36.349">
    <system-out><![CDATA[https://stageadmin.appxpay.com/onboarding/cokxgpauql/830
]]></system-out>
    <system-err><![CDATA[Jul 30, 2024 1:32:56 PM org.openqa.selenium.devtools.CdpVersionFinder findNearestMatch
WARNING: Unable to find an exact match for CDP version 127, returning the closest version; found: 126; Please update to a Selenium version that supports CDP version 127
]]></system-err>
  </testcase>
  <testcase name="testAlphabeticCharactersInBankAccountNumberField" classname="tests.CompanyInfoTest" time="2.114">
    <system-err><![CDATA[Jul 30, 2024 1:33:46 PM org.openqa.selenium.devtools.CdpVersionFinder findNearestMatch
WARNING: Unable to find an exact match for CDP version 127, returning the closest version; found: 126; Please update to a Selenium version that supports CDP version 127
]]></system-err>
  </testcase>
  <testcase name="testCancelButtonIsClickable" classname="tests.CompanyInfoTest" time="10.032">
    <failure message="no such element: Unable to locate element: {&quot;method&quot;:&quot;css selector&quot;,&quot;selector&quot;:&quot;.swal2-cancel.btn.btn-danger&quot;}&#10;  (Session info: chrome=127.0.6533.72)&#10;For documentation on this error, please visit: https://www.selenium.dev/documentation/webdriver/troubleshooting/errors#no-such-element-exception&#10;Build info: version: &apos;4.22.0&apos;, revision: &apos;c5f3146703*&apos;&#10;System info: os.name: &apos;Windows 11&apos;, os.arch: &apos;amd64&apos;, os.version: &apos;10.0&apos;, java.version: &apos;21.0.3&apos;&#10;Driver info: org.openqa.selenium.chrome.ChromeDriver&#10;Command: [0c97ba3af88f38fe4e7a122549606f05, findElement {value=.swal2-cancel.btn.btn-danger, using=css selector}]&#10;Capabilities {acceptInsecureCerts: false, browserName: chrome, browserVersion: 127.0.6533.72, chrome: {chromedriverVersion: 127.0.6533.72 (9755e24ca85a..., userDataDir: C:\Windows\SystemTemp\scope...}, fedcm:accounts: true, goog:chromeOptions: {debuggerAddress: localhost:62340}, networkConnectionEnabled: false, pageLoadStrategy: normal, platformName: windows, proxy: Proxy(), se:cdp: ws://localhost:62340/devtoo..., se:cdpVersion: 127.0.6533.72, setWindowRect: true, strictFileInteractability: false, timeouts: {implicit: 0, pageLoad: 300000, script: 30000}, unhandledPromptBehavior: dismiss and notify, webauthn:extension:credBlob: true, webauthn:extension:largeBlob: true, webauthn:extension:minPinLength: true, webauthn:extension:prf: true, webauthn:virtualAuthenticators: true}&#10;Session ID: 0c97ba3af88f38fe4e7a122549606f05" type="org.openqa.selenium.NoSuchElementException"><![CDATA[org.openqa.selenium.NoSuchElementException: 
no such element: Unable to locate element: {"method":"css selector","selector":".swal2-cancel.btn.btn-danger"}
  (Session info: chrome=127.0.6533.72)
For documentation on this error, please visit: https://www.selenium.dev/documentation/webdriver/troubleshooting/errors#no-such-element-exception
Build info: version: '4.22.0', revision: 'c5f3146703*'
System info: os.name: 'Windows 11', os.arch: 'amd64', os.version: '10.0', java.version: '21.0.3'
Driver info: org.openqa.selenium.chrome.ChromeDriver
Command: [0c97ba3af88f38fe4e7a122549606f05, findElement {value=.swal2-cancel.btn.btn-danger, using=css selector}]
Capabilities {acceptInsecureCerts: false, browserName: chrome, browserVersion: 127.0.6533.72, chrome: {chromedriverVersion: 127.0.6533.72 (9755e24ca85a..., userDataDir: C:\Windows\SystemTemp\scope...}, fedcm:accounts: true, goog:chromeOptions: {debuggerAddress: localhost:62340}, networkConnectionEnabled: false, pageLoadStrategy: normal, platformName: windows, proxy: Proxy(), se:cdp: ws://localhost:62340/devtoo..., se:cdpVersion: 127.0.6533.72, setWindowRect: true, strictFileInteractability: false, timeouts: {implicit: 0, pageLoad: 300000, script: 30000}, unhandledPromptBehavior: dismiss and notify, webauthn:extension:credBlob: true, webauthn:extension:largeBlob: true, webauthn:extension:minPinLength: true, webauthn:extension:prf: true, webauthn:virtualAuthenticators: true}
Session ID: 0c97ba3af88f38fe4e7a122549606f05
	at java.base/jdk.internal.reflect.DirectConstructorHandleAccessor.newInstance(DirectConstructorHandleAccessor.java:62)
	at java.base/java.lang.reflect.Constructor.newInstanceWithCaller(Constructor.java:502)
	at java.base/java.lang.reflect.Constructor.newInstance(Constructor.java:486)
	at org.openqa.selenium.remote.ErrorCodec.decode(ErrorCodec.java:167)
	at org.openqa.selenium.remote.codec.w3c.W3CHttpResponseCodec.decode(W3CHttpResponseCodec.java:138)
	at org.openqa.selenium.remote.codec.w3c.W3CHttpResponseCodec.decode(W3CHttpResponseCodec.java:50)
	at org.openqa.selenium.remote.HttpCommandExecutor.execute(HttpCommandExecutor.java:190)
	at org.openqa.selenium.remote.service.DriverCommandExecutor.invokeExecute(DriverCommandExecutor.java:216)
	at org.openqa.selenium.remote.service.DriverCommandExecutor.execute(DriverCommandExecutor.java:174)
	at org.openqa.selenium.remote.RemoteWebDriver.execute(RemoteWebDriver.java:518)
	at org.openqa.selenium.remote.ElementLocation$ElementFinder$2.findElement(ElementLocation.java:165)
	at org.openqa.selenium.remote.ElementLocation.findElement(ElementLocation.java:59)
	at org.openqa.selenium.remote.RemoteWebDriver.findElement(RemoteWebDriver.java:355)
	at org.openqa.selenium.remote.RemoteWebDriver.findElement(RemoteWebDriver.java:349)
	at pages.MerchantOnboardPage.isCancelButtonEnabled(MerchantOnboardPage.java:923)
	at tests.CompanyInfoTest.testCancelButtonIsClickable(CompanyInfoTest.java:1003)
	at java.base/jdk.internal.reflect.DirectMethodHandleAccessor.invoke(DirectMethodHandleAccessor.java:103)
	at java.base/java.lang.reflect.Method.invoke(Method.java:580)
	at org.testng.internal.invokers.MethodInvocationHelper.invokeMethod(MethodInvocationHelper.java:141)
	at org.testng.internal.invokers.TestInvoker.invokeMethod(TestInvoker.java:686)
	at org.testng.internal.invokers.TestInvoker.invokeTestMethod(TestInvoker.java:230)
	at org.testng.internal.invokers.MethodRunner.runInSequence(MethodRunner.java:63)
	at org.testng.internal.invokers.TestInvoker$MethodInvocationAgent.invoke(TestInvoker.java:992)
	at org.testng.internal.invokers.TestInvoker.invokeTestMethods(TestInvoker.java:203)
	at org.testng.internal.invokers.TestMethodWorker.invokeTestMethods(TestMethodWorker.java:154)
	at org.testng.internal.invokers.TestMethodWorker.run(TestMethodWorker.java:134)
	at java.base/java.util.ArrayList.forEach(ArrayList.java:1596)
	at org.testng.TestRunner.privateRun(TestRunner.java:739)
	at org.testng.TestRunner.run(TestRunner.java:614)
	at org.testng.SuiteRunner.runTest(SuiteRunner.java:421)
	at org.testng.SuiteRunner.runSequentially(SuiteRunner.java:413)
	at org.testng.SuiteRunner.privateRun(SuiteRunner.java:373)
	at org.testng.SuiteRunner.run(SuiteRunner.java:312)
	at org.testng.SuiteRunnerWorker.runSuite(SuiteRunnerWorker.java:52)
	at org.testng.SuiteRunnerWorker.run(SuiteRunnerWorker.java:95)
	at org.testng.TestNG.runSuitesSequentially(TestNG.java:1274)
	at org.testng.TestNG.runSuitesLocally(TestNG.java:1208)
	at org.testng.TestNG.runSuites(TestNG.java:1112)
	at org.testng.TestNG.run(TestNG.java:1079)
	at org.apache.maven.surefire.testng.TestNGExecutor.run(TestNGExecutor.java:155)
	at org.apache.maven.surefire.testng.TestNGDirectoryTestSuite.executeMulti(TestNGDirectoryTestSuite.java:169)
	at org.apache.maven.surefire.testng.TestNGDirectoryTestSuite.execute(TestNGDirectoryTestSuite.java:88)
	at org.apache.maven.surefire.testng.TestNGProvider.invoke(TestNGProvider.java:137)
	at org.apache.maven.surefire.booter.ForkedBooter.runSuitesInProcess(ForkedBooter.java:385)
	at org.apache.maven.surefire.booter.ForkedBooter.execute(ForkedBooter.java:162)
	at org.apache.maven.surefire.booter.ForkedBooter.run(ForkedBooter.java:507)
	at org.apache.maven.surefire.booter.ForkedBooter.main(ForkedBooter.java:495)
]]></failure>
    <system-err><![CDATA[Jul 30, 2024 1:34:01 PM org.openqa.selenium.devtools.CdpVersionFinder findNearestMatch
WARNING: Unable to find an exact match for CDP version 127, returning the closest version; found: 126; Please update to a Selenium version that supports CDP version 127
]]></system-err>
  </testcase>
  <testcase name="testChangeOrderPrefix" classname="tests.CompanyInfoTest" time="34.492">
    <system-out><![CDATA[https://stageadmin.appxpay.com/onboarding/cokxgpauql/833
ORD7484666
invalid element state
  (Session info: chrome=127.0.6533.72)
Build info: version: '4.22.0', revision: 'c5f3146703*'
System info: os.name: 'Windows 11', os.arch: 'amd64', os.version: '10.0', java.version: '21.0.3'
Driver info: org.openqa.selenium.chrome.ChromeDriver
Command: [57e234d09810dbc5816ad5edc0fb761c, clearElement {id=f.86C75C00054DDBC8FC43FFF43E31319F.d.431E820CBE6F43EBC465C43120D8740C.e.707}]
Capabilities {acceptInsecureCerts: false, browserName: chrome, browserVersion: 127.0.6533.72, chrome: {chromedriverVersion: 127.0.6533.72 (9755e24ca85a..., userDataDir: C:\Windows\SystemTemp\scope...}, fedcm:accounts: true, goog:chromeOptions: {debuggerAddress: localhost:62400}, networkConnectionEnabled: false, pageLoadStrategy: normal, platformName: windows, proxy: Proxy(), se:cdp: ws://localhost:62400/devtoo..., se:cdpVersion: 127.0.6533.72, setWindowRect: true, strictFileInteractability: false, timeouts: {implicit: 0, pageLoad: 300000, script: 30000}, unhandledPromptBehavior: dismiss and notify, webauthn:extension:credBlob: true, webauthn:extension:largeBlob: true, webauthn:extension:minPinLength: true, webauthn:extension:prf: true, webauthn:virtualAuthenticators: true}
Element: [[ChromeDriver: chrome on windows (57e234d09810dbc5816ad5edc0fb761c)] -> id: order_prefix]
Session ID: 57e234d09810dbc5816ad5edc0fb761c
]]></system-out>
    <system-err><![CDATA[Jul 30, 2024 1:34:24 PM org.openqa.selenium.devtools.CdpVersionFinder findNearestMatch
WARNING: Unable to find an exact match for CDP version 127, returning the closest version; found: 126; Please update to a Selenium version that supports CDP version 127
]]></system-err>
  </testcase>
  <testcase name="testClickCloseButton" classname="tests.CompanyInfoTest" time="31.291">
    <system-out><![CDATA[https://stageadmin.appxpay.com/onboarding/cokxgpauql/834
]]></system-out>
    <system-err><![CDATA[Jul 30, 2024 1:35:11 PM org.openqa.selenium.devtools.CdpVersionFinder findNearestMatch
WARNING: Unable to find an exact match for CDP version 127, returning the closest version; found: 126; Please update to a Selenium version that supports CDP version 127
]]></system-err>
  </testcase>
  <testcase name="testClickCompanyInfoTab" classname="tests.CompanyInfoTest" time="17.266">
    <system-out><![CDATA[https://stageadmin.appxpay.com/onboarding/cokxgpauql/835
]]></system-out>
    <system-err><![CDATA[Jul 30, 2024 1:35:55 PM org.openqa.selenium.devtools.CdpVersionFinder findNearestMatch
WARNING: Unable to find an exact match for CDP version 127, returning the closest version; found: 126; Please update to a Selenium version that supports CDP version 127
]]></system-err>
  </testcase>
  <testcase name="companyPage" classname="tests.CompanyInfoTest" time="26.662">
    <failure message="element not interactable&#10;  (Session info: chrome=127.0.6533.72)&#10;Build info: version: &apos;4.22.0&apos;, revision: &apos;c5f3146703*&apos;&#10;System info: os.name: &apos;Windows 11&apos;, os.arch: &apos;amd64&apos;, os.version: &apos;10.0&apos;, java.version: &apos;21.0.3&apos;&#10;Driver info: org.openqa.selenium.chrome.ChromeDriver&#10;Command: [bc45cc33ecd8d7f3594b01e09f1ef21b, clickElement {id=f.9845BA9A7ADAA1099D9FD97C3461980B.d.EFE04C64557573E1A47B83E2EEE17EED.e.30}]&#10;Capabilities {acceptInsecureCerts: false, browserName: chrome, browserVersion: 127.0.6533.72, chrome: {chromedriverVersion: 127.0.6533.72 (9755e24ca85a..., userDataDir: C:\Windows\SystemTemp\scope...}, fedcm:accounts: true, goog:chromeOptions: {debuggerAddress: localhost:62560}, networkConnectionEnabled: false, pageLoadStrategy: normal, platformName: windows, proxy: Proxy(), se:cdp: ws://localhost:62560/devtoo..., se:cdpVersion: 127.0.6533.72, setWindowRect: true, strictFileInteractability: false, timeouts: {implicit: 0, pageLoad: 300000, script: 30000}, unhandledPromptBehavior: dismiss and notify, webauthn:extension:credBlob: true, webauthn:extension:largeBlob: true, webauthn:extension:minPinLength: true, webauthn:extension:prf: true, webauthn:virtualAuthenticators: true}&#10;Element: [[ChromeDriver: chrome on windows (bc45cc33ecd8d7f3594b01e09f1ef21b)] -&gt; id: otp-match-now]&#10;Session ID: bc45cc33ecd8d7f3594b01e09f1ef21b" type="org.openqa.selenium.ElementNotInteractableException"><![CDATA[org.openqa.selenium.ElementNotInteractableException: 
element not interactable
  (Session info: chrome=127.0.6533.72)
Build info: version: '4.22.0', revision: 'c5f3146703*'
System info: os.name: 'Windows 11', os.arch: 'amd64', os.version: '10.0', java.version: '21.0.3'
Driver info: org.openqa.selenium.chrome.ChromeDriver
Command: [bc45cc33ecd8d7f3594b01e09f1ef21b, clickElement {id=f.9845BA9A7ADAA1099D9FD97C3461980B.d.EFE04C64557573E1A47B83E2EEE17EED.e.30}]
Capabilities {acceptInsecureCerts: false, browserName: chrome, browserVersion: 127.0.6533.72, chrome: {chromedriverVersion: 127.0.6533.72 (9755e24ca85a..., userDataDir: C:\Windows\SystemTemp\scope...}, fedcm:accounts: true, goog:chromeOptions: {debuggerAddress: localhost:62560}, networkConnectionEnabled: false, pageLoadStrategy: normal, platformName: windows, proxy: Proxy(), se:cdp: ws://localhost:62560/devtoo..., se:cdpVersion: 127.0.6533.72, setWindowRect: true, strictFileInteractability: false, timeouts: {implicit: 0, pageLoad: 300000, script: 30000}, unhandledPromptBehavior: dismiss and notify, webauthn:extension:credBlob: true, webauthn:extension:largeBlob: true, webauthn:extension:minPinLength: true, webauthn:extension:prf: true, webauthn:virtualAuthenticators: true}
Element: [[ChromeDriver: chrome on windows (bc45cc33ecd8d7f3594b01e09f1ef21b)] -> id: otp-match-now]
Session ID: bc45cc33ecd8d7f3594b01e09f1ef21b
	at java.base/jdk.internal.reflect.DirectConstructorHandleAccessor.newInstance(DirectConstructorHandleAccessor.java:62)
	at java.base/java.lang.reflect.Constructor.newInstanceWithCaller(Constructor.java:502)
	at java.base/java.lang.reflect.Constructor.newInstance(Constructor.java:486)
	at org.openqa.selenium.remote.ErrorCodec.decode(ErrorCodec.java:167)
	at org.openqa.selenium.remote.codec.w3c.W3CHttpResponseCodec.decode(W3CHttpResponseCodec.java:138)
	at org.openqa.selenium.remote.codec.w3c.W3CHttpResponseCodec.decode(W3CHttpResponseCodec.java:50)
	at org.openqa.selenium.remote.HttpCommandExecutor.execute(HttpCommandExecutor.java:190)
	at org.openqa.selenium.remote.service.DriverCommandExecutor.invokeExecute(DriverCommandExecutor.java:216)
	at org.openqa.selenium.remote.service.DriverCommandExecutor.execute(DriverCommandExecutor.java:174)
	at org.openqa.selenium.remote.RemoteWebDriver.execute(RemoteWebDriver.java:518)
	at org.openqa.selenium.remote.RemoteWebElement.execute(RemoteWebElement.java:223)
	at org.openqa.selenium.remote.RemoteWebElement.click(RemoteWebElement.java:76)
	at pages.DashboardPage.enterSubmitbtn(DashboardPage.java:25)
	at tests.CompanyInfoTest.companyPage(CompanyInfoTest.java:23)
	at java.base/jdk.internal.reflect.DirectMethodHandleAccessor.invoke(DirectMethodHandleAccessor.java:103)
	at java.base/java.lang.reflect.Method.invoke(Method.java:580)
	at org.testng.internal.invokers.MethodInvocationHelper.invokeMethod(MethodInvocationHelper.java:141)
	at org.testng.internal.invokers.MethodInvocationHelper.invokeMethodConsideringTimeout(MethodInvocationHelper.java:71)
	at org.testng.internal.invokers.ConfigInvoker.invokeConfigurationMethod(ConfigInvoker.java:400)
	at org.testng.internal.invokers.ConfigInvoker.invokeConfigurations(ConfigInvoker.java:333)
	at org.testng.internal.invokers.TestInvoker.runConfigMethods(TestInvoker.java:833)
	at org.testng.internal.invokers.TestInvoker.invokeMethod(TestInvoker.java:600)
	at org.testng.internal.invokers.TestInvoker.invokeTestMethod(TestInvoker.java:230)
	at org.testng.internal.invokers.MethodRunner.runInSequence(MethodRunner.java:63)
	at org.testng.internal.invokers.TestInvoker$MethodInvocationAgent.invoke(TestInvoker.java:992)
	at org.testng.internal.invokers.TestInvoker.invokeTestMethods(TestInvoker.java:203)
	at org.testng.internal.invokers.TestMethodWorker.invokeTestMethods(TestMethodWorker.java:154)
	at org.testng.internal.invokers.TestMethodWorker.run(TestMethodWorker.java:134)
	at java.base/java.util.ArrayList.forEach(ArrayList.java:1596)
	at org.testng.TestRunner.privateRun(TestRunner.java:739)
	at org.testng.TestRunner.run(TestRunner.java:614)
	at org.testng.SuiteRunner.runTest(SuiteRunner.java:421)
	at org.testng.SuiteRunner.runSequentially(SuiteRunner.java:413)
	at org.testng.SuiteRunner.privateRun(SuiteRunner.java:373)
	at org.testng.SuiteRunner.run(SuiteRunner.java:312)
	at org.testng.SuiteRunnerWorker.runSuite(SuiteRunnerWorker.java:52)
	at org.testng.SuiteRunnerWorker.run(SuiteRunnerWorker.java:95)
	at org.testng.TestNG.runSuitesSequentially(TestNG.java:1274)
	at org.testng.TestNG.runSuitesLocally(TestNG.java:1208)
	at org.testng.TestNG.runSuites(TestNG.java:1112)
	at org.testng.TestNG.run(TestNG.java:1079)
	at org.apache.maven.surefire.testng.TestNGExecutor.run(TestNGExecutor.java:155)
	at org.apache.maven.surefire.testng.TestNGDirectoryTestSuite.executeMulti(TestNGDirectoryTestSuite.java:169)
	at org.apache.maven.surefire.testng.TestNGDirectoryTestSuite.execute(TestNGDirectoryTestSuite.java:88)
	at org.apache.maven.surefire.testng.TestNGProvider.invoke(TestNGProvider.java:137)
	at org.apache.maven.surefire.booter.ForkedBooter.runSuitesInProcess(ForkedBooter.java:385)
	at org.apache.maven.surefire.booter.ForkedBooter.execute(ForkedBooter.java:162)
	at org.apache.maven.surefire.booter.ForkedBooter.run(ForkedBooter.java:507)
	at org.apache.maven.surefire.booter.ForkedBooter.main(ForkedBooter.java:495)
]]></failure>
    <system-err><![CDATA[Jul 30, 2024 1:36:25 PM org.openqa.selenium.devtools.CdpVersionFinder findNearestMatch
WARNING: Unable to find an exact match for CDP version 127, returning the closest version; found: 126; Please update to a Selenium version that supports CDP version 127
]]></system-err>
  </testcase>
  <testcase name="companyPage" classname="tests.CompanyInfoTest" time="0.0">
    <skipped/>
  </testcase>
  <testcase name="companyPage" classname="tests.CompanyInfoTest" time="0.0">
    <skipped/>
  </testcase>
  <testcase name="companyPage" classname="tests.CompanyInfoTest" time="0.0">
    <skipped/>
  </testcase>
  <testcase name="companyPage" classname="tests.CompanyInfoTest" time="0.0">
    <skipped/>
  </testcase>
  <testcase name="companyPage" classname="tests.CompanyInfoTest" time="0.0">
    <skipped/>
  </testcase>
  <testcase name="companyPage" classname="tests.CompanyInfoTest" time="0.0">
    <skipped/>
  </testcase>
  <testcase name="companyPage" classname="tests.CompanyInfoTest" time="0.0">
    <skipped/>
  </testcase>
  <testcase name="companyPage" classname="tests.CompanyInfoTest" time="0.0">
    <skipped/>
  </testcase>
  <testcase name="companyPage" classname="tests.CompanyInfoTest" time="0.0">
    <skipped/>
  </testcase>
  <testcase name="companyPage" classname="tests.CompanyInfoTest" time="0.0">
    <skipped/>
  </testcase>
  <testcase name="companyPage" classname="tests.CompanyInfoTest" time="0.0">
    <skipped/>
  </testcase>
  <testcase name="companyPage" classname="tests.CompanyInfoTest" time="0.0">
    <skipped/>
  </testcase>
  <testcase name="companyPage" classname="tests.CompanyInfoTest" time="0.0">
    <skipped/>
  </testcase>
  <testcase name="companyPage" classname="tests.CompanyInfoTest" time="0.0">
    <skipped/>
  </testcase>
  <testcase name="companyPage" classname="tests.CompanyInfoTest" time="0.0">
    <skipped/>
  </testcase>
  <testcase name="companyPage" classname="tests.CompanyInfoTest" time="0.0">
    <skipped/>
  </testcase>
  <testcase name="companyPage" classname="tests.CompanyInfoTest" time="0.0">
    <skipped/>
  </testcase>
  <testcase name="companyPage" classname="tests.CompanyInfoTest" time="0.0">
    <skipped/>
  </testcase>
  <testcase name="companyPage" classname="tests.CompanyInfoTest" time="0.0">
    <skipped/>
  </testcase>
  <testcase name="companyPage" classname="tests.CompanyInfoTest" time="0.0">
    <skipped/>
  </testcase>
  <testcase name="companyPage" classname="tests.CompanyInfoTest" time="0.0">
    <skipped/>
  </testcase>
  <testcase name="companyPage" classname="tests.CompanyInfoTest" time="0.0">
    <skipped/>
  </testcase>
  <testcase name="companyPage" classname="tests.CompanyInfoTest" time="0.0">
    <skipped/>
  </testcase>
  <testcase name="companyPage" classname="tests.CompanyInfoTest" time="0.0">
    <skipped/>
  </testcase>
  <testcase name="companyPage" classname="tests.CompanyInfoTest" time="0.0">
    <skipped/>
  </testcase>
  <testcase name="companyPage" classname="tests.CompanyInfoTest" time="0.0">
    <skipped/>
  </testcase>
  <testcase name="companyPage" classname="tests.CompanyInfoTest" time="0.0">
    <skipped/>
  </testcase>
  <testcase name="companyPage" classname="tests.CompanyInfoTest" time="0.0">
    <skipped/>
  </testcase>
  <testcase name="companyPage" classname="tests.CompanyInfoTest" time="0.0">
    <skipped/>
  </testcase>
  <testcase name="companyPage" classname="tests.CompanyInfoTest" time="0.0">
    <skipped/>
  </testcase>
  <testcase name="companyPage" classname="tests.CompanyInfoTest" time="0.0">
    <skipped/>
  </testcase>
  <testcase name="companyPage" classname="tests.CompanyInfoTest" time="0.0">
    <skipped/>
  </testcase>
  <testcase name="companyPage" classname="tests.CompanyInfoTest" time="0.0">
    <skipped/>
  </testcase>
  <testcase name="companyPage" classname="tests.CompanyInfoTest" time="0.0">
    <skipped/>
  </testcase>
  <testcase name="companyPage" classname="tests.CompanyInfoTest" time="0.0">
    <skipped/>
  </testcase>
  <testcase name="companyPage" classname="tests.CompanyInfoTest" time="0.0">
    <skipped/>
  </testcase>
  <testcase name="companyPage" classname="tests.CompanyInfoTest" time="0.0">
    <skipped/>
  </testcase>
  <testcase name="companyPage" classname="tests.CompanyInfoTest" time="0.0">
    <skipped/>
  </testcase>
  <testcase name="companyPage" classname="tests.CompanyInfoTest" time="0.0">
    <skipped/>
  </testcase>
  <testcase name="companyPage" classname="tests.CompanyInfoTest" time="0.0">
    <skipped/>
  </testcase>
  <testcase name="companyPage" classname="tests.CompanyInfoTest" time="0.0">
    <skipped/>
  </testcase>
  <testcase name="companyPage" classname="tests.CompanyInfoTest" time="0.0">
    <skipped/>
  </testcase>
  <testcase name="companyPage" classname="tests.CompanyInfoTest" time="0.0">
    <skipped/>
  </testcase>
  <testcase name="companyPage" classname="tests.CompanyInfoTest" time="0.0">
    <skipped/>
  </testcase>
  <testcase name="companyPage" classname="tests.CompanyInfoTest" time="0.0">
    <skipped/>
  </testcase>
  <testcase name="companyPage" classname="tests.CompanyInfoTest" time="0.0">
    <skipped/>
  </testcase>
  <testcase name="companyPage" classname="tests.CompanyInfoTest" time="0.0">
    <skipped/>
  </testcase>
  <testcase name="companyPage" classname="tests.CompanyInfoTest" time="0.0">
    <skipped/>
  </testcase>
  <testcase name="companyPage" classname="tests.CompanyInfoTest" time="0.0">
    <skipped/>
  </testcase>
  <testcase name="companyPage" classname="tests.CompanyInfoTest" time="0.0">
    <skipped/>
  </testcase>
  <testcase name="companyPage" classname="tests.CompanyInfoTest" time="0.0">
    <skipped/>
  </testcase>
  <testcase name="companyPage" classname="tests.CompanyInfoTest" time="0.0">
    <skipped/>
  </testcase>
  <testcase name="companyPage" classname="tests.CompanyInfoTest" time="0.0">
    <skipped/>
  </testcase>
  <testcase name="companyPage" classname="tests.CompanyInfoTest" time="0.0">
    <skipped/>
  </testcase>
  <testcase name="companyPage" classname="tests.CompanyInfoTest" time="0.0">
    <skipped/>
  </testcase>
  <testcase name="companyPage" classname="tests.CompanyInfoTest" time="0.0">
    <skipped/>
  </testcase>
  <testcase name="companyPage" classname="tests.CompanyInfoTest" time="0.0">
    <skipped/>
  </testcase>
  <testcase name="companyPage" classname="tests.CompanyInfoTest" time="0.0">
    <skipped/>
  </testcase>
  <testcase name="companyPage" classname="tests.CompanyInfoTest" time="0.0">
    <skipped/>
  </testcase>
  <testcase name="companyPage" classname="tests.CompanyInfoTest" time="0.0">
    <skipped/>
  </testcase>
  <testcase name="companyPage" classname="tests.CompanyInfoTest" time="0.0">
    <skipped/>
  </testcase>
  <testcase name="companyPage" classname="tests.CompanyInfoTest" time="0.0">
    <skipped/>
  </testcase>
  <testcase name="companyPage" classname="tests.CompanyInfoTest" time="0.0">
    <skipped/>
  </testcase>
  <testcase name="companyPage" classname="tests.CompanyInfoTest" time="0.0">
    <skipped/>
  </testcase>
  <testcase name="companyPage" classname="tests.CompanyInfoTest" time="0.0">
    <skipped/>
  </testcase>
  <testcase name="companyPage" classname="tests.CompanyInfoTest" time="0.0">
    <skipped/>
  </testcase>
  <testcase name="companyPage" classname="tests.CompanyInfoTest" time="0.0">
    <skipped/>
  </testcase>
  <testcase name="companyPage" classname="tests.CompanyInfoTest" time="0.0">
    <skipped/>
  </testcase>
  <testcase name="companyPage" classname="tests.CompanyInfoTest" time="0.0">
    <skipped/>
  </testcase>
  <testcase name="companyPage" classname="tests.CompanyInfoTest" time="0.0">
    <skipped/>
  </testcase>
  <testcase name="testClickNextButton" classname="tests.CompanyInfoTest" time="0.0">
    <skipped message="element not interactable&#10;  (Session info: chrome=127.0.6533.72)&#10;Build info: version: &apos;4.22.0&apos;, revision: &apos;c5f3146703*&apos;&#10;System info: os.name: &apos;Windows 11&apos;, os.arch: &apos;amd64&apos;, os.version: &apos;10.0&apos;, java.version: &apos;21.0.3&apos;&#10;Driver info: org.openqa.selenium.chrome.ChromeDriver&#10;Command: [bc45cc33ecd8d7f3594b01e09f1ef21b, clickElement {id=f.9845BA9A7ADAA1099D9FD97C3461980B.d.EFE04C64557573E1A47B83E2EEE17EED.e.30}]&#10;Capabilities {acceptInsecureCerts: false, browserName: chrome, browserVersion: 127.0.6533.72, chrome: {chromedriverVersion: 127.0.6533.72 (9755e24ca85a..., userDataDir: C:\Windows\SystemTemp\scope...}, fedcm:accounts: true, goog:chromeOptions: {debuggerAddress: localhost:62560}, networkConnectionEnabled: false, pageLoadStrategy: normal, platformName: windows, proxy: Proxy(), se:cdp: ws://localhost:62560/devtoo..., se:cdpVersion: 127.0.6533.72, setWindowRect: true, strictFileInteractability: false, timeouts: {implicit: 0, pageLoad: 300000, script: 30000}, unhandledPromptBehavior: dismiss and notify, webauthn:extension:credBlob: true, webauthn:extension:largeBlob: true, webauthn:extension:minPinLength: true, webauthn:extension:prf: true, webauthn:virtualAuthenticators: true}&#10;Element: [[ChromeDriver: chrome on windows (bc45cc33ecd8d7f3594b01e09f1ef21b)] -&gt; id: otp-match-now]&#10;Session ID: bc45cc33ecd8d7f3594b01e09f1ef21b"/>
  </testcase>
  <testcase name="tearDown" classname="tests.CompanyInfoTest" time="0.0">
    <skipped/>
  </testcase>
  <testcase name="tearDown" classname="tests.CompanyInfoTest" time="0.0">
    <skipped/>
  </testcase>
  <testcase name="tearDown" classname="tests.CompanyInfoTest" time="0.0">
    <skipped/>
  </testcase>
  <testcase name="tearDown" classname="tests.CompanyInfoTest" time="0.0">
    <skipped/>
  </testcase>
  <testcase name="tearDown" classname="tests.CompanyInfoTest" time="0.0">
    <skipped/>
  </testcase>
  <testcase name="tearDown" classname="tests.CompanyInfoTest" time="0.0">
    <skipped/>
  </testcase>
  <testcase name="tearDown" classname="tests.CompanyInfoTest" time="0.0">
    <skipped/>
  </testcase>
  <testcase name="tearDown" classname="tests.CompanyInfoTest" time="0.0">
    <skipped/>
  </testcase>
  <testcase name="tearDown" classname="tests.CompanyInfoTest" time="0.0">
    <skipped/>
  </testcase>
  <testcase name="tearDown" classname="tests.CompanyInfoTest" time="0.0">
    <skipped/>
  </testcase>
  <testcase name="tearDown" classname="tests.CompanyInfoTest" time="0.0">
    <skipped/>
  </testcase>
  <testcase name="tearDown" classname="tests.CompanyInfoTest" time="0.0">
    <skipped/>
  </testcase>
  <testcase name="tearDown" classname="tests.CompanyInfoTest" time="0.0">
    <skipped/>
  </testcase>
  <testcase name="tearDown" classname="tests.CompanyInfoTest" time="0.0">
    <skipped/>
  </testcase>
  <testcase name="tearDown" classname="tests.CompanyInfoTest" time="0.0">
    <skipped/>
  </testcase>
  <testcase name="tearDown" classname="tests.CompanyInfoTest" time="0.0">
    <skipped/>
  </testcase>
  <testcase name="tearDown" classname="tests.CompanyInfoTest" time="0.0">
    <skipped/>
  </testcase>
  <testcase name="tearDown" classname="tests.CompanyInfoTest" time="0.0">
    <skipped/>
  </testcase>
  <testcase name="tearDown" classname="tests.CompanyInfoTest" time="0.0">
    <skipped/>
  </testcase>
  <testcase name="tearDown" classname="tests.CompanyInfoTest" time="0.0">
    <skipped/>
  </testcase>
  <testcase name="tearDown" classname="tests.CompanyInfoTest" time="0.0">
    <skipped/>
  </testcase>
  <testcase name="tearDown" classname="tests.CompanyInfoTest" time="0.0">
    <skipped/>
  </testcase>
  <testcase name="tearDown" classname="tests.CompanyInfoTest" time="0.0">
    <skipped/>
  </testcase>
  <testcase name="tearDown" classname="tests.CompanyInfoTest" time="0.0">
    <skipped/>
  </testcase>
  <testcase name="tearDown" classname="tests.CompanyInfoTest" time="0.0">
    <skipped/>
  </testcase>
  <testcase name="tearDown" classname="tests.CompanyInfoTest" time="0.0">
    <skipped/>
  </testcase>
  <testcase name="tearDown" classname="tests.CompanyInfoTest" time="0.0">
    <skipped/>
  </testcase>
  <testcase name="tearDown" classname="tests.CompanyInfoTest" time="0.0">
    <skipped/>
  </testcase>
  <testcase name="tearDown" classname="tests.CompanyInfoTest" time="0.0">
    <skipped/>
  </testcase>
  <testcase name="tearDown" classname="tests.CompanyInfoTest" time="0.0">
    <skipped/>
  </testcase>
  <testcase name="tearDown" classname="tests.CompanyInfoTest" time="0.0">
    <skipped/>
  </testcase>
  <testcase name="tearDown" classname="tests.CompanyInfoTest" time="0.0">
    <skipped/>
  </testcase>
  <testcase name="tearDown" classname="tests.CompanyInfoTest" time="0.0">
    <skipped/>
  </testcase>
  <testcase name="tearDown" classname="tests.CompanyInfoTest" time="0.0">
    <skipped/>
  </testcase>
  <testcase name="tearDown" classname="tests.CompanyInfoTest" time="0.0">
    <skipped/>
  </testcase>
  <testcase name="tearDown" classname="tests.CompanyInfoTest" time="0.0">
    <skipped/>
  </testcase>
  <testcase name="tearDown" classname="tests.CompanyInfoTest" time="0.0">
    <skipped/>
  </testcase>
  <testcase name="tearDown" classname="tests.CompanyInfoTest" time="0.0">
    <skipped/>
  </testcase>
  <testcase name="tearDown" classname="tests.CompanyInfoTest" time="0.0">
    <skipped/>
  </testcase>
  <testcase name="tearDown" classname="tests.CompanyInfoTest" time="0.0">
    <skipped/>
  </testcase>
  <testcase name="tearDown" classname="tests.CompanyInfoTest" time="0.0">
    <skipped/>
  </testcase>
  <testcase name="tearDown" classname="tests.CompanyInfoTest" time="0.0">
    <skipped/>
  </testcase>
  <testcase name="tearDown" classname="tests.CompanyInfoTest" time="0.0">
    <skipped/>
  </testcase>
  <testcase name="tearDown" classname="tests.CompanyInfoTest" time="0.0">
    <skipped/>
  </testcase>
  <testcase name="tearDown" classname="tests.CompanyInfoTest" time="0.0">
    <skipped/>
  </testcase>
  <testcase name="tearDown" classname="tests.CompanyInfoTest" time="0.0">
    <skipped/>
  </testcase>
  <testcase name="tearDown" classname="tests.CompanyInfoTest" time="0.0">
    <skipped/>
  </testcase>
  <testcase name="tearDown" classname="tests.CompanyInfoTest" time="0.0">
    <skipped/>
  </testcase>
  <testcase name="tearDown" classname="tests.CompanyInfoTest" time="0.0">
    <skipped/>
  </testcase>
  <testcase name="tearDown" classname="tests.CompanyInfoTest" time="0.0">
    <skipped/>
  </testcase>
  <testcase name="tearDown" classname="tests.CompanyInfoTest" time="0.0">
    <skipped/>
  </testcase>
  <testcase name="tearDown" classname="tests.CompanyInfoTest" time="0.0">
    <skipped/>
  </testcase>
  <testcase name="tearDown" classname="tests.CompanyInfoTest" time="0.0">
    <skipped/>
  </testcase>
  <testcase name="tearDown" classname="tests.CompanyInfoTest" time="0.0">
    <skipped/>
  </testcase>
  <testcase name="tearDown" classname="tests.CompanyInfoTest" time="0.0">
    <skipped/>
  </testcase>
  <testcase name="tearDown" classname="tests.CompanyInfoTest" time="0.0">
    <skipped/>
  </testcase>
  <testcase name="tearDown" classname="tests.CompanyInfoTest" time="0.0">
    <skipped/>
  </testcase>
  <testcase name="tearDown" classname="tests.CompanyInfoTest" time="0.0">
    <skipped/>
  </testcase>
  <testcase name="tearDown" classname="tests.CompanyInfoTest" time="0.0">
    <skipped/>
  </testcase>
  <testcase name="tearDown" classname="tests.CompanyInfoTest" time="0.0">
    <skipped/>
  </testcase>
  <testcase name="tearDown" classname="tests.CompanyInfoTest" time="0.0">
    <skipped/>
  </testcase>
  <testcase name="tearDown" classname="tests.CompanyInfoTest" time="0.0">
    <skipped/>
  </testcase>
  <testcase name="tearDown" classname="tests.CompanyInfoTest" time="0.0">
    <skipped/>
  </testcase>
  <testcase name="tearDown" classname="tests.CompanyInfoTest" time="0.0">
    <skipped/>
  </testcase>
  <testcase name="tearDown" classname="tests.CompanyInfoTest" time="0.0">
    <skipped/>
  </testcase>
  <testcase name="tearDown" classname="tests.CompanyInfoTest" time="0.0">
    <skipped/>
  </testcase>
  <testcase name="tearDown" classname="tests.CompanyInfoTest" time="0.0">
    <skipped/>
  </testcase>
  <testcase name="tearDown" classname="tests.CompanyInfoTest" time="0.0">
    <skipped/>
  </testcase>
  <testcase name="tearDown" classname="tests.CompanyInfoTest" time="0.0">
    <skipped/>
  </testcase>
  <testcase name="tearDown" classname="tests.CompanyInfoTest" time="0.0">
    <skipped/>
  </testcase>
  <testcase name="tearDown" classname="tests.CompanyInfoTest" time="0.0">
    <skipped/>
  </testcase>
  <testcase name="setup" classname="tests.CompanyInfoTest" time="0.0">
    <skipped/>
  </testcase>
  <testcase name="setup" classname="tests.CompanyInfoTest" time="0.0">
    <skipped/>
  </testcase>
  <testcase name="setup" classname="tests.CompanyInfoTest" time="0.0">
    <skipped/>
  </testcase>
  <testcase name="setup" classname="tests.CompanyInfoTest" time="0.0">
    <skipped/>
  </testcase>
  <testcase name="setup" classname="tests.CompanyInfoTest" time="0.0">
    <skipped/>
  </testcase>
  <testcase name="setup" classname="tests.CompanyInfoTest" time="0.0">
    <skipped/>
  </testcase>
  <testcase name="setup" classname="tests.CompanyInfoTest" time="0.0">
    <skipped/>
  </testcase>
  <testcase name="setup" classname="tests.CompanyInfoTest" time="0.0">
    <skipped/>
  </testcase>
  <testcase name="setup" classname="tests.CompanyInfoTest" time="0.0">
    <skipped/>
  </testcase>
  <testcase name="setup" classname="tests.CompanyInfoTest" time="0.0">
    <skipped/>
  </testcase>
  <testcase name="setup" classname="tests.CompanyInfoTest" time="0.0">
    <skipped/>
  </testcase>
  <testcase name="setup" classname="tests.CompanyInfoTest" time="0.0">
    <skipped/>
  </testcase>
  <testcase name="setup" classname="tests.CompanyInfoTest" time="0.0">
    <skipped/>
  </testcase>
  <testcase name="setup" classname="tests.CompanyInfoTest" time="0.0">
    <skipped/>
  </testcase>
  <testcase name="setup" classname="tests.CompanyInfoTest" time="0.0">
    <skipped/>
  </testcase>
  <testcase name="setup" classname="tests.CompanyInfoTest" time="0.0">
    <skipped/>
  </testcase>
  <testcase name="setup" classname="tests.CompanyInfoTest" time="0.0">
    <skipped/>
  </testcase>
  <testcase name="setup" classname="tests.CompanyInfoTest" time="0.0">
    <skipped/>
  </testcase>
  <testcase name="setup" classname="tests.CompanyInfoTest" time="0.0">
    <skipped/>
  </testcase>
  <testcase name="setup" classname="tests.CompanyInfoTest" time="0.0">
    <skipped/>
  </testcase>
  <testcase name="setup" classname="tests.CompanyInfoTest" time="0.0">
    <skipped/>
  </testcase>
  <testcase name="setup" classname="tests.CompanyInfoTest" time="0.0">
    <skipped/>
  </testcase>
  <testcase name="setup" classname="tests.CompanyInfoTest" time="0.0">
    <skipped/>
  </testcase>
  <testcase name="setup" classname="tests.CompanyInfoTest" time="0.0">
    <skipped/>
  </testcase>
  <testcase name="setup" classname="tests.CompanyInfoTest" time="0.0">
    <skipped/>
  </testcase>
  <testcase name="setup" classname="tests.CompanyInfoTest" time="0.0">
    <skipped/>
  </testcase>
  <testcase name="setup" classname="tests.CompanyInfoTest" time="0.0">
    <skipped/>
  </testcase>
  <testcase name="setup" classname="tests.CompanyInfoTest" time="0.0">
    <skipped/>
  </testcase>
  <testcase name="setup" classname="tests.CompanyInfoTest" time="0.0">
    <skipped/>
  </testcase>
  <testcase name="setup" classname="tests.CompanyInfoTest" time="0.0">
    <skipped/>
  </testcase>
  <testcase name="setup" classname="tests.CompanyInfoTest" time="0.0">
    <skipped/>
  </testcase>
  <testcase name="setup" classname="tests.CompanyInfoTest" time="0.0">
    <skipped/>
  </testcase>
  <testcase name="setup" classname="tests.CompanyInfoTest" time="0.0">
    <skipped/>
  </testcase>
  <testcase name="setup" classname="tests.CompanyInfoTest" time="0.0">
    <skipped/>
  </testcase>
  <testcase name="setup" classname="tests.CompanyInfoTest" time="0.0">
    <skipped/>
  </testcase>
  <testcase name="setup" classname="tests.CompanyInfoTest" time="0.0">
    <skipped/>
  </testcase>
  <testcase name="setup" classname="tests.CompanyInfoTest" time="0.0">
    <skipped/>
  </testcase>
  <testcase name="setup" classname="tests.CompanyInfoTest" time="0.0">
    <skipped/>
  </testcase>
  <testcase name="setup" classname="tests.CompanyInfoTest" time="0.0">
    <skipped/>
  </testcase>
  <testcase name="setup" classname="tests.CompanyInfoTest" time="0.0">
    <skipped/>
  </testcase>
  <testcase name="setup" classname="tests.CompanyInfoTest" time="0.0">
    <skipped/>
  </testcase>
  <testcase name="setup" classname="tests.CompanyInfoTest" time="0.0">
    <skipped/>
  </testcase>
  <testcase name="setup" classname="tests.CompanyInfoTest" time="0.0">
    <skipped/>
  </testcase>
  <testcase name="setup" classname="tests.CompanyInfoTest" time="0.0">
    <skipped/>
  </testcase>
  <testcase name="setup" classname="tests.CompanyInfoTest" time="0.0">
    <skipped/>
  </testcase>
  <testcase name="setup" classname="tests.CompanyInfoTest" time="0.0">
    <skipped/>
  </testcase>
  <testcase name="setup" classname="tests.CompanyInfoTest" time="0.0">
    <skipped/>
  </testcase>
  <testcase name="setup" classname="tests.CompanyInfoTest" time="0.0">
    <skipped/>
  </testcase>
  <testcase name="setup" classname="tests.CompanyInfoTest" time="0.0">
    <skipped/>
  </testcase>
  <testcase name="setup" classname="tests.CompanyInfoTest" time="0.0">
    <skipped/>
  </testcase>
  <testcase name="setup" classname="tests.CompanyInfoTest" time="0.0">
    <skipped/>
  </testcase>
  <testcase name="setup" classname="tests.CompanyInfoTest" time="0.0">
    <skipped/>
  </testcase>
  <testcase name="setup" classname="tests.CompanyInfoTest" time="0.0">
    <skipped/>
  </testcase>
  <testcase name="setup" classname="tests.CompanyInfoTest" time="0.0">
    <skipped/>
  </testcase>
  <testcase name="setup" classname="tests.CompanyInfoTest" time="0.0">
    <skipped/>
  </testcase>
  <testcase name="setup" classname="tests.CompanyInfoTest" time="0.0">
    <skipped/>
  </testcase>
  <testcase name="setup" classname="tests.CompanyInfoTest" time="0.0">
    <skipped/>
  </testcase>
  <testcase name="setup" classname="tests.CompanyInfoTest" time="0.0">
    <skipped/>
  </testcase>
  <testcase name="setup" classname="tests.CompanyInfoTest" time="0.0">
    <skipped/>
  </testcase>
  <testcase name="setup" classname="tests.CompanyInfoTest" time="0.0">
    <skipped/>
  </testcase>
  <testcase name="setup" classname="tests.CompanyInfoTest" time="0.0">
    <skipped/>
  </testcase>
  <testcase name="setup" classname="tests.CompanyInfoTest" time="0.0">
    <skipped/>
  </testcase>
  <testcase name="setup" classname="tests.CompanyInfoTest" time="0.0">
    <skipped/>
  </testcase>
  <testcase name="setup" classname="tests.CompanyInfoTest" time="0.0">
    <skipped/>
  </testcase>
  <testcase name="setup" classname="tests.CompanyInfoTest" time="0.0">
    <skipped/>
  </testcase>
  <testcase name="setup" classname="tests.CompanyInfoTest" time="0.0">
    <skipped/>
  </testcase>
  <testcase name="setup" classname="tests.CompanyInfoTest" time="0.0">
    <skipped/>
  </testcase>
  <testcase name="setup" classname="tests.CompanyInfoTest" time="0.0">
    <skipped/>
  </testcase>
  <testcase name="setup" classname="tests.CompanyInfoTest" time="0.0">
    <skipped/>
  </testcase>
  <testcase name="setup" classname="tests.CompanyInfoTest" time="0.0">
    <skipped/>
  </testcase>
  <testcase name="testClickOnPayInSettingsTab" classname="tests.CompanyInfoTest" time="0.0">
    <skipped message="element not interactable&#10;  (Session info: chrome=127.0.6533.72)&#10;Build info: version: &apos;4.22.0&apos;, revision: &apos;c5f3146703*&apos;&#10;System info: os.name: &apos;Windows 11&apos;, os.arch: &apos;amd64&apos;, os.version: &apos;10.0&apos;, java.version: &apos;21.0.3&apos;&#10;Driver info: org.openqa.selenium.chrome.ChromeDriver&#10;Command: [bc45cc33ecd8d7f3594b01e09f1ef21b, clickElement {id=f.9845BA9A7ADAA1099D9FD97C3461980B.d.EFE04C64557573E1A47B83E2EEE17EED.e.30}]&#10;Capabilities {acceptInsecureCerts: false, browserName: chrome, browserVersion: 127.0.6533.72, chrome: {chromedriverVersion: 127.0.6533.72 (9755e24ca85a..., userDataDir: C:\Windows\SystemTemp\scope...}, fedcm:accounts: true, goog:chromeOptions: {debuggerAddress: localhost:62560}, networkConnectionEnabled: false, pageLoadStrategy: normal, platformName: windows, proxy: Proxy(), se:cdp: ws://localhost:62560/devtoo..., se:cdpVersion: 127.0.6533.72, setWindowRect: true, strictFileInteractability: false, timeouts: {implicit: 0, pageLoad: 300000, script: 30000}, unhandledPromptBehavior: dismiss and notify, webauthn:extension:credBlob: true, webauthn:extension:largeBlob: true, webauthn:extension:minPinLength: true, webauthn:extension:prf: true, webauthn:virtualAuthenticators: true}&#10;Element: [[ChromeDriver: chrome on windows (bc45cc33ecd8d7f3594b01e09f1ef21b)] -&gt; id: otp-match-now]&#10;Session ID: bc45cc33ecd8d7f3594b01e09f1ef21b"/>
  </testcase>
  <testcase name="testClickPersonalDetailTab" classname="tests.CompanyInfoTest" time="0.0">
    <skipped message="element not interactable&#10;  (Session info: chrome=127.0.6533.72)&#10;Build info: version: &apos;4.22.0&apos;, revision: &apos;c5f3146703*&apos;&#10;System info: os.name: &apos;Windows 11&apos;, os.arch: &apos;amd64&apos;, os.version: &apos;10.0&apos;, java.version: &apos;21.0.3&apos;&#10;Driver info: org.openqa.selenium.chrome.ChromeDriver&#10;Command: [bc45cc33ecd8d7f3594b01e09f1ef21b, clickElement {id=f.9845BA9A7ADAA1099D9FD97C3461980B.d.EFE04C64557573E1A47B83E2EEE17EED.e.30}]&#10;Capabilities {acceptInsecureCerts: false, browserName: chrome, browserVersion: 127.0.6533.72, chrome: {chromedriverVersion: 127.0.6533.72 (9755e24ca85a..., userDataDir: C:\Windows\SystemTemp\scope...}, fedcm:accounts: true, goog:chromeOptions: {debuggerAddress: localhost:62560}, networkConnectionEnabled: false, pageLoadStrategy: normal, platformName: windows, proxy: Proxy(), se:cdp: ws://localhost:62560/devtoo..., se:cdpVersion: 127.0.6533.72, setWindowRect: true, strictFileInteractability: false, timeouts: {implicit: 0, pageLoad: 300000, script: 30000}, unhandledPromptBehavior: dismiss and notify, webauthn:extension:credBlob: true, webauthn:extension:largeBlob: true, webauthn:extension:minPinLength: true, webauthn:extension:prf: true, webauthn:virtualAuthenticators: true}&#10;Element: [[ChromeDriver: chrome on windows (bc45cc33ecd8d7f3594b01e09f1ef21b)] -&gt; id: otp-match-now]&#10;Session ID: bc45cc33ecd8d7f3594b01e09f1ef21b"/>
  </testcase>
  <testcase name="testClickPersonalDetailsTab" classname="tests.CompanyInfoTest" time="0.0">
    <skipped message="element not interactable&#10;  (Session info: chrome=127.0.6533.72)&#10;Build info: version: &apos;4.22.0&apos;, revision: &apos;c5f3146703*&apos;&#10;System info: os.name: &apos;Windows 11&apos;, os.arch: &apos;amd64&apos;, os.version: &apos;10.0&apos;, java.version: &apos;21.0.3&apos;&#10;Driver info: org.openqa.selenium.chrome.ChromeDriver&#10;Command: [bc45cc33ecd8d7f3594b01e09f1ef21b, clickElement {id=f.9845BA9A7ADAA1099D9FD97C3461980B.d.EFE04C64557573E1A47B83E2EEE17EED.e.30}]&#10;Capabilities {acceptInsecureCerts: false, browserName: chrome, browserVersion: 127.0.6533.72, chrome: {chromedriverVersion: 127.0.6533.72 (9755e24ca85a..., userDataDir: C:\Windows\SystemTemp\scope...}, fedcm:accounts: true, goog:chromeOptions: {debuggerAddress: localhost:62560}, networkConnectionEnabled: false, pageLoadStrategy: normal, platformName: windows, proxy: Proxy(), se:cdp: ws://localhost:62560/devtoo..., se:cdpVersion: 127.0.6533.72, setWindowRect: true, strictFileInteractability: false, timeouts: {implicit: 0, pageLoad: 300000, script: 30000}, unhandledPromptBehavior: dismiss and notify, webauthn:extension:credBlob: true, webauthn:extension:largeBlob: true, webauthn:extension:minPinLength: true, webauthn:extension:prf: true, webauthn:virtualAuthenticators: true}&#10;Element: [[ChromeDriver: chrome on windows (bc45cc33ecd8d7f3594b01e09f1ef21b)] -&gt; id: otp-match-now]&#10;Session ID: bc45cc33ecd8d7f3594b01e09f1ef21b"/>
  </testcase>
  <testcase name="testClickPreviousButtonOnLastPage" classname="tests.CompanyInfoTest" time="0.0">
    <skipped message="element not interactable&#10;  (Session info: chrome=127.0.6533.72)&#10;Build info: version: &apos;4.22.0&apos;, revision: &apos;c5f3146703*&apos;&#10;System info: os.name: &apos;Windows 11&apos;, os.arch: &apos;amd64&apos;, os.version: &apos;10.0&apos;, java.version: &apos;21.0.3&apos;&#10;Driver info: org.openqa.selenium.chrome.ChromeDriver&#10;Command: [bc45cc33ecd8d7f3594b01e09f1ef21b, clickElement {id=f.9845BA9A7ADAA1099D9FD97C3461980B.d.EFE04C64557573E1A47B83E2EEE17EED.e.30}]&#10;Capabilities {acceptInsecureCerts: false, browserName: chrome, browserVersion: 127.0.6533.72, chrome: {chromedriverVersion: 127.0.6533.72 (9755e24ca85a..., userDataDir: C:\Windows\SystemTemp\scope...}, fedcm:accounts: true, goog:chromeOptions: {debuggerAddress: localhost:62560}, networkConnectionEnabled: false, pageLoadStrategy: normal, platformName: windows, proxy: Proxy(), se:cdp: ws://localhost:62560/devtoo..., se:cdpVersion: 127.0.6533.72, setWindowRect: true, strictFileInteractability: false, timeouts: {implicit: 0, pageLoad: 300000, script: 30000}, unhandledPromptBehavior: dismiss and notify, webauthn:extension:credBlob: true, webauthn:extension:largeBlob: true, webauthn:extension:minPinLength: true, webauthn:extension:prf: true, webauthn:virtualAuthenticators: true}&#10;Element: [[ChromeDriver: chrome on windows (bc45cc33ecd8d7f3594b01e09f1ef21b)] -&gt; id: otp-match-now]&#10;Session ID: bc45cc33ecd8d7f3594b01e09f1ef21b"/>
  </testcase>
  <testcase name="testClickbussinessInfoTab" classname="tests.CompanyInfoTest" time="0.0">
    <skipped message="element not interactable&#10;  (Session info: chrome=127.0.6533.72)&#10;Build info: version: &apos;4.22.0&apos;, revision: &apos;c5f3146703*&apos;&#10;System info: os.name: &apos;Windows 11&apos;, os.arch: &apos;amd64&apos;, os.version: &apos;10.0&apos;, java.version: &apos;21.0.3&apos;&#10;Driver info: org.openqa.selenium.chrome.ChromeDriver&#10;Command: [bc45cc33ecd8d7f3594b01e09f1ef21b, clickElement {id=f.9845BA9A7ADAA1099D9FD97C3461980B.d.EFE04C64557573E1A47B83E2EEE17EED.e.30}]&#10;Capabilities {acceptInsecureCerts: false, browserName: chrome, browserVersion: 127.0.6533.72, chrome: {chromedriverVersion: 127.0.6533.72 (9755e24ca85a..., userDataDir: C:\Windows\SystemTemp\scope...}, fedcm:accounts: true, goog:chromeOptions: {debuggerAddress: localhost:62560}, networkConnectionEnabled: false, pageLoadStrategy: normal, platformName: windows, proxy: Proxy(), se:cdp: ws://localhost:62560/devtoo..., se:cdpVersion: 127.0.6533.72, setWindowRect: true, strictFileInteractability: false, timeouts: {implicit: 0, pageLoad: 300000, script: 30000}, unhandledPromptBehavior: dismiss and notify, webauthn:extension:credBlob: true, webauthn:extension:largeBlob: true, webauthn:extension:minPinLength: true, webauthn:extension:prf: true, webauthn:virtualAuthenticators: true}&#10;Element: [[ChromeDriver: chrome on windows (bc45cc33ecd8d7f3594b01e09f1ef21b)] -&gt; id: otp-match-now]&#10;Session ID: bc45cc33ecd8d7f3594b01e09f1ef21b"/>
  </testcase>
  <testcase name="testClickingButtonOpensModal" classname="tests.CompanyInfoTest" time="0.0">
    <skipped message="element not interactable&#10;  (Session info: chrome=127.0.6533.72)&#10;Build info: version: &apos;4.22.0&apos;, revision: &apos;c5f3146703*&apos;&#10;System info: os.name: &apos;Windows 11&apos;, os.arch: &apos;amd64&apos;, os.version: &apos;10.0&apos;, java.version: &apos;21.0.3&apos;&#10;Driver info: org.openqa.selenium.chrome.ChromeDriver&#10;Command: [bc45cc33ecd8d7f3594b01e09f1ef21b, clickElement {id=f.9845BA9A7ADAA1099D9FD97C3461980B.d.EFE04C64557573E1A47B83E2EEE17EED.e.30}]&#10;Capabilities {acceptInsecureCerts: false, browserName: chrome, browserVersion: 127.0.6533.72, chrome: {chromedriverVersion: 127.0.6533.72 (9755e24ca85a..., userDataDir: C:\Windows\SystemTemp\scope...}, fedcm:accounts: true, goog:chromeOptions: {debuggerAddress: localhost:62560}, networkConnectionEnabled: false, pageLoadStrategy: normal, platformName: windows, proxy: Proxy(), se:cdp: ws://localhost:62560/devtoo..., se:cdpVersion: 127.0.6533.72, setWindowRect: true, strictFileInteractability: false, timeouts: {implicit: 0, pageLoad: 300000, script: 30000}, unhandledPromptBehavior: dismiss and notify, webauthn:extension:credBlob: true, webauthn:extension:largeBlob: true, webauthn:extension:minPinLength: true, webauthn:extension:prf: true, webauthn:virtualAuthenticators: true}&#10;Element: [[ChromeDriver: chrome on windows (bc45cc33ecd8d7f3594b01e09f1ef21b)] -&gt; id: otp-match-now]&#10;Session ID: bc45cc33ecd8d7f3594b01e09f1ef21b"/>
  </testcase>
  <testcase name="testCompleteButtonSubmitsForm" classname="tests.CompanyInfoTest" time="0.0">
    <skipped message="element not interactable&#10;  (Session info: chrome=127.0.6533.72)&#10;Build info: version: &apos;4.22.0&apos;, revision: &apos;c5f3146703*&apos;&#10;System info: os.name: &apos;Windows 11&apos;, os.arch: &apos;amd64&apos;, os.version: &apos;10.0&apos;, java.version: &apos;21.0.3&apos;&#10;Driver info: org.openqa.selenium.chrome.ChromeDriver&#10;Command: [bc45cc33ecd8d7f3594b01e09f1ef21b, clickElement {id=f.9845BA9A7ADAA1099D9FD97C3461980B.d.EFE04C64557573E1A47B83E2EEE17EED.e.30}]&#10;Capabilities {acceptInsecureCerts: false, browserName: chrome, browserVersion: 127.0.6533.72, chrome: {chromedriverVersion: 127.0.6533.72 (9755e24ca85a..., userDataDir: C:\Windows\SystemTemp\scope...}, fedcm:accounts: true, goog:chromeOptions: {debuggerAddress: localhost:62560}, networkConnectionEnabled: false, pageLoadStrategy: normal, platformName: windows, proxy: Proxy(), se:cdp: ws://localhost:62560/devtoo..., se:cdpVersion: 127.0.6533.72, setWindowRect: true, strictFileInteractability: false, timeouts: {implicit: 0, pageLoad: 300000, script: 30000}, unhandledPromptBehavior: dismiss and notify, webauthn:extension:credBlob: true, webauthn:extension:largeBlob: true, webauthn:extension:minPinLength: true, webauthn:extension:prf: true, webauthn:virtualAuthenticators: true}&#10;Element: [[ChromeDriver: chrome on windows (bc45cc33ecd8d7f3594b01e09f1ef21b)] -&gt; id: otp-match-now]&#10;Session ID: bc45cc33ecd8d7f3594b01e09f1ef21b"/>
  </testcase>
  <testcase name="testCompleteItButtonClick" classname="tests.CompanyInfoTest" time="0.0">
    <skipped message="element not interactable&#10;  (Session info: chrome=127.0.6533.72)&#10;Build info: version: &apos;4.22.0&apos;, revision: &apos;c5f3146703*&apos;&#10;System info: os.name: &apos;Windows 11&apos;, os.arch: &apos;amd64&apos;, os.version: &apos;10.0&apos;, java.version: &apos;21.0.3&apos;&#10;Driver info: org.openqa.selenium.chrome.ChromeDriver&#10;Command: [bc45cc33ecd8d7f3594b01e09f1ef21b, clickElement {id=f.9845BA9A7ADAA1099D9FD97C3461980B.d.EFE04C64557573E1A47B83E2EEE17EED.e.30}]&#10;Capabilities {acceptInsecureCerts: false, browserName: chrome, browserVersion: 127.0.6533.72, chrome: {chromedriverVersion: 127.0.6533.72 (9755e24ca85a..., userDataDir: C:\Windows\SystemTemp\scope...}, fedcm:accounts: true, goog:chromeOptions: {debuggerAddress: localhost:62560}, networkConnectionEnabled: false, pageLoadStrategy: normal, platformName: windows, proxy: Proxy(), se:cdp: ws://localhost:62560/devtoo..., se:cdpVersion: 127.0.6533.72, setWindowRect: true, strictFileInteractability: false, timeouts: {implicit: 0, pageLoad: 300000, script: 30000}, unhandledPromptBehavior: dismiss and notify, webauthn:extension:credBlob: true, webauthn:extension:largeBlob: true, webauthn:extension:minPinLength: true, webauthn:extension:prf: true, webauthn:virtualAuthenticators: true}&#10;Element: [[ChromeDriver: chrome on windows (bc45cc33ecd8d7f3594b01e09f1ef21b)] -&gt; id: otp-match-now]&#10;Session ID: bc45cc33ecd8d7f3594b01e09f1ef21b"/>
  </testcase>
  <testcase name="testCopyPasteSearchField" classname="tests.CompanyInfoTest" time="0.0">
    <skipped message="element not interactable&#10;  (Session info: chrome=127.0.6533.72)&#10;Build info: version: &apos;4.22.0&apos;, revision: &apos;c5f3146703*&apos;&#10;System info: os.name: &apos;Windows 11&apos;, os.arch: &apos;amd64&apos;, os.version: &apos;10.0&apos;, java.version: &apos;21.0.3&apos;&#10;Driver info: org.openqa.selenium.chrome.ChromeDriver&#10;Command: [bc45cc33ecd8d7f3594b01e09f1ef21b, clickElement {id=f.9845BA9A7ADAA1099D9FD97C3461980B.d.EFE04C64557573E1A47B83E2EEE17EED.e.30}]&#10;Capabilities {acceptInsecureCerts: false, browserName: chrome, browserVersion: 127.0.6533.72, chrome: {chromedriverVersion: 127.0.6533.72 (9755e24ca85a..., userDataDir: C:\Windows\SystemTemp\scope...}, fedcm:accounts: true, goog:chromeOptions: {debuggerAddress: localhost:62560}, networkConnectionEnabled: false, pageLoadStrategy: normal, platformName: windows, proxy: Proxy(), se:cdp: ws://localhost:62560/devtoo..., se:cdpVersion: 127.0.6533.72, setWindowRect: true, strictFileInteractability: false, timeouts: {implicit: 0, pageLoad: 300000, script: 30000}, unhandledPromptBehavior: dismiss and notify, webauthn:extension:credBlob: true, webauthn:extension:largeBlob: true, webauthn:extension:minPinLength: true, webauthn:extension:prf: true, webauthn:virtualAuthenticators: true}&#10;Element: [[ChromeDriver: chrome on windows (bc45cc33ecd8d7f3594b01e09f1ef21b)] -&gt; id: otp-match-now]&#10;Session ID: bc45cc33ecd8d7f3594b01e09f1ef21b"/>
  </testcase>
  <testcase name="testEditCompanyInfoAndClickNext" classname="tests.CompanyInfoTest" time="0.0">
    <skipped message="element not interactable&#10;  (Session info: chrome=127.0.6533.72)&#10;Build info: version: &apos;4.22.0&apos;, revision: &apos;c5f3146703*&apos;&#10;System info: os.name: &apos;Windows 11&apos;, os.arch: &apos;amd64&apos;, os.version: &apos;10.0&apos;, java.version: &apos;21.0.3&apos;&#10;Driver info: org.openqa.selenium.chrome.ChromeDriver&#10;Command: [bc45cc33ecd8d7f3594b01e09f1ef21b, clickElement {id=f.9845BA9A7ADAA1099D9FD97C3461980B.d.EFE04C64557573E1A47B83E2EEE17EED.e.30}]&#10;Capabilities {acceptInsecureCerts: false, browserName: chrome, browserVersion: 127.0.6533.72, chrome: {chromedriverVersion: 127.0.6533.72 (9755e24ca85a..., userDataDir: C:\Windows\SystemTemp\scope...}, fedcm:accounts: true, goog:chromeOptions: {debuggerAddress: localhost:62560}, networkConnectionEnabled: false, pageLoadStrategy: normal, platformName: windows, proxy: Proxy(), se:cdp: ws://localhost:62560/devtoo..., se:cdpVersion: 127.0.6533.72, setWindowRect: true, strictFileInteractability: false, timeouts: {implicit: 0, pageLoad: 300000, script: 30000}, unhandledPromptBehavior: dismiss and notify, webauthn:extension:credBlob: true, webauthn:extension:largeBlob: true, webauthn:extension:minPinLength: true, webauthn:extension:prf: true, webauthn:virtualAuthenticators: true}&#10;Element: [[ChromeDriver: chrome on windows (bc45cc33ecd8d7f3594b01e09f1ef21b)] -&gt; id: otp-match-now]&#10;Session ID: bc45cc33ecd8d7f3594b01e09f1ef21b"/>
  </testcase>
  <testcase name="testEmptySearchInput" classname="tests.CompanyInfoTest" time="0.0">
    <skipped message="element not interactable&#10;  (Session info: chrome=127.0.6533.72)&#10;Build info: version: &apos;4.22.0&apos;, revision: &apos;c5f3146703*&apos;&#10;System info: os.name: &apos;Windows 11&apos;, os.arch: &apos;amd64&apos;, os.version: &apos;10.0&apos;, java.version: &apos;21.0.3&apos;&#10;Driver info: org.openqa.selenium.chrome.ChromeDriver&#10;Command: [bc45cc33ecd8d7f3594b01e09f1ef21b, clickElement {id=f.9845BA9A7ADAA1099D9FD97C3461980B.d.EFE04C64557573E1A47B83E2EEE17EED.e.30}]&#10;Capabilities {acceptInsecureCerts: false, browserName: chrome, browserVersion: 127.0.6533.72, chrome: {chromedriverVersion: 127.0.6533.72 (9755e24ca85a..., userDataDir: C:\Windows\SystemTemp\scope...}, fedcm:accounts: true, goog:chromeOptions: {debuggerAddress: localhost:62560}, networkConnectionEnabled: false, pageLoadStrategy: normal, platformName: windows, proxy: Proxy(), se:cdp: ws://localhost:62560/devtoo..., se:cdpVersion: 127.0.6533.72, setWindowRect: true, strictFileInteractability: false, timeouts: {implicit: 0, pageLoad: 300000, script: 30000}, unhandledPromptBehavior: dismiss and notify, webauthn:extension:credBlob: true, webauthn:extension:largeBlob: true, webauthn:extension:minPinLength: true, webauthn:extension:prf: true, webauthn:virtualAuthenticators: true}&#10;Element: [[ChromeDriver: chrome on windows (bc45cc33ecd8d7f3594b01e09f1ef21b)] -&gt; id: otp-match-now]&#10;Session ID: bc45cc33ecd8d7f3594b01e09f1ef21b"/>
  </testcase>
  <testcase name="testEnterAlphabetsAndSpecialCharacters" classname="tests.CompanyInfoTest" time="0.0">
    <skipped message="element not interactable&#10;  (Session info: chrome=127.0.6533.72)&#10;Build info: version: &apos;4.22.0&apos;, revision: &apos;c5f3146703*&apos;&#10;System info: os.name: &apos;Windows 11&apos;, os.arch: &apos;amd64&apos;, os.version: &apos;10.0&apos;, java.version: &apos;21.0.3&apos;&#10;Driver info: org.openqa.selenium.chrome.ChromeDriver&#10;Command: [bc45cc33ecd8d7f3594b01e09f1ef21b, clickElement {id=f.9845BA9A7ADAA1099D9FD97C3461980B.d.EFE04C64557573E1A47B83E2EEE17EED.e.30}]&#10;Capabilities {acceptInsecureCerts: false, browserName: chrome, browserVersion: 127.0.6533.72, chrome: {chromedriverVersion: 127.0.6533.72 (9755e24ca85a..., userDataDir: C:\Windows\SystemTemp\scope...}, fedcm:accounts: true, goog:chromeOptions: {debuggerAddress: localhost:62560}, networkConnectionEnabled: false, pageLoadStrategy: normal, platformName: windows, proxy: Proxy(), se:cdp: ws://localhost:62560/devtoo..., se:cdpVersion: 127.0.6533.72, setWindowRect: true, strictFileInteractability: false, timeouts: {implicit: 0, pageLoad: 300000, script: 30000}, unhandledPromptBehavior: dismiss and notify, webauthn:extension:credBlob: true, webauthn:extension:largeBlob: true, webauthn:extension:minPinLength: true, webauthn:extension:prf: true, webauthn:virtualAuthenticators: true}&#10;Element: [[ChromeDriver: chrome on windows (bc45cc33ecd8d7f3594b01e09f1ef21b)] -&gt; id: otp-match-now]&#10;Session ID: bc45cc33ecd8d7f3594b01e09f1ef21b"/>
  </testcase>
  <testcase name="testEnterAlphabetsInPincode" classname="tests.CompanyInfoTest" time="0.0">
    <skipped message="element not interactable&#10;  (Session info: chrome=127.0.6533.72)&#10;Build info: version: &apos;4.22.0&apos;, revision: &apos;c5f3146703*&apos;&#10;System info: os.name: &apos;Windows 11&apos;, os.arch: &apos;amd64&apos;, os.version: &apos;10.0&apos;, java.version: &apos;21.0.3&apos;&#10;Driver info: org.openqa.selenium.chrome.ChromeDriver&#10;Command: [bc45cc33ecd8d7f3594b01e09f1ef21b, clickElement {id=f.9845BA9A7ADAA1099D9FD97C3461980B.d.EFE04C64557573E1A47B83E2EEE17EED.e.30}]&#10;Capabilities {acceptInsecureCerts: false, browserName: chrome, browserVersion: 127.0.6533.72, chrome: {chromedriverVersion: 127.0.6533.72 (9755e24ca85a..., userDataDir: C:\Windows\SystemTemp\scope...}, fedcm:accounts: true, goog:chromeOptions: {debuggerAddress: localhost:62560}, networkConnectionEnabled: false, pageLoadStrategy: normal, platformName: windows, proxy: Proxy(), se:cdp: ws://localhost:62560/devtoo..., se:cdpVersion: 127.0.6533.72, setWindowRect: true, strictFileInteractability: false, timeouts: {implicit: 0, pageLoad: 300000, script: 30000}, unhandledPromptBehavior: dismiss and notify, webauthn:extension:credBlob: true, webauthn:extension:largeBlob: true, webauthn:extension:minPinLength: true, webauthn:extension:prf: true, webauthn:virtualAuthenticators: true}&#10;Element: [[ChromeDriver: chrome on windows (bc45cc33ecd8d7f3594b01e09f1ef21b)] -&gt; id: otp-match-now]&#10;Session ID: bc45cc33ecd8d7f3594b01e09f1ef21b"/>
  </testcase>
  <testcase name="testEnterAlphanumericIFSCCode" classname="tests.CompanyInfoTest" time="0.0">
    <skipped message="element not interactable&#10;  (Session info: chrome=127.0.6533.72)&#10;Build info: version: &apos;4.22.0&apos;, revision: &apos;c5f3146703*&apos;&#10;System info: os.name: &apos;Windows 11&apos;, os.arch: &apos;amd64&apos;, os.version: &apos;10.0&apos;, java.version: &apos;21.0.3&apos;&#10;Driver info: org.openqa.selenium.chrome.ChromeDriver&#10;Command: [bc45cc33ecd8d7f3594b01e09f1ef21b, clickElement {id=f.9845BA9A7ADAA1099D9FD97C3461980B.d.EFE04C64557573E1A47B83E2EEE17EED.e.30}]&#10;Capabilities {acceptInsecureCerts: false, browserName: chrome, browserVersion: 127.0.6533.72, chrome: {chromedriverVersion: 127.0.6533.72 (9755e24ca85a..., userDataDir: C:\Windows\SystemTemp\scope...}, fedcm:accounts: true, goog:chromeOptions: {debuggerAddress: localhost:62560}, networkConnectionEnabled: false, pageLoadStrategy: normal, platformName: windows, proxy: Proxy(), se:cdp: ws://localhost:62560/devtoo..., se:cdpVersion: 127.0.6533.72, setWindowRect: true, strictFileInteractability: false, timeouts: {implicit: 0, pageLoad: 300000, script: 30000}, unhandledPromptBehavior: dismiss and notify, webauthn:extension:credBlob: true, webauthn:extension:largeBlob: true, webauthn:extension:minPinLength: true, webauthn:extension:prf: true, webauthn:virtualAuthenticators: true}&#10;Element: [[ChromeDriver: chrome on windows (bc45cc33ecd8d7f3594b01e09f1ef21b)] -&gt; id: otp-match-now]&#10;Session ID: bc45cc33ecd8d7f3594b01e09f1ef21b"/>
  </testcase>
  <testcase name="testEnterAppName" classname="tests.CompanyInfoTest" time="0.0">
    <skipped message="element not interactable&#10;  (Session info: chrome=127.0.6533.72)&#10;Build info: version: &apos;4.22.0&apos;, revision: &apos;c5f3146703*&apos;&#10;System info: os.name: &apos;Windows 11&apos;, os.arch: &apos;amd64&apos;, os.version: &apos;10.0&apos;, java.version: &apos;21.0.3&apos;&#10;Driver info: org.openqa.selenium.chrome.ChromeDriver&#10;Command: [bc45cc33ecd8d7f3594b01e09f1ef21b, clickElement {id=f.9845BA9A7ADAA1099D9FD97C3461980B.d.EFE04C64557573E1A47B83E2EEE17EED.e.30}]&#10;Capabilities {acceptInsecureCerts: false, browserName: chrome, browserVersion: 127.0.6533.72, chrome: {chromedriverVersion: 127.0.6533.72 (9755e24ca85a..., userDataDir: C:\Windows\SystemTemp\scope...}, fedcm:accounts: true, goog:chromeOptions: {debuggerAddress: localhost:62560}, networkConnectionEnabled: false, pageLoadStrategy: normal, platformName: windows, proxy: Proxy(), se:cdp: ws://localhost:62560/devtoo..., se:cdpVersion: 127.0.6533.72, setWindowRect: true, strictFileInteractability: false, timeouts: {implicit: 0, pageLoad: 300000, script: 30000}, unhandledPromptBehavior: dismiss and notify, webauthn:extension:credBlob: true, webauthn:extension:largeBlob: true, webauthn:extension:minPinLength: true, webauthn:extension:prf: true, webauthn:virtualAuthenticators: true}&#10;Element: [[ChromeDriver: chrome on windows (bc45cc33ecd8d7f3594b01e09f1ef21b)] -&gt; id: otp-match-now]&#10;Session ID: bc45cc33ecd8d7f3594b01e09f1ef21b"/>
  </testcase>
  <testcase name="testEnterNumberMoreThan100Percent" classname="tests.CompanyInfoTest" time="0.0">
    <skipped message="element not interactable&#10;  (Session info: chrome=127.0.6533.72)&#10;Build info: version: &apos;4.22.0&apos;, revision: &apos;c5f3146703*&apos;&#10;System info: os.name: &apos;Windows 11&apos;, os.arch: &apos;amd64&apos;, os.version: &apos;10.0&apos;, java.version: &apos;21.0.3&apos;&#10;Driver info: org.openqa.selenium.chrome.ChromeDriver&#10;Command: [bc45cc33ecd8d7f3594b01e09f1ef21b, clickElement {id=f.9845BA9A7ADAA1099D9FD97C3461980B.d.EFE04C64557573E1A47B83E2EEE17EED.e.30}]&#10;Capabilities {acceptInsecureCerts: false, browserName: chrome, browserVersion: 127.0.6533.72, chrome: {chromedriverVersion: 127.0.6533.72 (9755e24ca85a..., userDataDir: C:\Windows\SystemTemp\scope...}, fedcm:accounts: true, goog:chromeOptions: {debuggerAddress: localhost:62560}, networkConnectionEnabled: false, pageLoadStrategy: normal, platformName: windows, proxy: Proxy(), se:cdp: ws://localhost:62560/devtoo..., se:cdpVersion: 127.0.6533.72, setWindowRect: true, strictFileInteractability: false, timeouts: {implicit: 0, pageLoad: 300000, script: 30000}, unhandledPromptBehavior: dismiss and notify, webauthn:extension:credBlob: true, webauthn:extension:largeBlob: true, webauthn:extension:minPinLength: true, webauthn:extension:prf: true, webauthn:virtualAuthenticators: true}&#10;Element: [[ChromeDriver: chrome on windows (bc45cc33ecd8d7f3594b01e09f1ef21b)] -&gt; id: otp-match-now]&#10;Session ID: bc45cc33ecd8d7f3594b01e09f1ef21b"/>
  </testcase>
  <testcase name="testEnterValidAccountHolderName" classname="tests.CompanyInfoTest" time="0.0">
    <skipped message="element not interactable&#10;  (Session info: chrome=127.0.6533.72)&#10;Build info: version: &apos;4.22.0&apos;, revision: &apos;c5f3146703*&apos;&#10;System info: os.name: &apos;Windows 11&apos;, os.arch: &apos;amd64&apos;, os.version: &apos;10.0&apos;, java.version: &apos;21.0.3&apos;&#10;Driver info: org.openqa.selenium.chrome.ChromeDriver&#10;Command: [bc45cc33ecd8d7f3594b01e09f1ef21b, clickElement {id=f.9845BA9A7ADAA1099D9FD97C3461980B.d.EFE04C64557573E1A47B83E2EEE17EED.e.30}]&#10;Capabilities {acceptInsecureCerts: false, browserName: chrome, browserVersion: 127.0.6533.72, chrome: {chromedriverVersion: 127.0.6533.72 (9755e24ca85a..., userDataDir: C:\Windows\SystemTemp\scope...}, fedcm:accounts: true, goog:chromeOptions: {debuggerAddress: localhost:62560}, networkConnectionEnabled: false, pageLoadStrategy: normal, platformName: windows, proxy: Proxy(), se:cdp: ws://localhost:62560/devtoo..., se:cdpVersion: 127.0.6533.72, setWindowRect: true, strictFileInteractability: false, timeouts: {implicit: 0, pageLoad: 300000, script: 30000}, unhandledPromptBehavior: dismiss and notify, webauthn:extension:credBlob: true, webauthn:extension:largeBlob: true, webauthn:extension:minPinLength: true, webauthn:extension:prf: true, webauthn:virtualAuthenticators: true}&#10;Element: [[ChromeDriver: chrome on windows (bc45cc33ecd8d7f3594b01e09f1ef21b)] -&gt; id: otp-match-now]&#10;Session ID: bc45cc33ecd8d7f3594b01e09f1ef21b"/>
  </testcase>
  <testcase name="testEnterValidDetailsAndClickDraft" classname="tests.CompanyInfoTest" time="0.0">
    <skipped message="element not interactable&#10;  (Session info: chrome=127.0.6533.72)&#10;Build info: version: &apos;4.22.0&apos;, revision: &apos;c5f3146703*&apos;&#10;System info: os.name: &apos;Windows 11&apos;, os.arch: &apos;amd64&apos;, os.version: &apos;10.0&apos;, java.version: &apos;21.0.3&apos;&#10;Driver info: org.openqa.selenium.chrome.ChromeDriver&#10;Command: [bc45cc33ecd8d7f3594b01e09f1ef21b, clickElement {id=f.9845BA9A7ADAA1099D9FD97C3461980B.d.EFE04C64557573E1A47B83E2EEE17EED.e.30}]&#10;Capabilities {acceptInsecureCerts: false, browserName: chrome, browserVersion: 127.0.6533.72, chrome: {chromedriverVersion: 127.0.6533.72 (9755e24ca85a..., userDataDir: C:\Windows\SystemTemp\scope...}, fedcm:accounts: true, goog:chromeOptions: {debuggerAddress: localhost:62560}, networkConnectionEnabled: false, pageLoadStrategy: normal, platformName: windows, proxy: Proxy(), se:cdp: ws://localhost:62560/devtoo..., se:cdpVersion: 127.0.6533.72, setWindowRect: true, strictFileInteractability: false, timeouts: {implicit: 0, pageLoad: 300000, script: 30000}, unhandledPromptBehavior: dismiss and notify, webauthn:extension:credBlob: true, webauthn:extension:largeBlob: true, webauthn:extension:minPinLength: true, webauthn:extension:prf: true, webauthn:virtualAuthenticators: true}&#10;Element: [[ChromeDriver: chrome on windows (bc45cc33ecd8d7f3594b01e09f1ef21b)] -&gt; id: otp-match-now]&#10;Session ID: bc45cc33ecd8d7f3594b01e09f1ef21b"/>
  </testcase>
  <testcase name="testEnterValidIFSCCode" classname="tests.CompanyInfoTest" time="0.0">
    <skipped message="element not interactable&#10;  (Session info: chrome=127.0.6533.72)&#10;Build info: version: &apos;4.22.0&apos;, revision: &apos;c5f3146703*&apos;&#10;System info: os.name: &apos;Windows 11&apos;, os.arch: &apos;amd64&apos;, os.version: &apos;10.0&apos;, java.version: &apos;21.0.3&apos;&#10;Driver info: org.openqa.selenium.chrome.ChromeDriver&#10;Command: [bc45cc33ecd8d7f3594b01e09f1ef21b, clickElement {id=f.9845BA9A7ADAA1099D9FD97C3461980B.d.EFE04C64557573E1A47B83E2EEE17EED.e.30}]&#10;Capabilities {acceptInsecureCerts: false, browserName: chrome, browserVersion: 127.0.6533.72, chrome: {chromedriverVersion: 127.0.6533.72 (9755e24ca85a..., userDataDir: C:\Windows\SystemTemp\scope...}, fedcm:accounts: true, goog:chromeOptions: {debuggerAddress: localhost:62560}, networkConnectionEnabled: false, pageLoadStrategy: normal, platformName: windows, proxy: Proxy(), se:cdp: ws://localhost:62560/devtoo..., se:cdpVersion: 127.0.6533.72, setWindowRect: true, strictFileInteractability: false, timeouts: {implicit: 0, pageLoad: 300000, script: 30000}, unhandledPromptBehavior: dismiss and notify, webauthn:extension:credBlob: true, webauthn:extension:largeBlob: true, webauthn:extension:minPinLength: true, webauthn:extension:prf: true, webauthn:virtualAuthenticators: true}&#10;Element: [[ChromeDriver: chrome on windows (bc45cc33ecd8d7f3594b01e09f1ef21b)] -&gt; id: otp-match-now]&#10;Session ID: bc45cc33ecd8d7f3594b01e09f1ef21b"/>
  </testcase>
  <testcase name="testEnterValidPincode" classname="tests.CompanyInfoTest" time="0.0">
    <skipped message="element not interactable&#10;  (Session info: chrome=127.0.6533.72)&#10;Build info: version: &apos;4.22.0&apos;, revision: &apos;c5f3146703*&apos;&#10;System info: os.name: &apos;Windows 11&apos;, os.arch: &apos;amd64&apos;, os.version: &apos;10.0&apos;, java.version: &apos;21.0.3&apos;&#10;Driver info: org.openqa.selenium.chrome.ChromeDriver&#10;Command: [bc45cc33ecd8d7f3594b01e09f1ef21b, clickElement {id=f.9845BA9A7ADAA1099D9FD97C3461980B.d.EFE04C64557573E1A47B83E2EEE17EED.e.30}]&#10;Capabilities {acceptInsecureCerts: false, browserName: chrome, browserVersion: 127.0.6533.72, chrome: {chromedriverVersion: 127.0.6533.72 (9755e24ca85a..., userDataDir: C:\Windows\SystemTemp\scope...}, fedcm:accounts: true, goog:chromeOptions: {debuggerAddress: localhost:62560}, networkConnectionEnabled: false, pageLoadStrategy: normal, platformName: windows, proxy: Proxy(), se:cdp: ws://localhost:62560/devtoo..., se:cdpVersion: 127.0.6533.72, setWindowRect: true, strictFileInteractability: false, timeouts: {implicit: 0, pageLoad: 300000, script: 30000}, unhandledPromptBehavior: dismiss and notify, webauthn:extension:credBlob: true, webauthn:extension:largeBlob: true, webauthn:extension:minPinLength: true, webauthn:extension:prf: true, webauthn:virtualAuthenticators: true}&#10;Element: [[ChromeDriver: chrome on windows (bc45cc33ecd8d7f3594b01e09f1ef21b)] -&gt; id: otp-match-now]&#10;Session ID: bc45cc33ecd8d7f3594b01e09f1ef21b"/>
  </testcase>
  <testcase name="testEnterValidUrlInAppUrlField" classname="tests.CompanyInfoTest" time="0.0">
    <skipped message="element not interactable&#10;  (Session info: chrome=127.0.6533.72)&#10;Build info: version: &apos;4.22.0&apos;, revision: &apos;c5f3146703*&apos;&#10;System info: os.name: &apos;Windows 11&apos;, os.arch: &apos;amd64&apos;, os.version: &apos;10.0&apos;, java.version: &apos;21.0.3&apos;&#10;Driver info: org.openqa.selenium.chrome.ChromeDriver&#10;Command: [bc45cc33ecd8d7f3594b01e09f1ef21b, clickElement {id=f.9845BA9A7ADAA1099D9FD97C3461980B.d.EFE04C64557573E1A47B83E2EEE17EED.e.30}]&#10;Capabilities {acceptInsecureCerts: false, browserName: chrome, browserVersion: 127.0.6533.72, chrome: {chromedriverVersion: 127.0.6533.72 (9755e24ca85a..., userDataDir: C:\Windows\SystemTemp\scope...}, fedcm:accounts: true, goog:chromeOptions: {debuggerAddress: localhost:62560}, networkConnectionEnabled: false, pageLoadStrategy: normal, platformName: windows, proxy: Proxy(), se:cdp: ws://localhost:62560/devtoo..., se:cdpVersion: 127.0.6533.72, setWindowRect: true, strictFileInteractability: false, timeouts: {implicit: 0, pageLoad: 300000, script: 30000}, unhandledPromptBehavior: dismiss and notify, webauthn:extension:credBlob: true, webauthn:extension:largeBlob: true, webauthn:extension:minPinLength: true, webauthn:extension:prf: true, webauthn:virtualAuthenticators: true}&#10;Element: [[ChromeDriver: chrome on windows (bc45cc33ecd8d7f3594b01e09f1ef21b)] -&gt; id: otp-match-now]&#10;Session ID: bc45cc33ecd8d7f3594b01e09f1ef21b"/>
  </testcase>
  <testcase name="testEnterValidWebhookUrl" classname="tests.CompanyInfoTest" time="0.0">
    <skipped message="element not interactable&#10;  (Session info: chrome=127.0.6533.72)&#10;Build info: version: &apos;4.22.0&apos;, revision: &apos;c5f3146703*&apos;&#10;System info: os.name: &apos;Windows 11&apos;, os.arch: &apos;amd64&apos;, os.version: &apos;10.0&apos;, java.version: &apos;21.0.3&apos;&#10;Driver info: org.openqa.selenium.chrome.ChromeDriver&#10;Command: [bc45cc33ecd8d7f3594b01e09f1ef21b, clickElement {id=f.9845BA9A7ADAA1099D9FD97C3461980B.d.EFE04C64557573E1A47B83E2EEE17EED.e.30}]&#10;Capabilities {acceptInsecureCerts: false, browserName: chrome, browserVersion: 127.0.6533.72, chrome: {chromedriverVersion: 127.0.6533.72 (9755e24ca85a..., userDataDir: C:\Windows\SystemTemp\scope...}, fedcm:accounts: true, goog:chromeOptions: {debuggerAddress: localhost:62560}, networkConnectionEnabled: false, pageLoadStrategy: normal, platformName: windows, proxy: Proxy(), se:cdp: ws://localhost:62560/devtoo..., se:cdpVersion: 127.0.6533.72, setWindowRect: true, strictFileInteractability: false, timeouts: {implicit: 0, pageLoad: 300000, script: 30000}, unhandledPromptBehavior: dismiss and notify, webauthn:extension:credBlob: true, webauthn:extension:largeBlob: true, webauthn:extension:minPinLength: true, webauthn:extension:prf: true, webauthn:virtualAuthenticators: true}&#10;Element: [[ChromeDriver: chrome on windows (bc45cc33ecd8d7f3594b01e09f1ef21b)] -&gt; id: otp-match-now]&#10;Session ID: bc45cc33ecd8d7f3594b01e09f1ef21b"/>
  </testcase>
  <testcase name="testEnterValuesAndAddWebApp" classname="tests.CompanyInfoTest" time="0.0">
    <skipped message="element not interactable&#10;  (Session info: chrome=127.0.6533.72)&#10;Build info: version: &apos;4.22.0&apos;, revision: &apos;c5f3146703*&apos;&#10;System info: os.name: &apos;Windows 11&apos;, os.arch: &apos;amd64&apos;, os.version: &apos;10.0&apos;, java.version: &apos;21.0.3&apos;&#10;Driver info: org.openqa.selenium.chrome.ChromeDriver&#10;Command: [bc45cc33ecd8d7f3594b01e09f1ef21b, clickElement {id=f.9845BA9A7ADAA1099D9FD97C3461980B.d.EFE04C64557573E1A47B83E2EEE17EED.e.30}]&#10;Capabilities {acceptInsecureCerts: false, browserName: chrome, browserVersion: 127.0.6533.72, chrome: {chromedriverVersion: 127.0.6533.72 (9755e24ca85a..., userDataDir: C:\Windows\SystemTemp\scope...}, fedcm:accounts: true, goog:chromeOptions: {debuggerAddress: localhost:62560}, networkConnectionEnabled: false, pageLoadStrategy: normal, platformName: windows, proxy: Proxy(), se:cdp: ws://localhost:62560/devtoo..., se:cdpVersion: 127.0.6533.72, setWindowRect: true, strictFileInteractability: false, timeouts: {implicit: 0, pageLoad: 300000, script: 30000}, unhandledPromptBehavior: dismiss and notify, webauthn:extension:credBlob: true, webauthn:extension:largeBlob: true, webauthn:extension:minPinLength: true, webauthn:extension:prf: true, webauthn:virtualAuthenticators: true}&#10;Element: [[ChromeDriver: chrome on windows (bc45cc33ecd8d7f3594b01e09f1ef21b)] -&gt; id: otp-match-now]&#10;Session ID: bc45cc33ecd8d7f3594b01e09f1ef21b"/>
  </testcase>
  <testcase name="testErrorMessageDisplayedForLessThan9Digits" classname="tests.CompanyInfoTest" time="0.0">
    <skipped message="element not interactable&#10;  (Session info: chrome=127.0.6533.72)&#10;Build info: version: &apos;4.22.0&apos;, revision: &apos;c5f3146703*&apos;&#10;System info: os.name: &apos;Windows 11&apos;, os.arch: &apos;amd64&apos;, os.version: &apos;10.0&apos;, java.version: &apos;21.0.3&apos;&#10;Driver info: org.openqa.selenium.chrome.ChromeDriver&#10;Command: [bc45cc33ecd8d7f3594b01e09f1ef21b, clickElement {id=f.9845BA9A7ADAA1099D9FD97C3461980B.d.EFE04C64557573E1A47B83E2EEE17EED.e.30}]&#10;Capabilities {acceptInsecureCerts: false, browserName: chrome, browserVersion: 127.0.6533.72, chrome: {chromedriverVersion: 127.0.6533.72 (9755e24ca85a..., userDataDir: C:\Windows\SystemTemp\scope...}, fedcm:accounts: true, goog:chromeOptions: {debuggerAddress: localhost:62560}, networkConnectionEnabled: false, pageLoadStrategy: normal, platformName: windows, proxy: Proxy(), se:cdp: ws://localhost:62560/devtoo..., se:cdpVersion: 127.0.6533.72, setWindowRect: true, strictFileInteractability: false, timeouts: {implicit: 0, pageLoad: 300000, script: 30000}, unhandledPromptBehavior: dismiss and notify, webauthn:extension:credBlob: true, webauthn:extension:largeBlob: true, webauthn:extension:minPinLength: true, webauthn:extension:prf: true, webauthn:virtualAuthenticators: true}&#10;Element: [[ChromeDriver: chrome on windows (bc45cc33ecd8d7f3594b01e09f1ef21b)] -&gt; id: otp-match-now]&#10;Session ID: bc45cc33ecd8d7f3594b01e09f1ef21b"/>
  </testcase>
  <testcase name="testInvalidIPv4AddressWithLetters" classname="tests.CompanyInfoTest" time="0.0">
    <skipped message="element not interactable&#10;  (Session info: chrome=127.0.6533.72)&#10;Build info: version: &apos;4.22.0&apos;, revision: &apos;c5f3146703*&apos;&#10;System info: os.name: &apos;Windows 11&apos;, os.arch: &apos;amd64&apos;, os.version: &apos;10.0&apos;, java.version: &apos;21.0.3&apos;&#10;Driver info: org.openqa.selenium.chrome.ChromeDriver&#10;Command: [bc45cc33ecd8d7f3594b01e09f1ef21b, clickElement {id=f.9845BA9A7ADAA1099D9FD97C3461980B.d.EFE04C64557573E1A47B83E2EEE17EED.e.30}]&#10;Capabilities {acceptInsecureCerts: false, browserName: chrome, browserVersion: 127.0.6533.72, chrome: {chromedriverVersion: 127.0.6533.72 (9755e24ca85a..., userDataDir: C:\Windows\SystemTemp\scope...}, fedcm:accounts: true, goog:chromeOptions: {debuggerAddress: localhost:62560}, networkConnectionEnabled: false, pageLoadStrategy: normal, platformName: windows, proxy: Proxy(), se:cdp: ws://localhost:62560/devtoo..., se:cdpVersion: 127.0.6533.72, setWindowRect: true, strictFileInteractability: false, timeouts: {implicit: 0, pageLoad: 300000, script: 30000}, unhandledPromptBehavior: dismiss and notify, webauthn:extension:credBlob: true, webauthn:extension:largeBlob: true, webauthn:extension:minPinLength: true, webauthn:extension:prf: true, webauthn:virtualAuthenticators: true}&#10;Element: [[ChromeDriver: chrome on windows (bc45cc33ecd8d7f3594b01e09f1ef21b)] -&gt; id: otp-match-now]&#10;Session ID: bc45cc33ecd8d7f3594b01e09f1ef21b"/>
  </testcase>
  <testcase name="testInvalidUrlEntry" classname="tests.CompanyInfoTest" time="0.0">
    <skipped message="element not interactable&#10;  (Session info: chrome=127.0.6533.72)&#10;Build info: version: &apos;4.22.0&apos;, revision: &apos;c5f3146703*&apos;&#10;System info: os.name: &apos;Windows 11&apos;, os.arch: &apos;amd64&apos;, os.version: &apos;10.0&apos;, java.version: &apos;21.0.3&apos;&#10;Driver info: org.openqa.selenium.chrome.ChromeDriver&#10;Command: [bc45cc33ecd8d7f3594b01e09f1ef21b, clickElement {id=f.9845BA9A7ADAA1099D9FD97C3461980B.d.EFE04C64557573E1A47B83E2EEE17EED.e.30}]&#10;Capabilities {acceptInsecureCerts: false, browserName: chrome, browserVersion: 127.0.6533.72, chrome: {chromedriverVersion: 127.0.6533.72 (9755e24ca85a..., userDataDir: C:\Windows\SystemTemp\scope...}, fedcm:accounts: true, goog:chromeOptions: {debuggerAddress: localhost:62560}, networkConnectionEnabled: false, pageLoadStrategy: normal, platformName: windows, proxy: Proxy(), se:cdp: ws://localhost:62560/devtoo..., se:cdpVersion: 127.0.6533.72, setWindowRect: true, strictFileInteractability: false, timeouts: {implicit: 0, pageLoad: 300000, script: 30000}, unhandledPromptBehavior: dismiss and notify, webauthn:extension:credBlob: true, webauthn:extension:largeBlob: true, webauthn:extension:minPinLength: true, webauthn:extension:prf: true, webauthn:virtualAuthenticators: true}&#10;Element: [[ChromeDriver: chrome on windows (bc45cc33ecd8d7f3594b01e09f1ef21b)] -&gt; id: otp-match-now]&#10;Session ID: bc45cc33ecd8d7f3594b01e09f1ef21b"/>
  </testcase>
  <testcase name="testInvalidWebhookUrl" classname="tests.CompanyInfoTest" time="0.0">
    <skipped message="element not interactable&#10;  (Session info: chrome=127.0.6533.72)&#10;Build info: version: &apos;4.22.0&apos;, revision: &apos;c5f3146703*&apos;&#10;System info: os.name: &apos;Windows 11&apos;, os.arch: &apos;amd64&apos;, os.version: &apos;10.0&apos;, java.version: &apos;21.0.3&apos;&#10;Driver info: org.openqa.selenium.chrome.ChromeDriver&#10;Command: [bc45cc33ecd8d7f3594b01e09f1ef21b, clickElement {id=f.9845BA9A7ADAA1099D9FD97C3461980B.d.EFE04C64557573E1A47B83E2EEE17EED.e.30}]&#10;Capabilities {acceptInsecureCerts: false, browserName: chrome, browserVersion: 127.0.6533.72, chrome: {chromedriverVersion: 127.0.6533.72 (9755e24ca85a..., userDataDir: C:\Windows\SystemTemp\scope...}, fedcm:accounts: true, goog:chromeOptions: {debuggerAddress: localhost:62560}, networkConnectionEnabled: false, pageLoadStrategy: normal, platformName: windows, proxy: Proxy(), se:cdp: ws://localhost:62560/devtoo..., se:cdpVersion: 127.0.6533.72, setWindowRect: true, strictFileInteractability: false, timeouts: {implicit: 0, pageLoad: 300000, script: 30000}, unhandledPromptBehavior: dismiss and notify, webauthn:extension:credBlob: true, webauthn:extension:largeBlob: true, webauthn:extension:minPinLength: true, webauthn:extension:prf: true, webauthn:virtualAuthenticators: true}&#10;Element: [[ChromeDriver: chrome on windows (bc45cc33ecd8d7f3594b01e09f1ef21b)] -&gt; id: otp-match-now]&#10;Session ID: bc45cc33ecd8d7f3594b01e09f1ef21b"/>
  </testcase>
  <testcase name="testIrrelevantSearchText" classname="tests.CompanyInfoTest" time="0.0">
    <skipped message="element not interactable&#10;  (Session info: chrome=127.0.6533.72)&#10;Build info: version: &apos;4.22.0&apos;, revision: &apos;c5f3146703*&apos;&#10;System info: os.name: &apos;Windows 11&apos;, os.arch: &apos;amd64&apos;, os.version: &apos;10.0&apos;, java.version: &apos;21.0.3&apos;&#10;Driver info: org.openqa.selenium.chrome.ChromeDriver&#10;Command: [bc45cc33ecd8d7f3594b01e09f1ef21b, clickElement {id=f.9845BA9A7ADAA1099D9FD97C3461980B.d.EFE04C64557573E1A47B83E2EEE17EED.e.30}]&#10;Capabilities {acceptInsecureCerts: false, browserName: chrome, browserVersion: 127.0.6533.72, chrome: {chromedriverVersion: 127.0.6533.72 (9755e24ca85a..., userDataDir: C:\Windows\SystemTemp\scope...}, fedcm:accounts: true, goog:chromeOptions: {debuggerAddress: localhost:62560}, networkConnectionEnabled: false, pageLoadStrategy: normal, platformName: windows, proxy: Proxy(), se:cdp: ws://localhost:62560/devtoo..., se:cdpVersion: 127.0.6533.72, setWindowRect: true, strictFileInteractability: false, timeouts: {implicit: 0, pageLoad: 300000, script: 30000}, unhandledPromptBehavior: dismiss and notify, webauthn:extension:credBlob: true, webauthn:extension:largeBlob: true, webauthn:extension:minPinLength: true, webauthn:extension:prf: true, webauthn:virtualAuthenticators: true}&#10;Element: [[ChromeDriver: chrome on windows (bc45cc33ecd8d7f3594b01e09f1ef21b)] -&gt; id: otp-match-now]&#10;Session ID: bc45cc33ecd8d7f3594b01e09f1ef21b"/>
  </testcase>
  <testcase name="testMandatoryFieldsAndNextButton" classname="tests.CompanyInfoTest" time="0.0">
    <skipped message="element not interactable&#10;  (Session info: chrome=127.0.6533.72)&#10;Build info: version: &apos;4.22.0&apos;, revision: &apos;c5f3146703*&apos;&#10;System info: os.name: &apos;Windows 11&apos;, os.arch: &apos;amd64&apos;, os.version: &apos;10.0&apos;, java.version: &apos;21.0.3&apos;&#10;Driver info: org.openqa.selenium.chrome.ChromeDriver&#10;Command: [bc45cc33ecd8d7f3594b01e09f1ef21b, clickElement {id=f.9845BA9A7ADAA1099D9FD97C3461980B.d.EFE04C64557573E1A47B83E2EEE17EED.e.30}]&#10;Capabilities {acceptInsecureCerts: false, browserName: chrome, browserVersion: 127.0.6533.72, chrome: {chromedriverVersion: 127.0.6533.72 (9755e24ca85a..., userDataDir: C:\Windows\SystemTemp\scope...}, fedcm:accounts: true, goog:chromeOptions: {debuggerAddress: localhost:62560}, networkConnectionEnabled: false, pageLoadStrategy: normal, platformName: windows, proxy: Proxy(), se:cdp: ws://localhost:62560/devtoo..., se:cdpVersion: 127.0.6533.72, setWindowRect: true, strictFileInteractability: false, timeouts: {implicit: 0, pageLoad: 300000, script: 30000}, unhandledPromptBehavior: dismiss and notify, webauthn:extension:credBlob: true, webauthn:extension:largeBlob: true, webauthn:extension:minPinLength: true, webauthn:extension:prf: true, webauthn:virtualAuthenticators: true}&#10;Element: [[ChromeDriver: chrome on windows (bc45cc33ecd8d7f3594b01e09f1ef21b)] -&gt; id: otp-match-now]&#10;Session ID: bc45cc33ecd8d7f3594b01e09f1ef21b"/>
  </testcase>
  <testcase name="testNextButtonNavigation" classname="tests.CompanyInfoTest" time="0.0">
    <skipped message="element not interactable&#10;  (Session info: chrome=127.0.6533.72)&#10;Build info: version: &apos;4.22.0&apos;, revision: &apos;c5f3146703*&apos;&#10;System info: os.name: &apos;Windows 11&apos;, os.arch: &apos;amd64&apos;, os.version: &apos;10.0&apos;, java.version: &apos;21.0.3&apos;&#10;Driver info: org.openqa.selenium.chrome.ChromeDriver&#10;Command: [bc45cc33ecd8d7f3594b01e09f1ef21b, clickElement {id=f.9845BA9A7ADAA1099D9FD97C3461980B.d.EFE04C64557573E1A47B83E2EEE17EED.e.30}]&#10;Capabilities {acceptInsecureCerts: false, browserName: chrome, browserVersion: 127.0.6533.72, chrome: {chromedriverVersion: 127.0.6533.72 (9755e24ca85a..., userDataDir: C:\Windows\SystemTemp\scope...}, fedcm:accounts: true, goog:chromeOptions: {debuggerAddress: localhost:62560}, networkConnectionEnabled: false, pageLoadStrategy: normal, platformName: windows, proxy: Proxy(), se:cdp: ws://localhost:62560/devtoo..., se:cdpVersion: 127.0.6533.72, setWindowRect: true, strictFileInteractability: false, timeouts: {implicit: 0, pageLoad: 300000, script: 30000}, unhandledPromptBehavior: dismiss and notify, webauthn:extension:credBlob: true, webauthn:extension:largeBlob: true, webauthn:extension:minPinLength: true, webauthn:extension:prf: true, webauthn:virtualAuthenticators: true}&#10;Element: [[ChromeDriver: chrome on windows (bc45cc33ecd8d7f3594b01e09f1ef21b)] -&gt; id: otp-match-now]&#10;Session ID: bc45cc33ecd8d7f3594b01e09f1ef21b"/>
  </testcase>
  <testcase name="testNoDataInWebAppsList" classname="tests.CompanyInfoTest" time="0.0">
    <skipped message="element not interactable&#10;  (Session info: chrome=127.0.6533.72)&#10;Build info: version: &apos;4.22.0&apos;, revision: &apos;c5f3146703*&apos;&#10;System info: os.name: &apos;Windows 11&apos;, os.arch: &apos;amd64&apos;, os.version: &apos;10.0&apos;, java.version: &apos;21.0.3&apos;&#10;Driver info: org.openqa.selenium.chrome.ChromeDriver&#10;Command: [bc45cc33ecd8d7f3594b01e09f1ef21b, clickElement {id=f.9845BA9A7ADAA1099D9FD97C3461980B.d.EFE04C64557573E1A47B83E2EEE17EED.e.30}]&#10;Capabilities {acceptInsecureCerts: false, browserName: chrome, browserVersion: 127.0.6533.72, chrome: {chromedriverVersion: 127.0.6533.72 (9755e24ca85a..., userDataDir: C:\Windows\SystemTemp\scope...}, fedcm:accounts: true, goog:chromeOptions: {debuggerAddress: localhost:62560}, networkConnectionEnabled: false, pageLoadStrategy: normal, platformName: windows, proxy: Proxy(), se:cdp: ws://localhost:62560/devtoo..., se:cdpVersion: 127.0.6533.72, setWindowRect: true, strictFileInteractability: false, timeouts: {implicit: 0, pageLoad: 300000, script: 30000}, unhandledPromptBehavior: dismiss and notify, webauthn:extension:credBlob: true, webauthn:extension:largeBlob: true, webauthn:extension:minPinLength: true, webauthn:extension:prf: true, webauthn:virtualAuthenticators: true}&#10;Element: [[ChromeDriver: chrome on windows (bc45cc33ecd8d7f3594b01e09f1ef21b)] -&gt; id: otp-match-now]&#10;Session ID: bc45cc33ecd8d7f3594b01e09f1ef21b"/>
  </testcase>
  <testcase name="testOrderPrefixMoreThanFourCharacters" classname="tests.CompanyInfoTest" time="0.0">
    <skipped message="element not interactable&#10;  (Session info: chrome=127.0.6533.72)&#10;Build info: version: &apos;4.22.0&apos;, revision: &apos;c5f3146703*&apos;&#10;System info: os.name: &apos;Windows 11&apos;, os.arch: &apos;amd64&apos;, os.version: &apos;10.0&apos;, java.version: &apos;21.0.3&apos;&#10;Driver info: org.openqa.selenium.chrome.ChromeDriver&#10;Command: [bc45cc33ecd8d7f3594b01e09f1ef21b, clickElement {id=f.9845BA9A7ADAA1099D9FD97C3461980B.d.EFE04C64557573E1A47B83E2EEE17EED.e.30}]&#10;Capabilities {acceptInsecureCerts: false, browserName: chrome, browserVersion: 127.0.6533.72, chrome: {chromedriverVersion: 127.0.6533.72 (9755e24ca85a..., userDataDir: C:\Windows\SystemTemp\scope...}, fedcm:accounts: true, goog:chromeOptions: {debuggerAddress: localhost:62560}, networkConnectionEnabled: false, pageLoadStrategy: normal, platformName: windows, proxy: Proxy(), se:cdp: ws://localhost:62560/devtoo..., se:cdpVersion: 127.0.6533.72, setWindowRect: true, strictFileInteractability: false, timeouts: {implicit: 0, pageLoad: 300000, script: 30000}, unhandledPromptBehavior: dismiss and notify, webauthn:extension:credBlob: true, webauthn:extension:largeBlob: true, webauthn:extension:minPinLength: true, webauthn:extension:prf: true, webauthn:virtualAuthenticators: true}&#10;Element: [[ChromeDriver: chrome on windows (bc45cc33ecd8d7f3594b01e09f1ef21b)] -&gt; id: otp-match-now]&#10;Session ID: bc45cc33ecd8d7f3594b01e09f1ef21b"/>
  </testcase>
  <testcase name="testPayInToggleSwitch" classname="tests.CompanyInfoTest" time="0.0">
    <skipped message="element not interactable&#10;  (Session info: chrome=127.0.6533.72)&#10;Build info: version: &apos;4.22.0&apos;, revision: &apos;c5f3146703*&apos;&#10;System info: os.name: &apos;Windows 11&apos;, os.arch: &apos;amd64&apos;, os.version: &apos;10.0&apos;, java.version: &apos;21.0.3&apos;&#10;Driver info: org.openqa.selenium.chrome.ChromeDriver&#10;Command: [bc45cc33ecd8d7f3594b01e09f1ef21b, clickElement {id=f.9845BA9A7ADAA1099D9FD97C3461980B.d.EFE04C64557573E1A47B83E2EEE17EED.e.30}]&#10;Capabilities {acceptInsecureCerts: false, browserName: chrome, browserVersion: 127.0.6533.72, chrome: {chromedriverVersion: 127.0.6533.72 (9755e24ca85a..., userDataDir: C:\Windows\SystemTemp\scope...}, fedcm:accounts: true, goog:chromeOptions: {debuggerAddress: localhost:62560}, networkConnectionEnabled: false, pageLoadStrategy: normal, platformName: windows, proxy: Proxy(), se:cdp: ws://localhost:62560/devtoo..., se:cdpVersion: 127.0.6533.72, setWindowRect: true, strictFileInteractability: false, timeouts: {implicit: 0, pageLoad: 300000, script: 30000}, unhandledPromptBehavior: dismiss and notify, webauthn:extension:credBlob: true, webauthn:extension:largeBlob: true, webauthn:extension:minPinLength: true, webauthn:extension:prf: true, webauthn:virtualAuthenticators: true}&#10;Element: [[ChromeDriver: chrome on windows (bc45cc33ecd8d7f3594b01e09f1ef21b)] -&gt; id: otp-match-now]&#10;Session ID: bc45cc33ecd8d7f3594b01e09f1ef21b"/>
  </testcase>
  <testcase name="testPreviousButtonDisabledOnFirstPage" classname="tests.CompanyInfoTest" time="0.0">
    <skipped message="element not interactable&#10;  (Session info: chrome=127.0.6533.72)&#10;Build info: version: &apos;4.22.0&apos;, revision: &apos;c5f3146703*&apos;&#10;System info: os.name: &apos;Windows 11&apos;, os.arch: &apos;amd64&apos;, os.version: &apos;10.0&apos;, java.version: &apos;21.0.3&apos;&#10;Driver info: org.openqa.selenium.chrome.ChromeDriver&#10;Command: [bc45cc33ecd8d7f3594b01e09f1ef21b, clickElement {id=f.9845BA9A7ADAA1099D9FD97C3461980B.d.EFE04C64557573E1A47B83E2EEE17EED.e.30}]&#10;Capabilities {acceptInsecureCerts: false, browserName: chrome, browserVersion: 127.0.6533.72, chrome: {chromedriverVersion: 127.0.6533.72 (9755e24ca85a..., userDataDir: C:\Windows\SystemTemp\scope...}, fedcm:accounts: true, goog:chromeOptions: {debuggerAddress: localhost:62560}, networkConnectionEnabled: false, pageLoadStrategy: normal, platformName: windows, proxy: Proxy(), se:cdp: ws://localhost:62560/devtoo..., se:cdpVersion: 127.0.6533.72, setWindowRect: true, strictFileInteractability: false, timeouts: {implicit: 0, pageLoad: 300000, script: 30000}, unhandledPromptBehavior: dismiss and notify, webauthn:extension:credBlob: true, webauthn:extension:largeBlob: true, webauthn:extension:minPinLength: true, webauthn:extension:prf: true, webauthn:virtualAuthenticators: true}&#10;Element: [[ChromeDriver: chrome on windows (bc45cc33ecd8d7f3594b01e09f1ef21b)] -&gt; id: otp-match-now]&#10;Session ID: bc45cc33ecd8d7f3594b01e09f1ef21b"/>
  </testcase>
  <testcase name="testSearchAndClear" classname="tests.CompanyInfoTest" time="0.0">
    <skipped message="element not interactable&#10;  (Session info: chrome=127.0.6533.72)&#10;Build info: version: &apos;4.22.0&apos;, revision: &apos;c5f3146703*&apos;&#10;System info: os.name: &apos;Windows 11&apos;, os.arch: &apos;amd64&apos;, os.version: &apos;10.0&apos;, java.version: &apos;21.0.3&apos;&#10;Driver info: org.openqa.selenium.chrome.ChromeDriver&#10;Command: [bc45cc33ecd8d7f3594b01e09f1ef21b, clickElement {id=f.9845BA9A7ADAA1099D9FD97C3461980B.d.EFE04C64557573E1A47B83E2EEE17EED.e.30}]&#10;Capabilities {acceptInsecureCerts: false, browserName: chrome, browserVersion: 127.0.6533.72, chrome: {chromedriverVersion: 127.0.6533.72 (9755e24ca85a..., userDataDir: C:\Windows\SystemTemp\scope...}, fedcm:accounts: true, goog:chromeOptions: {debuggerAddress: localhost:62560}, networkConnectionEnabled: false, pageLoadStrategy: normal, platformName: windows, proxy: Proxy(), se:cdp: ws://localhost:62560/devtoo..., se:cdpVersion: 127.0.6533.72, setWindowRect: true, strictFileInteractability: false, timeouts: {implicit: 0, pageLoad: 300000, script: 30000}, unhandledPromptBehavior: dismiss and notify, webauthn:extension:credBlob: true, webauthn:extension:largeBlob: true, webauthn:extension:minPinLength: true, webauthn:extension:prf: true, webauthn:virtualAuthenticators: true}&#10;Element: [[ChromeDriver: chrome on windows (bc45cc33ecd8d7f3594b01e09f1ef21b)] -&gt; id: otp-match-now]&#10;Session ID: bc45cc33ecd8d7f3594b01e09f1ef21b"/>
  </testcase>
  <testcase name="testSelectDataPerPage" classname="tests.CompanyInfoTest" time="0.0">
    <skipped message="element not interactable&#10;  (Session info: chrome=127.0.6533.72)&#10;Build info: version: &apos;4.22.0&apos;, revision: &apos;c5f3146703*&apos;&#10;System info: os.name: &apos;Windows 11&apos;, os.arch: &apos;amd64&apos;, os.version: &apos;10.0&apos;, java.version: &apos;21.0.3&apos;&#10;Driver info: org.openqa.selenium.chrome.ChromeDriver&#10;Command: [bc45cc33ecd8d7f3594b01e09f1ef21b, clickElement {id=f.9845BA9A7ADAA1099D9FD97C3461980B.d.EFE04C64557573E1A47B83E2EEE17EED.e.30}]&#10;Capabilities {acceptInsecureCerts: false, browserName: chrome, browserVersion: 127.0.6533.72, chrome: {chromedriverVersion: 127.0.6533.72 (9755e24ca85a..., userDataDir: C:\Windows\SystemTemp\scope...}, fedcm:accounts: true, goog:chromeOptions: {debuggerAddress: localhost:62560}, networkConnectionEnabled: false, pageLoadStrategy: normal, platformName: windows, proxy: Proxy(), se:cdp: ws://localhost:62560/devtoo..., se:cdpVersion: 127.0.6533.72, setWindowRect: true, strictFileInteractability: false, timeouts: {implicit: 0, pageLoad: 300000, script: 30000}, unhandledPromptBehavior: dismiss and notify, webauthn:extension:credBlob: true, webauthn:extension:largeBlob: true, webauthn:extension:minPinLength: true, webauthn:extension:prf: true, webauthn:virtualAuthenticators: true}&#10;Element: [[ChromeDriver: chrome on windows (bc45cc33ecd8d7f3594b01e09f1ef21b)] -&gt; id: otp-match-now]&#10;Session ID: bc45cc33ecd8d7f3594b01e09f1ef21b"/>
  </testcase>
  <testcase name="testSelectMonthlyExpenditure" classname="tests.CompanyInfoTest" time="0.0">
    <skipped message="element not interactable&#10;  (Session info: chrome=127.0.6533.72)&#10;Build info: version: &apos;4.22.0&apos;, revision: &apos;c5f3146703*&apos;&#10;System info: os.name: &apos;Windows 11&apos;, os.arch: &apos;amd64&apos;, os.version: &apos;10.0&apos;, java.version: &apos;21.0.3&apos;&#10;Driver info: org.openqa.selenium.chrome.ChromeDriver&#10;Command: [bc45cc33ecd8d7f3594b01e09f1ef21b, clickElement {id=f.9845BA9A7ADAA1099D9FD97C3461980B.d.EFE04C64557573E1A47B83E2EEE17EED.e.30}]&#10;Capabilities {acceptInsecureCerts: false, browserName: chrome, browserVersion: 127.0.6533.72, chrome: {chromedriverVersion: 127.0.6533.72 (9755e24ca85a..., userDataDir: C:\Windows\SystemTemp\scope...}, fedcm:accounts: true, goog:chromeOptions: {debuggerAddress: localhost:62560}, networkConnectionEnabled: false, pageLoadStrategy: normal, platformName: windows, proxy: Proxy(), se:cdp: ws://localhost:62560/devtoo..., se:cdpVersion: 127.0.6533.72, setWindowRect: true, strictFileInteractability: false, timeouts: {implicit: 0, pageLoad: 300000, script: 30000}, unhandledPromptBehavior: dismiss and notify, webauthn:extension:credBlob: true, webauthn:extension:largeBlob: true, webauthn:extension:minPinLength: true, webauthn:extension:prf: true, webauthn:virtualAuthenticators: true}&#10;Element: [[ChromeDriver: chrome on windows (bc45cc33ecd8d7f3594b01e09f1ef21b)] -&gt; id: otp-match-now]&#10;Session ID: bc45cc33ecd8d7f3594b01e09f1ef21b"/>
  </testcase>
  <testcase name="testSelectState" classname="tests.CompanyInfoTest" time="0.0">
    <skipped message="element not interactable&#10;  (Session info: chrome=127.0.6533.72)&#10;Build info: version: &apos;4.22.0&apos;, revision: &apos;c5f3146703*&apos;&#10;System info: os.name: &apos;Windows 11&apos;, os.arch: &apos;amd64&apos;, os.version: &apos;10.0&apos;, java.version: &apos;21.0.3&apos;&#10;Driver info: org.openqa.selenium.chrome.ChromeDriver&#10;Command: [bc45cc33ecd8d7f3594b01e09f1ef21b, clickElement {id=f.9845BA9A7ADAA1099D9FD97C3461980B.d.EFE04C64557573E1A47B83E2EEE17EED.e.30}]&#10;Capabilities {acceptInsecureCerts: false, browserName: chrome, browserVersion: 127.0.6533.72, chrome: {chromedriverVersion: 127.0.6533.72 (9755e24ca85a..., userDataDir: C:\Windows\SystemTemp\scope...}, fedcm:accounts: true, goog:chromeOptions: {debuggerAddress: localhost:62560}, networkConnectionEnabled: false, pageLoadStrategy: normal, platformName: windows, proxy: Proxy(), se:cdp: ws://localhost:62560/devtoo..., se:cdpVersion: 127.0.6533.72, setWindowRect: true, strictFileInteractability: false, timeouts: {implicit: 0, pageLoad: 300000, script: 30000}, unhandledPromptBehavior: dismiss and notify, webauthn:extension:credBlob: true, webauthn:extension:largeBlob: true, webauthn:extension:minPinLength: true, webauthn:extension:prf: true, webauthn:virtualAuthenticators: true}&#10;Element: [[ChromeDriver: chrome on windows (bc45cc33ecd8d7f3594b01e09f1ef21b)] -&gt; id: otp-match-now]&#10;Session ID: bc45cc33ecd8d7f3594b01e09f1ef21b"/>
  </testcase>
  <testcase name="testSelectValidBusinessType" classname="tests.CompanyInfoTest" time="0.0">
    <skipped message="element not interactable&#10;  (Session info: chrome=127.0.6533.72)&#10;Build info: version: &apos;4.22.0&apos;, revision: &apos;c5f3146703*&apos;&#10;System info: os.name: &apos;Windows 11&apos;, os.arch: &apos;amd64&apos;, os.version: &apos;10.0&apos;, java.version: &apos;21.0.3&apos;&#10;Driver info: org.openqa.selenium.chrome.ChromeDriver&#10;Command: [bc45cc33ecd8d7f3594b01e09f1ef21b, clickElement {id=f.9845BA9A7ADAA1099D9FD97C3461980B.d.EFE04C64557573E1A47B83E2EEE17EED.e.30}]&#10;Capabilities {acceptInsecureCerts: false, browserName: chrome, browserVersion: 127.0.6533.72, chrome: {chromedriverVersion: 127.0.6533.72 (9755e24ca85a..., userDataDir: C:\Windows\SystemTemp\scope...}, fedcm:accounts: true, goog:chromeOptions: {debuggerAddress: localhost:62560}, networkConnectionEnabled: false, pageLoadStrategy: normal, platformName: windows, proxy: Proxy(), se:cdp: ws://localhost:62560/devtoo..., se:cdpVersion: 127.0.6533.72, setWindowRect: true, strictFileInteractability: false, timeouts: {implicit: 0, pageLoad: 300000, script: 30000}, unhandledPromptBehavior: dismiss and notify, webauthn:extension:credBlob: true, webauthn:extension:largeBlob: true, webauthn:extension:minPinLength: true, webauthn:extension:prf: true, webauthn:virtualAuthenticators: true}&#10;Element: [[ChromeDriver: chrome on windows (bc45cc33ecd8d7f3594b01e09f1ef21b)] -&gt; id: otp-match-now]&#10;Session ID: bc45cc33ecd8d7f3594b01e09f1ef21b"/>
  </testcase>
  <testcase name="testSelectVendor" classname="tests.CompanyInfoTest" time="0.0">
    <skipped message="element not interactable&#10;  (Session info: chrome=127.0.6533.72)&#10;Build info: version: &apos;4.22.0&apos;, revision: &apos;c5f3146703*&apos;&#10;System info: os.name: &apos;Windows 11&apos;, os.arch: &apos;amd64&apos;, os.version: &apos;10.0&apos;, java.version: &apos;21.0.3&apos;&#10;Driver info: org.openqa.selenium.chrome.ChromeDriver&#10;Command: [bc45cc33ecd8d7f3594b01e09f1ef21b, clickElement {id=f.9845BA9A7ADAA1099D9FD97C3461980B.d.EFE04C64557573E1A47B83E2EEE17EED.e.30}]&#10;Capabilities {acceptInsecureCerts: false, browserName: chrome, browserVersion: 127.0.6533.72, chrome: {chromedriverVersion: 127.0.6533.72 (9755e24ca85a..., userDataDir: C:\Windows\SystemTemp\scope...}, fedcm:accounts: true, goog:chromeOptions: {debuggerAddress: localhost:62560}, networkConnectionEnabled: false, pageLoadStrategy: normal, platformName: windows, proxy: Proxy(), se:cdp: ws://localhost:62560/devtoo..., se:cdpVersion: 127.0.6533.72, setWindowRect: true, strictFileInteractability: false, timeouts: {implicit: 0, pageLoad: 300000, script: 30000}, unhandledPromptBehavior: dismiss and notify, webauthn:extension:credBlob: true, webauthn:extension:largeBlob: true, webauthn:extension:minPinLength: true, webauthn:extension:prf: true, webauthn:virtualAuthenticators: true}&#10;Element: [[ChromeDriver: chrome on windows (bc45cc33ecd8d7f3594b01e09f1ef21b)] -&gt; id: otp-match-now]&#10;Session ID: bc45cc33ecd8d7f3594b01e09f1ef21b"/>
  </testcase>
  <testcase name="testSortingIndicatorChangesToAscending" classname="tests.CompanyInfoTest" time="0.0">
    <skipped message="element not interactable&#10;  (Session info: chrome=127.0.6533.72)&#10;Build info: version: &apos;4.22.0&apos;, revision: &apos;c5f3146703*&apos;&#10;System info: os.name: &apos;Windows 11&apos;, os.arch: &apos;amd64&apos;, os.version: &apos;10.0&apos;, java.version: &apos;21.0.3&apos;&#10;Driver info: org.openqa.selenium.chrome.ChromeDriver&#10;Command: [bc45cc33ecd8d7f3594b01e09f1ef21b, clickElement {id=f.9845BA9A7ADAA1099D9FD97C3461980B.d.EFE04C64557573E1A47B83E2EEE17EED.e.30}]&#10;Capabilities {acceptInsecureCerts: false, browserName: chrome, browserVersion: 127.0.6533.72, chrome: {chromedriverVersion: 127.0.6533.72 (9755e24ca85a..., userDataDir: C:\Windows\SystemTemp\scope...}, fedcm:accounts: true, goog:chromeOptions: {debuggerAddress: localhost:62560}, networkConnectionEnabled: false, pageLoadStrategy: normal, platformName: windows, proxy: Proxy(), se:cdp: ws://localhost:62560/devtoo..., se:cdpVersion: 127.0.6533.72, setWindowRect: true, strictFileInteractability: false, timeouts: {implicit: 0, pageLoad: 300000, script: 30000}, unhandledPromptBehavior: dismiss and notify, webauthn:extension:credBlob: true, webauthn:extension:largeBlob: true, webauthn:extension:minPinLength: true, webauthn:extension:prf: true, webauthn:virtualAuthenticators: true}&#10;Element: [[ChromeDriver: chrome on windows (bc45cc33ecd8d7f3594b01e09f1ef21b)] -&gt; id: otp-match-now]&#10;Session ID: bc45cc33ecd8d7f3594b01e09f1ef21b"/>
  </testcase>
  <testcase name="testSortingIndicatorChangesToDescending" classname="tests.CompanyInfoTest" time="0.0">
    <skipped message="element not interactable&#10;  (Session info: chrome=127.0.6533.72)&#10;Build info: version: &apos;4.22.0&apos;, revision: &apos;c5f3146703*&apos;&#10;System info: os.name: &apos;Windows 11&apos;, os.arch: &apos;amd64&apos;, os.version: &apos;10.0&apos;, java.version: &apos;21.0.3&apos;&#10;Driver info: org.openqa.selenium.chrome.ChromeDriver&#10;Command: [bc45cc33ecd8d7f3594b01e09f1ef21b, clickElement {id=f.9845BA9A7ADAA1099D9FD97C3461980B.d.EFE04C64557573E1A47B83E2EEE17EED.e.30}]&#10;Capabilities {acceptInsecureCerts: false, browserName: chrome, browserVersion: 127.0.6533.72, chrome: {chromedriverVersion: 127.0.6533.72 (9755e24ca85a..., userDataDir: C:\Windows\SystemTemp\scope...}, fedcm:accounts: true, goog:chromeOptions: {debuggerAddress: localhost:62560}, networkConnectionEnabled: false, pageLoadStrategy: normal, platformName: windows, proxy: Proxy(), se:cdp: ws://localhost:62560/devtoo..., se:cdpVersion: 127.0.6533.72, setWindowRect: true, strictFileInteractability: false, timeouts: {implicit: 0, pageLoad: 300000, script: 30000}, unhandledPromptBehavior: dismiss and notify, webauthn:extension:credBlob: true, webauthn:extension:largeBlob: true, webauthn:extension:minPinLength: true, webauthn:extension:prf: true, webauthn:virtualAuthenticators: true}&#10;Element: [[ChromeDriver: chrome on windows (bc45cc33ecd8d7f3594b01e09f1ef21b)] -&gt; id: otp-match-now]&#10;Session ID: bc45cc33ecd8d7f3594b01e09f1ef21b"/>
  </testcase>
  <testcase name="testSpecialAndNumericValues" classname="tests.CompanyInfoTest" time="0.0">
    <skipped message="element not interactable&#10;  (Session info: chrome=127.0.6533.72)&#10;Build info: version: &apos;4.22.0&apos;, revision: &apos;c5f3146703*&apos;&#10;System info: os.name: &apos;Windows 11&apos;, os.arch: &apos;amd64&apos;, os.version: &apos;10.0&apos;, java.version: &apos;21.0.3&apos;&#10;Driver info: org.openqa.selenium.chrome.ChromeDriver&#10;Command: [bc45cc33ecd8d7f3594b01e09f1ef21b, clickElement {id=f.9845BA9A7ADAA1099D9FD97C3461980B.d.EFE04C64557573E1A47B83E2EEE17EED.e.30}]&#10;Capabilities {acceptInsecureCerts: false, browserName: chrome, browserVersion: 127.0.6533.72, chrome: {chromedriverVersion: 127.0.6533.72 (9755e24ca85a..., userDataDir: C:\Windows\SystemTemp\scope...}, fedcm:accounts: true, goog:chromeOptions: {debuggerAddress: localhost:62560}, networkConnectionEnabled: false, pageLoadStrategy: normal, platformName: windows, proxy: Proxy(), se:cdp: ws://localhost:62560/devtoo..., se:cdpVersion: 127.0.6533.72, setWindowRect: true, strictFileInteractability: false, timeouts: {implicit: 0, pageLoad: 300000, script: 30000}, unhandledPromptBehavior: dismiss and notify, webauthn:extension:credBlob: true, webauthn:extension:largeBlob: true, webauthn:extension:minPinLength: true, webauthn:extension:prf: true, webauthn:virtualAuthenticators: true}&#10;Element: [[ChromeDriver: chrome on windows (bc45cc33ecd8d7f3594b01e09f1ef21b)] -&gt; id: otp-match-now]&#10;Session ID: bc45cc33ecd8d7f3594b01e09f1ef21b"/>
  </testcase>
  <testcase name="testSpecialAndNumericValuesInBranchName" classname="tests.CompanyInfoTest" time="0.0">
    <skipped message="element not interactable&#10;  (Session info: chrome=127.0.6533.72)&#10;Build info: version: &apos;4.22.0&apos;, revision: &apos;c5f3146703*&apos;&#10;System info: os.name: &apos;Windows 11&apos;, os.arch: &apos;amd64&apos;, os.version: &apos;10.0&apos;, java.version: &apos;21.0.3&apos;&#10;Driver info: org.openqa.selenium.chrome.ChromeDriver&#10;Command: [bc45cc33ecd8d7f3594b01e09f1ef21b, clickElement {id=f.9845BA9A7ADAA1099D9FD97C3461980B.d.EFE04C64557573E1A47B83E2EEE17EED.e.30}]&#10;Capabilities {acceptInsecureCerts: false, browserName: chrome, browserVersion: 127.0.6533.72, chrome: {chromedriverVersion: 127.0.6533.72 (9755e24ca85a..., userDataDir: C:\Windows\SystemTemp\scope...}, fedcm:accounts: true, goog:chromeOptions: {debuggerAddress: localhost:62560}, networkConnectionEnabled: false, pageLoadStrategy: normal, platformName: windows, proxy: Proxy(), se:cdp: ws://localhost:62560/devtoo..., se:cdpVersion: 127.0.6533.72, setWindowRect: true, strictFileInteractability: false, timeouts: {implicit: 0, pageLoad: 300000, script: 30000}, unhandledPromptBehavior: dismiss and notify, webauthn:extension:credBlob: true, webauthn:extension:largeBlob: true, webauthn:extension:minPinLength: true, webauthn:extension:prf: true, webauthn:virtualAuthenticators: true}&#10;Element: [[ChromeDriver: chrome on windows (bc45cc33ecd8d7f3594b01e09f1ef21b)] -&gt; id: otp-match-now]&#10;Session ID: bc45cc33ecd8d7f3594b01e09f1ef21b"/>
  </testcase>
  <testcase name="testSpecialCharacterInput" classname="tests.CompanyInfoTest" time="0.0">
    <skipped message="element not interactable&#10;  (Session info: chrome=127.0.6533.72)&#10;Build info: version: &apos;4.22.0&apos;, revision: &apos;c5f3146703*&apos;&#10;System info: os.name: &apos;Windows 11&apos;, os.arch: &apos;amd64&apos;, os.version: &apos;10.0&apos;, java.version: &apos;21.0.3&apos;&#10;Driver info: org.openqa.selenium.chrome.ChromeDriver&#10;Command: [bc45cc33ecd8d7f3594b01e09f1ef21b, clickElement {id=f.9845BA9A7ADAA1099D9FD97C3461980B.d.EFE04C64557573E1A47B83E2EEE17EED.e.30}]&#10;Capabilities {acceptInsecureCerts: false, browserName: chrome, browserVersion: 127.0.6533.72, chrome: {chromedriverVersion: 127.0.6533.72 (9755e24ca85a..., userDataDir: C:\Windows\SystemTemp\scope...}, fedcm:accounts: true, goog:chromeOptions: {debuggerAddress: localhost:62560}, networkConnectionEnabled: false, pageLoadStrategy: normal, platformName: windows, proxy: Proxy(), se:cdp: ws://localhost:62560/devtoo..., se:cdpVersion: 127.0.6533.72, setWindowRect: true, strictFileInteractability: false, timeouts: {implicit: 0, pageLoad: 300000, script: 30000}, unhandledPromptBehavior: dismiss and notify, webauthn:extension:credBlob: true, webauthn:extension:largeBlob: true, webauthn:extension:minPinLength: true, webauthn:extension:prf: true, webauthn:virtualAuthenticators: true}&#10;Element: [[ChromeDriver: chrome on windows (bc45cc33ecd8d7f3594b01e09f1ef21b)] -&gt; id: otp-match-now]&#10;Session ID: bc45cc33ecd8d7f3594b01e09f1ef21b"/>
  </testcase>
  <testcase name="testSpecialCharactersBankNameInput" classname="tests.CompanyInfoTest" time="0.0">
    <skipped message="element not interactable&#10;  (Session info: chrome=127.0.6533.72)&#10;Build info: version: &apos;4.22.0&apos;, revision: &apos;c5f3146703*&apos;&#10;System info: os.name: &apos;Windows 11&apos;, os.arch: &apos;amd64&apos;, os.version: &apos;10.0&apos;, java.version: &apos;21.0.3&apos;&#10;Driver info: org.openqa.selenium.chrome.ChromeDriver&#10;Command: [bc45cc33ecd8d7f3594b01e09f1ef21b, clickElement {id=f.9845BA9A7ADAA1099D9FD97C3461980B.d.EFE04C64557573E1A47B83E2EEE17EED.e.30}]&#10;Capabilities {acceptInsecureCerts: false, browserName: chrome, browserVersion: 127.0.6533.72, chrome: {chromedriverVersion: 127.0.6533.72 (9755e24ca85a..., userDataDir: C:\Windows\SystemTemp\scope...}, fedcm:accounts: true, goog:chromeOptions: {debuggerAddress: localhost:62560}, networkConnectionEnabled: false, pageLoadStrategy: normal, platformName: windows, proxy: Proxy(), se:cdp: ws://localhost:62560/devtoo..., se:cdpVersion: 127.0.6533.72, setWindowRect: true, strictFileInteractability: false, timeouts: {implicit: 0, pageLoad: 300000, script: 30000}, unhandledPromptBehavior: dismiss and notify, webauthn:extension:credBlob: true, webauthn:extension:largeBlob: true, webauthn:extension:minPinLength: true, webauthn:extension:prf: true, webauthn:virtualAuthenticators: true}&#10;Element: [[ChromeDriver: chrome on windows (bc45cc33ecd8d7f3594b01e09f1ef21b)] -&gt; id: otp-match-now]&#10;Session ID: bc45cc33ecd8d7f3594b01e09f1ef21b"/>
  </testcase>
  <testcase name="testSpecialCharactersInOrderPrefix" classname="tests.CompanyInfoTest" time="0.0">
    <skipped message="element not interactable&#10;  (Session info: chrome=127.0.6533.72)&#10;Build info: version: &apos;4.22.0&apos;, revision: &apos;c5f3146703*&apos;&#10;System info: os.name: &apos;Windows 11&apos;, os.arch: &apos;amd64&apos;, os.version: &apos;10.0&apos;, java.version: &apos;21.0.3&apos;&#10;Driver info: org.openqa.selenium.chrome.ChromeDriver&#10;Command: [bc45cc33ecd8d7f3594b01e09f1ef21b, clickElement {id=f.9845BA9A7ADAA1099D9FD97C3461980B.d.EFE04C64557573E1A47B83E2EEE17EED.e.30}]&#10;Capabilities {acceptInsecureCerts: false, browserName: chrome, browserVersion: 127.0.6533.72, chrome: {chromedriverVersion: 127.0.6533.72 (9755e24ca85a..., userDataDir: C:\Windows\SystemTemp\scope...}, fedcm:accounts: true, goog:chromeOptions: {debuggerAddress: localhost:62560}, networkConnectionEnabled: false, pageLoadStrategy: normal, platformName: windows, proxy: Proxy(), se:cdp: ws://localhost:62560/devtoo..., se:cdpVersion: 127.0.6533.72, setWindowRect: true, strictFileInteractability: false, timeouts: {implicit: 0, pageLoad: 300000, script: 30000}, unhandledPromptBehavior: dismiss and notify, webauthn:extension:credBlob: true, webauthn:extension:largeBlob: true, webauthn:extension:minPinLength: true, webauthn:extension:prf: true, webauthn:virtualAuthenticators: true}&#10;Element: [[ChromeDriver: chrome on windows (bc45cc33ecd8d7f3594b01e09f1ef21b)] -&gt; id: otp-match-now]&#10;Session ID: bc45cc33ecd8d7f3594b01e09f1ef21b"/>
  </testcase>
  <testcase name="testToggleSwitch" classname="tests.CompanyInfoTest" time="0.0">
    <skipped message="element not interactable&#10;  (Session info: chrome=127.0.6533.72)&#10;Build info: version: &apos;4.22.0&apos;, revision: &apos;c5f3146703*&apos;&#10;System info: os.name: &apos;Windows 11&apos;, os.arch: &apos;amd64&apos;, os.version: &apos;10.0&apos;, java.version: &apos;21.0.3&apos;&#10;Driver info: org.openqa.selenium.chrome.ChromeDriver&#10;Command: [bc45cc33ecd8d7f3594b01e09f1ef21b, clickElement {id=f.9845BA9A7ADAA1099D9FD97C3461980B.d.EFE04C64557573E1A47B83E2EEE17EED.e.30}]&#10;Capabilities {acceptInsecureCerts: false, browserName: chrome, browserVersion: 127.0.6533.72, chrome: {chromedriverVersion: 127.0.6533.72 (9755e24ca85a..., userDataDir: C:\Windows\SystemTemp\scope...}, fedcm:accounts: true, goog:chromeOptions: {debuggerAddress: localhost:62560}, networkConnectionEnabled: false, pageLoadStrategy: normal, platformName: windows, proxy: Proxy(), se:cdp: ws://localhost:62560/devtoo..., se:cdpVersion: 127.0.6533.72, setWindowRect: true, strictFileInteractability: false, timeouts: {implicit: 0, pageLoad: 300000, script: 30000}, unhandledPromptBehavior: dismiss and notify, webauthn:extension:credBlob: true, webauthn:extension:largeBlob: true, webauthn:extension:minPinLength: true, webauthn:extension:prf: true, webauthn:virtualAuthenticators: true}&#10;Element: [[ChromeDriver: chrome on windows (bc45cc33ecd8d7f3594b01e09f1ef21b)] -&gt; id: otp-match-now]&#10;Session ID: bc45cc33ecd8d7f3594b01e09f1ef21b"/>
  </testcase>
  <testcase name="testUpdateButtonTriggersUpdateProcess" classname="tests.CompanyInfoTest" time="0.0">
    <skipped message="element not interactable&#10;  (Session info: chrome=127.0.6533.72)&#10;Build info: version: &apos;4.22.0&apos;, revision: &apos;c5f3146703*&apos;&#10;System info: os.name: &apos;Windows 11&apos;, os.arch: &apos;amd64&apos;, os.version: &apos;10.0&apos;, java.version: &apos;21.0.3&apos;&#10;Driver info: org.openqa.selenium.chrome.ChromeDriver&#10;Command: [bc45cc33ecd8d7f3594b01e09f1ef21b, clickElement {id=f.9845BA9A7ADAA1099D9FD97C3461980B.d.EFE04C64557573E1A47B83E2EEE17EED.e.30}]&#10;Capabilities {acceptInsecureCerts: false, browserName: chrome, browserVersion: 127.0.6533.72, chrome: {chromedriverVersion: 127.0.6533.72 (9755e24ca85a..., userDataDir: C:\Windows\SystemTemp\scope...}, fedcm:accounts: true, goog:chromeOptions: {debuggerAddress: localhost:62560}, networkConnectionEnabled: false, pageLoadStrategy: normal, platformName: windows, proxy: Proxy(), se:cdp: ws://localhost:62560/devtoo..., se:cdpVersion: 127.0.6533.72, setWindowRect: true, strictFileInteractability: false, timeouts: {implicit: 0, pageLoad: 300000, script: 30000}, unhandledPromptBehavior: dismiss and notify, webauthn:extension:credBlob: true, webauthn:extension:largeBlob: true, webauthn:extension:minPinLength: true, webauthn:extension:prf: true, webauthn:virtualAuthenticators: true}&#10;Element: [[ChromeDriver: chrome on windows (bc45cc33ecd8d7f3594b01e09f1ef21b)] -&gt; id: otp-match-now]&#10;Session ID: bc45cc33ecd8d7f3594b01e09f1ef21b"/>
  </testcase>
  <testcase name="testUpdateWebApp" classname="tests.CompanyInfoTest" time="0.0">
    <skipped message="element not interactable&#10;  (Session info: chrome=127.0.6533.72)&#10;Build info: version: &apos;4.22.0&apos;, revision: &apos;c5f3146703*&apos;&#10;System info: os.name: &apos;Windows 11&apos;, os.arch: &apos;amd64&apos;, os.version: &apos;10.0&apos;, java.version: &apos;21.0.3&apos;&#10;Driver info: org.openqa.selenium.chrome.ChromeDriver&#10;Command: [bc45cc33ecd8d7f3594b01e09f1ef21b, clickElement {id=f.9845BA9A7ADAA1099D9FD97C3461980B.d.EFE04C64557573E1A47B83E2EEE17EED.e.30}]&#10;Capabilities {acceptInsecureCerts: false, browserName: chrome, browserVersion: 127.0.6533.72, chrome: {chromedriverVersion: 127.0.6533.72 (9755e24ca85a..., userDataDir: C:\Windows\SystemTemp\scope...}, fedcm:accounts: true, goog:chromeOptions: {debuggerAddress: localhost:62560}, networkConnectionEnabled: false, pageLoadStrategy: normal, platformName: windows, proxy: Proxy(), se:cdp: ws://localhost:62560/devtoo..., se:cdpVersion: 127.0.6533.72, setWindowRect: true, strictFileInteractability: false, timeouts: {implicit: 0, pageLoad: 300000, script: 30000}, unhandledPromptBehavior: dismiss and notify, webauthn:extension:credBlob: true, webauthn:extension:largeBlob: true, webauthn:extension:minPinLength: true, webauthn:extension:prf: true, webauthn:virtualAuthenticators: true}&#10;Element: [[ChromeDriver: chrome on windows (bc45cc33ecd8d7f3594b01e09f1ef21b)] -&gt; id: otp-match-now]&#10;Session ID: bc45cc33ecd8d7f3594b01e09f1ef21b"/>
  </testcase>
  <testcase name="testUpdateWebAppData" classname="tests.CompanyInfoTest" time="0.0">
    <skipped message="element not interactable&#10;  (Session info: chrome=127.0.6533.72)&#10;Build info: version: &apos;4.22.0&apos;, revision: &apos;c5f3146703*&apos;&#10;System info: os.name: &apos;Windows 11&apos;, os.arch: &apos;amd64&apos;, os.version: &apos;10.0&apos;, java.version: &apos;21.0.3&apos;&#10;Driver info: org.openqa.selenium.chrome.ChromeDriver&#10;Command: [bc45cc33ecd8d7f3594b01e09f1ef21b, clickElement {id=f.9845BA9A7ADAA1099D9FD97C3461980B.d.EFE04C64557573E1A47B83E2EEE17EED.e.30}]&#10;Capabilities {acceptInsecureCerts: false, browserName: chrome, browserVersion: 127.0.6533.72, chrome: {chromedriverVersion: 127.0.6533.72 (9755e24ca85a..., userDataDir: C:\Windows\SystemTemp\scope...}, fedcm:accounts: true, goog:chromeOptions: {debuggerAddress: localhost:62560}, networkConnectionEnabled: false, pageLoadStrategy: normal, platformName: windows, proxy: Proxy(), se:cdp: ws://localhost:62560/devtoo..., se:cdpVersion: 127.0.6533.72, setWindowRect: true, strictFileInteractability: false, timeouts: {implicit: 0, pageLoad: 300000, script: 30000}, unhandledPromptBehavior: dismiss and notify, webauthn:extension:credBlob: true, webauthn:extension:largeBlob: true, webauthn:extension:minPinLength: true, webauthn:extension:prf: true, webauthn:virtualAuthenticators: true}&#10;Element: [[ChromeDriver: chrome on windows (bc45cc33ecd8d7f3594b01e09f1ef21b)] -&gt; id: otp-match-now]&#10;Session ID: bc45cc33ecd8d7f3594b01e09f1ef21b"/>
  </testcase>
  <testcase name="testUploadFileAgain" classname="tests.CompanyInfoTest" time="0.0">
    <skipped message="element not interactable&#10;  (Session info: chrome=127.0.6533.72)&#10;Build info: version: &apos;4.22.0&apos;, revision: &apos;c5f3146703*&apos;&#10;System info: os.name: &apos;Windows 11&apos;, os.arch: &apos;amd64&apos;, os.version: &apos;10.0&apos;, java.version: &apos;21.0.3&apos;&#10;Driver info: org.openqa.selenium.chrome.ChromeDriver&#10;Command: [bc45cc33ecd8d7f3594b01e09f1ef21b, clickElement {id=f.9845BA9A7ADAA1099D9FD97C3461980B.d.EFE04C64557573E1A47B83E2EEE17EED.e.30}]&#10;Capabilities {acceptInsecureCerts: false, browserName: chrome, browserVersion: 127.0.6533.72, chrome: {chromedriverVersion: 127.0.6533.72 (9755e24ca85a..., userDataDir: C:\Windows\SystemTemp\scope...}, fedcm:accounts: true, goog:chromeOptions: {debuggerAddress: localhost:62560}, networkConnectionEnabled: false, pageLoadStrategy: normal, platformName: windows, proxy: Proxy(), se:cdp: ws://localhost:62560/devtoo..., se:cdpVersion: 127.0.6533.72, setWindowRect: true, strictFileInteractability: false, timeouts: {implicit: 0, pageLoad: 300000, script: 30000}, unhandledPromptBehavior: dismiss and notify, webauthn:extension:credBlob: true, webauthn:extension:largeBlob: true, webauthn:extension:minPinLength: true, webauthn:extension:prf: true, webauthn:virtualAuthenticators: true}&#10;Element: [[ChromeDriver: chrome on windows (bc45cc33ecd8d7f3594b01e09f1ef21b)] -&gt; id: otp-match-now]&#10;Session ID: bc45cc33ecd8d7f3594b01e09f1ef21b"/>
  </testcase>
  <testcase name="testUploadFileMoreThan5Mb" classname="tests.CompanyInfoTest" time="0.0">
    <skipped message="element not interactable&#10;  (Session info: chrome=127.0.6533.72)&#10;Build info: version: &apos;4.22.0&apos;, revision: &apos;c5f3146703*&apos;&#10;System info: os.name: &apos;Windows 11&apos;, os.arch: &apos;amd64&apos;, os.version: &apos;10.0&apos;, java.version: &apos;21.0.3&apos;&#10;Driver info: org.openqa.selenium.chrome.ChromeDriver&#10;Command: [bc45cc33ecd8d7f3594b01e09f1ef21b, clickElement {id=f.9845BA9A7ADAA1099D9FD97C3461980B.d.EFE04C64557573E1A47B83E2EEE17EED.e.30}]&#10;Capabilities {acceptInsecureCerts: false, browserName: chrome, browserVersion: 127.0.6533.72, chrome: {chromedriverVersion: 127.0.6533.72 (9755e24ca85a..., userDataDir: C:\Windows\SystemTemp\scope...}, fedcm:accounts: true, goog:chromeOptions: {debuggerAddress: localhost:62560}, networkConnectionEnabled: false, pageLoadStrategy: normal, platformName: windows, proxy: Proxy(), se:cdp: ws://localhost:62560/devtoo..., se:cdpVersion: 127.0.6533.72, setWindowRect: true, strictFileInteractability: false, timeouts: {implicit: 0, pageLoad: 300000, script: 30000}, unhandledPromptBehavior: dismiss and notify, webauthn:extension:credBlob: true, webauthn:extension:largeBlob: true, webauthn:extension:minPinLength: true, webauthn:extension:prf: true, webauthn:virtualAuthenticators: true}&#10;Element: [[ChromeDriver: chrome on windows (bc45cc33ecd8d7f3594b01e09f1ef21b)] -&gt; id: otp-match-now]&#10;Session ID: bc45cc33ecd8d7f3594b01e09f1ef21b"/>
  </testcase>
  <testcase name="testUploadInValidPdfFile" classname="tests.CompanyInfoTest" time="0.0">
    <skipped message="element not interactable&#10;  (Session info: chrome=127.0.6533.72)&#10;Build info: version: &apos;4.22.0&apos;, revision: &apos;c5f3146703*&apos;&#10;System info: os.name: &apos;Windows 11&apos;, os.arch: &apos;amd64&apos;, os.version: &apos;10.0&apos;, java.version: &apos;21.0.3&apos;&#10;Driver info: org.openqa.selenium.chrome.ChromeDriver&#10;Command: [bc45cc33ecd8d7f3594b01e09f1ef21b, clickElement {id=f.9845BA9A7ADAA1099D9FD97C3461980B.d.EFE04C64557573E1A47B83E2EEE17EED.e.30}]&#10;Capabilities {acceptInsecureCerts: false, browserName: chrome, browserVersion: 127.0.6533.72, chrome: {chromedriverVersion: 127.0.6533.72 (9755e24ca85a..., userDataDir: C:\Windows\SystemTemp\scope...}, fedcm:accounts: true, goog:chromeOptions: {debuggerAddress: localhost:62560}, networkConnectionEnabled: false, pageLoadStrategy: normal, platformName: windows, proxy: Proxy(), se:cdp: ws://localhost:62560/devtoo..., se:cdpVersion: 127.0.6533.72, setWindowRect: true, strictFileInteractability: false, timeouts: {implicit: 0, pageLoad: 300000, script: 30000}, unhandledPromptBehavior: dismiss and notify, webauthn:extension:credBlob: true, webauthn:extension:largeBlob: true, webauthn:extension:minPinLength: true, webauthn:extension:prf: true, webauthn:virtualAuthenticators: true}&#10;Element: [[ChromeDriver: chrome on windows (bc45cc33ecd8d7f3594b01e09f1ef21b)] -&gt; id: otp-match-now]&#10;Session ID: bc45cc33ecd8d7f3594b01e09f1ef21b"/>
  </testcase>
  <testcase name="testUploadPdfFile" classname="tests.CompanyInfoTest" time="0.0">
    <skipped message="element not interactable&#10;  (Session info: chrome=127.0.6533.72)&#10;Build info: version: &apos;4.22.0&apos;, revision: &apos;c5f3146703*&apos;&#10;System info: os.name: &apos;Windows 11&apos;, os.arch: &apos;amd64&apos;, os.version: &apos;10.0&apos;, java.version: &apos;21.0.3&apos;&#10;Driver info: org.openqa.selenium.chrome.ChromeDriver&#10;Command: [bc45cc33ecd8d7f3594b01e09f1ef21b, clickElement {id=f.9845BA9A7ADAA1099D9FD97C3461980B.d.EFE04C64557573E1A47B83E2EEE17EED.e.30}]&#10;Capabilities {acceptInsecureCerts: false, browserName: chrome, browserVersion: 127.0.6533.72, chrome: {chromedriverVersion: 127.0.6533.72 (9755e24ca85a..., userDataDir: C:\Windows\SystemTemp\scope...}, fedcm:accounts: true, goog:chromeOptions: {debuggerAddress: localhost:62560}, networkConnectionEnabled: false, pageLoadStrategy: normal, platformName: windows, proxy: Proxy(), se:cdp: ws://localhost:62560/devtoo..., se:cdpVersion: 127.0.6533.72, setWindowRect: true, strictFileInteractability: false, timeouts: {implicit: 0, pageLoad: 300000, script: 30000}, unhandledPromptBehavior: dismiss and notify, webauthn:extension:credBlob: true, webauthn:extension:largeBlob: true, webauthn:extension:minPinLength: true, webauthn:extension:prf: true, webauthn:virtualAuthenticators: true}&#10;Element: [[ChromeDriver: chrome on windows (bc45cc33ecd8d7f3594b01e09f1ef21b)] -&gt; id: otp-match-now]&#10;Session ID: bc45cc33ecd8d7f3594b01e09f1ef21b"/>
  </testcase>
  <testcase name="testUploadPdfFile_all_mandatoryfields" classname="tests.CompanyInfoTest" time="0.0">
    <skipped message="element not interactable&#10;  (Session info: chrome=127.0.6533.72)&#10;Build info: version: &apos;4.22.0&apos;, revision: &apos;c5f3146703*&apos;&#10;System info: os.name: &apos;Windows 11&apos;, os.arch: &apos;amd64&apos;, os.version: &apos;10.0&apos;, java.version: &apos;21.0.3&apos;&#10;Driver info: org.openqa.selenium.chrome.ChromeDriver&#10;Command: [bc45cc33ecd8d7f3594b01e09f1ef21b, clickElement {id=f.9845BA9A7ADAA1099D9FD97C3461980B.d.EFE04C64557573E1A47B83E2EEE17EED.e.30}]&#10;Capabilities {acceptInsecureCerts: false, browserName: chrome, browserVersion: 127.0.6533.72, chrome: {chromedriverVersion: 127.0.6533.72 (9755e24ca85a..., userDataDir: C:\Windows\SystemTemp\scope...}, fedcm:accounts: true, goog:chromeOptions: {debuggerAddress: localhost:62560}, networkConnectionEnabled: false, pageLoadStrategy: normal, platformName: windows, proxy: Proxy(), se:cdp: ws://localhost:62560/devtoo..., se:cdpVersion: 127.0.6533.72, setWindowRect: true, strictFileInteractability: false, timeouts: {implicit: 0, pageLoad: 300000, script: 30000}, unhandledPromptBehavior: dismiss and notify, webauthn:extension:credBlob: true, webauthn:extension:largeBlob: true, webauthn:extension:minPinLength: true, webauthn:extension:prf: true, webauthn:virtualAuthenticators: true}&#10;Element: [[ChromeDriver: chrome on windows (bc45cc33ecd8d7f3594b01e09f1ef21b)] -&gt; id: otp-match-now]&#10;Session ID: bc45cc33ecd8d7f3594b01e09f1ef21b"/>
  </testcase>
  <testcase name="testValidBranchNameInput" classname="tests.CompanyInfoTest" time="0.0">
    <skipped message="element not interactable&#10;  (Session info: chrome=127.0.6533.72)&#10;Build info: version: &apos;4.22.0&apos;, revision: &apos;c5f3146703*&apos;&#10;System info: os.name: &apos;Windows 11&apos;, os.arch: &apos;amd64&apos;, os.version: &apos;10.0&apos;, java.version: &apos;21.0.3&apos;&#10;Driver info: org.openqa.selenium.chrome.ChromeDriver&#10;Command: [bc45cc33ecd8d7f3594b01e09f1ef21b, clickElement {id=f.9845BA9A7ADAA1099D9FD97C3461980B.d.EFE04C64557573E1A47B83E2EEE17EED.e.30}]&#10;Capabilities {acceptInsecureCerts: false, browserName: chrome, browserVersion: 127.0.6533.72, chrome: {chromedriverVersion: 127.0.6533.72 (9755e24ca85a..., userDataDir: C:\Windows\SystemTemp\scope...}, fedcm:accounts: true, goog:chromeOptions: {debuggerAddress: localhost:62560}, networkConnectionEnabled: false, pageLoadStrategy: normal, platformName: windows, proxy: Proxy(), se:cdp: ws://localhost:62560/devtoo..., se:cdpVersion: 127.0.6533.72, setWindowRect: true, strictFileInteractability: false, timeouts: {implicit: 0, pageLoad: 300000, script: 30000}, unhandledPromptBehavior: dismiss and notify, webauthn:extension:credBlob: true, webauthn:extension:largeBlob: true, webauthn:extension:minPinLength: true, webauthn:extension:prf: true, webauthn:virtualAuthenticators: true}&#10;Element: [[ChromeDriver: chrome on windows (bc45cc33ecd8d7f3594b01e09f1ef21b)] -&gt; id: otp-match-now]&#10;Session ID: bc45cc33ecd8d7f3594b01e09f1ef21b"/>
  </testcase>
  <testcase name="testValidCityName" classname="tests.CompanyInfoTest" time="0.0">
    <skipped message="element not interactable&#10;  (Session info: chrome=127.0.6533.72)&#10;Build info: version: &apos;4.22.0&apos;, revision: &apos;c5f3146703*&apos;&#10;System info: os.name: &apos;Windows 11&apos;, os.arch: &apos;amd64&apos;, os.version: &apos;10.0&apos;, java.version: &apos;21.0.3&apos;&#10;Driver info: org.openqa.selenium.chrome.ChromeDriver&#10;Command: [bc45cc33ecd8d7f3594b01e09f1ef21b, clickElement {id=f.9845BA9A7ADAA1099D9FD97C3461980B.d.EFE04C64557573E1A47B83E2EEE17EED.e.30}]&#10;Capabilities {acceptInsecureCerts: false, browserName: chrome, browserVersion: 127.0.6533.72, chrome: {chromedriverVersion: 127.0.6533.72 (9755e24ca85a..., userDataDir: C:\Windows\SystemTemp\scope...}, fedcm:accounts: true, goog:chromeOptions: {debuggerAddress: localhost:62560}, networkConnectionEnabled: false, pageLoadStrategy: normal, platformName: windows, proxy: Proxy(), se:cdp: ws://localhost:62560/devtoo..., se:cdpVersion: 127.0.6533.72, setWindowRect: true, strictFileInteractability: false, timeouts: {implicit: 0, pageLoad: 300000, script: 30000}, unhandledPromptBehavior: dismiss and notify, webauthn:extension:credBlob: true, webauthn:extension:largeBlob: true, webauthn:extension:minPinLength: true, webauthn:extension:prf: true, webauthn:virtualAuthenticators: true}&#10;Element: [[ChromeDriver: chrome on windows (bc45cc33ecd8d7f3594b01e09f1ef21b)] -&gt; id: otp-match-now]&#10;Session ID: bc45cc33ecd8d7f3594b01e09f1ef21b"/>
  </testcase>
  <testcase name="testValidCompanyDetails" classname="tests.CompanyInfoTest" time="0.0">
    <skipped message="element not interactable&#10;  (Session info: chrome=127.0.6533.72)&#10;Build info: version: &apos;4.22.0&apos;, revision: &apos;c5f3146703*&apos;&#10;System info: os.name: &apos;Windows 11&apos;, os.arch: &apos;amd64&apos;, os.version: &apos;10.0&apos;, java.version: &apos;21.0.3&apos;&#10;Driver info: org.openqa.selenium.chrome.ChromeDriver&#10;Command: [bc45cc33ecd8d7f3594b01e09f1ef21b, clickElement {id=f.9845BA9A7ADAA1099D9FD97C3461980B.d.EFE04C64557573E1A47B83E2EEE17EED.e.30}]&#10;Capabilities {acceptInsecureCerts: false, browserName: chrome, browserVersion: 127.0.6533.72, chrome: {chromedriverVersion: 127.0.6533.72 (9755e24ca85a..., userDataDir: C:\Windows\SystemTemp\scope...}, fedcm:accounts: true, goog:chromeOptions: {debuggerAddress: localhost:62560}, networkConnectionEnabled: false, pageLoadStrategy: normal, platformName: windows, proxy: Proxy(), se:cdp: ws://localhost:62560/devtoo..., se:cdpVersion: 127.0.6533.72, setWindowRect: true, strictFileInteractability: false, timeouts: {implicit: 0, pageLoad: 300000, script: 30000}, unhandledPromptBehavior: dismiss and notify, webauthn:extension:credBlob: true, webauthn:extension:largeBlob: true, webauthn:extension:minPinLength: true, webauthn:extension:prf: true, webauthn:virtualAuthenticators: true}&#10;Element: [[ChromeDriver: chrome on windows (bc45cc33ecd8d7f3594b01e09f1ef21b)] -&gt; id: otp-match-now]&#10;Session ID: bc45cc33ecd8d7f3594b01e09f1ef21b"/>
  </testcase>
  <testcase name="testValidIpAddress" classname="tests.CompanyInfoTest" time="0.0">
    <skipped message="element not interactable&#10;  (Session info: chrome=127.0.6533.72)&#10;Build info: version: &apos;4.22.0&apos;, revision: &apos;c5f3146703*&apos;&#10;System info: os.name: &apos;Windows 11&apos;, os.arch: &apos;amd64&apos;, os.version: &apos;10.0&apos;, java.version: &apos;21.0.3&apos;&#10;Driver info: org.openqa.selenium.chrome.ChromeDriver&#10;Command: [bc45cc33ecd8d7f3594b01e09f1ef21b, clickElement {id=f.9845BA9A7ADAA1099D9FD97C3461980B.d.EFE04C64557573E1A47B83E2EEE17EED.e.30}]&#10;Capabilities {acceptInsecureCerts: false, browserName: chrome, browserVersion: 127.0.6533.72, chrome: {chromedriverVersion: 127.0.6533.72 (9755e24ca85a..., userDataDir: C:\Windows\SystemTemp\scope...}, fedcm:accounts: true, goog:chromeOptions: {debuggerAddress: localhost:62560}, networkConnectionEnabled: false, pageLoadStrategy: normal, platformName: windows, proxy: Proxy(), se:cdp: ws://localhost:62560/devtoo..., se:cdpVersion: 127.0.6533.72, setWindowRect: true, strictFileInteractability: false, timeouts: {implicit: 0, pageLoad: 300000, script: 30000}, unhandledPromptBehavior: dismiss and notify, webauthn:extension:credBlob: true, webauthn:extension:largeBlob: true, webauthn:extension:minPinLength: true, webauthn:extension:prf: true, webauthn:virtualAuthenticators: true}&#10;Element: [[ChromeDriver: chrome on windows (bc45cc33ecd8d7f3594b01e09f1ef21b)] -&gt; id: otp-match-now]&#10;Session ID: bc45cc33ecd8d7f3594b01e09f1ef21b"/>
  </testcase>
  <testcase name="testValidPercentageFees" classname="tests.CompanyInfoTest" time="0.0">
    <skipped message="element not interactable&#10;  (Session info: chrome=127.0.6533.72)&#10;Build info: version: &apos;4.22.0&apos;, revision: &apos;c5f3146703*&apos;&#10;System info: os.name: &apos;Windows 11&apos;, os.arch: &apos;amd64&apos;, os.version: &apos;10.0&apos;, java.version: &apos;21.0.3&apos;&#10;Driver info: org.openqa.selenium.chrome.ChromeDriver&#10;Command: [bc45cc33ecd8d7f3594b01e09f1ef21b, clickElement {id=f.9845BA9A7ADAA1099D9FD97C3461980B.d.EFE04C64557573E1A47B83E2EEE17EED.e.30}]&#10;Capabilities {acceptInsecureCerts: false, browserName: chrome, browserVersion: 127.0.6533.72, chrome: {chromedriverVersion: 127.0.6533.72 (9755e24ca85a..., userDataDir: C:\Windows\SystemTemp\scope...}, fedcm:accounts: true, goog:chromeOptions: {debuggerAddress: localhost:62560}, networkConnectionEnabled: false, pageLoadStrategy: normal, platformName: windows, proxy: Proxy(), se:cdp: ws://localhost:62560/devtoo..., se:cdpVersion: 127.0.6533.72, setWindowRect: true, strictFileInteractability: false, timeouts: {implicit: 0, pageLoad: 300000, script: 30000}, unhandledPromptBehavior: dismiss and notify, webauthn:extension:credBlob: true, webauthn:extension:largeBlob: true, webauthn:extension:minPinLength: true, webauthn:extension:prf: true, webauthn:virtualAuthenticators: true}&#10;Element: [[ChromeDriver: chrome on windows (bc45cc33ecd8d7f3594b01e09f1ef21b)] -&gt; id: otp-match-now]&#10;Session ID: bc45cc33ecd8d7f3594b01e09f1ef21b"/>
  </testcase>
  <testcase name="testValidSubmission" classname="tests.CompanyInfoTest" time="0.0">
    <skipped message="element not interactable&#10;  (Session info: chrome=127.0.6533.72)&#10;Build info: version: &apos;4.22.0&apos;, revision: &apos;c5f3146703*&apos;&#10;System info: os.name: &apos;Windows 11&apos;, os.arch: &apos;amd64&apos;, os.version: &apos;10.0&apos;, java.version: &apos;21.0.3&apos;&#10;Driver info: org.openqa.selenium.chrome.ChromeDriver&#10;Command: [bc45cc33ecd8d7f3594b01e09f1ef21b, clickElement {id=f.9845BA9A7ADAA1099D9FD97C3461980B.d.EFE04C64557573E1A47B83E2EEE17EED.e.30}]&#10;Capabilities {acceptInsecureCerts: false, browserName: chrome, browserVersion: 127.0.6533.72, chrome: {chromedriverVersion: 127.0.6533.72 (9755e24ca85a..., userDataDir: C:\Windows\SystemTemp\scope...}, fedcm:accounts: true, goog:chromeOptions: {debuggerAddress: localhost:62560}, networkConnectionEnabled: false, pageLoadStrategy: normal, platformName: windows, proxy: Proxy(), se:cdp: ws://localhost:62560/devtoo..., se:cdpVersion: 127.0.6533.72, setWindowRect: true, strictFileInteractability: false, timeouts: {implicit: 0, pageLoad: 300000, script: 30000}, unhandledPromptBehavior: dismiss and notify, webauthn:extension:credBlob: true, webauthn:extension:largeBlob: true, webauthn:extension:minPinLength: true, webauthn:extension:prf: true, webauthn:virtualAuthenticators: true}&#10;Element: [[ChromeDriver: chrome on windows (bc45cc33ecd8d7f3594b01e09f1ef21b)] -&gt; id: otp-match-now]&#10;Session ID: bc45cc33ecd8d7f3594b01e09f1ef21b"/>
  </testcase>
  <testcase name="validateUserIdFormat" classname="tests.CompanyInfoTest" time="0.0">
    <skipped message="element not interactable&#10;  (Session info: chrome=127.0.6533.72)&#10;Build info: version: &apos;4.22.0&apos;, revision: &apos;c5f3146703*&apos;&#10;System info: os.name: &apos;Windows 11&apos;, os.arch: &apos;amd64&apos;, os.version: &apos;10.0&apos;, java.version: &apos;21.0.3&apos;&#10;Driver info: org.openqa.selenium.chrome.ChromeDriver&#10;Command: [bc45cc33ecd8d7f3594b01e09f1ef21b, clickElement {id=f.9845BA9A7ADAA1099D9FD97C3461980B.d.EFE04C64557573E1A47B83E2EEE17EED.e.30}]&#10;Capabilities {acceptInsecureCerts: false, browserName: chrome, browserVersion: 127.0.6533.72, chrome: {chromedriverVersion: 127.0.6533.72 (9755e24ca85a..., userDataDir: C:\Windows\SystemTemp\scope...}, fedcm:accounts: true, goog:chromeOptions: {debuggerAddress: localhost:62560}, networkConnectionEnabled: false, pageLoadStrategy: normal, platformName: windows, proxy: Proxy(), se:cdp: ws://localhost:62560/devtoo..., se:cdpVersion: 127.0.6533.72, setWindowRect: true, strictFileInteractability: false, timeouts: {implicit: 0, pageLoad: 300000, script: 30000}, unhandledPromptBehavior: dismiss and notify, webauthn:extension:credBlob: true, webauthn:extension:largeBlob: true, webauthn:extension:minPinLength: true, webauthn:extension:prf: true, webauthn:virtualAuthenticators: true}&#10;Element: [[ChromeDriver: chrome on windows (bc45cc33ecd8d7f3594b01e09f1ef21b)] -&gt; id: otp-match-now]&#10;Session ID: bc45cc33ecd8d7f3594b01e09f1ef21b"/>
  </testcase>
  <testcase name="verifyBadgeTextAndVisibility" classname="tests.CompanyInfoTest" time="0.0">
    <skipped message="element not interactable&#10;  (Session info: chrome=127.0.6533.72)&#10;Build info: version: &apos;4.22.0&apos;, revision: &apos;c5f3146703*&apos;&#10;System info: os.name: &apos;Windows 11&apos;, os.arch: &apos;amd64&apos;, os.version: &apos;10.0&apos;, java.version: &apos;21.0.3&apos;&#10;Driver info: org.openqa.selenium.chrome.ChromeDriver&#10;Command: [bc45cc33ecd8d7f3594b01e09f1ef21b, clickElement {id=f.9845BA9A7ADAA1099D9FD97C3461980B.d.EFE04C64557573E1A47B83E2EEE17EED.e.30}]&#10;Capabilities {acceptInsecureCerts: false, browserName: chrome, browserVersion: 127.0.6533.72, chrome: {chromedriverVersion: 127.0.6533.72 (9755e24ca85a..., userDataDir: C:\Windows\SystemTemp\scope...}, fedcm:accounts: true, goog:chromeOptions: {debuggerAddress: localhost:62560}, networkConnectionEnabled: false, pageLoadStrategy: normal, platformName: windows, proxy: Proxy(), se:cdp: ws://localhost:62560/devtoo..., se:cdpVersion: 127.0.6533.72, setWindowRect: true, strictFileInteractability: false, timeouts: {implicit: 0, pageLoad: 300000, script: 30000}, unhandledPromptBehavior: dismiss and notify, webauthn:extension:credBlob: true, webauthn:extension:largeBlob: true, webauthn:extension:minPinLength: true, webauthn:extension:prf: true, webauthn:virtualAuthenticators: true}&#10;Element: [[ChromeDriver: chrome on windows (bc45cc33ecd8d7f3594b01e09f1ef21b)] -&gt; id: otp-match-now]&#10;Session ID: bc45cc33ecd8d7f3594b01e09f1ef21b"/>
  </testcase>
  <testcase name="verifyBadgeTextAndVisibilityFor_NO" classname="tests.CompanyInfoTest" time="0.0">
    <skipped message="element not interactable&#10;  (Session info: chrome=127.0.6533.72)&#10;Build info: version: &apos;4.22.0&apos;, revision: &apos;c5f3146703*&apos;&#10;System info: os.name: &apos;Windows 11&apos;, os.arch: &apos;amd64&apos;, os.version: &apos;10.0&apos;, java.version: &apos;21.0.3&apos;&#10;Driver info: org.openqa.selenium.chrome.ChromeDriver&#10;Command: [bc45cc33ecd8d7f3594b01e09f1ef21b, clickElement {id=f.9845BA9A7ADAA1099D9FD97C3461980B.d.EFE04C64557573E1A47B83E2EEE17EED.e.30}]&#10;Capabilities {acceptInsecureCerts: false, browserName: chrome, browserVersion: 127.0.6533.72, chrome: {chromedriverVersion: 127.0.6533.72 (9755e24ca85a..., userDataDir: C:\Windows\SystemTemp\scope...}, fedcm:accounts: true, goog:chromeOptions: {debuggerAddress: localhost:62560}, networkConnectionEnabled: false, pageLoadStrategy: normal, platformName: windows, proxy: Proxy(), se:cdp: ws://localhost:62560/devtoo..., se:cdpVersion: 127.0.6533.72, setWindowRect: true, strictFileInteractability: false, timeouts: {implicit: 0, pageLoad: 300000, script: 30000}, unhandledPromptBehavior: dismiss and notify, webauthn:extension:credBlob: true, webauthn:extension:largeBlob: true, webauthn:extension:minPinLength: true, webauthn:extension:prf: true, webauthn:virtualAuthenticators: true}&#10;Element: [[ChromeDriver: chrome on windows (bc45cc33ecd8d7f3594b01e09f1ef21b)] -&gt; id: otp-match-now]&#10;Session ID: bc45cc33ecd8d7f3594b01e09f1ef21b"/>
  </testcase>
  <testcase name="verifyMandatoryFieldValidation" classname="tests.CompanyInfoTest" time="0.0">
    <skipped message="element not interactable&#10;  (Session info: chrome=127.0.6533.72)&#10;Build info: version: &apos;4.22.0&apos;, revision: &apos;c5f3146703*&apos;&#10;System info: os.name: &apos;Windows 11&apos;, os.arch: &apos;amd64&apos;, os.version: &apos;10.0&apos;, java.version: &apos;21.0.3&apos;&#10;Driver info: org.openqa.selenium.chrome.ChromeDriver&#10;Command: [bc45cc33ecd8d7f3594b01e09f1ef21b, clickElement {id=f.9845BA9A7ADAA1099D9FD97C3461980B.d.EFE04C64557573E1A47B83E2EEE17EED.e.30}]&#10;Capabilities {acceptInsecureCerts: false, browserName: chrome, browserVersion: 127.0.6533.72, chrome: {chromedriverVersion: 127.0.6533.72 (9755e24ca85a..., userDataDir: C:\Windows\SystemTemp\scope...}, fedcm:accounts: true, goog:chromeOptions: {debuggerAddress: localhost:62560}, networkConnectionEnabled: false, pageLoadStrategy: normal, platformName: windows, proxy: Proxy(), se:cdp: ws://localhost:62560/devtoo..., se:cdpVersion: 127.0.6533.72, setWindowRect: true, strictFileInteractability: false, timeouts: {implicit: 0, pageLoad: 300000, script: 30000}, unhandledPromptBehavior: dismiss and notify, webauthn:extension:credBlob: true, webauthn:extension:largeBlob: true, webauthn:extension:minPinLength: true, webauthn:extension:prf: true, webauthn:virtualAuthenticators: true}&#10;Element: [[ChromeDriver: chrome on windows (bc45cc33ecd8d7f3594b01e09f1ef21b)] -&gt; id: otp-match-now]&#10;Session ID: bc45cc33ecd8d7f3594b01e09f1ef21b"/>
  </testcase>
  <testcase name="verifyMandatoryFieldValidationWhenSavingAsDraft" classname="tests.CompanyInfoTest" time="0.0">
    <skipped message="element not interactable&#10;  (Session info: chrome=127.0.6533.72)&#10;Build info: version: &apos;4.22.0&apos;, revision: &apos;c5f3146703*&apos;&#10;System info: os.name: &apos;Windows 11&apos;, os.arch: &apos;amd64&apos;, os.version: &apos;10.0&apos;, java.version: &apos;21.0.3&apos;&#10;Driver info: org.openqa.selenium.chrome.ChromeDriver&#10;Command: [bc45cc33ecd8d7f3594b01e09f1ef21b, clickElement {id=f.9845BA9A7ADAA1099D9FD97C3461980B.d.EFE04C64557573E1A47B83E2EEE17EED.e.30}]&#10;Capabilities {acceptInsecureCerts: false, browserName: chrome, browserVersion: 127.0.6533.72, chrome: {chromedriverVersion: 127.0.6533.72 (9755e24ca85a..., userDataDir: C:\Windows\SystemTemp\scope...}, fedcm:accounts: true, goog:chromeOptions: {debuggerAddress: localhost:62560}, networkConnectionEnabled: false, pageLoadStrategy: normal, platformName: windows, proxy: Proxy(), se:cdp: ws://localhost:62560/devtoo..., se:cdpVersion: 127.0.6533.72, setWindowRect: true, strictFileInteractability: false, timeouts: {implicit: 0, pageLoad: 300000, script: 30000}, unhandledPromptBehavior: dismiss and notify, webauthn:extension:credBlob: true, webauthn:extension:largeBlob: true, webauthn:extension:minPinLength: true, webauthn:extension:prf: true, webauthn:virtualAuthenticators: true}&#10;Element: [[ChromeDriver: chrome on windows (bc45cc33ecd8d7f3594b01e09f1ef21b)] -&gt; id: otp-match-now]&#10;Session ID: bc45cc33ecd8d7f3594b01e09f1ef21b"/>
  </testcase>
  <testcase name="verifyUserDetailsDisplayedCorrectly" classname="tests.CompanyInfoTest" time="0.0">
    <skipped message="element not interactable&#10;  (Session info: chrome=127.0.6533.72)&#10;Build info: version: &apos;4.22.0&apos;, revision: &apos;c5f3146703*&apos;&#10;System info: os.name: &apos;Windows 11&apos;, os.arch: &apos;amd64&apos;, os.version: &apos;10.0&apos;, java.version: &apos;21.0.3&apos;&#10;Driver info: org.openqa.selenium.chrome.ChromeDriver&#10;Command: [bc45cc33ecd8d7f3594b01e09f1ef21b, clickElement {id=f.9845BA9A7ADAA1099D9FD97C3461980B.d.EFE04C64557573E1A47B83E2EEE17EED.e.30}]&#10;Capabilities {acceptInsecureCerts: false, browserName: chrome, browserVersion: 127.0.6533.72, chrome: {chromedriverVersion: 127.0.6533.72 (9755e24ca85a..., userDataDir: C:\Windows\SystemTemp\scope...}, fedcm:accounts: true, goog:chromeOptions: {debuggerAddress: localhost:62560}, networkConnectionEnabled: false, pageLoadStrategy: normal, platformName: windows, proxy: Proxy(), se:cdp: ws://localhost:62560/devtoo..., se:cdpVersion: 127.0.6533.72, setWindowRect: true, strictFileInteractability: false, timeouts: {implicit: 0, pageLoad: 300000, script: 30000}, unhandledPromptBehavior: dismiss and notify, webauthn:extension:credBlob: true, webauthn:extension:largeBlob: true, webauthn:extension:minPinLength: true, webauthn:extension:prf: true, webauthn:virtualAuthenticators: true}&#10;Element: [[ChromeDriver: chrome on windows (bc45cc33ecd8d7f3594b01e09f1ef21b)] -&gt; id: otp-match-now]&#10;Session ID: bc45cc33ecd8d7f3594b01e09f1ef21b"/>
  </testcase>
  <testcase name="verify_click_Cancel_button" classname="tests.CompanyInfoTest" time="0.0">
    <skipped message="element not interactable&#10;  (Session info: chrome=127.0.6533.72)&#10;Build info: version: &apos;4.22.0&apos;, revision: &apos;c5f3146703*&apos;&#10;System info: os.name: &apos;Windows 11&apos;, os.arch: &apos;amd64&apos;, os.version: &apos;10.0&apos;, java.version: &apos;21.0.3&apos;&#10;Driver info: org.openqa.selenium.chrome.ChromeDriver&#10;Command: [bc45cc33ecd8d7f3594b01e09f1ef21b, clickElement {id=f.9845BA9A7ADAA1099D9FD97C3461980B.d.EFE04C64557573E1A47B83E2EEE17EED.e.30}]&#10;Capabilities {acceptInsecureCerts: false, browserName: chrome, browserVersion: 127.0.6533.72, chrome: {chromedriverVersion: 127.0.6533.72 (9755e24ca85a..., userDataDir: C:\Windows\SystemTemp\scope...}, fedcm:accounts: true, goog:chromeOptions: {debuggerAddress: localhost:62560}, networkConnectionEnabled: false, pageLoadStrategy: normal, platformName: windows, proxy: Proxy(), se:cdp: ws://localhost:62560/devtoo..., se:cdpVersion: 127.0.6533.72, setWindowRect: true, strictFileInteractability: false, timeouts: {implicit: 0, pageLoad: 300000, script: 30000}, unhandledPromptBehavior: dismiss and notify, webauthn:extension:credBlob: true, webauthn:extension:largeBlob: true, webauthn:extension:minPinLength: true, webauthn:extension:prf: true, webauthn:virtualAuthenticators: true}&#10;Element: [[ChromeDriver: chrome on windows (bc45cc33ecd8d7f3594b01e09f1ef21b)] -&gt; id: otp-match-now]&#10;Session ID: bc45cc33ecd8d7f3594b01e09f1ef21b"/>
  </testcase>
  <testcase name="verify_entering_valid_account_number" classname="tests.CompanyInfoTest" time="0.0">
    <skipped message="element not interactable&#10;  (Session info: chrome=127.0.6533.72)&#10;Build info: version: &apos;4.22.0&apos;, revision: &apos;c5f3146703*&apos;&#10;System info: os.name: &apos;Windows 11&apos;, os.arch: &apos;amd64&apos;, os.version: &apos;10.0&apos;, java.version: &apos;21.0.3&apos;&#10;Driver info: org.openqa.selenium.chrome.ChromeDriver&#10;Command: [bc45cc33ecd8d7f3594b01e09f1ef21b, clickElement {id=f.9845BA9A7ADAA1099D9FD97C3461980B.d.EFE04C64557573E1A47B83E2EEE17EED.e.30}]&#10;Capabilities {acceptInsecureCerts: false, browserName: chrome, browserVersion: 127.0.6533.72, chrome: {chromedriverVersion: 127.0.6533.72 (9755e24ca85a..., userDataDir: C:\Windows\SystemTemp\scope...}, fedcm:accounts: true, goog:chromeOptions: {debuggerAddress: localhost:62560}, networkConnectionEnabled: false, pageLoadStrategy: normal, platformName: windows, proxy: Proxy(), se:cdp: ws://localhost:62560/devtoo..., se:cdpVersion: 127.0.6533.72, setWindowRect: true, strictFileInteractability: false, timeouts: {implicit: 0, pageLoad: 300000, script: 30000}, unhandledPromptBehavior: dismiss and notify, webauthn:extension:credBlob: true, webauthn:extension:largeBlob: true, webauthn:extension:minPinLength: true, webauthn:extension:prf: true, webauthn:virtualAuthenticators: true}&#10;Element: [[ChromeDriver: chrome on windows (bc45cc33ecd8d7f3594b01e09f1ef21b)] -&gt; id: otp-match-now]&#10;Session ID: bc45cc33ecd8d7f3594b01e09f1ef21b"/>
  </testcase>
  <testcase name="Verify_dashboard_menu_visible_and_clickable" classname="tests.DashboardPageTest" time="0.256">
    <system-err><![CDATA[Jul 30, 2024 1:36:31 PM org.openqa.selenium.devtools.CdpVersionFinder findNearestMatch
WARNING: Unable to find an exact match for CDP version 127, returning the closest version; found: 126; Please update to a Selenium version that supports CDP version 127
]]></system-err>
  </testcase>
  <testcase name="Verify_that_the_Duration_field_is_visible_and_enabled" classname="tests.DashboardPageTest" time="8.202">
    <failure message="The input in the Duration field does not match the expected value. expected [ 2024-05-14 AppXPay] but found [07/30/2024 - 07/30/2024 2024-05-14 AppXPay]" type="java.lang.AssertionError"><![CDATA[java.lang.AssertionError: The input in the Duration field does not match the expected value. expected [ 2024-05-14 AppXPay] but found [07/30/2024 - 07/30/2024 2024-05-14 AppXPay]
	at org.testng.Assert.fail(Assert.java:111)
	at org.testng.Assert.failNotEquals(Assert.java:1578)
	at org.testng.Assert.assertEqualsImpl(Assert.java:150)
	at org.testng.Assert.assertEquals(Assert.java:132)
	at org.testng.Assert.assertEquals(Assert.java:656)
	at tests.DashboardPageTest.Verify_that_the_Duration_field_is_visible_and_enabled(DashboardPageTest.java:66)
	at java.base/jdk.internal.reflect.DirectMethodHandleAccessor.invoke(DirectMethodHandleAccessor.java:103)
	at java.base/java.lang.reflect.Method.invoke(Method.java:580)
	at org.testng.internal.invokers.MethodInvocationHelper.invokeMethod(MethodInvocationHelper.java:141)
	at org.testng.internal.invokers.TestInvoker.invokeMethod(TestInvoker.java:686)
	at org.testng.internal.invokers.TestInvoker.invokeTestMethod(TestInvoker.java:230)
	at org.testng.internal.invokers.MethodRunner.runInSequence(MethodRunner.java:63)
	at org.testng.internal.invokers.TestInvoker$MethodInvocationAgent.invoke(TestInvoker.java:992)
	at org.testng.internal.invokers.TestInvoker.invokeTestMethods(TestInvoker.java:203)
	at org.testng.internal.invokers.TestMethodWorker.invokeTestMethods(TestMethodWorker.java:154)
	at org.testng.internal.invokers.TestMethodWorker.run(TestMethodWorker.java:134)
	at java.base/java.util.ArrayList.forEach(ArrayList.java:1596)
	at org.testng.TestRunner.privateRun(TestRunner.java:739)
	at org.testng.TestRunner.run(TestRunner.java:614)
	at org.testng.SuiteRunner.runTest(SuiteRunner.java:421)
	at org.testng.SuiteRunner.runSequentially(SuiteRunner.java:413)
	at org.testng.SuiteRunner.privateRun(SuiteRunner.java:373)
	at org.testng.SuiteRunner.run(SuiteRunner.java:312)
	at org.testng.SuiteRunnerWorker.runSuite(SuiteRunnerWorker.java:52)
	at org.testng.SuiteRunnerWorker.run(SuiteRunnerWorker.java:95)
	at org.testng.TestNG.runSuitesSequentially(TestNG.java:1274)
	at org.testng.TestNG.runSuitesLocally(TestNG.java:1208)
	at org.testng.TestNG.runSuites(TestNG.java:1112)
	at org.testng.TestNG.run(TestNG.java:1079)
	at org.apache.maven.surefire.testng.TestNGExecutor.run(TestNGExecutor.java:155)
	at org.apache.maven.surefire.testng.TestNGDirectoryTestSuite.executeMulti(TestNGDirectoryTestSuite.java:169)
	at org.apache.maven.surefire.testng.TestNGDirectoryTestSuite.execute(TestNGDirectoryTestSuite.java:88)
	at org.apache.maven.surefire.testng.TestNGProvider.invoke(TestNGProvider.java:137)
	at org.apache.maven.surefire.booter.ForkedBooter.runSuitesInProcess(ForkedBooter.java:385)
	at org.apache.maven.surefire.booter.ForkedBooter.execute(ForkedBooter.java:162)
	at org.apache.maven.surefire.booter.ForkedBooter.run(ForkedBooter.java:507)
	at org.apache.maven.surefire.booter.ForkedBooter.main(ForkedBooter.java:495)
]]></failure>
    <system-err><![CDATA[Jul 30, 2024 1:36:44 PM org.openqa.selenium.devtools.CdpVersionFinder findNearestMatch
WARNING: Unable to find an exact match for CDP version 127, returning the closest version; found: 126; Please update to a Selenium version that supports CDP version 127
]]></system-err>
  </testcase>
  <testcase name="Verify_the_default_date_in_the_Duration_field" classname="tests.DashboardPageTest" time="0.023">
    <failure message="The default date in the Duration field does not match the current date. expected [30/07/2024 - 30/07/2024] but found [07/30/2024 - 07/30/2024]" type="java.lang.AssertionError"><![CDATA[java.lang.AssertionError: The default date in the Duration field does not match the current date. expected [30/07/2024 - 30/07/2024] but found [07/30/2024 - 07/30/2024]
	at org.testng.Assert.fail(Assert.java:111)
	at org.testng.Assert.failNotEquals(Assert.java:1578)
	at org.testng.Assert.assertEqualsImpl(Assert.java:150)
	at org.testng.Assert.assertEquals(Assert.java:132)
	at org.testng.Assert.assertEquals(Assert.java:656)
	at tests.DashboardPageTest.Verify_the_default_date_in_the_Duration_field(DashboardPageTest.java:80)
	at java.base/jdk.internal.reflect.DirectMethodHandleAccessor.invoke(DirectMethodHandleAccessor.java:103)
	at java.base/java.lang.reflect.Method.invoke(Method.java:580)
	at org.testng.internal.invokers.MethodInvocationHelper.invokeMethod(MethodInvocationHelper.java:141)
	at org.testng.internal.invokers.TestInvoker.invokeMethod(TestInvoker.java:686)
	at org.testng.internal.invokers.TestInvoker.invokeTestMethod(TestInvoker.java:230)
	at org.testng.internal.invokers.MethodRunner.runInSequence(MethodRunner.java:63)
	at org.testng.internal.invokers.TestInvoker$MethodInvocationAgent.invoke(TestInvoker.java:992)
	at org.testng.internal.invokers.TestInvoker.invokeTestMethods(TestInvoker.java:203)
	at org.testng.internal.invokers.TestMethodWorker.invokeTestMethods(TestMethodWorker.java:154)
	at org.testng.internal.invokers.TestMethodWorker.run(TestMethodWorker.java:134)
	at java.base/java.util.ArrayList.forEach(ArrayList.java:1596)
	at org.testng.TestRunner.privateRun(TestRunner.java:739)
	at org.testng.TestRunner.run(TestRunner.java:614)
	at org.testng.SuiteRunner.runTest(SuiteRunner.java:421)
	at org.testng.SuiteRunner.runSequentially(SuiteRunner.java:413)
	at org.testng.SuiteRunner.privateRun(SuiteRunner.java:373)
	at org.testng.SuiteRunner.run(SuiteRunner.java:312)
	at org.testng.SuiteRunnerWorker.runSuite(SuiteRunnerWorker.java:52)
	at org.testng.SuiteRunnerWorker.run(SuiteRunnerWorker.java:95)
	at org.testng.TestNG.runSuitesSequentially(TestNG.java:1274)
	at org.testng.TestNG.runSuitesLocally(TestNG.java:1208)
	at org.testng.TestNG.runSuites(TestNG.java:1112)
	at org.testng.TestNG.run(TestNG.java:1079)
	at org.apache.maven.surefire.testng.TestNGExecutor.run(TestNGExecutor.java:155)
	at org.apache.maven.surefire.testng.TestNGDirectoryTestSuite.executeMulti(TestNGDirectoryTestSuite.java:169)
	at org.apache.maven.surefire.testng.TestNGDirectoryTestSuite.execute(TestNGDirectoryTestSuite.java:88)
	at org.apache.maven.surefire.testng.TestNGProvider.invoke(TestNGProvider.java:137)
	at org.apache.maven.surefire.booter.ForkedBooter.runSuitesInProcess(ForkedBooter.java:385)
	at org.apache.maven.surefire.booter.ForkedBooter.execute(ForkedBooter.java:162)
	at org.apache.maven.surefire.booter.ForkedBooter.run(ForkedBooter.java:507)
	at org.apache.maven.surefire.booter.ForkedBooter.main(ForkedBooter.java:495)
]]></failure>
    <system-err><![CDATA[Jul 30, 2024 1:37:05 PM org.openqa.selenium.devtools.CdpVersionFinder findNearestMatch
WARNING: Unable to find an exact match for CDP version 127, returning the closest version; found: 126; Please update to a Selenium version that supports CDP version 127
]]></system-err>
  </testcase>
  <testcase name="testDashboardMetricsAfterDateRangeSelection" classname="tests.DashboardPageTest" time="32.756">
    <system-err><![CDATA[Jul 30, 2024 1:37:18 PM org.openqa.selenium.devtools.CdpVersionFinder findNearestMatch
WARNING: Unable to find an exact match for CDP version 127, returning the closest version; found: 126; Please update to a Selenium version that supports CDP version 127
]]></system-err>
  </testcase>
  <testcase name="testLoginValidCredential" classname="tests.DashboardPageTest" time="0.01">
    <system-err><![CDATA[Jul 30, 2024 1:38:02 PM org.openqa.selenium.devtools.CdpVersionFinder findNearestMatch
WARNING: Unable to find an exact match for CDP version 127, returning the closest version; found: 126; Please update to a Selenium version that supports CDP version 127
]]></system-err>
  </testcase>
  <testcase name="testSelectCompanyAndLastLastMonth" classname="tests.DashboardPageTest" time="11.261">
    <system-err><![CDATA[Jul 30, 2024 1:38:14 PM org.openqa.selenium.devtools.CdpVersionFinder findNearestMatch
WARNING: Unable to find an exact match for CDP version 127, returning the closest version; found: 126; Please update to a Selenium version that supports CDP version 127
]]></system-err>
  </testcase>
  <testcase name="testSelectCompanyAndLastLast_30_Days" classname="tests.DashboardPageTest" time="11.303">
    <system-err><![CDATA[Jul 30, 2024 1:38:37 PM org.openqa.selenium.devtools.CdpVersionFinder findNearestMatch
WARNING: Unable to find an exact match for CDP version 127, returning the closest version; found: 126; Please update to a Selenium version that supports CDP version 127
]]></system-err>
  </testcase>
  <testcase name="testSelectCompanyAndLastSevenDays" classname="tests.DashboardPageTest" time="11.335">
    <system-err><![CDATA[Jul 30, 2024 1:39:00 PM org.openqa.selenium.devtools.CdpVersionFinder findNearestMatch
WARNING: Unable to find an exact match for CDP version 127, returning the closest version; found: 126; Please update to a Selenium version that supports CDP version 127
]]></system-err>
  </testcase>
  <testcase name="testSelectCompanyAndLastThisMonth" classname="tests.DashboardPageTest" time="11.338">
    <system-err><![CDATA[Jul 30, 2024 1:39:23 PM org.openqa.selenium.devtools.CdpVersionFinder findNearestMatch
WARNING: Unable to find an exact match for CDP version 127, returning the closest version; found: 126; Please update to a Selenium version that supports CDP version 127
]]></system-err>
  </testcase>
  <testcase name="testSelectCompanyAndTodaysDate" classname="tests.DashboardPageTest" time="11.272">
    <system-err><![CDATA[Jul 30, 2024 1:39:47 PM org.openqa.selenium.devtools.CdpVersionFinder findNearestMatch
WARNING: Unable to find an exact match for CDP version 127, returning the closest version; found: 126; Please update to a Selenium version that supports CDP version 127
]]></system-err>
  </testcase>
  <testcase name="testSelectCompanyAndYesterday" classname="tests.DashboardPageTest" time="11.286">
    <system-err><![CDATA[Jul 30, 2024 1:40:09 PM org.openqa.selenium.devtools.CdpVersionFinder findNearestMatch
WARNING: Unable to find an exact match for CDP version 127, returning the closest version; found: 126; Please update to a Selenium version that supports CDP version 127
]]></system-err>
  </testcase>
  <testcase name="testSelectCustomRange" classname="tests.DashboardPageTest" time="35.849">
    <system-err><![CDATA[Jul 30, 2024 1:40:32 PM org.openqa.selenium.devtools.CdpVersionFinder findNearestMatch
WARNING: Unable to find an exact match for CDP version 127, returning the closest version; found: 126; Please update to a Selenium version that supports CDP version 127
]]></system-err>
  </testcase>
  <testcase name="testSelectMerchant" classname="tests.DashboardPageTest" time="275.882">
    <system-err><![CDATA[Jul 30, 2024 1:41:19 PM org.openqa.selenium.devtools.CdpVersionFinder findNearestMatch
WARNING: Unable to find an exact match for CDP version 127, returning the closest version; found: 126; Please update to a Selenium version that supports CDP version 127
]]></system-err>
  </testcase>
  <testcase name="testErrorMessageDisplay" classname="tests.LoginPageTest" time="0.0">
    <system-err><![CDATA[Jul 30, 2024 1:46:07 PM org.openqa.selenium.devtools.CdpVersionFinder findNearestMatch
WARNING: Unable to find an exact match for CDP version 127, returning the closest version; found: 126; Please update to a Selenium version that supports CDP version 127
]]></system-err>
  </testcase>
  <testcase name="testInvalidLogin" classname="tests.LoginPageTest" time="3.096">
    <system-err><![CDATA[Jul 30, 2024 1:46:13 PM org.openqa.selenium.devtools.CdpVersionFinder findNearestMatch
WARNING: Unable to find an exact match for CDP version 127, returning the closest version; found: 126; Please update to a Selenium version that supports CDP version 127
]]></system-err>
  </testcase>
  <testcase name="testLoginWithoutCredentials" classname="tests.LoginPageTest" time="2.085">
    <system-err><![CDATA[Jul 30, 2024 1:46:20 PM org.openqa.selenium.devtools.CdpVersionFinder findNearestMatch
WARNING: Unable to find an exact match for CDP version 127, returning the closest version; found: 126; Please update to a Selenium version that supports CDP version 127
]]></system-err>
  </testcase>
  <testcase name="testPasswordVisibilityToggle" classname="tests.LoginPageTest" time="2.172">
    <system-err><![CDATA[Jul 30, 2024 1:46:27 PM org.openqa.selenium.devtools.CdpVersionFinder findNearestMatch
WARNING: Unable to find an exact match for CDP version 127, returning the closest version; found: 126; Please update to a Selenium version that supports CDP version 127
]]></system-err>
  </testcase>
  <testcase name="testWrongCredentialsAttempts" classname="tests.LoginPageTest" time="4.298">
    <failure message="expected [You entered wrong credentials&#10;Only 2/3 Passwords Attempts left] but found [You entered wrong credentials]" type="java.lang.AssertionError"><![CDATA[java.lang.AssertionError: 
expected [You entered wrong credentials
Only 2/3 Passwords Attempts left] but found [You entered wrong credentials]
	at org.testng.Assert.fail(Assert.java:111)
	at org.testng.Assert.failNotEquals(Assert.java:1578)
	at org.testng.Assert.assertEqualsImpl(Assert.java:150)
	at org.testng.Assert.assertEquals(Assert.java:132)
	at org.testng.Assert.assertEquals(Assert.java:656)
	at org.testng.Assert.assertEquals(Assert.java:666)
	at tests.LoginPageTest.verifyWrongCredentialsAttempt(LoginPageTest.java:59)
	at tests.LoginPageTest.testWrongCredentialsAttempts(LoginPageTest.java:50)
	at java.base/jdk.internal.reflect.DirectMethodHandleAccessor.invoke(DirectMethodHandleAccessor.java:103)
	at java.base/java.lang.reflect.Method.invoke(Method.java:580)
	at org.testng.internal.invokers.MethodInvocationHelper.invokeMethod(MethodInvocationHelper.java:141)
	at org.testng.internal.invokers.TestInvoker.invokeMethod(TestInvoker.java:686)
	at org.testng.internal.invokers.TestInvoker.invokeTestMethod(TestInvoker.java:230)
	at org.testng.internal.invokers.MethodRunner.runInSequence(MethodRunner.java:63)
	at org.testng.internal.invokers.TestInvoker$MethodInvocationAgent.invoke(TestInvoker.java:992)
	at org.testng.internal.invokers.TestInvoker.invokeTestMethods(TestInvoker.java:203)
	at org.testng.internal.invokers.TestMethodWorker.invokeTestMethods(TestMethodWorker.java:154)
	at org.testng.internal.invokers.TestMethodWorker.run(TestMethodWorker.java:134)
	at java.base/java.util.ArrayList.forEach(ArrayList.java:1596)
	at org.testng.TestRunner.privateRun(TestRunner.java:739)
	at org.testng.TestRunner.run(TestRunner.java:614)
	at org.testng.SuiteRunner.runTest(SuiteRunner.java:421)
	at org.testng.SuiteRunner.runSequentially(SuiteRunner.java:413)
	at org.testng.SuiteRunner.privateRun(SuiteRunner.java:373)
	at org.testng.SuiteRunner.run(SuiteRunner.java:312)
	at org.testng.SuiteRunnerWorker.runSuite(SuiteRunnerWorker.java:52)
	at org.testng.SuiteRunnerWorker.run(SuiteRunnerWorker.java:95)
	at org.testng.TestNG.runSuitesSequentially(TestNG.java:1274)
	at org.testng.TestNG.runSuitesLocally(TestNG.java:1208)
	at org.testng.TestNG.runSuites(TestNG.java:1112)
	at org.testng.TestNG.run(TestNG.java:1079)
	at org.apache.maven.surefire.testng.TestNGExecutor.run(TestNGExecutor.java:155)
	at org.apache.maven.surefire.testng.TestNGDirectoryTestSuite.executeMulti(TestNGDirectoryTestSuite.java:169)
	at org.apache.maven.surefire.testng.TestNGDirectoryTestSuite.execute(TestNGDirectoryTestSuite.java:88)
	at org.apache.maven.surefire.testng.TestNGProvider.invoke(TestNGProvider.java:137)
	at org.apache.maven.surefire.booter.ForkedBooter.runSuitesInProcess(ForkedBooter.java:385)
	at org.apache.maven.surefire.booter.ForkedBooter.execute(ForkedBooter.java:162)
	at org.apache.maven.surefire.booter.ForkedBooter.run(ForkedBooter.java:507)
	at org.apache.maven.surefire.booter.ForkedBooter.main(ForkedBooter.java:495)
]]></failure>
    <system-err><![CDATA[Jul 30, 2024 1:46:34 PM org.openqa.selenium.devtools.CdpVersionFinder findNearestMatch
WARNING: Unable to find an exact match for CDP version 127, returning the closest version; found: 126; Please update to a Selenium version that supports CDP version 127
]]></system-err>
  </testcase>
  <testcase name="testWrongCredentialsFourthAttempt" classname="tests.LoginPageTest" time="2.194">
    <failure message="expected [Your account got locked temporarily,contact your department head] but found [You entered wrong credentials&#10;Only 2/3 Passwords Attempts left]" type="java.lang.AssertionError"><![CDATA[java.lang.AssertionError: 
expected [Your account got locked temporarily,contact your department head] but found [You entered wrong credentials
Only 2/3 Passwords Attempts left]
	at org.testng.Assert.fail(Assert.java:111)
	at org.testng.Assert.failNotEquals(Assert.java:1578)
	at org.testng.Assert.assertEqualsImpl(Assert.java:150)
	at org.testng.Assert.assertEquals(Assert.java:132)
	at org.testng.Assert.assertEquals(Assert.java:656)
	at org.testng.Assert.assertEquals(Assert.java:666)
	at tests.LoginPageTest.testWrongCredentialsFourthAttempt(LoginPageTest.java:81)
	at java.base/jdk.internal.reflect.DirectMethodHandleAccessor.invoke(DirectMethodHandleAccessor.java:103)
	at java.base/java.lang.reflect.Method.invoke(Method.java:580)
	at org.testng.internal.invokers.MethodInvocationHelper.invokeMethod(MethodInvocationHelper.java:141)
	at org.testng.internal.invokers.TestInvoker.invokeMethod(TestInvoker.java:686)
	at org.testng.internal.invokers.TestInvoker.invokeTestMethod(TestInvoker.java:230)
	at org.testng.internal.invokers.MethodRunner.runInSequence(MethodRunner.java:63)
	at org.testng.internal.invokers.TestInvoker$MethodInvocationAgent.invoke(TestInvoker.java:992)
	at org.testng.internal.invokers.TestInvoker.invokeTestMethods(TestInvoker.java:203)
	at org.testng.internal.invokers.TestMethodWorker.invokeTestMethods(TestMethodWorker.java:154)
	at org.testng.internal.invokers.TestMethodWorker.run(TestMethodWorker.java:134)
	at java.base/java.util.ArrayList.forEach(ArrayList.java:1596)
	at org.testng.TestRunner.privateRun(TestRunner.java:739)
	at org.testng.TestRunner.run(TestRunner.java:614)
	at org.testng.SuiteRunner.runTest(SuiteRunner.java:421)
	at org.testng.SuiteRunner.runSequentially(SuiteRunner.java:413)
	at org.testng.SuiteRunner.privateRun(SuiteRunner.java:373)
	at org.testng.SuiteRunner.run(SuiteRunner.java:312)
	at org.testng.SuiteRunnerWorker.runSuite(SuiteRunnerWorker.java:52)
	at org.testng.SuiteRunnerWorker.run(SuiteRunnerWorker.java:95)
	at org.testng.TestNG.runSuitesSequentially(TestNG.java:1274)
	at org.testng.TestNG.runSuitesLocally(TestNG.java:1208)
	at org.testng.TestNG.runSuites(TestNG.java:1112)
	at org.testng.TestNG.run(TestNG.java:1079)
	at org.apache.maven.surefire.testng.TestNGExecutor.run(TestNGExecutor.java:155)
	at org.apache.maven.surefire.testng.TestNGDirectoryTestSuite.executeMulti(TestNGDirectoryTestSuite.java:169)
	at org.apache.maven.surefire.testng.TestNGDirectoryTestSuite.execute(TestNGDirectoryTestSuite.java:88)
	at org.apache.maven.surefire.testng.TestNGProvider.invoke(TestNGProvider.java:137)
	at org.apache.maven.surefire.booter.ForkedBooter.runSuitesInProcess(ForkedBooter.java:385)
	at org.apache.maven.surefire.booter.ForkedBooter.execute(ForkedBooter.java:162)
	at org.apache.maven.surefire.booter.ForkedBooter.run(ForkedBooter.java:507)
	at org.apache.maven.surefire.booter.ForkedBooter.main(ForkedBooter.java:495)
]]></failure>
    <system-err><![CDATA[Jul 30, 2024 1:46:44 PM org.openqa.selenium.devtools.CdpVersionFinder findNearestMatch
WARNING: Unable to find an exact match for CDP version 127, returning the closest version; found: 126; Please update to a Selenium version that supports CDP version 127
]]></system-err>
  </testcase>
  <testcase name="testWrongCredentialsThirdAttempt" classname="tests.LoginPageTest" time="3.093">
    <failure message="expected [You entered wrong credentials&#10;Account will get lock temporary, If you fail this time] but found [You entered wrong credentials&#10;Account will get lock temporary, If you fail this time]" type="java.lang.AssertionError"><![CDATA[java.lang.AssertionError: 
expected [You entered wrong credentials
Account will get lock temporary, If you fail this time] but found [You entered wrong credentials
Account will get lock temporary, If you fail this time]
	at org.testng.Assert.fail(Assert.java:111)
	at org.testng.Assert.failNotEquals(Assert.java:1578)
	at org.testng.Assert.assertEqualsImpl(Assert.java:150)
	at org.testng.Assert.assertEquals(Assert.java:132)
	at org.testng.Assert.assertEquals(Assert.java:656)
	at org.testng.Assert.assertEquals(Assert.java:666)
	at tests.LoginPageTest.testWrongCredentialsThirdAttempt(LoginPageTest.java:71)
	at java.base/jdk.internal.reflect.DirectMethodHandleAccessor.invoke(DirectMethodHandleAccessor.java:103)
	at java.base/java.lang.reflect.Method.invoke(Method.java:580)
	at org.testng.internal.invokers.MethodInvocationHelper.invokeMethod(MethodInvocationHelper.java:141)
	at org.testng.internal.invokers.TestInvoker.invokeMethod(TestInvoker.java:686)
	at org.testng.internal.invokers.TestInvoker.invokeTestMethod(TestInvoker.java:230)
	at org.testng.internal.invokers.MethodRunner.runInSequence(MethodRunner.java:63)
	at org.testng.internal.invokers.TestInvoker$MethodInvocationAgent.invoke(TestInvoker.java:992)
	at org.testng.internal.invokers.TestInvoker.invokeTestMethods(TestInvoker.java:203)
	at org.testng.internal.invokers.TestMethodWorker.invokeTestMethods(TestMethodWorker.java:154)
	at org.testng.internal.invokers.TestMethodWorker.run(TestMethodWorker.java:134)
	at java.base/java.util.ArrayList.forEach(ArrayList.java:1596)
	at org.testng.TestRunner.privateRun(TestRunner.java:739)
	at org.testng.TestRunner.run(TestRunner.java:614)
	at org.testng.SuiteRunner.runTest(SuiteRunner.java:421)
	at org.testng.SuiteRunner.runSequentially(SuiteRunner.java:413)
	at org.testng.SuiteRunner.privateRun(SuiteRunner.java:373)
	at org.testng.SuiteRunner.run(SuiteRunner.java:312)
	at org.testng.SuiteRunnerWorker.runSuite(SuiteRunnerWorker.java:52)
	at org.testng.SuiteRunnerWorker.run(SuiteRunnerWorker.java:95)
	at org.testng.TestNG.runSuitesSequentially(TestNG.java:1274)
	at org.testng.TestNG.runSuitesLocally(TestNG.java:1208)
	at org.testng.TestNG.runSuites(TestNG.java:1112)
	at org.testng.TestNG.run(TestNG.java:1079)
	at org.apache.maven.surefire.testng.TestNGExecutor.run(TestNGExecutor.java:155)
	at org.apache.maven.surefire.testng.TestNGDirectoryTestSuite.executeMulti(TestNGDirectoryTestSuite.java:169)
	at org.apache.maven.surefire.testng.TestNGDirectoryTestSuite.execute(TestNGDirectoryTestSuite.java:88)
	at org.apache.maven.surefire.testng.TestNGProvider.invoke(TestNGProvider.java:137)
	at org.apache.maven.surefire.booter.ForkedBooter.runSuitesInProcess(ForkedBooter.java:385)
	at org.apache.maven.surefire.booter.ForkedBooter.execute(ForkedBooter.java:162)
	at org.apache.maven.surefire.booter.ForkedBooter.run(ForkedBooter.java:507)
	at org.apache.maven.surefire.booter.ForkedBooter.main(ForkedBooter.java:495)
]]></failure>
    <system-err><![CDATA[Jul 30, 2024 1:46:51 PM org.openqa.selenium.devtools.CdpVersionFinder findNearestMatch
WARNING: Unable to find an exact match for CDP version 127, returning the closest version; found: 126; Please update to a Selenium version that supports CDP version 127
]]></system-err>
  </testcase>
  <testcase name="testAddMerchantsButton" classname="tests.MerchantListTest" time="6.388">
    <system-err><![CDATA[Jul 30, 2024 1:46:59 PM org.openqa.selenium.devtools.CdpVersionFinder findNearestMatch
WARNING: Unable to find an exact match for CDP version 127, returning the closest version; found: 126; Please update to a Selenium version that supports CDP version 127
]]></system-err>
  </testcase>
  <testcase name="testDraftButtonClickDisplaysMerchantList" classname="tests.MerchantListTest" time="3.354">
    <system-err><![CDATA[Jul 30, 2024 1:47:16 PM org.openqa.selenium.devtools.CdpVersionFinder findNearestMatch
WARNING: Unable to find an exact match for CDP version 127, returning the closest version; found: 126; Please update to a Selenium version that supports CDP version 127
]]></system-err>
  </testcase>
  <testcase name="testEditButtonOpensEditingInterface" classname="tests.MerchantListTest" time="3.335">
    <system-err><![CDATA[Jul 30, 2024 1:47:32 PM org.openqa.selenium.devtools.CdpVersionFinder findNearestMatch
WARNING: Unable to find an exact match for CDP version 127, returning the closest version; found: 126; Please update to a Selenium version that supports CDP version 127
]]></system-err>
  </testcase>
  <testcase name="testInValidSearchQuery" classname="tests.MerchantListTest" time="6.294">
    <system-err><![CDATA[Jul 30, 2024 1:47:47 PM org.openqa.selenium.devtools.CdpVersionFinder findNearestMatch
WARNING: Unable to find an exact match for CDP version 127, returning the closest version; found: 126; Please update to a Selenium version that supports CDP version 127
]]></system-err>
  </testcase>
  <testcase name="testNavigateToNextPage" classname="tests.MerchantListTest" time="6.251">
    <system-err><![CDATA[Jul 30, 2024 1:48:04 PM org.openqa.selenium.devtools.CdpVersionFinder findNearestMatch
WARNING: Unable to find an exact match for CDP version 127, returning the closest version; found: 126; Please update to a Selenium version that supports CDP version 127
]]></system-err>
  </testcase>
  <testcase name="testPrevButtonNavigation" classname="tests.MerchantListTest" time="9.287">
    <system-err><![CDATA[Jul 30, 2024 1:48:23 PM org.openqa.selenium.devtools.CdpVersionFinder findNearestMatch
WARNING: Unable to find an exact match for CDP version 127, returning the closest version; found: 126; Please update to a Selenium version that supports CDP version 127
]]></system-err>
  </testcase>
  <testcase name="testValidSearchQuery" classname="tests.MerchantListTest" time="6.293">
    <system-err><![CDATA[Jul 30, 2024 1:48:44 PM org.openqa.selenium.devtools.CdpVersionFinder findNearestMatch
WARNING: Unable to find an exact match for CDP version 127, returning the closest version; found: 126; Please update to a Selenium version that supports CDP version 127
]]></system-err>
  </testcase>
  <testcase name="testVerifyMerchantButtonClick" classname="tests.MerchantListTest" time="40.747">
    <system-err><![CDATA[Jul 30, 2024 1:49:02 PM org.openqa.selenium.devtools.CdpVersionFinder findNearestMatch
WARNING: Unable to find an exact match for CDP version 127, returning the closest version; found: 126; Please update to a Selenium version that supports CDP version 127
]]></system-err>
  </testcase>
  <testcase name="verifyMerchantListVisibilityAndClickability" classname="tests.MerchantListTest" time="3.234">
    <system-err><![CDATA[Jul 30, 2024 1:50:23 PM org.openqa.selenium.devtools.CdpVersionFinder findNearestMatch
WARNING: Unable to find an exact match for CDP version 127, returning the closest version; found: 126; Please update to a Selenium version that supports CDP version 127
]]></system-err>
  </testcase>
  <testcase name="VerifyEmptyFields" classname="tests.MerchatOnboardTest" time="0.362">
    <system-err><![CDATA[Jul 30, 2024 1:50:40 PM org.openqa.selenium.devtools.CdpVersionFinder findNearestMatch
WARNING: Unable to find an exact match for CDP version 127, returning the closest version; found: 126; Please update to a Selenium version that supports CDP version 127
]]></system-err>
  </testcase>
  <testcase name="testClickPersonalDetailsTab" classname="tests.MerchatOnboardTest" time="14.734">
    <system-out><![CDATA[Expected condition failed: waiting for visibility of element located by By.xpath: //input[@placeholder='Password'] (tried for 10 second(s) with 500 milliseconds interval)
Build info: version: '4.22.0', revision: 'c5f3146703*'
System info: os.name: 'Windows 11', os.arch: 'amd64', os.version: '10.0', java.version: '21.0.3'
Driver info: org.openqa.selenium.chrome.ChromeDriver
Capabilities {acceptInsecureCerts: false, browserName: chrome, browserVersion: 127.0.6533.72, chrome: {chromedriverVersion: 127.0.6533.72 (9755e24ca85a..., userDataDir: C:\Windows\SystemTemp\scope...}, fedcm:accounts: true, goog:chromeOptions: {debuggerAddress: localhost:64104}, networkConnectionEnabled: false, pageLoadStrategy: normal, platformName: windows, proxy: Proxy(), se:cdp: ws://localhost:64104/devtoo..., se:cdpVersion: 127.0.6533.72, setWindowRect: true, strictFileInteractability: false, timeouts: {implicit: 0, pageLoad: 300000, script: 30000}, unhandledPromptBehavior: dismiss and notify, webauthn:extension:credBlob: true, webauthn:extension:largeBlob: true, webauthn:extension:minPinLength: true, webauthn:extension:prf: true, webauthn:virtualAuthenticators: true}
Session ID: f426961ae974e8a9d61998e0ba08eeff
]]></system-out>
    <system-err><![CDATA[Jul 30, 2024 1:51:00 PM org.openqa.selenium.devtools.CdpVersionFinder findNearestMatch
WARNING: Unable to find an exact match for CDP version 127, returning the closest version; found: 126; Please update to a Selenium version that supports CDP version 127
]]></system-err>
  </testcase>
  <testcase name="testEnterValidDetailsAndClickNext" classname="tests.MerchatOnboardTest" time="2.954">
    <system-out><![CDATA[Alert message: Step One Completed Successfully!!
https://stageadmin.appxpay.com/onboarding/aftxjcqenf/838
AppXpay
]]></system-out>
    <system-err><![CDATA[Jul 30, 2024 1:51:26 PM org.openqa.selenium.devtools.CdpVersionFinder findNearestMatch
WARNING: Unable to find an exact match for CDP version 127, returning the closest version; found: 126; Please update to a Selenium version that supports CDP version 127
]]></system-err>
  </testcase>
  <testcase name="setPage" classname="tests.MerchatOnboardTest" time="12.929">
    <failure message="element not interactable&#10;  (Session info: chrome=127.0.6533.72)&#10;Build info: version: &apos;4.22.0&apos;, revision: &apos;c5f3146703*&apos;&#10;System info: os.name: &apos;Windows 11&apos;, os.arch: &apos;amd64&apos;, os.version: &apos;10.0&apos;, java.version: &apos;21.0.3&apos;&#10;Driver info: org.openqa.selenium.chrome.ChromeDriver&#10;Command: [5a836f75f4696d218d58fbd8f750f063, clickElement {id=f.7477D7BC3C3E3C0DFF133CA4236A1FFD.d.1D95BCB9DD7F403F0A0B5F9D43B76569.e.30}]&#10;Capabilities {acceptInsecureCerts: false, browserName: chrome, browserVersion: 127.0.6533.72, chrome: {chromedriverVersion: 127.0.6533.72 (9755e24ca85a..., userDataDir: C:\Windows\SystemTemp\scope...}, fedcm:accounts: true, goog:chromeOptions: {debuggerAddress: localhost:64201}, networkConnectionEnabled: false, pageLoadStrategy: normal, platformName: windows, proxy: Proxy(), se:cdp: ws://localhost:64201/devtoo..., se:cdpVersion: 127.0.6533.72, setWindowRect: true, strictFileInteractability: false, timeouts: {implicit: 0, pageLoad: 300000, script: 30000}, unhandledPromptBehavior: dismiss and notify, webauthn:extension:credBlob: true, webauthn:extension:largeBlob: true, webauthn:extension:minPinLength: true, webauthn:extension:prf: true, webauthn:virtualAuthenticators: true}&#10;Element: [[ChromeDriver: chrome on windows (5a836f75f4696d218d58fbd8f750f063)] -&gt; id: otp-match-now]&#10;Session ID: 5a836f75f4696d218d58fbd8f750f063" type="org.openqa.selenium.ElementNotInteractableException"><![CDATA[org.openqa.selenium.ElementNotInteractableException: 
element not interactable
  (Session info: chrome=127.0.6533.72)
Build info: version: '4.22.0', revision: 'c5f3146703*'
System info: os.name: 'Windows 11', os.arch: 'amd64', os.version: '10.0', java.version: '21.0.3'
Driver info: org.openqa.selenium.chrome.ChromeDriver
Command: [5a836f75f4696d218d58fbd8f750f063, clickElement {id=f.7477D7BC3C3E3C0DFF133CA4236A1FFD.d.1D95BCB9DD7F403F0A0B5F9D43B76569.e.30}]
Capabilities {acceptInsecureCerts: false, browserName: chrome, browserVersion: 127.0.6533.72, chrome: {chromedriverVersion: 127.0.6533.72 (9755e24ca85a..., userDataDir: C:\Windows\SystemTemp\scope...}, fedcm:accounts: true, goog:chromeOptions: {debuggerAddress: localhost:64201}, networkConnectionEnabled: false, pageLoadStrategy: normal, platformName: windows, proxy: Proxy(), se:cdp: ws://localhost:64201/devtoo..., se:cdpVersion: 127.0.6533.72, setWindowRect: true, strictFileInteractability: false, timeouts: {implicit: 0, pageLoad: 300000, script: 30000}, unhandledPromptBehavior: dismiss and notify, webauthn:extension:credBlob: true, webauthn:extension:largeBlob: true, webauthn:extension:minPinLength: true, webauthn:extension:prf: true, webauthn:virtualAuthenticators: true}
Element: [[ChromeDriver: chrome on windows (5a836f75f4696d218d58fbd8f750f063)] -> id: otp-match-now]
Session ID: 5a836f75f4696d218d58fbd8f750f063
	at java.base/jdk.internal.reflect.DirectConstructorHandleAccessor.newInstance(DirectConstructorHandleAccessor.java:62)
	at java.base/java.lang.reflect.Constructor.newInstanceWithCaller(Constructor.java:502)
	at java.base/java.lang.reflect.Constructor.newInstance(Constructor.java:486)
	at org.openqa.selenium.remote.ErrorCodec.decode(ErrorCodec.java:167)
	at org.openqa.selenium.remote.codec.w3c.W3CHttpResponseCodec.decode(W3CHttpResponseCodec.java:138)
	at org.openqa.selenium.remote.codec.w3c.W3CHttpResponseCodec.decode(W3CHttpResponseCodec.java:50)
	at org.openqa.selenium.remote.HttpCommandExecutor.execute(HttpCommandExecutor.java:190)
	at org.openqa.selenium.remote.service.DriverCommandExecutor.invokeExecute(DriverCommandExecutor.java:216)
	at org.openqa.selenium.remote.service.DriverCommandExecutor.execute(DriverCommandExecutor.java:174)
	at org.openqa.selenium.remote.RemoteWebDriver.execute(RemoteWebDriver.java:518)
	at org.openqa.selenium.remote.RemoteWebElement.execute(RemoteWebElement.java:223)
	at org.openqa.selenium.remote.RemoteWebElement.click(RemoteWebElement.java:76)
	at pages.DashboardPage.enterSubmitbtn(DashboardPage.java:25)
	at tests.MerchatOnboardTest.setPage(MerchatOnboardTest.java:18)
	at java.base/jdk.internal.reflect.DirectMethodHandleAccessor.invoke(DirectMethodHandleAccessor.java:103)
	at java.base/java.lang.reflect.Method.invoke(Method.java:580)
	at org.testng.internal.invokers.MethodInvocationHelper.invokeMethod(MethodInvocationHelper.java:141)
	at org.testng.internal.invokers.MethodInvocationHelper.invokeMethodConsideringTimeout(MethodInvocationHelper.java:71)
	at org.testng.internal.invokers.ConfigInvoker.invokeConfigurationMethod(ConfigInvoker.java:400)
	at org.testng.internal.invokers.ConfigInvoker.invokeConfigurations(ConfigInvoker.java:333)
	at org.testng.internal.invokers.TestInvoker.runConfigMethods(TestInvoker.java:833)
	at org.testng.internal.invokers.TestInvoker.invokeMethod(TestInvoker.java:600)
	at org.testng.internal.invokers.TestInvoker.invokeTestMethod(TestInvoker.java:230)
	at org.testng.internal.invokers.MethodRunner.runInSequence(MethodRunner.java:63)
	at org.testng.internal.invokers.TestInvoker$MethodInvocationAgent.invoke(TestInvoker.java:992)
	at org.testng.internal.invokers.TestInvoker.invokeTestMethods(TestInvoker.java:203)
	at org.testng.internal.invokers.TestMethodWorker.invokeTestMethods(TestMethodWorker.java:154)
	at org.testng.internal.invokers.TestMethodWorker.run(TestMethodWorker.java:134)
	at java.base/java.util.ArrayList.forEach(ArrayList.java:1596)
	at org.testng.TestRunner.privateRun(TestRunner.java:739)
	at org.testng.TestRunner.run(TestRunner.java:614)
	at org.testng.SuiteRunner.runTest(SuiteRunner.java:421)
	at org.testng.SuiteRunner.runSequentially(SuiteRunner.java:413)
	at org.testng.SuiteRunner.privateRun(SuiteRunner.java:373)
	at org.testng.SuiteRunner.run(SuiteRunner.java:312)
	at org.testng.SuiteRunnerWorker.runSuite(SuiteRunnerWorker.java:52)
	at org.testng.SuiteRunnerWorker.run(SuiteRunnerWorker.java:95)
	at org.testng.TestNG.runSuitesSequentially(TestNG.java:1274)
	at org.testng.TestNG.runSuitesLocally(TestNG.java:1208)
	at org.testng.TestNG.runSuites(TestNG.java:1112)
	at org.testng.TestNG.run(TestNG.java:1079)
	at org.apache.maven.surefire.testng.TestNGExecutor.run(TestNGExecutor.java:155)
	at org.apache.maven.surefire.testng.TestNGDirectoryTestSuite.executeMulti(TestNGDirectoryTestSuite.java:169)
	at org.apache.maven.surefire.testng.TestNGDirectoryTestSuite.execute(TestNGDirectoryTestSuite.java:88)
	at org.apache.maven.surefire.testng.TestNGProvider.invoke(TestNGProvider.java:137)
	at org.apache.maven.surefire.booter.ForkedBooter.runSuitesInProcess(ForkedBooter.java:385)
	at org.apache.maven.surefire.booter.ForkedBooter.execute(ForkedBooter.java:162)
	at org.apache.maven.surefire.booter.ForkedBooter.run(ForkedBooter.java:507)
	at org.apache.maven.surefire.booter.ForkedBooter.main(ForkedBooter.java:495)
]]></failure>
    <system-err><![CDATA[Jul 30, 2024 1:51:41 PM org.openqa.selenium.devtools.CdpVersionFinder findNearestMatch
WARNING: Unable to find an exact match for CDP version 127, returning the closest version; found: 126; Please update to a Selenium version that supports CDP version 127
]]></system-err>
  </testcase>
  <testcase name="setPage" classname="tests.MerchatOnboardTest" time="0.0">
    <skipped/>
  </testcase>
  <testcase name="setPage" classname="tests.MerchatOnboardTest" time="0.0">
    <skipped/>
  </testcase>
  <testcase name="setPage" classname="tests.MerchatOnboardTest" time="0.0">
    <skipped/>
  </testcase>
  <testcase name="setPage" classname="tests.MerchatOnboardTest" time="0.0">
    <skipped/>
  </testcase>
  <testcase name="setPage" classname="tests.MerchatOnboardTest" time="0.0">
    <skipped/>
  </testcase>
  <testcase name="setPage" classname="tests.MerchatOnboardTest" time="0.0">
    <skipped/>
  </testcase>
  <testcase name="setPage" classname="tests.MerchatOnboardTest" time="0.0">
    <skipped/>
  </testcase>
  <testcase name="setPage" classname="tests.MerchatOnboardTest" time="0.0">
    <skipped/>
  </testcase>
  <testcase name="setPage" classname="tests.MerchatOnboardTest" time="0.0">
    <skipped/>
  </testcase>
  <testcase name="testExistingUsernameErrorMessage" classname="tests.MerchatOnboardTest" time="0.0">
    <skipped message="element not interactable&#10;  (Session info: chrome=127.0.6533.72)&#10;Build info: version: &apos;4.22.0&apos;, revision: &apos;c5f3146703*&apos;&#10;System info: os.name: &apos;Windows 11&apos;, os.arch: &apos;amd64&apos;, os.version: &apos;10.0&apos;, java.version: &apos;21.0.3&apos;&#10;Driver info: org.openqa.selenium.chrome.ChromeDriver&#10;Command: [5a836f75f4696d218d58fbd8f750f063, clickElement {id=f.7477D7BC3C3E3C0DFF133CA4236A1FFD.d.1D95BCB9DD7F403F0A0B5F9D43B76569.e.30}]&#10;Capabilities {acceptInsecureCerts: false, browserName: chrome, browserVersion: 127.0.6533.72, chrome: {chromedriverVersion: 127.0.6533.72 (9755e24ca85a..., userDataDir: C:\Windows\SystemTemp\scope...}, fedcm:accounts: true, goog:chromeOptions: {debuggerAddress: localhost:64201}, networkConnectionEnabled: false, pageLoadStrategy: normal, platformName: windows, proxy: Proxy(), se:cdp: ws://localhost:64201/devtoo..., se:cdpVersion: 127.0.6533.72, setWindowRect: true, strictFileInteractability: false, timeouts: {implicit: 0, pageLoad: 300000, script: 30000}, unhandledPromptBehavior: dismiss and notify, webauthn:extension:credBlob: true, webauthn:extension:largeBlob: true, webauthn:extension:minPinLength: true, webauthn:extension:prf: true, webauthn:virtualAuthenticators: true}&#10;Element: [[ChromeDriver: chrome on windows (5a836f75f4696d218d58fbd8f750f063)] -&gt; id: otp-match-now]&#10;Session ID: 5a836f75f4696d218d58fbd8f750f063"/>
  </testcase>
  <testcase name="tearDown" classname="tests.MerchatOnboardTest" time="0.0">
    <skipped/>
  </testcase>
  <testcase name="tearDown" classname="tests.MerchatOnboardTest" time="0.0">
    <skipped/>
  </testcase>
  <testcase name="tearDown" classname="tests.MerchatOnboardTest" time="0.0">
    <skipped/>
  </testcase>
  <testcase name="tearDown" classname="tests.MerchatOnboardTest" time="0.0">
    <skipped/>
  </testcase>
  <testcase name="tearDown" classname="tests.MerchatOnboardTest" time="0.0">
    <skipped/>
  </testcase>
  <testcase name="tearDown" classname="tests.MerchatOnboardTest" time="0.0">
    <skipped/>
  </testcase>
  <testcase name="tearDown" classname="tests.MerchatOnboardTest" time="0.0">
    <skipped/>
  </testcase>
  <testcase name="tearDown" classname="tests.MerchatOnboardTest" time="0.0">
    <skipped/>
  </testcase>
  <testcase name="tearDown" classname="tests.MerchatOnboardTest" time="0.0">
    <skipped/>
  </testcase>
  <testcase name="tearDown" classname="tests.MerchatOnboardTest" time="0.0">
    <skipped/>
  </testcase>
  <testcase name="setup" classname="tests.MerchatOnboardTest" time="0.0">
    <skipped/>
  </testcase>
  <testcase name="setup" classname="tests.MerchatOnboardTest" time="0.0">
    <skipped/>
  </testcase>
  <testcase name="setup" classname="tests.MerchatOnboardTest" time="0.0">
    <skipped/>
  </testcase>
  <testcase name="setup" classname="tests.MerchatOnboardTest" time="0.0">
    <skipped/>
  </testcase>
  <testcase name="setup" classname="tests.MerchatOnboardTest" time="0.0">
    <skipped/>
  </testcase>
  <testcase name="setup" classname="tests.MerchatOnboardTest" time="0.0">
    <skipped/>
  </testcase>
  <testcase name="setup" classname="tests.MerchatOnboardTest" time="0.0">
    <skipped/>
  </testcase>
  <testcase name="setup" classname="tests.MerchatOnboardTest" time="0.0">
    <skipped/>
  </testcase>
  <testcase name="setup" classname="tests.MerchatOnboardTest" time="0.0">
    <skipped/>
  </testcase>
  <testcase name="testInvalidEmailFormat" classname="tests.MerchatOnboardTest" time="0.0">
    <skipped message="element not interactable&#10;  (Session info: chrome=127.0.6533.72)&#10;Build info: version: &apos;4.22.0&apos;, revision: &apos;c5f3146703*&apos;&#10;System info: os.name: &apos;Windows 11&apos;, os.arch: &apos;amd64&apos;, os.version: &apos;10.0&apos;, java.version: &apos;21.0.3&apos;&#10;Driver info: org.openqa.selenium.chrome.ChromeDriver&#10;Command: [5a836f75f4696d218d58fbd8f750f063, clickElement {id=f.7477D7BC3C3E3C0DFF133CA4236A1FFD.d.1D95BCB9DD7F403F0A0B5F9D43B76569.e.30}]&#10;Capabilities {acceptInsecureCerts: false, browserName: chrome, browserVersion: 127.0.6533.72, chrome: {chromedriverVersion: 127.0.6533.72 (9755e24ca85a..., userDataDir: C:\Windows\SystemTemp\scope...}, fedcm:accounts: true, goog:chromeOptions: {debuggerAddress: localhost:64201}, networkConnectionEnabled: false, pageLoadStrategy: normal, platformName: windows, proxy: Proxy(), se:cdp: ws://localhost:64201/devtoo..., se:cdpVersion: 127.0.6533.72, setWindowRect: true, strictFileInteractability: false, timeouts: {implicit: 0, pageLoad: 300000, script: 30000}, unhandledPromptBehavior: dismiss and notify, webauthn:extension:credBlob: true, webauthn:extension:largeBlob: true, webauthn:extension:minPinLength: true, webauthn:extension:prf: true, webauthn:virtualAuthenticators: true}&#10;Element: [[ChromeDriver: chrome on windows (5a836f75f4696d218d58fbd8f750f063)] -&gt; id: otp-match-now]&#10;Session ID: 5a836f75f4696d218d58fbd8f750f063"/>
  </testcase>
  <testcase name="testInvalidMobileFormat" classname="tests.MerchatOnboardTest" time="0.0">
    <skipped message="element not interactable&#10;  (Session info: chrome=127.0.6533.72)&#10;Build info: version: &apos;4.22.0&apos;, revision: &apos;c5f3146703*&apos;&#10;System info: os.name: &apos;Windows 11&apos;, os.arch: &apos;amd64&apos;, os.version: &apos;10.0&apos;, java.version: &apos;21.0.3&apos;&#10;Driver info: org.openqa.selenium.chrome.ChromeDriver&#10;Command: [5a836f75f4696d218d58fbd8f750f063, clickElement {id=f.7477D7BC3C3E3C0DFF133CA4236A1FFD.d.1D95BCB9DD7F403F0A0B5F9D43B76569.e.30}]&#10;Capabilities {acceptInsecureCerts: false, browserName: chrome, browserVersion: 127.0.6533.72, chrome: {chromedriverVersion: 127.0.6533.72 (9755e24ca85a..., userDataDir: C:\Windows\SystemTemp\scope...}, fedcm:accounts: true, goog:chromeOptions: {debuggerAddress: localhost:64201}, networkConnectionEnabled: false, pageLoadStrategy: normal, platformName: windows, proxy: Proxy(), se:cdp: ws://localhost:64201/devtoo..., se:cdpVersion: 127.0.6533.72, setWindowRect: true, strictFileInteractability: false, timeouts: {implicit: 0, pageLoad: 300000, script: 30000}, unhandledPromptBehavior: dismiss and notify, webauthn:extension:credBlob: true, webauthn:extension:largeBlob: true, webauthn:extension:minPinLength: true, webauthn:extension:prf: true, webauthn:virtualAuthenticators: true}&#10;Element: [[ChromeDriver: chrome on windows (5a836f75f4696d218d58fbd8f750f063)] -&gt; id: otp-match-now]&#10;Session ID: 5a836f75f4696d218d58fbd8f750f063"/>
  </testcase>
  <testcase name="testMerchantRegisterLink" classname="tests.MerchatOnboardTest" time="0.0">
    <skipped message="element not interactable&#10;  (Session info: chrome=127.0.6533.72)&#10;Build info: version: &apos;4.22.0&apos;, revision: &apos;c5f3146703*&apos;&#10;System info: os.name: &apos;Windows 11&apos;, os.arch: &apos;amd64&apos;, os.version: &apos;10.0&apos;, java.version: &apos;21.0.3&apos;&#10;Driver info: org.openqa.selenium.chrome.ChromeDriver&#10;Command: [5a836f75f4696d218d58fbd8f750f063, clickElement {id=f.7477D7BC3C3E3C0DFF133CA4236A1FFD.d.1D95BCB9DD7F403F0A0B5F9D43B76569.e.30}]&#10;Capabilities {acceptInsecureCerts: false, browserName: chrome, browserVersion: 127.0.6533.72, chrome: {chromedriverVersion: 127.0.6533.72 (9755e24ca85a..., userDataDir: C:\Windows\SystemTemp\scope...}, fedcm:accounts: true, goog:chromeOptions: {debuggerAddress: localhost:64201}, networkConnectionEnabled: false, pageLoadStrategy: normal, platformName: windows, proxy: Proxy(), se:cdp: ws://localhost:64201/devtoo..., se:cdpVersion: 127.0.6533.72, setWindowRect: true, strictFileInteractability: false, timeouts: {implicit: 0, pageLoad: 300000, script: 30000}, unhandledPromptBehavior: dismiss and notify, webauthn:extension:credBlob: true, webauthn:extension:largeBlob: true, webauthn:extension:minPinLength: true, webauthn:extension:prf: true, webauthn:virtualAuthenticators: true}&#10;Element: [[ChromeDriver: chrome on windows (5a836f75f4696d218d58fbd8f750f063)] -&gt; id: otp-match-now]&#10;Session ID: 5a836f75f4696d218d58fbd8f750f063"/>
  </testcase>
  <testcase name="testNumericAndSpecialCharactersInFields" classname="tests.MerchatOnboardTest" time="0.0">
    <skipped message="element not interactable&#10;  (Session info: chrome=127.0.6533.72)&#10;Build info: version: &apos;4.22.0&apos;, revision: &apos;c5f3146703*&apos;&#10;System info: os.name: &apos;Windows 11&apos;, os.arch: &apos;amd64&apos;, os.version: &apos;10.0&apos;, java.version: &apos;21.0.3&apos;&#10;Driver info: org.openqa.selenium.chrome.ChromeDriver&#10;Command: [5a836f75f4696d218d58fbd8f750f063, clickElement {id=f.7477D7BC3C3E3C0DFF133CA4236A1FFD.d.1D95BCB9DD7F403F0A0B5F9D43B76569.e.30}]&#10;Capabilities {acceptInsecureCerts: false, browserName: chrome, browserVersion: 127.0.6533.72, chrome: {chromedriverVersion: 127.0.6533.72 (9755e24ca85a..., userDataDir: C:\Windows\SystemTemp\scope...}, fedcm:accounts: true, goog:chromeOptions: {debuggerAddress: localhost:64201}, networkConnectionEnabled: false, pageLoadStrategy: normal, platformName: windows, proxy: Proxy(), se:cdp: ws://localhost:64201/devtoo..., se:cdpVersion: 127.0.6533.72, setWindowRect: true, strictFileInteractability: false, timeouts: {implicit: 0, pageLoad: 300000, script: 30000}, unhandledPromptBehavior: dismiss and notify, webauthn:extension:credBlob: true, webauthn:extension:largeBlob: true, webauthn:extension:minPinLength: true, webauthn:extension:prf: true, webauthn:virtualAuthenticators: true}&#10;Element: [[ChromeDriver: chrome on windows (5a836f75f4696d218d58fbd8f750f063)] -&gt; id: otp-match-now]&#10;Session ID: 5a836f75f4696d218d58fbd8f750f063"/>
  </testcase>
  <testcase name="testPasswordAndEyeIcon" classname="tests.MerchatOnboardTest" time="0.0">
    <skipped message="element not interactable&#10;  (Session info: chrome=127.0.6533.72)&#10;Build info: version: &apos;4.22.0&apos;, revision: &apos;c5f3146703*&apos;&#10;System info: os.name: &apos;Windows 11&apos;, os.arch: &apos;amd64&apos;, os.version: &apos;10.0&apos;, java.version: &apos;21.0.3&apos;&#10;Driver info: org.openqa.selenium.chrome.ChromeDriver&#10;Command: [5a836f75f4696d218d58fbd8f750f063, clickElement {id=f.7477D7BC3C3E3C0DFF133CA4236A1FFD.d.1D95BCB9DD7F403F0A0B5F9D43B76569.e.30}]&#10;Capabilities {acceptInsecureCerts: false, browserName: chrome, browserVersion: 127.0.6533.72, chrome: {chromedriverVersion: 127.0.6533.72 (9755e24ca85a..., userDataDir: C:\Windows\SystemTemp\scope...}, fedcm:accounts: true, goog:chromeOptions: {debuggerAddress: localhost:64201}, networkConnectionEnabled: false, pageLoadStrategy: normal, platformName: windows, proxy: Proxy(), se:cdp: ws://localhost:64201/devtoo..., se:cdpVersion: 127.0.6533.72, setWindowRect: true, strictFileInteractability: false, timeouts: {implicit: 0, pageLoad: 300000, script: 30000}, unhandledPromptBehavior: dismiss and notify, webauthn:extension:credBlob: true, webauthn:extension:largeBlob: true, webauthn:extension:minPinLength: true, webauthn:extension:prf: true, webauthn:virtualAuthenticators: true}&#10;Element: [[ChromeDriver: chrome on windows (5a836f75f4696d218d58fbd8f750f063)] -&gt; id: otp-match-now]&#10;Session ID: 5a836f75f4696d218d58fbd8f750f063"/>
  </testcase>
  <testcase name="testValidDetailsAndDraft" classname="tests.MerchatOnboardTest" time="0.0">
    <skipped message="element not interactable&#10;  (Session info: chrome=127.0.6533.72)&#10;Build info: version: &apos;4.22.0&apos;, revision: &apos;c5f3146703*&apos;&#10;System info: os.name: &apos;Windows 11&apos;, os.arch: &apos;amd64&apos;, os.version: &apos;10.0&apos;, java.version: &apos;21.0.3&apos;&#10;Driver info: org.openqa.selenium.chrome.ChromeDriver&#10;Command: [5a836f75f4696d218d58fbd8f750f063, clickElement {id=f.7477D7BC3C3E3C0DFF133CA4236A1FFD.d.1D95BCB9DD7F403F0A0B5F9D43B76569.e.30}]&#10;Capabilities {acceptInsecureCerts: false, browserName: chrome, browserVersion: 127.0.6533.72, chrome: {chromedriverVersion: 127.0.6533.72 (9755e24ca85a..., userDataDir: C:\Windows\SystemTemp\scope...}, fedcm:accounts: true, goog:chromeOptions: {debuggerAddress: localhost:64201}, networkConnectionEnabled: false, pageLoadStrategy: normal, platformName: windows, proxy: Proxy(), se:cdp: ws://localhost:64201/devtoo..., se:cdpVersion: 127.0.6533.72, setWindowRect: true, strictFileInteractability: false, timeouts: {implicit: 0, pageLoad: 300000, script: 30000}, unhandledPromptBehavior: dismiss and notify, webauthn:extension:credBlob: true, webauthn:extension:largeBlob: true, webauthn:extension:minPinLength: true, webauthn:extension:prf: true, webauthn:virtualAuthenticators: true}&#10;Element: [[ChromeDriver: chrome on windows (5a836f75f4696d218d58fbd8f750f063)] -&gt; id: otp-match-now]&#10;Session ID: 5a836f75f4696d218d58fbd8f750f063"/>
  </testcase>
  <testcase name="testWeakPassword" classname="tests.MerchatOnboardTest" time="0.0">
    <skipped message="element not interactable&#10;  (Session info: chrome=127.0.6533.72)&#10;Build info: version: &apos;4.22.0&apos;, revision: &apos;c5f3146703*&apos;&#10;System info: os.name: &apos;Windows 11&apos;, os.arch: &apos;amd64&apos;, os.version: &apos;10.0&apos;, java.version: &apos;21.0.3&apos;&#10;Driver info: org.openqa.selenium.chrome.ChromeDriver&#10;Command: [5a836f75f4696d218d58fbd8f750f063, clickElement {id=f.7477D7BC3C3E3C0DFF133CA4236A1FFD.d.1D95BCB9DD7F403F0A0B5F9D43B76569.e.30}]&#10;Capabilities {acceptInsecureCerts: false, browserName: chrome, browserVersion: 127.0.6533.72, chrome: {chromedriverVersion: 127.0.6533.72 (9755e24ca85a..., userDataDir: C:\Windows\SystemTemp\scope...}, fedcm:accounts: true, goog:chromeOptions: {debuggerAddress: localhost:64201}, networkConnectionEnabled: false, pageLoadStrategy: normal, platformName: windows, proxy: Proxy(), se:cdp: ws://localhost:64201/devtoo..., se:cdpVersion: 127.0.6533.72, setWindowRect: true, strictFileInteractability: false, timeouts: {implicit: 0, pageLoad: 300000, script: 30000}, unhandledPromptBehavior: dismiss and notify, webauthn:extension:credBlob: true, webauthn:extension:largeBlob: true, webauthn:extension:minPinLength: true, webauthn:extension:prf: true, webauthn:virtualAuthenticators: true}&#10;Element: [[ChromeDriver: chrome on windows (5a836f75f4696d218d58fbd8f750f063)] -&gt; id: otp-match-now]&#10;Session ID: 5a836f75f4696d218d58fbd8f750f063"/>
  </testcase>
  <testcase name="verifyDraftButtonWithEmptyMandatoryFields" classname="tests.MerchatOnboardTest" time="0.0">
    <skipped message="element not interactable&#10;  (Session info: chrome=127.0.6533.72)&#10;Build info: version: &apos;4.22.0&apos;, revision: &apos;c5f3146703*&apos;&#10;System info: os.name: &apos;Windows 11&apos;, os.arch: &apos;amd64&apos;, os.version: &apos;10.0&apos;, java.version: &apos;21.0.3&apos;&#10;Driver info: org.openqa.selenium.chrome.ChromeDriver&#10;Command: [5a836f75f4696d218d58fbd8f750f063, clickElement {id=f.7477D7BC3C3E3C0DFF133CA4236A1FFD.d.1D95BCB9DD7F403F0A0B5F9D43B76569.e.30}]&#10;Capabilities {acceptInsecureCerts: false, browserName: chrome, browserVersion: 127.0.6533.72, chrome: {chromedriverVersion: 127.0.6533.72 (9755e24ca85a..., userDataDir: C:\Windows\SystemTemp\scope...}, fedcm:accounts: true, goog:chromeOptions: {debuggerAddress: localhost:64201}, networkConnectionEnabled: false, pageLoadStrategy: normal, platformName: windows, proxy: Proxy(), se:cdp: ws://localhost:64201/devtoo..., se:cdpVersion: 127.0.6533.72, setWindowRect: true, strictFileInteractability: false, timeouts: {implicit: 0, pageLoad: 300000, script: 30000}, unhandledPromptBehavior: dismiss and notify, webauthn:extension:credBlob: true, webauthn:extension:largeBlob: true, webauthn:extension:minPinLength: true, webauthn:extension:prf: true, webauthn:virtualAuthenticators: true}&#10;Element: [[ChromeDriver: chrome on windows (5a836f75f4696d218d58fbd8f750f063)] -&gt; id: otp-match-now]&#10;Session ID: 5a836f75f4696d218d58fbd8f750f063"/>
  </testcase>
  <testcase name="verifyMerchantOnboardingLink" classname="tests.MerchatOnboardTest" time="0.0">
    <skipped message="element not interactable&#10;  (Session info: chrome=127.0.6533.72)&#10;Build info: version: &apos;4.22.0&apos;, revision: &apos;c5f3146703*&apos;&#10;System info: os.name: &apos;Windows 11&apos;, os.arch: &apos;amd64&apos;, os.version: &apos;10.0&apos;, java.version: &apos;21.0.3&apos;&#10;Driver info: org.openqa.selenium.chrome.ChromeDriver&#10;Command: [5a836f75f4696d218d58fbd8f750f063, clickElement {id=f.7477D7BC3C3E3C0DFF133CA4236A1FFD.d.1D95BCB9DD7F403F0A0B5F9D43B76569.e.30}]&#10;Capabilities {acceptInsecureCerts: false, browserName: chrome, browserVersion: 127.0.6533.72, chrome: {chromedriverVersion: 127.0.6533.72 (9755e24ca85a..., userDataDir: C:\Windows\SystemTemp\scope...}, fedcm:accounts: true, goog:chromeOptions: {debuggerAddress: localhost:64201}, networkConnectionEnabled: false, pageLoadStrategy: normal, platformName: windows, proxy: Proxy(), se:cdp: ws://localhost:64201/devtoo..., se:cdpVersion: 127.0.6533.72, setWindowRect: true, strictFileInteractability: false, timeouts: {implicit: 0, pageLoad: 300000, script: 30000}, unhandledPromptBehavior: dismiss and notify, webauthn:extension:credBlob: true, webauthn:extension:largeBlob: true, webauthn:extension:minPinLength: true, webauthn:extension:prf: true, webauthn:virtualAuthenticators: true}&#10;Element: [[ChromeDriver: chrome on windows (5a836f75f4696d218d58fbd8f750f063)] -&gt; id: otp-match-now]&#10;Session ID: 5a836f75f4696d218d58fbd8f750f063"/>
  </testcase>
  <testcase name="testDropdownDisplaysAllOptions" classname="tests.transactionTest" time="1.174">
    <system-err><![CDATA[Jul 30, 2024 1:51:48 PM org.openqa.selenium.devtools.CdpVersionFinder findNearestMatch
WARNING: Unable to find an exact match for CDP version 127, returning the closest version; found: 126; Please update to a Selenium version that supports CDP version 127
]]></system-err>
  </testcase>
  <testcase name="testSelectCancelledStatusAndDate" classname="tests.transactionTest" time="33.169">
    <system-err><![CDATA[Jul 30, 2024 1:52:01 PM org.openqa.selenium.devtools.CdpVersionFinder findNearestMatch
WARNING: Unable to find an exact match for CDP version 127, returning the closest version; found: 126; Please update to a Selenium version that supports CDP version 127
]]></system-err>
  </testcase>
  <testcase name="testSelectCompanyAndVerifyDetails" classname="tests.transactionTest" time="11.011">
    <failure message="no such element: Unable to locate element: {&quot;method&quot;:&quot;xpath&quot;,&quot;selector&quot;:&quot;//td[2]&quot;}&#10;  (Session info: chrome=127.0.6533.72)&#10;For documentation on this error, please visit: https://www.selenium.dev/documentation/webdriver/troubleshooting/errors#no-such-element-exception&#10;Build info: version: &apos;4.22.0&apos;, revision: &apos;c5f3146703*&apos;&#10;System info: os.name: &apos;Windows 11&apos;, os.arch: &apos;amd64&apos;, os.version: &apos;10.0&apos;, java.version: &apos;21.0.3&apos;&#10;Driver info: org.openqa.selenium.chrome.ChromeDriver&#10;Command: [92b42fdfd269287a90f3d19988e68bd1, findChildElement {id=f.8CB4CE5929CC47B7B2310F1DD75C3C47.d.8A6140F99807355276EAF19587B7895C.e.169, value=//td[2], using=xpath}]&#10;Capabilities {acceptInsecureCerts: false, browserName: chrome, browserVersion: 127.0.6533.72, chrome: {chromedriverVersion: 127.0.6533.72 (9755e24ca85a..., userDataDir: C:\Windows\SystemTemp\scope...}, fedcm:accounts: true, goog:chromeOptions: {debuggerAddress: localhost:64323}, networkConnectionEnabled: false, pageLoadStrategy: normal, platformName: windows, proxy: Proxy(), se:cdp: ws://localhost:64323/devtoo..., se:cdpVersion: 127.0.6533.72, setWindowRect: true, strictFileInteractability: false, timeouts: {implicit: 0, pageLoad: 300000, script: 30000}, unhandledPromptBehavior: dismiss and notify, webauthn:extension:credBlob: true, webauthn:extension:largeBlob: true, webauthn:extension:minPinLength: true, webauthn:extension:prf: true, webauthn:virtualAuthenticators: true}&#10;Session ID: 92b42fdfd269287a90f3d19988e68bd1" type="org.openqa.selenium.NoSuchElementException"><![CDATA[org.openqa.selenium.NoSuchElementException: 
no such element: Unable to locate element: {"method":"xpath","selector":"//td[2]"}
  (Session info: chrome=127.0.6533.72)
For documentation on this error, please visit: https://www.selenium.dev/documentation/webdriver/troubleshooting/errors#no-such-element-exception
Build info: version: '4.22.0', revision: 'c5f3146703*'
System info: os.name: 'Windows 11', os.arch: 'amd64', os.version: '10.0', java.version: '21.0.3'
Driver info: org.openqa.selenium.chrome.ChromeDriver
Command: [92b42fdfd269287a90f3d19988e68bd1, findChildElement {id=f.8CB4CE5929CC47B7B2310F1DD75C3C47.d.8A6140F99807355276EAF19587B7895C.e.169, value=//td[2], using=xpath}]
Capabilities {acceptInsecureCerts: false, browserName: chrome, browserVersion: 127.0.6533.72, chrome: {chromedriverVersion: 127.0.6533.72 (9755e24ca85a..., userDataDir: C:\Windows\SystemTemp\scope...}, fedcm:accounts: true, goog:chromeOptions: {debuggerAddress: localhost:64323}, networkConnectionEnabled: false, pageLoadStrategy: normal, platformName: windows, proxy: Proxy(), se:cdp: ws://localhost:64323/devtoo..., se:cdpVersion: 127.0.6533.72, setWindowRect: true, strictFileInteractability: false, timeouts: {implicit: 0, pageLoad: 300000, script: 30000}, unhandledPromptBehavior: dismiss and notify, webauthn:extension:credBlob: true, webauthn:extension:largeBlob: true, webauthn:extension:minPinLength: true, webauthn:extension:prf: true, webauthn:virtualAuthenticators: true}
Session ID: 92b42fdfd269287a90f3d19988e68bd1
	at java.base/jdk.internal.reflect.DirectConstructorHandleAccessor.newInstance(DirectConstructorHandleAccessor.java:62)
	at java.base/java.lang.reflect.Constructor.newInstanceWithCaller(Constructor.java:502)
	at java.base/java.lang.reflect.Constructor.newInstance(Constructor.java:486)
	at org.openqa.selenium.remote.ErrorCodec.decode(ErrorCodec.java:167)
	at org.openqa.selenium.remote.codec.w3c.W3CHttpResponseCodec.decode(W3CHttpResponseCodec.java:138)
	at org.openqa.selenium.remote.codec.w3c.W3CHttpResponseCodec.decode(W3CHttpResponseCodec.java:50)
	at org.openqa.selenium.remote.HttpCommandExecutor.execute(HttpCommandExecutor.java:190)
	at org.openqa.selenium.remote.service.DriverCommandExecutor.invokeExecute(DriverCommandExecutor.java:216)
	at org.openqa.selenium.remote.service.DriverCommandExecutor.execute(DriverCommandExecutor.java:174)
	at org.openqa.selenium.remote.RemoteWebDriver.execute(RemoteWebDriver.java:518)
	at org.openqa.selenium.remote.ElementLocation$ElementFinder$2.findElement(ElementLocation.java:165)
	at org.openqa.selenium.remote.ElementLocation.findElement(ElementLocation.java:59)
	at org.openqa.selenium.remote.RemoteWebDriver.findElement(RemoteWebDriver.java:355)
	at org.openqa.selenium.remote.RemoteWebElement.findElement(RemoteWebElement.java:211)
	at pages.transcationPage.verifyCompanyDetails(transcationPage.java:244)
	at tests.transactionTest.testSelectCompanyAndVerifyDetails(transactionTest.java:78)
	at java.base/jdk.internal.reflect.DirectMethodHandleAccessor.invoke(DirectMethodHandleAccessor.java:103)
	at java.base/java.lang.reflect.Method.invoke(Method.java:580)
	at org.testng.internal.invokers.MethodInvocationHelper.invokeMethod(MethodInvocationHelper.java:141)
	at org.testng.internal.invokers.TestInvoker.invokeMethod(TestInvoker.java:686)
	at org.testng.internal.invokers.TestInvoker.invokeTestMethod(TestInvoker.java:230)
	at org.testng.internal.invokers.MethodRunner.runInSequence(MethodRunner.java:63)
	at org.testng.internal.invokers.TestInvoker$MethodInvocationAgent.invoke(TestInvoker.java:992)
	at org.testng.internal.invokers.TestInvoker.invokeTestMethods(TestInvoker.java:203)
	at org.testng.internal.invokers.TestMethodWorker.invokeTestMethods(TestMethodWorker.java:154)
	at org.testng.internal.invokers.TestMethodWorker.run(TestMethodWorker.java:134)
	at java.base/java.util.ArrayList.forEach(ArrayList.java:1596)
	at org.testng.TestRunner.privateRun(TestRunner.java:739)
	at org.testng.TestRunner.run(TestRunner.java:614)
	at org.testng.SuiteRunner.runTest(SuiteRunner.java:421)
	at org.testng.SuiteRunner.runSequentially(SuiteRunner.java:413)
	at org.testng.SuiteRunner.privateRun(SuiteRunner.java:373)
	at org.testng.SuiteRunner.run(SuiteRunner.java:312)
	at org.testng.SuiteRunnerWorker.runSuite(SuiteRunnerWorker.java:52)
	at org.testng.SuiteRunnerWorker.run(SuiteRunnerWorker.java:95)
	at org.testng.TestNG.runSuitesSequentially(TestNG.java:1274)
	at org.testng.TestNG.runSuitesLocally(TestNG.java:1208)
	at org.testng.TestNG.runSuites(TestNG.java:1112)
	at org.testng.TestNG.run(TestNG.java:1079)
	at org.apache.maven.surefire.testng.TestNGExecutor.run(TestNGExecutor.java:155)
	at org.apache.maven.surefire.testng.TestNGDirectoryTestSuite.executeMulti(TestNGDirectoryTestSuite.java:169)
	at org.apache.maven.surefire.testng.TestNGDirectoryTestSuite.execute(TestNGDirectoryTestSuite.java:88)
	at org.apache.maven.surefire.testng.TestNGProvider.invoke(TestNGProvider.java:137)
	at org.apache.maven.surefire.booter.ForkedBooter.runSuitesInProcess(ForkedBooter.java:385)
	at org.apache.maven.surefire.booter.ForkedBooter.execute(ForkedBooter.java:162)
	at org.apache.maven.surefire.booter.ForkedBooter.run(ForkedBooter.java:507)
	at org.apache.maven.surefire.booter.ForkedBooter.main(ForkedBooter.java:495)
]]></failure>
    <system-err><![CDATA[Jul 30, 2024 1:52:47 PM org.openqa.selenium.devtools.CdpVersionFinder findNearestMatch
WARNING: Unable to find an exact match for CDP version 127, returning the closest version; found: 126; Please update to a Selenium version that supports CDP version 127
]]></system-err>
  </testcase>
  <testcase name="vendorList" classname="tests.transactionTest" time="21.654">
    <failure message="element not interactable&#10;  (Session info: chrome=127.0.6533.72)&#10;Build info: version: &apos;4.22.0&apos;, revision: &apos;c5f3146703*&apos;&#10;System info: os.name: &apos;Windows 11&apos;, os.arch: &apos;amd64&apos;, os.version: &apos;10.0&apos;, java.version: &apos;21.0.3&apos;&#10;Driver info: org.openqa.selenium.chrome.ChromeDriver&#10;Command: [6cc8ca229c5ddc072303061ef1942f4e, clickElement {id=f.879E83DD9A76A86BB62E85D15DB76E81.d.F1E0AA2E211AF9110AC8EF765CC9ABE7.e.30}]&#10;Capabilities {acceptInsecureCerts: false, browserName: chrome, browserVersion: 127.0.6533.72, chrome: {chromedriverVersion: 127.0.6533.72 (9755e24ca85a..., userDataDir: C:\Windows\SystemTemp\scope...}, fedcm:accounts: true, goog:chromeOptions: {debuggerAddress: localhost:64371}, networkConnectionEnabled: false, pageLoadStrategy: normal, platformName: windows, proxy: Proxy(), se:cdp: ws://localhost:64371/devtoo..., se:cdpVersion: 127.0.6533.72, setWindowRect: true, strictFileInteractability: false, timeouts: {implicit: 0, pageLoad: 300000, script: 30000}, unhandledPromptBehavior: dismiss and notify, webauthn:extension:credBlob: true, webauthn:extension:largeBlob: true, webauthn:extension:minPinLength: true, webauthn:extension:prf: true, webauthn:virtualAuthenticators: true}&#10;Element: [[ChromeDriver: chrome on windows (6cc8ca229c5ddc072303061ef1942f4e)] -&gt; id: otp-match-now]&#10;Session ID: 6cc8ca229c5ddc072303061ef1942f4e" type="org.openqa.selenium.ElementNotInteractableException"><![CDATA[org.openqa.selenium.ElementNotInteractableException: 
element not interactable
  (Session info: chrome=127.0.6533.72)
Build info: version: '4.22.0', revision: 'c5f3146703*'
System info: os.name: 'Windows 11', os.arch: 'amd64', os.version: '10.0', java.version: '21.0.3'
Driver info: org.openqa.selenium.chrome.ChromeDriver
Command: [6cc8ca229c5ddc072303061ef1942f4e, clickElement {id=f.879E83DD9A76A86BB62E85D15DB76E81.d.F1E0AA2E211AF9110AC8EF765CC9ABE7.e.30}]
Capabilities {acceptInsecureCerts: false, browserName: chrome, browserVersion: 127.0.6533.72, chrome: {chromedriverVersion: 127.0.6533.72 (9755e24ca85a..., userDataDir: C:\Windows\SystemTemp\scope...}, fedcm:accounts: true, goog:chromeOptions: {debuggerAddress: localhost:64371}, networkConnectionEnabled: false, pageLoadStrategy: normal, platformName: windows, proxy: Proxy(), se:cdp: ws://localhost:64371/devtoo..., se:cdpVersion: 127.0.6533.72, setWindowRect: true, strictFileInteractability: false, timeouts: {implicit: 0, pageLoad: 300000, script: 30000}, unhandledPromptBehavior: dismiss and notify, webauthn:extension:credBlob: true, webauthn:extension:largeBlob: true, webauthn:extension:minPinLength: true, webauthn:extension:prf: true, webauthn:virtualAuthenticators: true}
Element: [[ChromeDriver: chrome on windows (6cc8ca229c5ddc072303061ef1942f4e)] -> id: otp-match-now]
Session ID: 6cc8ca229c5ddc072303061ef1942f4e
	at java.base/jdk.internal.reflect.DirectConstructorHandleAccessor.newInstance(DirectConstructorHandleAccessor.java:62)
	at java.base/java.lang.reflect.Constructor.newInstanceWithCaller(Constructor.java:502)
	at java.base/java.lang.reflect.Constructor.newInstance(Constructor.java:486)
	at org.openqa.selenium.remote.ErrorCodec.decode(ErrorCodec.java:167)
	at org.openqa.selenium.remote.codec.w3c.W3CHttpResponseCodec.decode(W3CHttpResponseCodec.java:138)
	at org.openqa.selenium.remote.codec.w3c.W3CHttpResponseCodec.decode(W3CHttpResponseCodec.java:50)
	at org.openqa.selenium.remote.HttpCommandExecutor.execute(HttpCommandExecutor.java:190)
	at org.openqa.selenium.remote.service.DriverCommandExecutor.invokeExecute(DriverCommandExecutor.java:216)
	at org.openqa.selenium.remote.service.DriverCommandExecutor.execute(DriverCommandExecutor.java:174)
	at org.openqa.selenium.remote.RemoteWebDriver.execute(RemoteWebDriver.java:518)
	at org.openqa.selenium.remote.RemoteWebElement.execute(RemoteWebElement.java:223)
	at org.openqa.selenium.remote.RemoteWebElement.click(RemoteWebElement.java:76)
	at pages.DashboardPage.enterSubmitbtn(DashboardPage.java:25)
	at tests.transactionTest.vendorList(transactionTest.java:17)
	at java.base/jdk.internal.reflect.DirectMethodHandleAccessor.invoke(DirectMethodHandleAccessor.java:103)
	at java.base/java.lang.reflect.Method.invoke(Method.java:580)
	at org.testng.internal.invokers.MethodInvocationHelper.invokeMethod(MethodInvocationHelper.java:141)
	at org.testng.internal.invokers.MethodInvocationHelper.invokeMethodConsideringTimeout(MethodInvocationHelper.java:71)
	at org.testng.internal.invokers.ConfigInvoker.invokeConfigurationMethod(ConfigInvoker.java:400)
	at org.testng.internal.invokers.ConfigInvoker.invokeConfigurations(ConfigInvoker.java:333)
	at org.testng.internal.invokers.TestInvoker.runConfigMethods(TestInvoker.java:833)
	at org.testng.internal.invokers.TestInvoker.invokeMethod(TestInvoker.java:600)
	at org.testng.internal.invokers.TestInvoker.invokeTestMethod(TestInvoker.java:230)
	at org.testng.internal.invokers.MethodRunner.runInSequence(MethodRunner.java:63)
	at org.testng.internal.invokers.TestInvoker$MethodInvocationAgent.invoke(TestInvoker.java:992)
	at org.testng.internal.invokers.TestInvoker.invokeTestMethods(TestInvoker.java:203)
	at org.testng.internal.invokers.TestMethodWorker.invokeTestMethods(TestMethodWorker.java:154)
	at org.testng.internal.invokers.TestMethodWorker.run(TestMethodWorker.java:134)
	at java.base/java.util.ArrayList.forEach(ArrayList.java:1596)
	at org.testng.TestRunner.privateRun(TestRunner.java:739)
	at org.testng.TestRunner.run(TestRunner.java:614)
	at org.testng.SuiteRunner.runTest(SuiteRunner.java:421)
	at org.testng.SuiteRunner.runSequentially(SuiteRunner.java:413)
	at org.testng.SuiteRunner.privateRun(SuiteRunner.java:373)
	at org.testng.SuiteRunner.run(SuiteRunner.java:312)
	at org.testng.SuiteRunnerWorker.runSuite(SuiteRunnerWorker.java:52)
	at org.testng.SuiteRunnerWorker.run(SuiteRunnerWorker.java:95)
	at org.testng.TestNG.runSuitesSequentially(TestNG.java:1274)
	at org.testng.TestNG.runSuitesLocally(TestNG.java:1208)
	at org.testng.TestNG.runSuites(TestNG.java:1112)
	at org.testng.TestNG.run(TestNG.java:1079)
	at org.apache.maven.surefire.testng.TestNGExecutor.run(TestNGExecutor.java:155)
	at org.apache.maven.surefire.testng.TestNGDirectoryTestSuite.executeMulti(TestNGDirectoryTestSuite.java:169)
	at org.apache.maven.surefire.testng.TestNGDirectoryTestSuite.execute(TestNGDirectoryTestSuite.java:88)
	at org.apache.maven.surefire.testng.TestNGProvider.invoke(TestNGProvider.java:137)
	at org.apache.maven.surefire.booter.ForkedBooter.runSuitesInProcess(ForkedBooter.java:385)
	at org.apache.maven.surefire.booter.ForkedBooter.execute(ForkedBooter.java:162)
	at org.apache.maven.surefire.booter.ForkedBooter.run(ForkedBooter.java:507)
	at org.apache.maven.surefire.booter.ForkedBooter.main(ForkedBooter.java:495)
]]></failure>
    <system-err><![CDATA[Jul 30, 2024 1:53:11 PM org.openqa.selenium.devtools.CdpVersionFinder findNearestMatch
WARNING: Unable to find an exact match for CDP version 127, returning the closest version; found: 126; Please update to a Selenium version that supports CDP version 127
]]></system-err>
  </testcase>
  <testcase name="vendorList" classname="tests.transactionTest" time="0.0">
    <skipped/>
  </testcase>
  <testcase name="vendorList" classname="tests.transactionTest" time="0.0">
    <skipped/>
  </testcase>
  <testcase name="vendorList" classname="tests.transactionTest" time="0.0">
    <skipped/>
  </testcase>
  <testcase name="vendorList" classname="tests.transactionTest" time="0.0">
    <skipped/>
  </testcase>
  <testcase name="vendorList" classname="tests.transactionTest" time="0.0">
    <skipped/>
  </testcase>
  <testcase name="vendorList" classname="tests.transactionTest" time="0.0">
    <skipped/>
  </testcase>
  <testcase name="testSelectDateAndcompanyInfo" classname="tests.transactionTest" time="0.0">
    <skipped message="element not interactable&#10;  (Session info: chrome=127.0.6533.72)&#10;Build info: version: &apos;4.22.0&apos;, revision: &apos;c5f3146703*&apos;&#10;System info: os.name: &apos;Windows 11&apos;, os.arch: &apos;amd64&apos;, os.version: &apos;10.0&apos;, java.version: &apos;21.0.3&apos;&#10;Driver info: org.openqa.selenium.chrome.ChromeDriver&#10;Command: [6cc8ca229c5ddc072303061ef1942f4e, clickElement {id=f.879E83DD9A76A86BB62E85D15DB76E81.d.F1E0AA2E211AF9110AC8EF765CC9ABE7.e.30}]&#10;Capabilities {acceptInsecureCerts: false, browserName: chrome, browserVersion: 127.0.6533.72, chrome: {chromedriverVersion: 127.0.6533.72 (9755e24ca85a..., userDataDir: C:\Windows\SystemTemp\scope...}, fedcm:accounts: true, goog:chromeOptions: {debuggerAddress: localhost:64371}, networkConnectionEnabled: false, pageLoadStrategy: normal, platformName: windows, proxy: Proxy(), se:cdp: ws://localhost:64371/devtoo..., se:cdpVersion: 127.0.6533.72, setWindowRect: true, strictFileInteractability: false, timeouts: {implicit: 0, pageLoad: 300000, script: 30000}, unhandledPromptBehavior: dismiss and notify, webauthn:extension:credBlob: true, webauthn:extension:largeBlob: true, webauthn:extension:minPinLength: true, webauthn:extension:prf: true, webauthn:virtualAuthenticators: true}&#10;Element: [[ChromeDriver: chrome on windows (6cc8ca229c5ddc072303061ef1942f4e)] -&gt; id: otp-match-now]&#10;Session ID: 6cc8ca229c5ddc072303061ef1942f4e"/>
  </testcase>
  <testcase name="tearDown" classname="tests.transactionTest" time="0.0">
    <skipped/>
  </testcase>
  <testcase name="tearDown" classname="tests.transactionTest" time="0.0">
    <skipped/>
  </testcase>
  <testcase name="tearDown" classname="tests.transactionTest" time="0.0">
    <skipped/>
  </testcase>
  <testcase name="tearDown" classname="tests.transactionTest" time="0.0">
    <skipped/>
  </testcase>
  <testcase name="tearDown" classname="tests.transactionTest" time="0.0">
    <skipped/>
  </testcase>
  <testcase name="tearDown" classname="tests.transactionTest" time="0.0">
    <skipped/>
  </testcase>
  <testcase name="tearDown" classname="tests.transactionTest" time="0.0">
    <skipped/>
  </testcase>
  <testcase name="setup" classname="tests.transactionTest" time="0.0">
    <skipped/>
  </testcase>
  <testcase name="setup" classname="tests.transactionTest" time="0.0">
    <skipped/>
  </testcase>
  <testcase name="setup" classname="tests.transactionTest" time="0.0">
    <skipped/>
  </testcase>
  <testcase name="setup" classname="tests.transactionTest" time="0.0">
    <skipped/>
  </testcase>
  <testcase name="setup" classname="tests.transactionTest" time="0.0">
    <skipped/>
  </testcase>
  <testcase name="setup" classname="tests.transactionTest" time="0.0">
    <skipped/>
  </testcase>
  <testcase name="testSelectDateField" classname="tests.transactionTest" time="0.0">
    <skipped message="element not interactable&#10;  (Session info: chrome=127.0.6533.72)&#10;Build info: version: &apos;4.22.0&apos;, revision: &apos;c5f3146703*&apos;&#10;System info: os.name: &apos;Windows 11&apos;, os.arch: &apos;amd64&apos;, os.version: &apos;10.0&apos;, java.version: &apos;21.0.3&apos;&#10;Driver info: org.openqa.selenium.chrome.ChromeDriver&#10;Command: [6cc8ca229c5ddc072303061ef1942f4e, clickElement {id=f.879E83DD9A76A86BB62E85D15DB76E81.d.F1E0AA2E211AF9110AC8EF765CC9ABE7.e.30}]&#10;Capabilities {acceptInsecureCerts: false, browserName: chrome, browserVersion: 127.0.6533.72, chrome: {chromedriverVersion: 127.0.6533.72 (9755e24ca85a..., userDataDir: C:\Windows\SystemTemp\scope...}, fedcm:accounts: true, goog:chromeOptions: {debuggerAddress: localhost:64371}, networkConnectionEnabled: false, pageLoadStrategy: normal, platformName: windows, proxy: Proxy(), se:cdp: ws://localhost:64371/devtoo..., se:cdpVersion: 127.0.6533.72, setWindowRect: true, strictFileInteractability: false, timeouts: {implicit: 0, pageLoad: 300000, script: 30000}, unhandledPromptBehavior: dismiss and notify, webauthn:extension:credBlob: true, webauthn:extension:largeBlob: true, webauthn:extension:minPinLength: true, webauthn:extension:prf: true, webauthn:virtualAuthenticators: true}&#10;Element: [[ChromeDriver: chrome on windows (6cc8ca229c5ddc072303061ef1942f4e)] -&gt; id: otp-match-now]&#10;Session ID: 6cc8ca229c5ddc072303061ef1942f4e"/>
  </testcase>
  <testcase name="testSelectFailedStatusAndDate" classname="tests.transactionTest" time="0.0">
    <skipped message="element not interactable&#10;  (Session info: chrome=127.0.6533.72)&#10;Build info: version: &apos;4.22.0&apos;, revision: &apos;c5f3146703*&apos;&#10;System info: os.name: &apos;Windows 11&apos;, os.arch: &apos;amd64&apos;, os.version: &apos;10.0&apos;, java.version: &apos;21.0.3&apos;&#10;Driver info: org.openqa.selenium.chrome.ChromeDriver&#10;Command: [6cc8ca229c5ddc072303061ef1942f4e, clickElement {id=f.879E83DD9A76A86BB62E85D15DB76E81.d.F1E0AA2E211AF9110AC8EF765CC9ABE7.e.30}]&#10;Capabilities {acceptInsecureCerts: false, browserName: chrome, browserVersion: 127.0.6533.72, chrome: {chromedriverVersion: 127.0.6533.72 (9755e24ca85a..., userDataDir: C:\Windows\SystemTemp\scope...}, fedcm:accounts: true, goog:chromeOptions: {debuggerAddress: localhost:64371}, networkConnectionEnabled: false, pageLoadStrategy: normal, platformName: windows, proxy: Proxy(), se:cdp: ws://localhost:64371/devtoo..., se:cdpVersion: 127.0.6533.72, setWindowRect: true, strictFileInteractability: false, timeouts: {implicit: 0, pageLoad: 300000, script: 30000}, unhandledPromptBehavior: dismiss and notify, webauthn:extension:credBlob: true, webauthn:extension:largeBlob: true, webauthn:extension:minPinLength: true, webauthn:extension:prf: true, webauthn:virtualAuthenticators: true}&#10;Element: [[ChromeDriver: chrome on windows (6cc8ca229c5ddc072303061ef1942f4e)] -&gt; id: otp-match-now]&#10;Session ID: 6cc8ca229c5ddc072303061ef1942f4e"/>
  </testcase>
  <testcase name="testSelectSuccessStatusAndDate" classname="tests.transactionTest" time="0.0">
    <skipped message="element not interactable&#10;  (Session info: chrome=127.0.6533.72)&#10;Build info: version: &apos;4.22.0&apos;, revision: &apos;c5f3146703*&apos;&#10;System info: os.name: &apos;Windows 11&apos;, os.arch: &apos;amd64&apos;, os.version: &apos;10.0&apos;, java.version: &apos;21.0.3&apos;&#10;Driver info: org.openqa.selenium.chrome.ChromeDriver&#10;Command: [6cc8ca229c5ddc072303061ef1942f4e, clickElement {id=f.879E83DD9A76A86BB62E85D15DB76E81.d.F1E0AA2E211AF9110AC8EF765CC9ABE7.e.30}]&#10;Capabilities {acceptInsecureCerts: false, browserName: chrome, browserVersion: 127.0.6533.72, chrome: {chromedriverVersion: 127.0.6533.72 (9755e24ca85a..., userDataDir: C:\Windows\SystemTemp\scope...}, fedcm:accounts: true, goog:chromeOptions: {debuggerAddress: localhost:64371}, networkConnectionEnabled: false, pageLoadStrategy: normal, platformName: windows, proxy: Proxy(), se:cdp: ws://localhost:64371/devtoo..., se:cdpVersion: 127.0.6533.72, setWindowRect: true, strictFileInteractability: false, timeouts: {implicit: 0, pageLoad: 300000, script: 30000}, unhandledPromptBehavior: dismiss and notify, webauthn:extension:credBlob: true, webauthn:extension:largeBlob: true, webauthn:extension:minPinLength: true, webauthn:extension:prf: true, webauthn:virtualAuthenticators: true}&#10;Element: [[ChromeDriver: chrome on windows (6cc8ca229c5ddc072303061ef1942f4e)] -&gt; id: otp-match-now]&#10;Session ID: 6cc8ca229c5ddc072303061ef1942f4e"/>
  </testcase>
  <testcase name="testSelectTamperedStatusAndDate" classname="tests.transactionTest" time="0.0">
    <skipped message="element not interactable&#10;  (Session info: chrome=127.0.6533.72)&#10;Build info: version: &apos;4.22.0&apos;, revision: &apos;c5f3146703*&apos;&#10;System info: os.name: &apos;Windows 11&apos;, os.arch: &apos;amd64&apos;, os.version: &apos;10.0&apos;, java.version: &apos;21.0.3&apos;&#10;Driver info: org.openqa.selenium.chrome.ChromeDriver&#10;Command: [6cc8ca229c5ddc072303061ef1942f4e, clickElement {id=f.879E83DD9A76A86BB62E85D15DB76E81.d.F1E0AA2E211AF9110AC8EF765CC9ABE7.e.30}]&#10;Capabilities {acceptInsecureCerts: false, browserName: chrome, browserVersion: 127.0.6533.72, chrome: {chromedriverVersion: 127.0.6533.72 (9755e24ca85a..., userDataDir: C:\Windows\SystemTemp\scope...}, fedcm:accounts: true, goog:chromeOptions: {debuggerAddress: localhost:64371}, networkConnectionEnabled: false, pageLoadStrategy: normal, platformName: windows, proxy: Proxy(), se:cdp: ws://localhost:64371/devtoo..., se:cdpVersion: 127.0.6533.72, setWindowRect: true, strictFileInteractability: false, timeouts: {implicit: 0, pageLoad: 300000, script: 30000}, unhandledPromptBehavior: dismiss and notify, webauthn:extension:credBlob: true, webauthn:extension:largeBlob: true, webauthn:extension:minPinLength: true, webauthn:extension:prf: true, webauthn:virtualAuthenticators: true}&#10;Element: [[ChromeDriver: chrome on windows (6cc8ca229c5ddc072303061ef1942f4e)] -&gt; id: otp-match-now]&#10;Session ID: 6cc8ca229c5ddc072303061ef1942f4e"/>
  </testcase>
  <testcase name="testselectStatusfromDropdown" classname="tests.transactionTest" time="0.0">
    <skipped message="element not interactable&#10;  (Session info: chrome=127.0.6533.72)&#10;Build info: version: &apos;4.22.0&apos;, revision: &apos;c5f3146703*&apos;&#10;System info: os.name: &apos;Windows 11&apos;, os.arch: &apos;amd64&apos;, os.version: &apos;10.0&apos;, java.version: &apos;21.0.3&apos;&#10;Driver info: org.openqa.selenium.chrome.ChromeDriver&#10;Command: [6cc8ca229c5ddc072303061ef1942f4e, clickElement {id=f.879E83DD9A76A86BB62E85D15DB76E81.d.F1E0AA2E211AF9110AC8EF765CC9ABE7.e.30}]&#10;Capabilities {acceptInsecureCerts: false, browserName: chrome, browserVersion: 127.0.6533.72, chrome: {chromedriverVersion: 127.0.6533.72 (9755e24ca85a..., userDataDir: C:\Windows\SystemTemp\scope...}, fedcm:accounts: true, goog:chromeOptions: {debuggerAddress: localhost:64371}, networkConnectionEnabled: false, pageLoadStrategy: normal, platformName: windows, proxy: Proxy(), se:cdp: ws://localhost:64371/devtoo..., se:cdpVersion: 127.0.6533.72, setWindowRect: true, strictFileInteractability: false, timeouts: {implicit: 0, pageLoad: 300000, script: 30000}, unhandledPromptBehavior: dismiss and notify, webauthn:extension:credBlob: true, webauthn:extension:largeBlob: true, webauthn:extension:minPinLength: true, webauthn:extension:prf: true, webauthn:virtualAuthenticators: true}&#10;Element: [[ChromeDriver: chrome on windows (6cc8ca229c5ddc072303061ef1942f4e)] -&gt; id: otp-match-now]&#10;Session ID: 6cc8ca229c5ddc072303061ef1942f4e"/>
  </testcase>
  <testcase name="verifyTransactionsMenu" classname="tests.transactionTest" time="0.0">
    <skipped message="element not interactable&#10;  (Session info: chrome=127.0.6533.72)&#10;Build info: version: &apos;4.22.0&apos;, revision: &apos;c5f3146703*&apos;&#10;System info: os.name: &apos;Windows 11&apos;, os.arch: &apos;amd64&apos;, os.version: &apos;10.0&apos;, java.version: &apos;21.0.3&apos;&#10;Driver info: org.openqa.selenium.chrome.ChromeDriver&#10;Command: [6cc8ca229c5ddc072303061ef1942f4e, clickElement {id=f.879E83DD9A76A86BB62E85D15DB76E81.d.F1E0AA2E211AF9110AC8EF765CC9ABE7.e.30}]&#10;Capabilities {acceptInsecureCerts: false, browserName: chrome, browserVersion: 127.0.6533.72, chrome: {chromedriverVersion: 127.0.6533.72 (9755e24ca85a..., userDataDir: C:\Windows\SystemTemp\scope...}, fedcm:accounts: true, goog:chromeOptions: {debuggerAddress: localhost:64371}, networkConnectionEnabled: false, pageLoadStrategy: normal, platformName: windows, proxy: Proxy(), se:cdp: ws://localhost:64371/devtoo..., se:cdpVersion: 127.0.6533.72, setWindowRect: true, strictFileInteractability: false, timeouts: {implicit: 0, pageLoad: 300000, script: 30000}, unhandledPromptBehavior: dismiss and notify, webauthn:extension:credBlob: true, webauthn:extension:largeBlob: true, webauthn:extension:minPinLength: true, webauthn:extension:prf: true, webauthn:virtualAuthenticators: true}&#10;Element: [[ChromeDriver: chrome on windows (6cc8ca229c5ddc072303061ef1942f4e)] -&gt; id: otp-match-now]&#10;Session ID: 6cc8ca229c5ddc072303061ef1942f4e"/>
  </testcase>
  <testcase name="vendorList" classname="tests.VendorListTest" time="6.737">
    <failure message="element not interactable&#10;  (Session info: chrome=127.0.6533.72)&#10;Build info: version: &apos;4.22.0&apos;, revision: &apos;c5f3146703*&apos;&#10;System info: os.name: &apos;Windows 11&apos;, os.arch: &apos;amd64&apos;, os.version: &apos;10.0&apos;, java.version: &apos;21.0.3&apos;&#10;Driver info: org.openqa.selenium.chrome.ChromeDriver&#10;Command: [cabfa8122514e763752fea5c0b9b0763, clickElement {id=f.586154DC67773D32DE44A2C76F2812AB.d.79D251EAB790E6733A6C6A010C4F380E.e.30}]&#10;Capabilities {acceptInsecureCerts: false, browserName: chrome, browserVersion: 127.0.6533.72, chrome: {chromedriverVersion: 127.0.6533.72 (9755e24ca85a..., userDataDir: C:\Windows\SystemTemp\scope...}, fedcm:accounts: true, goog:chromeOptions: {debuggerAddress: localhost:64397}, networkConnectionEnabled: false, pageLoadStrategy: normal, platformName: windows, proxy: Proxy(), se:cdp: ws://localhost:64397/devtoo..., se:cdpVersion: 127.0.6533.72, setWindowRect: true, strictFileInteractability: false, timeouts: {implicit: 0, pageLoad: 300000, script: 30000}, unhandledPromptBehavior: dismiss and notify, webauthn:extension:credBlob: true, webauthn:extension:largeBlob: true, webauthn:extension:minPinLength: true, webauthn:extension:prf: true, webauthn:virtualAuthenticators: true}&#10;Element: [[ChromeDriver: chrome on windows (cabfa8122514e763752fea5c0b9b0763)] -&gt; id: otp-match-now]&#10;Session ID: cabfa8122514e763752fea5c0b9b0763" type="org.openqa.selenium.ElementNotInteractableException"><![CDATA[org.openqa.selenium.ElementNotInteractableException: 
element not interactable
  (Session info: chrome=127.0.6533.72)
Build info: version: '4.22.0', revision: 'c5f3146703*'
System info: os.name: 'Windows 11', os.arch: 'amd64', os.version: '10.0', java.version: '21.0.3'
Driver info: org.openqa.selenium.chrome.ChromeDriver
Command: [cabfa8122514e763752fea5c0b9b0763, clickElement {id=f.586154DC67773D32DE44A2C76F2812AB.d.79D251EAB790E6733A6C6A010C4F380E.e.30}]
Capabilities {acceptInsecureCerts: false, browserName: chrome, browserVersion: 127.0.6533.72, chrome: {chromedriverVersion: 127.0.6533.72 (9755e24ca85a..., userDataDir: C:\Windows\SystemTemp\scope...}, fedcm:accounts: true, goog:chromeOptions: {debuggerAddress: localhost:64397}, networkConnectionEnabled: false, pageLoadStrategy: normal, platformName: windows, proxy: Proxy(), se:cdp: ws://localhost:64397/devtoo..., se:cdpVersion: 127.0.6533.72, setWindowRect: true, strictFileInteractability: false, timeouts: {implicit: 0, pageLoad: 300000, script: 30000}, unhandledPromptBehavior: dismiss and notify, webauthn:extension:credBlob: true, webauthn:extension:largeBlob: true, webauthn:extension:minPinLength: true, webauthn:extension:prf: true, webauthn:virtualAuthenticators: true}
Element: [[ChromeDriver: chrome on windows (cabfa8122514e763752fea5c0b9b0763)] -> id: otp-match-now]
Session ID: cabfa8122514e763752fea5c0b9b0763
	at java.base/jdk.internal.reflect.DirectConstructorHandleAccessor.newInstance(DirectConstructorHandleAccessor.java:62)
	at java.base/java.lang.reflect.Constructor.newInstanceWithCaller(Constructor.java:502)
	at java.base/java.lang.reflect.Constructor.newInstance(Constructor.java:486)
	at org.openqa.selenium.remote.ErrorCodec.decode(ErrorCodec.java:167)
	at org.openqa.selenium.remote.codec.w3c.W3CHttpResponseCodec.decode(W3CHttpResponseCodec.java:138)
	at org.openqa.selenium.remote.codec.w3c.W3CHttpResponseCodec.decode(W3CHttpResponseCodec.java:50)
	at org.openqa.selenium.remote.HttpCommandExecutor.execute(HttpCommandExecutor.java:190)
	at org.openqa.selenium.remote.service.DriverCommandExecutor.invokeExecute(DriverCommandExecutor.java:216)
	at org.openqa.selenium.remote.service.DriverCommandExecutor.execute(DriverCommandExecutor.java:174)
	at org.openqa.selenium.remote.RemoteWebDriver.execute(RemoteWebDriver.java:518)
	at org.openqa.selenium.remote.RemoteWebElement.execute(RemoteWebElement.java:223)
	at org.openqa.selenium.remote.RemoteWebElement.click(RemoteWebElement.java:76)
	at pages.DashboardPage.enterSubmitbtn(DashboardPage.java:25)
	at tests.VendorListTest.vendorList(VendorListTest.java:18)
	at java.base/jdk.internal.reflect.DirectMethodHandleAccessor.invoke(DirectMethodHandleAccessor.java:103)
	at java.base/java.lang.reflect.Method.invoke(Method.java:580)
	at org.testng.internal.invokers.MethodInvocationHelper.invokeMethod(MethodInvocationHelper.java:141)
	at org.testng.internal.invokers.MethodInvocationHelper.invokeMethodConsideringTimeout(MethodInvocationHelper.java:71)
	at org.testng.internal.invokers.ConfigInvoker.invokeConfigurationMethod(ConfigInvoker.java:400)
	at org.testng.internal.invokers.ConfigInvoker.invokeConfigurations(ConfigInvoker.java:333)
	at org.testng.internal.invokers.TestInvoker.runConfigMethods(TestInvoker.java:833)
	at org.testng.internal.invokers.TestInvoker.invokeMethod(TestInvoker.java:600)
	at org.testng.internal.invokers.TestInvoker.invokeTestMethod(TestInvoker.java:230)
	at org.testng.internal.invokers.MethodRunner.runInSequence(MethodRunner.java:63)
	at org.testng.internal.invokers.TestInvoker$MethodInvocationAgent.invoke(TestInvoker.java:992)
	at org.testng.internal.invokers.TestInvoker.invokeTestMethods(TestInvoker.java:203)
	at org.testng.internal.invokers.TestMethodWorker.invokeTestMethods(TestMethodWorker.java:154)
	at org.testng.internal.invokers.TestMethodWorker.run(TestMethodWorker.java:134)
	at java.base/java.util.ArrayList.forEach(ArrayList.java:1596)
	at org.testng.TestRunner.privateRun(TestRunner.java:739)
	at org.testng.TestRunner.run(TestRunner.java:614)
	at org.testng.SuiteRunner.runTest(SuiteRunner.java:421)
	at org.testng.SuiteRunner.runSequentially(SuiteRunner.java:413)
	at org.testng.SuiteRunner.privateRun(SuiteRunner.java:373)
	at org.testng.SuiteRunner.run(SuiteRunner.java:312)
	at org.testng.SuiteRunnerWorker.runSuite(SuiteRunnerWorker.java:52)
	at org.testng.SuiteRunnerWorker.run(SuiteRunnerWorker.java:95)
	at org.testng.TestNG.runSuitesSequentially(TestNG.java:1274)
	at org.testng.TestNG.runSuitesLocally(TestNG.java:1208)
	at org.testng.TestNG.runSuites(TestNG.java:1112)
	at org.testng.TestNG.run(TestNG.java:1079)
	at org.apache.maven.surefire.testng.TestNGExecutor.run(TestNGExecutor.java:155)
	at org.apache.maven.surefire.testng.TestNGDirectoryTestSuite.executeMulti(TestNGDirectoryTestSuite.java:169)
	at org.apache.maven.surefire.testng.TestNGDirectoryTestSuite.execute(TestNGDirectoryTestSuite.java:88)
	at org.apache.maven.surefire.testng.TestNGProvider.invoke(TestNGProvider.java:137)
	at org.apache.maven.surefire.booter.ForkedBooter.runSuitesInProcess(ForkedBooter.java:385)
	at org.apache.maven.surefire.booter.ForkedBooter.execute(ForkedBooter.java:162)
	at org.apache.maven.surefire.booter.ForkedBooter.run(ForkedBooter.java:507)
	at org.apache.maven.surefire.booter.ForkedBooter.main(ForkedBooter.java:495)
]]></failure>
    <system-err><![CDATA[Jul 30, 2024 1:53:18 PM org.openqa.selenium.devtools.CdpVersionFinder findNearestMatch
WARNING: Unable to find an exact match for CDP version 127, returning the closest version; found: 126; Please update to a Selenium version that supports CDP version 127
]]></system-err>
  </testcase>
  <testcase name="vendorList" classname="tests.VendorListTest" time="0.0">
    <skipped/>
  </testcase>
  <testcase name="vendorList" classname="tests.VendorListTest" time="0.0">
    <skipped/>
  </testcase>
  <testcase name="vendorList" classname="tests.VendorListTest" time="0.0">
    <skipped/>
  </testcase>
  <testcase name="vendorList" classname="tests.VendorListTest" time="0.0">
    <skipped/>
  </testcase>
  <testcase name="vendorList" classname="tests.VendorListTest" time="0.0">
    <skipped/>
  </testcase>
  <testcase name="vendorList" classname="tests.VendorListTest" time="0.0">
    <skipped/>
  </testcase>
  <testcase name="vendorList" classname="tests.VendorListTest" time="0.0">
    <skipped/>
  </testcase>
  <testcase name="vendorList" classname="tests.VendorListTest" time="0.0">
    <skipped/>
  </testcase>
  <testcase name="vendorList" classname="tests.VendorListTest" time="0.0">
    <skipped/>
  </testcase>
  <testcase name="vendorList" classname="tests.VendorListTest" time="0.0">
    <skipped/>
  </testcase>
  <testcase name="vendorList" classname="tests.VendorListTest" time="0.0">
    <skipped/>
  </testcase>
  <testcase name="testAddVendorNavigation" classname="tests.VendorListTest" time="0.0">
    <skipped message="element not interactable&#10;  (Session info: chrome=127.0.6533.72)&#10;Build info: version: &apos;4.22.0&apos;, revision: &apos;c5f3146703*&apos;&#10;System info: os.name: &apos;Windows 11&apos;, os.arch: &apos;amd64&apos;, os.version: &apos;10.0&apos;, java.version: &apos;21.0.3&apos;&#10;Driver info: org.openqa.selenium.chrome.ChromeDriver&#10;Command: [cabfa8122514e763752fea5c0b9b0763, clickElement {id=f.586154DC67773D32DE44A2C76F2812AB.d.79D251EAB790E6733A6C6A010C4F380E.e.30}]&#10;Capabilities {acceptInsecureCerts: false, browserName: chrome, browserVersion: 127.0.6533.72, chrome: {chromedriverVersion: 127.0.6533.72 (9755e24ca85a..., userDataDir: C:\Windows\SystemTemp\scope...}, fedcm:accounts: true, goog:chromeOptions: {debuggerAddress: localhost:64397}, networkConnectionEnabled: false, pageLoadStrategy: normal, platformName: windows, proxy: Proxy(), se:cdp: ws://localhost:64397/devtoo..., se:cdpVersion: 127.0.6533.72, setWindowRect: true, strictFileInteractability: false, timeouts: {implicit: 0, pageLoad: 300000, script: 30000}, unhandledPromptBehavior: dismiss and notify, webauthn:extension:credBlob: true, webauthn:extension:largeBlob: true, webauthn:extension:minPinLength: true, webauthn:extension:prf: true, webauthn:virtualAuthenticators: true}&#10;Element: [[ChromeDriver: chrome on windows (cabfa8122514e763752fea5c0b9b0763)] -&gt; id: otp-match-now]&#10;Session ID: cabfa8122514e763752fea5c0b9b0763"/>
  </testcase>
  <testcase name="tearDown" classname="tests.VendorListTest" time="0.0">
    <skipped/>
  </testcase>
  <testcase name="tearDown" classname="tests.VendorListTest" time="0.0">
    <skipped/>
  </testcase>
  <testcase name="tearDown" classname="tests.VendorListTest" time="0.0">
    <skipped/>
  </testcase>
  <testcase name="tearDown" classname="tests.VendorListTest" time="0.0">
    <skipped/>
  </testcase>
  <testcase name="tearDown" classname="tests.VendorListTest" time="0.0">
    <skipped/>
  </testcase>
  <testcase name="tearDown" classname="tests.VendorListTest" time="0.0">
    <skipped/>
  </testcase>
  <testcase name="tearDown" classname="tests.VendorListTest" time="0.0">
    <skipped/>
  </testcase>
  <testcase name="tearDown" classname="tests.VendorListTest" time="0.0">
    <skipped/>
  </testcase>
  <testcase name="tearDown" classname="tests.VendorListTest" time="0.0">
    <skipped/>
  </testcase>
  <testcase name="tearDown" classname="tests.VendorListTest" time="0.0">
    <skipped/>
  </testcase>
  <testcase name="tearDown" classname="tests.VendorListTest" time="0.0">
    <skipped/>
  </testcase>
  <testcase name="tearDown" classname="tests.VendorListTest" time="0.0">
    <skipped/>
  </testcase>
  <testcase name="setup" classname="tests.VendorListTest" time="0.0">
    <skipped/>
  </testcase>
  <testcase name="setup" classname="tests.VendorListTest" time="0.0">
    <skipped/>
  </testcase>
  <testcase name="setup" classname="tests.VendorListTest" time="0.0">
    <skipped/>
  </testcase>
  <testcase name="setup" classname="tests.VendorListTest" time="0.0">
    <skipped/>
  </testcase>
  <testcase name="setup" classname="tests.VendorListTest" time="0.0">
    <skipped/>
  </testcase>
  <testcase name="setup" classname="tests.VendorListTest" time="0.0">
    <skipped/>
  </testcase>
  <testcase name="setup" classname="tests.VendorListTest" time="0.0">
    <skipped/>
  </testcase>
  <testcase name="setup" classname="tests.VendorListTest" time="0.0">
    <skipped/>
  </testcase>
  <testcase name="setup" classname="tests.VendorListTest" time="0.0">
    <skipped/>
  </testcase>
  <testcase name="setup" classname="tests.VendorListTest" time="0.0">
    <skipped/>
  </testcase>
  <testcase name="setup" classname="tests.VendorListTest" time="0.0">
    <skipped/>
  </testcase>
  <testcase name="testClickingCompletedButtonDisplaysCompletedItems" classname="tests.VendorListTest" time="0.0">
    <skipped message="element not interactable&#10;  (Session info: chrome=127.0.6533.72)&#10;Build info: version: &apos;4.22.0&apos;, revision: &apos;c5f3146703*&apos;&#10;System info: os.name: &apos;Windows 11&apos;, os.arch: &apos;amd64&apos;, os.version: &apos;10.0&apos;, java.version: &apos;21.0.3&apos;&#10;Driver info: org.openqa.selenium.chrome.ChromeDriver&#10;Command: [cabfa8122514e763752fea5c0b9b0763, clickElement {id=f.586154DC67773D32DE44A2C76F2812AB.d.79D251EAB790E6733A6C6A010C4F380E.e.30}]&#10;Capabilities {acceptInsecureCerts: false, browserName: chrome, browserVersion: 127.0.6533.72, chrome: {chromedriverVersion: 127.0.6533.72 (9755e24ca85a..., userDataDir: C:\Windows\SystemTemp\scope...}, fedcm:accounts: true, goog:chromeOptions: {debuggerAddress: localhost:64397}, networkConnectionEnabled: false, pageLoadStrategy: normal, platformName: windows, proxy: Proxy(), se:cdp: ws://localhost:64397/devtoo..., se:cdpVersion: 127.0.6533.72, setWindowRect: true, strictFileInteractability: false, timeouts: {implicit: 0, pageLoad: 300000, script: 30000}, unhandledPromptBehavior: dismiss and notify, webauthn:extension:credBlob: true, webauthn:extension:largeBlob: true, webauthn:extension:minPinLength: true, webauthn:extension:prf: true, webauthn:virtualAuthenticators: true}&#10;Element: [[ChromeDriver: chrome on windows (cabfa8122514e763752fea5c0b9b0763)] -&gt; id: otp-match-now]&#10;Session ID: cabfa8122514e763752fea5c0b9b0763"/>
  </testcase>
  <testcase name="testClickingImageOpensModalWithCorrectBankDetails" classname="tests.VendorListTest" time="0.0">
    <skipped message="element not interactable&#10;  (Session info: chrome=127.0.6533.72)&#10;Build info: version: &apos;4.22.0&apos;, revision: &apos;c5f3146703*&apos;&#10;System info: os.name: &apos;Windows 11&apos;, os.arch: &apos;amd64&apos;, os.version: &apos;10.0&apos;, java.version: &apos;21.0.3&apos;&#10;Driver info: org.openqa.selenium.chrome.ChromeDriver&#10;Command: [cabfa8122514e763752fea5c0b9b0763, clickElement {id=f.586154DC67773D32DE44A2C76F2812AB.d.79D251EAB790E6733A6C6A010C4F380E.e.30}]&#10;Capabilities {acceptInsecureCerts: false, browserName: chrome, browserVersion: 127.0.6533.72, chrome: {chromedriverVersion: 127.0.6533.72 (9755e24ca85a..., userDataDir: C:\Windows\SystemTemp\scope...}, fedcm:accounts: true, goog:chromeOptions: {debuggerAddress: localhost:64397}, networkConnectionEnabled: false, pageLoadStrategy: normal, platformName: windows, proxy: Proxy(), se:cdp: ws://localhost:64397/devtoo..., se:cdpVersion: 127.0.6533.72, setWindowRect: true, strictFileInteractability: false, timeouts: {implicit: 0, pageLoad: 300000, script: 30000}, unhandledPromptBehavior: dismiss and notify, webauthn:extension:credBlob: true, webauthn:extension:largeBlob: true, webauthn:extension:minPinLength: true, webauthn:extension:prf: true, webauthn:virtualAuthenticators: true}&#10;Element: [[ChromeDriver: chrome on windows (cabfa8122514e763752fea5c0b9b0763)] -&gt; id: otp-match-now]&#10;Session ID: cabfa8122514e763752fea5c0b9b0763"/>
  </testcase>
  <testcase name="testCopyPasteSearchField" classname="tests.VendorListTest" time="0.0">
    <skipped message="element not interactable&#10;  (Session info: chrome=127.0.6533.72)&#10;Build info: version: &apos;4.22.0&apos;, revision: &apos;c5f3146703*&apos;&#10;System info: os.name: &apos;Windows 11&apos;, os.arch: &apos;amd64&apos;, os.version: &apos;10.0&apos;, java.version: &apos;21.0.3&apos;&#10;Driver info: org.openqa.selenium.chrome.ChromeDriver&#10;Command: [cabfa8122514e763752fea5c0b9b0763, clickElement {id=f.586154DC67773D32DE44A2C76F2812AB.d.79D251EAB790E6733A6C6A010C4F380E.e.30}]&#10;Capabilities {acceptInsecureCerts: false, browserName: chrome, browserVersion: 127.0.6533.72, chrome: {chromedriverVersion: 127.0.6533.72 (9755e24ca85a..., userDataDir: C:\Windows\SystemTemp\scope...}, fedcm:accounts: true, goog:chromeOptions: {debuggerAddress: localhost:64397}, networkConnectionEnabled: false, pageLoadStrategy: normal, platformName: windows, proxy: Proxy(), se:cdp: ws://localhost:64397/devtoo..., se:cdpVersion: 127.0.6533.72, setWindowRect: true, strictFileInteractability: false, timeouts: {implicit: 0, pageLoad: 300000, script: 30000}, unhandledPromptBehavior: dismiss and notify, webauthn:extension:credBlob: true, webauthn:extension:largeBlob: true, webauthn:extension:minPinLength: true, webauthn:extension:prf: true, webauthn:virtualAuthenticators: true}&#10;Element: [[ChromeDriver: chrome on windows (cabfa8122514e763752fea5c0b9b0763)] -&gt; id: otp-match-now]&#10;Session ID: cabfa8122514e763752fea5c0b9b0763"/>
  </testcase>
  <testcase name="testEditBusinessInfo" classname="tests.VendorListTest" time="0.0">
    <skipped message="element not interactable&#10;  (Session info: chrome=127.0.6533.72)&#10;Build info: version: &apos;4.22.0&apos;, revision: &apos;c5f3146703*&apos;&#10;System info: os.name: &apos;Windows 11&apos;, os.arch: &apos;amd64&apos;, os.version: &apos;10.0&apos;, java.version: &apos;21.0.3&apos;&#10;Driver info: org.openqa.selenium.chrome.ChromeDriver&#10;Command: [cabfa8122514e763752fea5c0b9b0763, clickElement {id=f.586154DC67773D32DE44A2C76F2812AB.d.79D251EAB790E6733A6C6A010C4F380E.e.30}]&#10;Capabilities {acceptInsecureCerts: false, browserName: chrome, browserVersion: 127.0.6533.72, chrome: {chromedriverVersion: 127.0.6533.72 (9755e24ca85a..., userDataDir: C:\Windows\SystemTemp\scope...}, fedcm:accounts: true, goog:chromeOptions: {debuggerAddress: localhost:64397}, networkConnectionEnabled: false, pageLoadStrategy: normal, platformName: windows, proxy: Proxy(), se:cdp: ws://localhost:64397/devtoo..., se:cdpVersion: 127.0.6533.72, setWindowRect: true, strictFileInteractability: false, timeouts: {implicit: 0, pageLoad: 300000, script: 30000}, unhandledPromptBehavior: dismiss and notify, webauthn:extension:credBlob: true, webauthn:extension:largeBlob: true, webauthn:extension:minPinLength: true, webauthn:extension:prf: true, webauthn:virtualAuthenticators: true}&#10;Element: [[ChromeDriver: chrome on windows (cabfa8122514e763752fea5c0b9b0763)] -&gt; id: otp-match-now]&#10;Session ID: cabfa8122514e763752fea5c0b9b0763"/>
  </testcase>
  <testcase name="testEditButtonOpensEditingInterface" classname="tests.VendorListTest" time="0.0">
    <skipped message="element not interactable&#10;  (Session info: chrome=127.0.6533.72)&#10;Build info: version: &apos;4.22.0&apos;, revision: &apos;c5f3146703*&apos;&#10;System info: os.name: &apos;Windows 11&apos;, os.arch: &apos;amd64&apos;, os.version: &apos;10.0&apos;, java.version: &apos;21.0.3&apos;&#10;Driver info: org.openqa.selenium.chrome.ChromeDriver&#10;Command: [cabfa8122514e763752fea5c0b9b0763, clickElement {id=f.586154DC67773D32DE44A2C76F2812AB.d.79D251EAB790E6733A6C6A010C4F380E.e.30}]&#10;Capabilities {acceptInsecureCerts: false, browserName: chrome, browserVersion: 127.0.6533.72, chrome: {chromedriverVersion: 127.0.6533.72 (9755e24ca85a..., userDataDir: C:\Windows\SystemTemp\scope...}, fedcm:accounts: true, goog:chromeOptions: {debuggerAddress: localhost:64397}, networkConnectionEnabled: false, pageLoadStrategy: normal, platformName: windows, proxy: Proxy(), se:cdp: ws://localhost:64397/devtoo..., se:cdpVersion: 127.0.6533.72, setWindowRect: true, strictFileInteractability: false, timeouts: {implicit: 0, pageLoad: 300000, script: 30000}, unhandledPromptBehavior: dismiss and notify, webauthn:extension:credBlob: true, webauthn:extension:largeBlob: true, webauthn:extension:minPinLength: true, webauthn:extension:prf: true, webauthn:virtualAuthenticators: true}&#10;Element: [[ChromeDriver: chrome on windows (cabfa8122514e763752fea5c0b9b0763)] -&gt; id: otp-match-now]&#10;Session ID: cabfa8122514e763752fea5c0b9b0763"/>
  </testcase>
  <testcase name="testInValidSearchQuery" classname="tests.VendorListTest" time="0.0">
    <skipped message="element not interactable&#10;  (Session info: chrome=127.0.6533.72)&#10;Build info: version: &apos;4.22.0&apos;, revision: &apos;c5f3146703*&apos;&#10;System info: os.name: &apos;Windows 11&apos;, os.arch: &apos;amd64&apos;, os.version: &apos;10.0&apos;, java.version: &apos;21.0.3&apos;&#10;Driver info: org.openqa.selenium.chrome.ChromeDriver&#10;Command: [cabfa8122514e763752fea5c0b9b0763, clickElement {id=f.586154DC67773D32DE44A2C76F2812AB.d.79D251EAB790E6733A6C6A010C4F380E.e.30}]&#10;Capabilities {acceptInsecureCerts: false, browserName: chrome, browserVersion: 127.0.6533.72, chrome: {chromedriverVersion: 127.0.6533.72 (9755e24ca85a..., userDataDir: C:\Windows\SystemTemp\scope...}, fedcm:accounts: true, goog:chromeOptions: {debuggerAddress: localhost:64397}, networkConnectionEnabled: false, pageLoadStrategy: normal, platformName: windows, proxy: Proxy(), se:cdp: ws://localhost:64397/devtoo..., se:cdpVersion: 127.0.6533.72, setWindowRect: true, strictFileInteractability: false, timeouts: {implicit: 0, pageLoad: 300000, script: 30000}, unhandledPromptBehavior: dismiss and notify, webauthn:extension:credBlob: true, webauthn:extension:largeBlob: true, webauthn:extension:minPinLength: true, webauthn:extension:prf: true, webauthn:virtualAuthenticators: true}&#10;Element: [[ChromeDriver: chrome on windows (cabfa8122514e763752fea5c0b9b0763)] -&gt; id: otp-match-now]&#10;Session ID: cabfa8122514e763752fea5c0b9b0763"/>
  </testcase>
  <testcase name="testMerchantsButtonNavigation" classname="tests.VendorListTest" time="0.0">
    <skipped message="element not interactable&#10;  (Session info: chrome=127.0.6533.72)&#10;Build info: version: &apos;4.22.0&apos;, revision: &apos;c5f3146703*&apos;&#10;System info: os.name: &apos;Windows 11&apos;, os.arch: &apos;amd64&apos;, os.version: &apos;10.0&apos;, java.version: &apos;21.0.3&apos;&#10;Driver info: org.openqa.selenium.chrome.ChromeDriver&#10;Command: [cabfa8122514e763752fea5c0b9b0763, clickElement {id=f.586154DC67773D32DE44A2C76F2812AB.d.79D251EAB790E6733A6C6A010C4F380E.e.30}]&#10;Capabilities {acceptInsecureCerts: false, browserName: chrome, browserVersion: 127.0.6533.72, chrome: {chromedriverVersion: 127.0.6533.72 (9755e24ca85a..., userDataDir: C:\Windows\SystemTemp\scope...}, fedcm:accounts: true, goog:chromeOptions: {debuggerAddress: localhost:64397}, networkConnectionEnabled: false, pageLoadStrategy: normal, platformName: windows, proxy: Proxy(), se:cdp: ws://localhost:64397/devtoo..., se:cdpVersion: 127.0.6533.72, setWindowRect: true, strictFileInteractability: false, timeouts: {implicit: 0, pageLoad: 300000, script: 30000}, unhandledPromptBehavior: dismiss and notify, webauthn:extension:credBlob: true, webauthn:extension:largeBlob: true, webauthn:extension:minPinLength: true, webauthn:extension:prf: true, webauthn:virtualAuthenticators: true}&#10;Element: [[ChromeDriver: chrome on windows (cabfa8122514e763752fea5c0b9b0763)] -&gt; id: otp-match-now]&#10;Session ID: cabfa8122514e763752fea5c0b9b0763"/>
  </testcase>
  <testcase name="testNavigateToNextPage" classname="tests.VendorListTest" time="0.0">
    <skipped message="element not interactable&#10;  (Session info: chrome=127.0.6533.72)&#10;Build info: version: &apos;4.22.0&apos;, revision: &apos;c5f3146703*&apos;&#10;System info: os.name: &apos;Windows 11&apos;, os.arch: &apos;amd64&apos;, os.version: &apos;10.0&apos;, java.version: &apos;21.0.3&apos;&#10;Driver info: org.openqa.selenium.chrome.ChromeDriver&#10;Command: [cabfa8122514e763752fea5c0b9b0763, clickElement {id=f.586154DC67773D32DE44A2C76F2812AB.d.79D251EAB790E6733A6C6A010C4F380E.e.30}]&#10;Capabilities {acceptInsecureCerts: false, browserName: chrome, browserVersion: 127.0.6533.72, chrome: {chromedriverVersion: 127.0.6533.72 (9755e24ca85a..., userDataDir: C:\Windows\SystemTemp\scope...}, fedcm:accounts: true, goog:chromeOptions: {debuggerAddress: localhost:64397}, networkConnectionEnabled: false, pageLoadStrategy: normal, platformName: windows, proxy: Proxy(), se:cdp: ws://localhost:64397/devtoo..., se:cdpVersion: 127.0.6533.72, setWindowRect: true, strictFileInteractability: false, timeouts: {implicit: 0, pageLoad: 300000, script: 30000}, unhandledPromptBehavior: dismiss and notify, webauthn:extension:credBlob: true, webauthn:extension:largeBlob: true, webauthn:extension:minPinLength: true, webauthn:extension:prf: true, webauthn:virtualAuthenticators: true}&#10;Element: [[ChromeDriver: chrome on windows (cabfa8122514e763752fea5c0b9b0763)] -&gt; id: otp-match-now]&#10;Session ID: cabfa8122514e763752fea5c0b9b0763"/>
  </testcase>
  <testcase name="testPrevButtonNavigation" classname="tests.VendorListTest" time="0.0">
    <skipped message="element not interactable&#10;  (Session info: chrome=127.0.6533.72)&#10;Build info: version: &apos;4.22.0&apos;, revision: &apos;c5f3146703*&apos;&#10;System info: os.name: &apos;Windows 11&apos;, os.arch: &apos;amd64&apos;, os.version: &apos;10.0&apos;, java.version: &apos;21.0.3&apos;&#10;Driver info: org.openqa.selenium.chrome.ChromeDriver&#10;Command: [cabfa8122514e763752fea5c0b9b0763, clickElement {id=f.586154DC67773D32DE44A2C76F2812AB.d.79D251EAB790E6733A6C6A010C4F380E.e.30}]&#10;Capabilities {acceptInsecureCerts: false, browserName: chrome, browserVersion: 127.0.6533.72, chrome: {chromedriverVersion: 127.0.6533.72 (9755e24ca85a..., userDataDir: C:\Windows\SystemTemp\scope...}, fedcm:accounts: true, goog:chromeOptions: {debuggerAddress: localhost:64397}, networkConnectionEnabled: false, pageLoadStrategy: normal, platformName: windows, proxy: Proxy(), se:cdp: ws://localhost:64397/devtoo..., se:cdpVersion: 127.0.6533.72, setWindowRect: true, strictFileInteractability: false, timeouts: {implicit: 0, pageLoad: 300000, script: 30000}, unhandledPromptBehavior: dismiss and notify, webauthn:extension:credBlob: true, webauthn:extension:largeBlob: true, webauthn:extension:minPinLength: true, webauthn:extension:prf: true, webauthn:virtualAuthenticators: true}&#10;Element: [[ChromeDriver: chrome on windows (cabfa8122514e763752fea5c0b9b0763)] -&gt; id: otp-match-now]&#10;Session ID: cabfa8122514e763752fea5c0b9b0763"/>
  </testcase>
  <testcase name="testValidSearchQuery" classname="tests.VendorListTest" time="0.0">
    <skipped message="element not interactable&#10;  (Session info: chrome=127.0.6533.72)&#10;Build info: version: &apos;4.22.0&apos;, revision: &apos;c5f3146703*&apos;&#10;System info: os.name: &apos;Windows 11&apos;, os.arch: &apos;amd64&apos;, os.version: &apos;10.0&apos;, java.version: &apos;21.0.3&apos;&#10;Driver info: org.openqa.selenium.chrome.ChromeDriver&#10;Command: [cabfa8122514e763752fea5c0b9b0763, clickElement {id=f.586154DC67773D32DE44A2C76F2812AB.d.79D251EAB790E6733A6C6A010C4F380E.e.30}]&#10;Capabilities {acceptInsecureCerts: false, browserName: chrome, browserVersion: 127.0.6533.72, chrome: {chromedriverVersion: 127.0.6533.72 (9755e24ca85a..., userDataDir: C:\Windows\SystemTemp\scope...}, fedcm:accounts: true, goog:chromeOptions: {debuggerAddress: localhost:64397}, networkConnectionEnabled: false, pageLoadStrategy: normal, platformName: windows, proxy: Proxy(), se:cdp: ws://localhost:64397/devtoo..., se:cdpVersion: 127.0.6533.72, setWindowRect: true, strictFileInteractability: false, timeouts: {implicit: 0, pageLoad: 300000, script: 30000}, unhandledPromptBehavior: dismiss and notify, webauthn:extension:credBlob: true, webauthn:extension:largeBlob: true, webauthn:extension:minPinLength: true, webauthn:extension:prf: true, webauthn:virtualAuthenticators: true}&#10;Element: [[ChromeDriver: chrome on windows (cabfa8122514e763752fea5c0b9b0763)] -&gt; id: otp-match-now]&#10;Session ID: cabfa8122514e763752fea5c0b9b0763"/>
  </testcase>
  <testcase name="testVerifyMerchantButtonClick" classname="tests.VendorListTest" time="0.0">
    <skipped message="element not interactable&#10;  (Session info: chrome=127.0.6533.72)&#10;Build info: version: &apos;4.22.0&apos;, revision: &apos;c5f3146703*&apos;&#10;System info: os.name: &apos;Windows 11&apos;, os.arch: &apos;amd64&apos;, os.version: &apos;10.0&apos;, java.version: &apos;21.0.3&apos;&#10;Driver info: org.openqa.selenium.chrome.ChromeDriver&#10;Command: [cabfa8122514e763752fea5c0b9b0763, clickElement {id=f.586154DC67773D32DE44A2C76F2812AB.d.79D251EAB790E6733A6C6A010C4F380E.e.30}]&#10;Capabilities {acceptInsecureCerts: false, browserName: chrome, browserVersion: 127.0.6533.72, chrome: {chromedriverVersion: 127.0.6533.72 (9755e24ca85a..., userDataDir: C:\Windows\SystemTemp\scope...}, fedcm:accounts: true, goog:chromeOptions: {debuggerAddress: localhost:64397}, networkConnectionEnabled: false, pageLoadStrategy: normal, platformName: windows, proxy: Proxy(), se:cdp: ws://localhost:64397/devtoo..., se:cdpVersion: 127.0.6533.72, setWindowRect: true, strictFileInteractability: false, timeouts: {implicit: 0, pageLoad: 300000, script: 30000}, unhandledPromptBehavior: dismiss and notify, webauthn:extension:credBlob: true, webauthn:extension:largeBlob: true, webauthn:extension:minPinLength: true, webauthn:extension:prf: true, webauthn:virtualAuthenticators: true}&#10;Element: [[ChromeDriver: chrome on windows (cabfa8122514e763752fea5c0b9b0763)] -&gt; id: otp-match-now]&#10;Session ID: cabfa8122514e763752fea5c0b9b0763"/>
  </testcase>
  <testcase name="CompanyInfo" classname="tests.VendorRegistrationTest" time="9.521">
    <system-err><![CDATA[Jul 30, 2024 1:53:25 PM org.openqa.selenium.devtools.CdpVersionFinder findNearestMatch
WARNING: Unable to find an exact match for CDP version 127, returning the closest version; found: 126; Please update to a Selenium version that supports CDP version 127
]]></system-err>
  </testcase>
  <testcase name="VerifyEmptyFields" classname="tests.VendorRegistrationTest" time="0.427">
    <system-err><![CDATA[Jul 30, 2024 1:53:46 PM org.openqa.selenium.devtools.CdpVersionFinder findNearestMatch
WARNING: Unable to find an exact match for CDP version 127, returning the closest version; found: 126; Please update to a Selenium version that supports CDP version 127
]]></system-err>
  </testcase>
  <testcase name="testAddVendorButtonNavigation" classname="tests.VendorRegistrationTest" time="1.273">
    <system-err><![CDATA[Jul 30, 2024 1:54:03 PM org.openqa.selenium.devtools.CdpVersionFinder findNearestMatch
WARNING: Unable to find an exact match for CDP version 127, returning the closest version; found: 126; Please update to a Selenium version that supports CDP version 127
]]></system-err>
  </testcase>
  <testcase name="testDraftButtonSavesInformation" classname="tests.VendorRegistrationTest" time="1.363">
    <system-err><![CDATA[Jul 30, 2024 1:54:16 PM org.openqa.selenium.devtools.CdpVersionFinder findNearestMatch
WARNING: Unable to find an exact match for CDP version 127, returning the closest version; found: 126; Please update to a Selenium version that supports CDP version 127
]]></system-err>
  </testcase>
  <testcase name="testEditBusinessInfo" classname="tests.VendorRegistrationTest" time="4.24">
    <system-err><![CDATA[Jul 30, 2024 1:54:31 PM org.openqa.selenium.devtools.CdpVersionFinder findNearestMatch
WARNING: Unable to find an exact match for CDP version 127, returning the closest version; found: 126; Please update to a Selenium version that supports CDP version 127
]]></system-err>
  </testcase>
  <testcase name="setPage" classname="tests.VendorRegistrationTest" time="14.708">
    <failure message="element not interactable&#10;  (Session info: chrome=127.0.6533.72)&#10;Build info: version: &apos;4.22.0&apos;, revision: &apos;c5f3146703*&apos;&#10;System info: os.name: &apos;Windows 11&apos;, os.arch: &apos;amd64&apos;, os.version: &apos;10.0&apos;, java.version: &apos;21.0.3&apos;&#10;Driver info: org.openqa.selenium.chrome.ChromeDriver&#10;Command: [26558a8142ac7a99ef03b71f6472398f, clickElement {id=f.EFAC5BC80FA90D92A4B0C5E8D0E11C5F.d.3515C7F732D3150C0A9F78C59F500596.e.30}]&#10;Capabilities {acceptInsecureCerts: false, browserName: chrome, browserVersion: 127.0.6533.72, chrome: {chromedriverVersion: 127.0.6533.72 (9755e24ca85a..., userDataDir: C:\Windows\SystemTemp\scope...}, fedcm:accounts: true, goog:chromeOptions: {debuggerAddress: localhost:64664}, networkConnectionEnabled: false, pageLoadStrategy: normal, platformName: windows, proxy: Proxy(), se:cdp: ws://localhost:64664/devtoo..., se:cdpVersion: 127.0.6533.72, setWindowRect: true, strictFileInteractability: false, timeouts: {implicit: 0, pageLoad: 300000, script: 30000}, unhandledPromptBehavior: dismiss and notify, webauthn:extension:credBlob: true, webauthn:extension:largeBlob: true, webauthn:extension:minPinLength: true, webauthn:extension:prf: true, webauthn:virtualAuthenticators: true}&#10;Element: [[ChromeDriver: chrome on windows (26558a8142ac7a99ef03b71f6472398f)] -&gt; id: otp-match-now]&#10;Session ID: 26558a8142ac7a99ef03b71f6472398f" type="org.openqa.selenium.ElementNotInteractableException"><![CDATA[org.openqa.selenium.ElementNotInteractableException: 
element not interactable
  (Session info: chrome=127.0.6533.72)
Build info: version: '4.22.0', revision: 'c5f3146703*'
System info: os.name: 'Windows 11', os.arch: 'amd64', os.version: '10.0', java.version: '21.0.3'
Driver info: org.openqa.selenium.chrome.ChromeDriver
Command: [26558a8142ac7a99ef03b71f6472398f, clickElement {id=f.EFAC5BC80FA90D92A4B0C5E8D0E11C5F.d.3515C7F732D3150C0A9F78C59F500596.e.30}]
Capabilities {acceptInsecureCerts: false, browserName: chrome, browserVersion: 127.0.6533.72, chrome: {chromedriverVersion: 127.0.6533.72 (9755e24ca85a..., userDataDir: C:\Windows\SystemTemp\scope...}, fedcm:accounts: true, goog:chromeOptions: {debuggerAddress: localhost:64664}, networkConnectionEnabled: false, pageLoadStrategy: normal, platformName: windows, proxy: Proxy(), se:cdp: ws://localhost:64664/devtoo..., se:cdpVersion: 127.0.6533.72, setWindowRect: true, strictFileInteractability: false, timeouts: {implicit: 0, pageLoad: 300000, script: 30000}, unhandledPromptBehavior: dismiss and notify, webauthn:extension:credBlob: true, webauthn:extension:largeBlob: true, webauthn:extension:minPinLength: true, webauthn:extension:prf: true, webauthn:virtualAuthenticators: true}
Element: [[ChromeDriver: chrome on windows (26558a8142ac7a99ef03b71f6472398f)] -> id: otp-match-now]
Session ID: 26558a8142ac7a99ef03b71f6472398f
	at java.base/jdk.internal.reflect.DirectConstructorHandleAccessor.newInstance(DirectConstructorHandleAccessor.java:62)
	at java.base/java.lang.reflect.Constructor.newInstanceWithCaller(Constructor.java:502)
	at java.base/java.lang.reflect.Constructor.newInstance(Constructor.java:486)
	at org.openqa.selenium.remote.ErrorCodec.decode(ErrorCodec.java:167)
	at org.openqa.selenium.remote.codec.w3c.W3CHttpResponseCodec.decode(W3CHttpResponseCodec.java:138)
	at org.openqa.selenium.remote.codec.w3c.W3CHttpResponseCodec.decode(W3CHttpResponseCodec.java:50)
	at org.openqa.selenium.remote.HttpCommandExecutor.execute(HttpCommandExecutor.java:190)
	at org.openqa.selenium.remote.service.DriverCommandExecutor.invokeExecute(DriverCommandExecutor.java:216)
	at org.openqa.selenium.remote.service.DriverCommandExecutor.execute(DriverCommandExecutor.java:174)
	at org.openqa.selenium.remote.RemoteWebDriver.execute(RemoteWebDriver.java:518)
	at org.openqa.selenium.remote.RemoteWebElement.execute(RemoteWebElement.java:223)
	at org.openqa.selenium.remote.RemoteWebElement.click(RemoteWebElement.java:76)
	at pages.DashboardPage.enterSubmitbtn(DashboardPage.java:25)
	at tests.VendorRegistrationTest.setPage(VendorRegistrationTest.java:15)
	at java.base/jdk.internal.reflect.DirectMethodHandleAccessor.invoke(DirectMethodHandleAccessor.java:103)
	at java.base/java.lang.reflect.Method.invoke(Method.java:580)
	at org.testng.internal.invokers.MethodInvocationHelper.invokeMethod(MethodInvocationHelper.java:141)
	at org.testng.internal.invokers.MethodInvocationHelper.invokeMethodConsideringTimeout(MethodInvocationHelper.java:71)
	at org.testng.internal.invokers.ConfigInvoker.invokeConfigurationMethod(ConfigInvoker.java:400)
	at org.testng.internal.invokers.ConfigInvoker.invokeConfigurations(ConfigInvoker.java:333)
	at org.testng.internal.invokers.TestInvoker.runConfigMethods(TestInvoker.java:833)
	at org.testng.internal.invokers.TestInvoker.invokeMethod(TestInvoker.java:600)
	at org.testng.internal.invokers.TestInvoker.invokeTestMethod(TestInvoker.java:230)
	at org.testng.internal.invokers.MethodRunner.runInSequence(MethodRunner.java:63)
	at org.testng.internal.invokers.TestInvoker$MethodInvocationAgent.invoke(TestInvoker.java:992)
	at org.testng.internal.invokers.TestInvoker.invokeTestMethods(TestInvoker.java:203)
	at org.testng.internal.invokers.TestMethodWorker.invokeTestMethods(TestMethodWorker.java:154)
	at org.testng.internal.invokers.TestMethodWorker.run(TestMethodWorker.java:134)
	at java.base/java.util.ArrayList.forEach(ArrayList.java:1596)
	at org.testng.TestRunner.privateRun(TestRunner.java:739)
	at org.testng.TestRunner.run(TestRunner.java:614)
	at org.testng.SuiteRunner.runTest(SuiteRunner.java:421)
	at org.testng.SuiteRunner.runSequentially(SuiteRunner.java:413)
	at org.testng.SuiteRunner.privateRun(SuiteRunner.java:373)
	at org.testng.SuiteRunner.run(SuiteRunner.java:312)
	at org.testng.SuiteRunnerWorker.runSuite(SuiteRunnerWorker.java:52)
	at org.testng.SuiteRunnerWorker.run(SuiteRunnerWorker.java:95)
	at org.testng.TestNG.runSuitesSequentially(TestNG.java:1274)
	at org.testng.TestNG.runSuitesLocally(TestNG.java:1208)
	at org.testng.TestNG.runSuites(TestNG.java:1112)
	at org.testng.TestNG.run(TestNG.java:1079)
	at org.apache.maven.surefire.testng.TestNGExecutor.run(TestNGExecutor.java:155)
	at org.apache.maven.surefire.testng.TestNGDirectoryTestSuite.executeMulti(TestNGDirectoryTestSuite.java:169)
	at org.apache.maven.surefire.testng.TestNGDirectoryTestSuite.execute(TestNGDirectoryTestSuite.java:88)
	at org.apache.maven.surefire.testng.TestNGProvider.invoke(TestNGProvider.java:137)
	at org.apache.maven.surefire.booter.ForkedBooter.runSuitesInProcess(ForkedBooter.java:385)
	at org.apache.maven.surefire.booter.ForkedBooter.execute(ForkedBooter.java:162)
	at org.apache.maven.surefire.booter.ForkedBooter.run(ForkedBooter.java:507)
	at org.apache.maven.surefire.booter.ForkedBooter.main(ForkedBooter.java:495)
]]></failure>
    <system-err><![CDATA[Jul 30, 2024 1:54:48 PM org.openqa.selenium.devtools.CdpVersionFinder findNearestMatch
WARNING: Unable to find an exact match for CDP version 127, returning the closest version; found: 126; Please update to a Selenium version that supports CDP version 127
]]></system-err>
  </testcase>
  <testcase name="setPage" classname="tests.VendorRegistrationTest" time="0.0">
    <skipped/>
  </testcase>
  <testcase name="setPage" classname="tests.VendorRegistrationTest" time="0.0">
    <skipped/>
  </testcase>
  <testcase name="setPage" classname="tests.VendorRegistrationTest" time="0.0">
    <skipped/>
  </testcase>
  <testcase name="setPage" classname="tests.VendorRegistrationTest" time="0.0">
    <skipped/>
  </testcase>
  <testcase name="setPage" classname="tests.VendorRegistrationTest" time="0.0">
    <skipped/>
  </testcase>
  <testcase name="setPage" classname="tests.VendorRegistrationTest" time="0.0">
    <skipped/>
  </testcase>
  <testcase name="setPage" classname="tests.VendorRegistrationTest" time="0.0">
    <skipped/>
  </testcase>
  <testcase name="setPage" classname="tests.VendorRegistrationTest" time="0.0">
    <skipped/>
  </testcase>
  <testcase name="setPage" classname="tests.VendorRegistrationTest" time="0.0">
    <skipped/>
  </testcase>
  <testcase name="setPage" classname="tests.VendorRegistrationTest" time="0.0">
    <skipped/>
  </testcase>
  <testcase name="setPage" classname="tests.VendorRegistrationTest" time="0.0">
    <skipped/>
  </testcase>
  <testcase name="setPage" classname="tests.VendorRegistrationTest" time="0.0">
    <skipped/>
  </testcase>
  <testcase name="setPage" classname="tests.VendorRegistrationTest" time="0.0">
    <skipped/>
  </testcase>
  <testcase name="setPage" classname="tests.VendorRegistrationTest" time="0.0">
    <skipped/>
  </testcase>
  <testcase name="setPage" classname="tests.VendorRegistrationTest" time="0.0">
    <skipped/>
  </testcase>
  <testcase name="setPage" classname="tests.VendorRegistrationTest" time="0.0">
    <skipped/>
  </testcase>
  <testcase name="setPage" classname="tests.VendorRegistrationTest" time="0.0">
    <skipped/>
  </testcase>
  <testcase name="setPage" classname="tests.VendorRegistrationTest" time="0.0">
    <skipped/>
  </testcase>
  <testcase name="setPage" classname="tests.VendorRegistrationTest" time="0.0">
    <skipped/>
  </testcase>
  <testcase name="setPage" classname="tests.VendorRegistrationTest" time="0.0">
    <skipped/>
  </testcase>
  <testcase name="setPage" classname="tests.VendorRegistrationTest" time="0.0">
    <skipped/>
  </testcase>
  <testcase name="setPage" classname="tests.VendorRegistrationTest" time="0.0">
    <skipped/>
  </testcase>
  <testcase name="setPage" classname="tests.VendorRegistrationTest" time="0.0">
    <skipped/>
  </testcase>
  <testcase name="setPage" classname="tests.VendorRegistrationTest" time="0.0">
    <skipped/>
  </testcase>
  <testcase name="setPage" classname="tests.VendorRegistrationTest" time="0.0">
    <skipped/>
  </testcase>
  <testcase name="setPage" classname="tests.VendorRegistrationTest" time="0.0">
    <skipped/>
  </testcase>
  <testcase name="setPage" classname="tests.VendorRegistrationTest" time="0.0">
    <skipped/>
  </testcase>
  <testcase name="setPage" classname="tests.VendorRegistrationTest" time="0.0">
    <skipped/>
  </testcase>
  <testcase name="setPage" classname="tests.VendorRegistrationTest" time="0.0">
    <skipped/>
  </testcase>
  <testcase name="setPage" classname="tests.VendorRegistrationTest" time="0.0">
    <skipped/>
  </testcase>
  <testcase name="setPage" classname="tests.VendorRegistrationTest" time="0.0">
    <skipped/>
  </testcase>
  <testcase name="setPage" classname="tests.VendorRegistrationTest" time="0.0">
    <skipped/>
  </testcase>
  <testcase name="setPage" classname="tests.VendorRegistrationTest" time="0.0">
    <skipped/>
  </testcase>
  <testcase name="setPage" classname="tests.VendorRegistrationTest" time="0.0">
    <skipped/>
  </testcase>
  <testcase name="setPage" classname="tests.VendorRegistrationTest" time="0.0">
    <skipped/>
  </testcase>
  <testcase name="testEnterAlphabetAndSymbolInMobileField" classname="tests.VendorRegistrationTest" time="0.0">
    <skipped message="element not interactable&#10;  (Session info: chrome=127.0.6533.72)&#10;Build info: version: &apos;4.22.0&apos;, revision: &apos;c5f3146703*&apos;&#10;System info: os.name: &apos;Windows 11&apos;, os.arch: &apos;amd64&apos;, os.version: &apos;10.0&apos;, java.version: &apos;21.0.3&apos;&#10;Driver info: org.openqa.selenium.chrome.ChromeDriver&#10;Command: [26558a8142ac7a99ef03b71f6472398f, clickElement {id=f.EFAC5BC80FA90D92A4B0C5E8D0E11C5F.d.3515C7F732D3150C0A9F78C59F500596.e.30}]&#10;Capabilities {acceptInsecureCerts: false, browserName: chrome, browserVersion: 127.0.6533.72, chrome: {chromedriverVersion: 127.0.6533.72 (9755e24ca85a..., userDataDir: C:\Windows\SystemTemp\scope...}, fedcm:accounts: true, goog:chromeOptions: {debuggerAddress: localhost:64664}, networkConnectionEnabled: false, pageLoadStrategy: normal, platformName: windows, proxy: Proxy(), se:cdp: ws://localhost:64664/devtoo..., se:cdpVersion: 127.0.6533.72, setWindowRect: true, strictFileInteractability: false, timeouts: {implicit: 0, pageLoad: 300000, script: 30000}, unhandledPromptBehavior: dismiss and notify, webauthn:extension:credBlob: true, webauthn:extension:largeBlob: true, webauthn:extension:minPinLength: true, webauthn:extension:prf: true, webauthn:virtualAuthenticators: true}&#10;Element: [[ChromeDriver: chrome on windows (26558a8142ac7a99ef03b71f6472398f)] -&gt; id: otp-match-now]&#10;Session ID: 26558a8142ac7a99ef03b71f6472398f"/>
  </testcase>
  <testcase name="tearDown" classname="tests.VendorRegistrationTest" time="0.0">
    <skipped/>
  </testcase>
  <testcase name="tearDown" classname="tests.VendorRegistrationTest" time="0.0">
    <skipped/>
  </testcase>
  <testcase name="tearDown" classname="tests.VendorRegistrationTest" time="0.0">
    <skipped/>
  </testcase>
  <testcase name="tearDown" classname="tests.VendorRegistrationTest" time="0.0">
    <skipped/>
  </testcase>
  <testcase name="tearDown" classname="tests.VendorRegistrationTest" time="0.0">
    <skipped/>
  </testcase>
  <testcase name="tearDown" classname="tests.VendorRegistrationTest" time="0.0">
    <skipped/>
  </testcase>
  <testcase name="tearDown" classname="tests.VendorRegistrationTest" time="0.0">
    <skipped/>
  </testcase>
  <testcase name="tearDown" classname="tests.VendorRegistrationTest" time="0.0">
    <skipped/>
  </testcase>
  <testcase name="tearDown" classname="tests.VendorRegistrationTest" time="0.0">
    <skipped/>
  </testcase>
  <testcase name="tearDown" classname="tests.VendorRegistrationTest" time="0.0">
    <skipped/>
  </testcase>
  <testcase name="tearDown" classname="tests.VendorRegistrationTest" time="0.0">
    <skipped/>
  </testcase>
  <testcase name="tearDown" classname="tests.VendorRegistrationTest" time="0.0">
    <skipped/>
  </testcase>
  <testcase name="tearDown" classname="tests.VendorRegistrationTest" time="0.0">
    <skipped/>
  </testcase>
  <testcase name="tearDown" classname="tests.VendorRegistrationTest" time="0.0">
    <skipped/>
  </testcase>
  <testcase name="tearDown" classname="tests.VendorRegistrationTest" time="0.0">
    <skipped/>
  </testcase>
  <testcase name="tearDown" classname="tests.VendorRegistrationTest" time="0.0">
    <skipped/>
  </testcase>
  <testcase name="tearDown" classname="tests.VendorRegistrationTest" time="0.0">
    <skipped/>
  </testcase>
  <testcase name="tearDown" classname="tests.VendorRegistrationTest" time="0.0">
    <skipped/>
  </testcase>
  <testcase name="tearDown" classname="tests.VendorRegistrationTest" time="0.0">
    <skipped/>
  </testcase>
  <testcase name="tearDown" classname="tests.VendorRegistrationTest" time="0.0">
    <skipped/>
  </testcase>
  <testcase name="tearDown" classname="tests.VendorRegistrationTest" time="0.0">
    <skipped/>
  </testcase>
  <testcase name="tearDown" classname="tests.VendorRegistrationTest" time="0.0">
    <skipped/>
  </testcase>
  <testcase name="tearDown" classname="tests.VendorRegistrationTest" time="0.0">
    <skipped/>
  </testcase>
  <testcase name="tearDown" classname="tests.VendorRegistrationTest" time="0.0">
    <skipped/>
  </testcase>
  <testcase name="tearDown" classname="tests.VendorRegistrationTest" time="0.0">
    <skipped/>
  </testcase>
  <testcase name="tearDown" classname="tests.VendorRegistrationTest" time="0.0">
    <skipped/>
  </testcase>
  <testcase name="tearDown" classname="tests.VendorRegistrationTest" time="0.0">
    <skipped/>
  </testcase>
  <testcase name="tearDown" classname="tests.VendorRegistrationTest" time="0.0">
    <skipped/>
  </testcase>
  <testcase name="tearDown" classname="tests.VendorRegistrationTest" time="0.0">
    <skipped/>
  </testcase>
  <testcase name="tearDown" classname="tests.VendorRegistrationTest" time="0.0">
    <skipped/>
  </testcase>
  <testcase name="tearDown" classname="tests.VendorRegistrationTest" time="0.0">
    <skipped/>
  </testcase>
  <testcase name="tearDown" classname="tests.VendorRegistrationTest" time="0.0">
    <skipped/>
  </testcase>
  <testcase name="tearDown" classname="tests.VendorRegistrationTest" time="0.0">
    <skipped/>
  </testcase>
  <testcase name="tearDown" classname="tests.VendorRegistrationTest" time="0.0">
    <skipped/>
  </testcase>
  <testcase name="tearDown" classname="tests.VendorRegistrationTest" time="0.0">
    <skipped/>
  </testcase>
  <testcase name="tearDown" classname="tests.VendorRegistrationTest" time="0.0">
    <skipped/>
  </testcase>
  <testcase name="setup" classname="tests.VendorRegistrationTest" time="0.0">
    <skipped/>
  </testcase>
  <testcase name="setup" classname="tests.VendorRegistrationTest" time="0.0">
    <skipped/>
  </testcase>
  <testcase name="setup" classname="tests.VendorRegistrationTest" time="0.0">
    <skipped/>
  </testcase>
  <testcase name="setup" classname="tests.VendorRegistrationTest" time="0.0">
    <skipped/>
  </testcase>
  <testcase name="setup" classname="tests.VendorRegistrationTest" time="0.0">
    <skipped/>
  </testcase>
  <testcase name="setup" classname="tests.VendorRegistrationTest" time="0.0">
    <skipped/>
  </testcase>
  <testcase name="setup" classname="tests.VendorRegistrationTest" time="0.0">
    <skipped/>
  </testcase>
  <testcase name="setup" classname="tests.VendorRegistrationTest" time="0.0">
    <skipped/>
  </testcase>
  <testcase name="setup" classname="tests.VendorRegistrationTest" time="0.0">
    <skipped/>
  </testcase>
  <testcase name="setup" classname="tests.VendorRegistrationTest" time="0.0">
    <skipped/>
  </testcase>
  <testcase name="setup" classname="tests.VendorRegistrationTest" time="0.0">
    <skipped/>
  </testcase>
  <testcase name="setup" classname="tests.VendorRegistrationTest" time="0.0">
    <skipped/>
  </testcase>
  <testcase name="setup" classname="tests.VendorRegistrationTest" time="0.0">
    <skipped/>
  </testcase>
  <testcase name="setup" classname="tests.VendorRegistrationTest" time="0.0">
    <skipped/>
  </testcase>
  <testcase name="setup" classname="tests.VendorRegistrationTest" time="0.0">
    <skipped/>
  </testcase>
  <testcase name="setup" classname="tests.VendorRegistrationTest" time="0.0">
    <skipped/>
  </testcase>
  <testcase name="setup" classname="tests.VendorRegistrationTest" time="0.0">
    <skipped/>
  </testcase>
  <testcase name="setup" classname="tests.VendorRegistrationTest" time="0.0">
    <skipped/>
  </testcase>
  <testcase name="setup" classname="tests.VendorRegistrationTest" time="0.0">
    <skipped/>
  </testcase>
  <testcase name="setup" classname="tests.VendorRegistrationTest" time="0.0">
    <skipped/>
  </testcase>
  <testcase name="setup" classname="tests.VendorRegistrationTest" time="0.0">
    <skipped/>
  </testcase>
  <testcase name="setup" classname="tests.VendorRegistrationTest" time="0.0">
    <skipped/>
  </testcase>
  <testcase name="setup" classname="tests.VendorRegistrationTest" time="0.0">
    <skipped/>
  </testcase>
  <testcase name="setup" classname="tests.VendorRegistrationTest" time="0.0">
    <skipped/>
  </testcase>
  <testcase name="setup" classname="tests.VendorRegistrationTest" time="0.0">
    <skipped/>
  </testcase>
  <testcase name="setup" classname="tests.VendorRegistrationTest" time="0.0">
    <skipped/>
  </testcase>
  <testcase name="setup" classname="tests.VendorRegistrationTest" time="0.0">
    <skipped/>
  </testcase>
  <testcase name="setup" classname="tests.VendorRegistrationTest" time="0.0">
    <skipped/>
  </testcase>
  <testcase name="setup" classname="tests.VendorRegistrationTest" time="0.0">
    <skipped/>
  </testcase>
  <testcase name="setup" classname="tests.VendorRegistrationTest" time="0.0">
    <skipped/>
  </testcase>
  <testcase name="setup" classname="tests.VendorRegistrationTest" time="0.0">
    <skipped/>
  </testcase>
  <testcase name="setup" classname="tests.VendorRegistrationTest" time="0.0">
    <skipped/>
  </testcase>
  <testcase name="setup" classname="tests.VendorRegistrationTest" time="0.0">
    <skipped/>
  </testcase>
  <testcase name="setup" classname="tests.VendorRegistrationTest" time="0.0">
    <skipped/>
  </testcase>
  <testcase name="setup" classname="tests.VendorRegistrationTest" time="0.0">
    <skipped/>
  </testcase>
  <testcase name="testEnterInValidAccountHolderName" classname="tests.VendorRegistrationTest" time="0.0">
    <skipped message="element not interactable&#10;  (Session info: chrome=127.0.6533.72)&#10;Build info: version: &apos;4.22.0&apos;, revision: &apos;c5f3146703*&apos;&#10;System info: os.name: &apos;Windows 11&apos;, os.arch: &apos;amd64&apos;, os.version: &apos;10.0&apos;, java.version: &apos;21.0.3&apos;&#10;Driver info: org.openqa.selenium.chrome.ChromeDriver&#10;Command: [26558a8142ac7a99ef03b71f6472398f, clickElement {id=f.EFAC5BC80FA90D92A4B0C5E8D0E11C5F.d.3515C7F732D3150C0A9F78C59F500596.e.30}]&#10;Capabilities {acceptInsecureCerts: false, browserName: chrome, browserVersion: 127.0.6533.72, chrome: {chromedriverVersion: 127.0.6533.72 (9755e24ca85a..., userDataDir: C:\Windows\SystemTemp\scope...}, fedcm:accounts: true, goog:chromeOptions: {debuggerAddress: localhost:64664}, networkConnectionEnabled: false, pageLoadStrategy: normal, platformName: windows, proxy: Proxy(), se:cdp: ws://localhost:64664/devtoo..., se:cdpVersion: 127.0.6533.72, setWindowRect: true, strictFileInteractability: false, timeouts: {implicit: 0, pageLoad: 300000, script: 30000}, unhandledPromptBehavior: dismiss and notify, webauthn:extension:credBlob: true, webauthn:extension:largeBlob: true, webauthn:extension:minPinLength: true, webauthn:extension:prf: true, webauthn:virtualAuthenticators: true}&#10;Element: [[ChromeDriver: chrome on windows (26558a8142ac7a99ef03b71f6472398f)] -&gt; id: otp-match-now]&#10;Session ID: 26558a8142ac7a99ef03b71f6472398f"/>
  </testcase>
  <testcase name="testEnterInValidAccountNo" classname="tests.VendorRegistrationTest" time="0.0">
    <skipped message="element not interactable&#10;  (Session info: chrome=127.0.6533.72)&#10;Build info: version: &apos;4.22.0&apos;, revision: &apos;c5f3146703*&apos;&#10;System info: os.name: &apos;Windows 11&apos;, os.arch: &apos;amd64&apos;, os.version: &apos;10.0&apos;, java.version: &apos;21.0.3&apos;&#10;Driver info: org.openqa.selenium.chrome.ChromeDriver&#10;Command: [26558a8142ac7a99ef03b71f6472398f, clickElement {id=f.EFAC5BC80FA90D92A4B0C5E8D0E11C5F.d.3515C7F732D3150C0A9F78C59F500596.e.30}]&#10;Capabilities {acceptInsecureCerts: false, browserName: chrome, browserVersion: 127.0.6533.72, chrome: {chromedriverVersion: 127.0.6533.72 (9755e24ca85a..., userDataDir: C:\Windows\SystemTemp\scope...}, fedcm:accounts: true, goog:chromeOptions: {debuggerAddress: localhost:64664}, networkConnectionEnabled: false, pageLoadStrategy: normal, platformName: windows, proxy: Proxy(), se:cdp: ws://localhost:64664/devtoo..., se:cdpVersion: 127.0.6533.72, setWindowRect: true, strictFileInteractability: false, timeouts: {implicit: 0, pageLoad: 300000, script: 30000}, unhandledPromptBehavior: dismiss and notify, webauthn:extension:credBlob: true, webauthn:extension:largeBlob: true, webauthn:extension:minPinLength: true, webauthn:extension:prf: true, webauthn:virtualAuthenticators: true}&#10;Element: [[ChromeDriver: chrome on windows (26558a8142ac7a99ef03b71f6472398f)] -&gt; id: otp-match-now]&#10;Session ID: 26558a8142ac7a99ef03b71f6472398f"/>
  </testcase>
  <testcase name="testEnterInValidBankName" classname="tests.VendorRegistrationTest" time="0.0">
    <skipped message="element not interactable&#10;  (Session info: chrome=127.0.6533.72)&#10;Build info: version: &apos;4.22.0&apos;, revision: &apos;c5f3146703*&apos;&#10;System info: os.name: &apos;Windows 11&apos;, os.arch: &apos;amd64&apos;, os.version: &apos;10.0&apos;, java.version: &apos;21.0.3&apos;&#10;Driver info: org.openqa.selenium.chrome.ChromeDriver&#10;Command: [26558a8142ac7a99ef03b71f6472398f, clickElement {id=f.EFAC5BC80FA90D92A4B0C5E8D0E11C5F.d.3515C7F732D3150C0A9F78C59F500596.e.30}]&#10;Capabilities {acceptInsecureCerts: false, browserName: chrome, browserVersion: 127.0.6533.72, chrome: {chromedriverVersion: 127.0.6533.72 (9755e24ca85a..., userDataDir: C:\Windows\SystemTemp\scope...}, fedcm:accounts: true, goog:chromeOptions: {debuggerAddress: localhost:64664}, networkConnectionEnabled: false, pageLoadStrategy: normal, platformName: windows, proxy: Proxy(), se:cdp: ws://localhost:64664/devtoo..., se:cdpVersion: 127.0.6533.72, setWindowRect: true, strictFileInteractability: false, timeouts: {implicit: 0, pageLoad: 300000, script: 30000}, unhandledPromptBehavior: dismiss and notify, webauthn:extension:credBlob: true, webauthn:extension:largeBlob: true, webauthn:extension:minPinLength: true, webauthn:extension:prf: true, webauthn:virtualAuthenticators: true}&#10;Element: [[ChromeDriver: chrome on windows (26558a8142ac7a99ef03b71f6472398f)] -&gt; id: otp-match-now]&#10;Session ID: 26558a8142ac7a99ef03b71f6472398f"/>
  </testcase>
  <testcase name="testEnterInValidPincode" classname="tests.VendorRegistrationTest" time="0.0">
    <skipped message="element not interactable&#10;  (Session info: chrome=127.0.6533.72)&#10;Build info: version: &apos;4.22.0&apos;, revision: &apos;c5f3146703*&apos;&#10;System info: os.name: &apos;Windows 11&apos;, os.arch: &apos;amd64&apos;, os.version: &apos;10.0&apos;, java.version: &apos;21.0.3&apos;&#10;Driver info: org.openqa.selenium.chrome.ChromeDriver&#10;Command: [26558a8142ac7a99ef03b71f6472398f, clickElement {id=f.EFAC5BC80FA90D92A4B0C5E8D0E11C5F.d.3515C7F732D3150C0A9F78C59F500596.e.30}]&#10;Capabilities {acceptInsecureCerts: false, browserName: chrome, browserVersion: 127.0.6533.72, chrome: {chromedriverVersion: 127.0.6533.72 (9755e24ca85a..., userDataDir: C:\Windows\SystemTemp\scope...}, fedcm:accounts: true, goog:chromeOptions: {debuggerAddress: localhost:64664}, networkConnectionEnabled: false, pageLoadStrategy: normal, platformName: windows, proxy: Proxy(), se:cdp: ws://localhost:64664/devtoo..., se:cdpVersion: 127.0.6533.72, setWindowRect: true, strictFileInteractability: false, timeouts: {implicit: 0, pageLoad: 300000, script: 30000}, unhandledPromptBehavior: dismiss and notify, webauthn:extension:credBlob: true, webauthn:extension:largeBlob: true, webauthn:extension:minPinLength: true, webauthn:extension:prf: true, webauthn:virtualAuthenticators: true}&#10;Element: [[ChromeDriver: chrome on windows (26558a8142ac7a99ef03b71f6472398f)] -&gt; id: otp-match-now]&#10;Session ID: 26558a8142ac7a99ef03b71f6472398f"/>
  </testcase>
  <testcase name="testEnterInvalidBranchName" classname="tests.VendorRegistrationTest" time="0.0">
    <skipped message="element not interactable&#10;  (Session info: chrome=127.0.6533.72)&#10;Build info: version: &apos;4.22.0&apos;, revision: &apos;c5f3146703*&apos;&#10;System info: os.name: &apos;Windows 11&apos;, os.arch: &apos;amd64&apos;, os.version: &apos;10.0&apos;, java.version: &apos;21.0.3&apos;&#10;Driver info: org.openqa.selenium.chrome.ChromeDriver&#10;Command: [26558a8142ac7a99ef03b71f6472398f, clickElement {id=f.EFAC5BC80FA90D92A4B0C5E8D0E11C5F.d.3515C7F732D3150C0A9F78C59F500596.e.30}]&#10;Capabilities {acceptInsecureCerts: false, browserName: chrome, browserVersion: 127.0.6533.72, chrome: {chromedriverVersion: 127.0.6533.72 (9755e24ca85a..., userDataDir: C:\Windows\SystemTemp\scope...}, fedcm:accounts: true, goog:chromeOptions: {debuggerAddress: localhost:64664}, networkConnectionEnabled: false, pageLoadStrategy: normal, platformName: windows, proxy: Proxy(), se:cdp: ws://localhost:64664/devtoo..., se:cdpVersion: 127.0.6533.72, setWindowRect: true, strictFileInteractability: false, timeouts: {implicit: 0, pageLoad: 300000, script: 30000}, unhandledPromptBehavior: dismiss and notify, webauthn:extension:credBlob: true, webauthn:extension:largeBlob: true, webauthn:extension:minPinLength: true, webauthn:extension:prf: true, webauthn:virtualAuthenticators: true}&#10;Element: [[ChromeDriver: chrome on windows (26558a8142ac7a99ef03b71f6472398f)] -&gt; id: otp-match-now]&#10;Session ID: 26558a8142ac7a99ef03b71f6472398f"/>
  </testcase>
  <testcase name="testEnterPartialAccountNo" classname="tests.VendorRegistrationTest" time="0.0">
    <skipped message="element not interactable&#10;  (Session info: chrome=127.0.6533.72)&#10;Build info: version: &apos;4.22.0&apos;, revision: &apos;c5f3146703*&apos;&#10;System info: os.name: &apos;Windows 11&apos;, os.arch: &apos;amd64&apos;, os.version: &apos;10.0&apos;, java.version: &apos;21.0.3&apos;&#10;Driver info: org.openqa.selenium.chrome.ChromeDriver&#10;Command: [26558a8142ac7a99ef03b71f6472398f, clickElement {id=f.EFAC5BC80FA90D92A4B0C5E8D0E11C5F.d.3515C7F732D3150C0A9F78C59F500596.e.30}]&#10;Capabilities {acceptInsecureCerts: false, browserName: chrome, browserVersion: 127.0.6533.72, chrome: {chromedriverVersion: 127.0.6533.72 (9755e24ca85a..., userDataDir: C:\Windows\SystemTemp\scope...}, fedcm:accounts: true, goog:chromeOptions: {debuggerAddress: localhost:64664}, networkConnectionEnabled: false, pageLoadStrategy: normal, platformName: windows, proxy: Proxy(), se:cdp: ws://localhost:64664/devtoo..., se:cdpVersion: 127.0.6533.72, setWindowRect: true, strictFileInteractability: false, timeouts: {implicit: 0, pageLoad: 300000, script: 30000}, unhandledPromptBehavior: dismiss and notify, webauthn:extension:credBlob: true, webauthn:extension:largeBlob: true, webauthn:extension:minPinLength: true, webauthn:extension:prf: true, webauthn:virtualAuthenticators: true}&#10;Element: [[ChromeDriver: chrome on windows (26558a8142ac7a99ef03b71f6472398f)] -&gt; id: otp-match-now]&#10;Session ID: 26558a8142ac7a99ef03b71f6472398f"/>
  </testcase>
  <testcase name="testEnterValidAccountHolderName" classname="tests.VendorRegistrationTest" time="0.0">
    <skipped message="element not interactable&#10;  (Session info: chrome=127.0.6533.72)&#10;Build info: version: &apos;4.22.0&apos;, revision: &apos;c5f3146703*&apos;&#10;System info: os.name: &apos;Windows 11&apos;, os.arch: &apos;amd64&apos;, os.version: &apos;10.0&apos;, java.version: &apos;21.0.3&apos;&#10;Driver info: org.openqa.selenium.chrome.ChromeDriver&#10;Command: [26558a8142ac7a99ef03b71f6472398f, clickElement {id=f.EFAC5BC80FA90D92A4B0C5E8D0E11C5F.d.3515C7F732D3150C0A9F78C59F500596.e.30}]&#10;Capabilities {acceptInsecureCerts: false, browserName: chrome, browserVersion: 127.0.6533.72, chrome: {chromedriverVersion: 127.0.6533.72 (9755e24ca85a..., userDataDir: C:\Windows\SystemTemp\scope...}, fedcm:accounts: true, goog:chromeOptions: {debuggerAddress: localhost:64664}, networkConnectionEnabled: false, pageLoadStrategy: normal, platformName: windows, proxy: Proxy(), se:cdp: ws://localhost:64664/devtoo..., se:cdpVersion: 127.0.6533.72, setWindowRect: true, strictFileInteractability: false, timeouts: {implicit: 0, pageLoad: 300000, script: 30000}, unhandledPromptBehavior: dismiss and notify, webauthn:extension:credBlob: true, webauthn:extension:largeBlob: true, webauthn:extension:minPinLength: true, webauthn:extension:prf: true, webauthn:virtualAuthenticators: true}&#10;Element: [[ChromeDriver: chrome on windows (26558a8142ac7a99ef03b71f6472398f)] -&gt; id: otp-match-now]&#10;Session ID: 26558a8142ac7a99ef03b71f6472398f"/>
  </testcase>
  <testcase name="testEnterValidAccountNo" classname="tests.VendorRegistrationTest" time="0.0">
    <skipped message="element not interactable&#10;  (Session info: chrome=127.0.6533.72)&#10;Build info: version: &apos;4.22.0&apos;, revision: &apos;c5f3146703*&apos;&#10;System info: os.name: &apos;Windows 11&apos;, os.arch: &apos;amd64&apos;, os.version: &apos;10.0&apos;, java.version: &apos;21.0.3&apos;&#10;Driver info: org.openqa.selenium.chrome.ChromeDriver&#10;Command: [26558a8142ac7a99ef03b71f6472398f, clickElement {id=f.EFAC5BC80FA90D92A4B0C5E8D0E11C5F.d.3515C7F732D3150C0A9F78C59F500596.e.30}]&#10;Capabilities {acceptInsecureCerts: false, browserName: chrome, browserVersion: 127.0.6533.72, chrome: {chromedriverVersion: 127.0.6533.72 (9755e24ca85a..., userDataDir: C:\Windows\SystemTemp\scope...}, fedcm:accounts: true, goog:chromeOptions: {debuggerAddress: localhost:64664}, networkConnectionEnabled: false, pageLoadStrategy: normal, platformName: windows, proxy: Proxy(), se:cdp: ws://localhost:64664/devtoo..., se:cdpVersion: 127.0.6533.72, setWindowRect: true, strictFileInteractability: false, timeouts: {implicit: 0, pageLoad: 300000, script: 30000}, unhandledPromptBehavior: dismiss and notify, webauthn:extension:credBlob: true, webauthn:extension:largeBlob: true, webauthn:extension:minPinLength: true, webauthn:extension:prf: true, webauthn:virtualAuthenticators: true}&#10;Element: [[ChromeDriver: chrome on windows (26558a8142ac7a99ef03b71f6472398f)] -&gt; id: otp-match-now]&#10;Session ID: 26558a8142ac7a99ef03b71f6472398f"/>
  </testcase>
  <testcase name="testEnterValidBankName" classname="tests.VendorRegistrationTest" time="0.0">
    <skipped message="element not interactable&#10;  (Session info: chrome=127.0.6533.72)&#10;Build info: version: &apos;4.22.0&apos;, revision: &apos;c5f3146703*&apos;&#10;System info: os.name: &apos;Windows 11&apos;, os.arch: &apos;amd64&apos;, os.version: &apos;10.0&apos;, java.version: &apos;21.0.3&apos;&#10;Driver info: org.openqa.selenium.chrome.ChromeDriver&#10;Command: [26558a8142ac7a99ef03b71f6472398f, clickElement {id=f.EFAC5BC80FA90D92A4B0C5E8D0E11C5F.d.3515C7F732D3150C0A9F78C59F500596.e.30}]&#10;Capabilities {acceptInsecureCerts: false, browserName: chrome, browserVersion: 127.0.6533.72, chrome: {chromedriverVersion: 127.0.6533.72 (9755e24ca85a..., userDataDir: C:\Windows\SystemTemp\scope...}, fedcm:accounts: true, goog:chromeOptions: {debuggerAddress: localhost:64664}, networkConnectionEnabled: false, pageLoadStrategy: normal, platformName: windows, proxy: Proxy(), se:cdp: ws://localhost:64664/devtoo..., se:cdpVersion: 127.0.6533.72, setWindowRect: true, strictFileInteractability: false, timeouts: {implicit: 0, pageLoad: 300000, script: 30000}, unhandledPromptBehavior: dismiss and notify, webauthn:extension:credBlob: true, webauthn:extension:largeBlob: true, webauthn:extension:minPinLength: true, webauthn:extension:prf: true, webauthn:virtualAuthenticators: true}&#10;Element: [[ChromeDriver: chrome on windows (26558a8142ac7a99ef03b71f6472398f)] -&gt; id: otp-match-now]&#10;Session ID: 26558a8142ac7a99ef03b71f6472398f"/>
  </testcase>
  <testcase name="testEnterValidInBankIFSCCode" classname="tests.VendorRegistrationTest" time="0.0">
    <skipped message="element not interactable&#10;  (Session info: chrome=127.0.6533.72)&#10;Build info: version: &apos;4.22.0&apos;, revision: &apos;c5f3146703*&apos;&#10;System info: os.name: &apos;Windows 11&apos;, os.arch: &apos;amd64&apos;, os.version: &apos;10.0&apos;, java.version: &apos;21.0.3&apos;&#10;Driver info: org.openqa.selenium.chrome.ChromeDriver&#10;Command: [26558a8142ac7a99ef03b71f6472398f, clickElement {id=f.EFAC5BC80FA90D92A4B0C5E8D0E11C5F.d.3515C7F732D3150C0A9F78C59F500596.e.30}]&#10;Capabilities {acceptInsecureCerts: false, browserName: chrome, browserVersion: 127.0.6533.72, chrome: {chromedriverVersion: 127.0.6533.72 (9755e24ca85a..., userDataDir: C:\Windows\SystemTemp\scope...}, fedcm:accounts: true, goog:chromeOptions: {debuggerAddress: localhost:64664}, networkConnectionEnabled: false, pageLoadStrategy: normal, platformName: windows, proxy: Proxy(), se:cdp: ws://localhost:64664/devtoo..., se:cdpVersion: 127.0.6533.72, setWindowRect: true, strictFileInteractability: false, timeouts: {implicit: 0, pageLoad: 300000, script: 30000}, unhandledPromptBehavior: dismiss and notify, webauthn:extension:credBlob: true, webauthn:extension:largeBlob: true, webauthn:extension:minPinLength: true, webauthn:extension:prf: true, webauthn:virtualAuthenticators: true}&#10;Element: [[ChromeDriver: chrome on windows (26558a8142ac7a99ef03b71f6472398f)] -&gt; id: otp-match-now]&#10;Session ID: 26558a8142ac7a99ef03b71f6472398f"/>
  </testcase>
  <testcase name="testEnterValidPincode" classname="tests.VendorRegistrationTest" time="0.0">
    <skipped message="element not interactable&#10;  (Session info: chrome=127.0.6533.72)&#10;Build info: version: &apos;4.22.0&apos;, revision: &apos;c5f3146703*&apos;&#10;System info: os.name: &apos;Windows 11&apos;, os.arch: &apos;amd64&apos;, os.version: &apos;10.0&apos;, java.version: &apos;21.0.3&apos;&#10;Driver info: org.openqa.selenium.chrome.ChromeDriver&#10;Command: [26558a8142ac7a99ef03b71f6472398f, clickElement {id=f.EFAC5BC80FA90D92A4B0C5E8D0E11C5F.d.3515C7F732D3150C0A9F78C59F500596.e.30}]&#10;Capabilities {acceptInsecureCerts: false, browserName: chrome, browserVersion: 127.0.6533.72, chrome: {chromedriverVersion: 127.0.6533.72 (9755e24ca85a..., userDataDir: C:\Windows\SystemTemp\scope...}, fedcm:accounts: true, goog:chromeOptions: {debuggerAddress: localhost:64664}, networkConnectionEnabled: false, pageLoadStrategy: normal, platformName: windows, proxy: Proxy(), se:cdp: ws://localhost:64664/devtoo..., se:cdpVersion: 127.0.6533.72, setWindowRect: true, strictFileInteractability: false, timeouts: {implicit: 0, pageLoad: 300000, script: 30000}, unhandledPromptBehavior: dismiss and notify, webauthn:extension:credBlob: true, webauthn:extension:largeBlob: true, webauthn:extension:minPinLength: true, webauthn:extension:prf: true, webauthn:virtualAuthenticators: true}&#10;Element: [[ChromeDriver: chrome on windows (26558a8142ac7a99ef03b71f6472398f)] -&gt; id: otp-match-now]&#10;Session ID: 26558a8142ac7a99ef03b71f6472398f"/>
  </testcase>
  <testcase name="testEnteringLessThan10DigitsInMobileField" classname="tests.VendorRegistrationTest" time="0.0">
    <skipped message="element not interactable&#10;  (Session info: chrome=127.0.6533.72)&#10;Build info: version: &apos;4.22.0&apos;, revision: &apos;c5f3146703*&apos;&#10;System info: os.name: &apos;Windows 11&apos;, os.arch: &apos;amd64&apos;, os.version: &apos;10.0&apos;, java.version: &apos;21.0.3&apos;&#10;Driver info: org.openqa.selenium.chrome.ChromeDriver&#10;Command: [26558a8142ac7a99ef03b71f6472398f, clickElement {id=f.EFAC5BC80FA90D92A4B0C5E8D0E11C5F.d.3515C7F732D3150C0A9F78C59F500596.e.30}]&#10;Capabilities {acceptInsecureCerts: false, browserName: chrome, browserVersion: 127.0.6533.72, chrome: {chromedriverVersion: 127.0.6533.72 (9755e24ca85a..., userDataDir: C:\Windows\SystemTemp\scope...}, fedcm:accounts: true, goog:chromeOptions: {debuggerAddress: localhost:64664}, networkConnectionEnabled: false, pageLoadStrategy: normal, platformName: windows, proxy: Proxy(), se:cdp: ws://localhost:64664/devtoo..., se:cdpVersion: 127.0.6533.72, setWindowRect: true, strictFileInteractability: false, timeouts: {implicit: 0, pageLoad: 300000, script: 30000}, unhandledPromptBehavior: dismiss and notify, webauthn:extension:credBlob: true, webauthn:extension:largeBlob: true, webauthn:extension:minPinLength: true, webauthn:extension:prf: true, webauthn:virtualAuthenticators: true}&#10;Element: [[ChromeDriver: chrome on windows (26558a8142ac7a99ef03b71f6472398f)] -&gt; id: otp-match-now]&#10;Session ID: 26558a8142ac7a99ef03b71f6472398f"/>
  </testcase>
  <testcase name="testEnteringSpecialCharactersInBankIFSCCode" classname="tests.VendorRegistrationTest" time="0.0">
    <skipped message="element not interactable&#10;  (Session info: chrome=127.0.6533.72)&#10;Build info: version: &apos;4.22.0&apos;, revision: &apos;c5f3146703*&apos;&#10;System info: os.name: &apos;Windows 11&apos;, os.arch: &apos;amd64&apos;, os.version: &apos;10.0&apos;, java.version: &apos;21.0.3&apos;&#10;Driver info: org.openqa.selenium.chrome.ChromeDriver&#10;Command: [26558a8142ac7a99ef03b71f6472398f, clickElement {id=f.EFAC5BC80FA90D92A4B0C5E8D0E11C5F.d.3515C7F732D3150C0A9F78C59F500596.e.30}]&#10;Capabilities {acceptInsecureCerts: false, browserName: chrome, browserVersion: 127.0.6533.72, chrome: {chromedriverVersion: 127.0.6533.72 (9755e24ca85a..., userDataDir: C:\Windows\SystemTemp\scope...}, fedcm:accounts: true, goog:chromeOptions: {debuggerAddress: localhost:64664}, networkConnectionEnabled: false, pageLoadStrategy: normal, platformName: windows, proxy: Proxy(), se:cdp: ws://localhost:64664/devtoo..., se:cdpVersion: 127.0.6533.72, setWindowRect: true, strictFileInteractability: false, timeouts: {implicit: 0, pageLoad: 300000, script: 30000}, unhandledPromptBehavior: dismiss and notify, webauthn:extension:credBlob: true, webauthn:extension:largeBlob: true, webauthn:extension:minPinLength: true, webauthn:extension:prf: true, webauthn:virtualAuthenticators: true}&#10;Element: [[ChromeDriver: chrome on windows (26558a8142ac7a99ef03b71f6472398f)] -&gt; id: otp-match-now]&#10;Session ID: 26558a8142ac7a99ef03b71f6472398f"/>
  </testcase>
  <testcase name="testEntermorethan18digitsAccountNo" classname="tests.VendorRegistrationTest" time="0.0">
    <skipped message="element not interactable&#10;  (Session info: chrome=127.0.6533.72)&#10;Build info: version: &apos;4.22.0&apos;, revision: &apos;c5f3146703*&apos;&#10;System info: os.name: &apos;Windows 11&apos;, os.arch: &apos;amd64&apos;, os.version: &apos;10.0&apos;, java.version: &apos;21.0.3&apos;&#10;Driver info: org.openqa.selenium.chrome.ChromeDriver&#10;Command: [26558a8142ac7a99ef03b71f6472398f, clickElement {id=f.EFAC5BC80FA90D92A4B0C5E8D0E11C5F.d.3515C7F732D3150C0A9F78C59F500596.e.30}]&#10;Capabilities {acceptInsecureCerts: false, browserName: chrome, browserVersion: 127.0.6533.72, chrome: {chromedriverVersion: 127.0.6533.72 (9755e24ca85a..., userDataDir: C:\Windows\SystemTemp\scope...}, fedcm:accounts: true, goog:chromeOptions: {debuggerAddress: localhost:64664}, networkConnectionEnabled: false, pageLoadStrategy: normal, platformName: windows, proxy: Proxy(), se:cdp: ws://localhost:64664/devtoo..., se:cdpVersion: 127.0.6533.72, setWindowRect: true, strictFileInteractability: false, timeouts: {implicit: 0, pageLoad: 300000, script: 30000}, unhandledPromptBehavior: dismiss and notify, webauthn:extension:credBlob: true, webauthn:extension:largeBlob: true, webauthn:extension:minPinLength: true, webauthn:extension:prf: true, webauthn:virtualAuthenticators: true}&#10;Element: [[ChromeDriver: chrome on windows (26558a8142ac7a99ef03b71f6472398f)] -&gt; id: otp-match-now]&#10;Session ID: 26558a8142ac7a99ef03b71f6472398f"/>
  </testcase>
  <testcase name="testEntervalidBranchName" classname="tests.VendorRegistrationTest" time="0.0">
    <skipped message="element not interactable&#10;  (Session info: chrome=127.0.6533.72)&#10;Build info: version: &apos;4.22.0&apos;, revision: &apos;c5f3146703*&apos;&#10;System info: os.name: &apos;Windows 11&apos;, os.arch: &apos;amd64&apos;, os.version: &apos;10.0&apos;, java.version: &apos;21.0.3&apos;&#10;Driver info: org.openqa.selenium.chrome.ChromeDriver&#10;Command: [26558a8142ac7a99ef03b71f6472398f, clickElement {id=f.EFAC5BC80FA90D92A4B0C5E8D0E11C5F.d.3515C7F732D3150C0A9F78C59F500596.e.30}]&#10;Capabilities {acceptInsecureCerts: false, browserName: chrome, browserVersion: 127.0.6533.72, chrome: {chromedriverVersion: 127.0.6533.72 (9755e24ca85a..., userDataDir: C:\Windows\SystemTemp\scope...}, fedcm:accounts: true, goog:chromeOptions: {debuggerAddress: localhost:64664}, networkConnectionEnabled: false, pageLoadStrategy: normal, platformName: windows, proxy: Proxy(), se:cdp: ws://localhost:64664/devtoo..., se:cdpVersion: 127.0.6533.72, setWindowRect: true, strictFileInteractability: false, timeouts: {implicit: 0, pageLoad: 300000, script: 30000}, unhandledPromptBehavior: dismiss and notify, webauthn:extension:credBlob: true, webauthn:extension:largeBlob: true, webauthn:extension:minPinLength: true, webauthn:extension:prf: true, webauthn:virtualAuthenticators: true}&#10;Element: [[ChromeDriver: chrome on windows (26558a8142ac7a99ef03b71f6472398f)] -&gt; id: otp-match-now]&#10;Session ID: 26558a8142ac7a99ef03b71f6472398f"/>
  </testcase>
  <testcase name="testExistingEmailErrorMessage" classname="tests.VendorRegistrationTest" time="0.0">
    <skipped message="element not interactable&#10;  (Session info: chrome=127.0.6533.72)&#10;Build info: version: &apos;4.22.0&apos;, revision: &apos;c5f3146703*&apos;&#10;System info: os.name: &apos;Windows 11&apos;, os.arch: &apos;amd64&apos;, os.version: &apos;10.0&apos;, java.version: &apos;21.0.3&apos;&#10;Driver info: org.openqa.selenium.chrome.ChromeDriver&#10;Command: [26558a8142ac7a99ef03b71f6472398f, clickElement {id=f.EFAC5BC80FA90D92A4B0C5E8D0E11C5F.d.3515C7F732D3150C0A9F78C59F500596.e.30}]&#10;Capabilities {acceptInsecureCerts: false, browserName: chrome, browserVersion: 127.0.6533.72, chrome: {chromedriverVersion: 127.0.6533.72 (9755e24ca85a..., userDataDir: C:\Windows\SystemTemp\scope...}, fedcm:accounts: true, goog:chromeOptions: {debuggerAddress: localhost:64664}, networkConnectionEnabled: false, pageLoadStrategy: normal, platformName: windows, proxy: Proxy(), se:cdp: ws://localhost:64664/devtoo..., se:cdpVersion: 127.0.6533.72, setWindowRect: true, strictFileInteractability: false, timeouts: {implicit: 0, pageLoad: 300000, script: 30000}, unhandledPromptBehavior: dismiss and notify, webauthn:extension:credBlob: true, webauthn:extension:largeBlob: true, webauthn:extension:minPinLength: true, webauthn:extension:prf: true, webauthn:virtualAuthenticators: true}&#10;Element: [[ChromeDriver: chrome on windows (26558a8142ac7a99ef03b71f6472398f)] -&gt; id: otp-match-now]&#10;Session ID: 26558a8142ac7a99ef03b71f6472398f"/>
  </testcase>
  <testcase name="testExistingUsernameErrorMessage" classname="tests.VendorRegistrationTest" time="0.0">
    <skipped message="element not interactable&#10;  (Session info: chrome=127.0.6533.72)&#10;Build info: version: &apos;4.22.0&apos;, revision: &apos;c5f3146703*&apos;&#10;System info: os.name: &apos;Windows 11&apos;, os.arch: &apos;amd64&apos;, os.version: &apos;10.0&apos;, java.version: &apos;21.0.3&apos;&#10;Driver info: org.openqa.selenium.chrome.ChromeDriver&#10;Command: [26558a8142ac7a99ef03b71f6472398f, clickElement {id=f.EFAC5BC80FA90D92A4B0C5E8D0E11C5F.d.3515C7F732D3150C0A9F78C59F500596.e.30}]&#10;Capabilities {acceptInsecureCerts: false, browserName: chrome, browserVersion: 127.0.6533.72, chrome: {chromedriverVersion: 127.0.6533.72 (9755e24ca85a..., userDataDir: C:\Windows\SystemTemp\scope...}, fedcm:accounts: true, goog:chromeOptions: {debuggerAddress: localhost:64664}, networkConnectionEnabled: false, pageLoadStrategy: normal, platformName: windows, proxy: Proxy(), se:cdp: ws://localhost:64664/devtoo..., se:cdpVersion: 127.0.6533.72, setWindowRect: true, strictFileInteractability: false, timeouts: {implicit: 0, pageLoad: 300000, script: 30000}, unhandledPromptBehavior: dismiss and notify, webauthn:extension:credBlob: true, webauthn:extension:largeBlob: true, webauthn:extension:minPinLength: true, webauthn:extension:prf: true, webauthn:virtualAuthenticators: true}&#10;Element: [[ChromeDriver: chrome on windows (26558a8142ac7a99ef03b71f6472398f)] -&gt; id: otp-match-now]&#10;Session ID: 26558a8142ac7a99ef03b71f6472398f"/>
  </testcase>
  <testcase name="testFormSubmission" classname="tests.VendorRegistrationTest" time="0.0">
    <skipped message="element not interactable&#10;  (Session info: chrome=127.0.6533.72)&#10;Build info: version: &apos;4.22.0&apos;, revision: &apos;c5f3146703*&apos;&#10;System info: os.name: &apos;Windows 11&apos;, os.arch: &apos;amd64&apos;, os.version: &apos;10.0&apos;, java.version: &apos;21.0.3&apos;&#10;Driver info: org.openqa.selenium.chrome.ChromeDriver&#10;Command: [26558a8142ac7a99ef03b71f6472398f, clickElement {id=f.EFAC5BC80FA90D92A4B0C5E8D0E11C5F.d.3515C7F732D3150C0A9F78C59F500596.e.30}]&#10;Capabilities {acceptInsecureCerts: false, browserName: chrome, browserVersion: 127.0.6533.72, chrome: {chromedriverVersion: 127.0.6533.72 (9755e24ca85a..., userDataDir: C:\Windows\SystemTemp\scope...}, fedcm:accounts: true, goog:chromeOptions: {debuggerAddress: localhost:64664}, networkConnectionEnabled: false, pageLoadStrategy: normal, platformName: windows, proxy: Proxy(), se:cdp: ws://localhost:64664/devtoo..., se:cdpVersion: 127.0.6533.72, setWindowRect: true, strictFileInteractability: false, timeouts: {implicit: 0, pageLoad: 300000, script: 30000}, unhandledPromptBehavior: dismiss and notify, webauthn:extension:credBlob: true, webauthn:extension:largeBlob: true, webauthn:extension:minPinLength: true, webauthn:extension:prf: true, webauthn:virtualAuthenticators: true}&#10;Element: [[ChromeDriver: chrome on windows (26558a8142ac7a99ef03b71f6472398f)] -&gt; id: otp-match-now]&#10;Session ID: 26558a8142ac7a99ef03b71f6472398f"/>
  </testcase>
  <testcase name="testInValidCityName" classname="tests.VendorRegistrationTest" time="0.0">
    <skipped message="element not interactable&#10;  (Session info: chrome=127.0.6533.72)&#10;Build info: version: &apos;4.22.0&apos;, revision: &apos;c5f3146703*&apos;&#10;System info: os.name: &apos;Windows 11&apos;, os.arch: &apos;amd64&apos;, os.version: &apos;10.0&apos;, java.version: &apos;21.0.3&apos;&#10;Driver info: org.openqa.selenium.chrome.ChromeDriver&#10;Command: [26558a8142ac7a99ef03b71f6472398f, clickElement {id=f.EFAC5BC80FA90D92A4B0C5E8D0E11C5F.d.3515C7F732D3150C0A9F78C59F500596.e.30}]&#10;Capabilities {acceptInsecureCerts: false, browserName: chrome, browserVersion: 127.0.6533.72, chrome: {chromedriverVersion: 127.0.6533.72 (9755e24ca85a..., userDataDir: C:\Windows\SystemTemp\scope...}, fedcm:accounts: true, goog:chromeOptions: {debuggerAddress: localhost:64664}, networkConnectionEnabled: false, pageLoadStrategy: normal, platformName: windows, proxy: Proxy(), se:cdp: ws://localhost:64664/devtoo..., se:cdpVersion: 127.0.6533.72, setWindowRect: true, strictFileInteractability: false, timeouts: {implicit: 0, pageLoad: 300000, script: 30000}, unhandledPromptBehavior: dismiss and notify, webauthn:extension:credBlob: true, webauthn:extension:largeBlob: true, webauthn:extension:minPinLength: true, webauthn:extension:prf: true, webauthn:virtualAuthenticators: true}&#10;Element: [[ChromeDriver: chrome on windows (26558a8142ac7a99ef03b71f6472398f)] -&gt; id: otp-match-now]&#10;Session ID: 26558a8142ac7a99ef03b71f6472398f"/>
  </testcase>
  <testcase name="testInValidCompanyAddressSubmission" classname="tests.VendorRegistrationTest" time="0.0">
    <skipped message="element not interactable&#10;  (Session info: chrome=127.0.6533.72)&#10;Build info: version: &apos;4.22.0&apos;, revision: &apos;c5f3146703*&apos;&#10;System info: os.name: &apos;Windows 11&apos;, os.arch: &apos;amd64&apos;, os.version: &apos;10.0&apos;, java.version: &apos;21.0.3&apos;&#10;Driver info: org.openqa.selenium.chrome.ChromeDriver&#10;Command: [26558a8142ac7a99ef03b71f6472398f, clickElement {id=f.EFAC5BC80FA90D92A4B0C5E8D0E11C5F.d.3515C7F732D3150C0A9F78C59F500596.e.30}]&#10;Capabilities {acceptInsecureCerts: false, browserName: chrome, browserVersion: 127.0.6533.72, chrome: {chromedriverVersion: 127.0.6533.72 (9755e24ca85a..., userDataDir: C:\Windows\SystemTemp\scope...}, fedcm:accounts: true, goog:chromeOptions: {debuggerAddress: localhost:64664}, networkConnectionEnabled: false, pageLoadStrategy: normal, platformName: windows, proxy: Proxy(), se:cdp: ws://localhost:64664/devtoo..., se:cdpVersion: 127.0.6533.72, setWindowRect: true, strictFileInteractability: false, timeouts: {implicit: 0, pageLoad: 300000, script: 30000}, unhandledPromptBehavior: dismiss and notify, webauthn:extension:credBlob: true, webauthn:extension:largeBlob: true, webauthn:extension:minPinLength: true, webauthn:extension:prf: true, webauthn:virtualAuthenticators: true}&#10;Element: [[ChromeDriver: chrome on windows (26558a8142ac7a99ef03b71f6472398f)] -&gt; id: otp-match-now]&#10;Session ID: 26558a8142ac7a99ef03b71f6472398f"/>
  </testcase>
  <testcase name="testInvalidEmailFormat" classname="tests.VendorRegistrationTest" time="0.0">
    <skipped message="element not interactable&#10;  (Session info: chrome=127.0.6533.72)&#10;Build info: version: &apos;4.22.0&apos;, revision: &apos;c5f3146703*&apos;&#10;System info: os.name: &apos;Windows 11&apos;, os.arch: &apos;amd64&apos;, os.version: &apos;10.0&apos;, java.version: &apos;21.0.3&apos;&#10;Driver info: org.openqa.selenium.chrome.ChromeDriver&#10;Command: [26558a8142ac7a99ef03b71f6472398f, clickElement {id=f.EFAC5BC80FA90D92A4B0C5E8D0E11C5F.d.3515C7F732D3150C0A9F78C59F500596.e.30}]&#10;Capabilities {acceptInsecureCerts: false, browserName: chrome, browserVersion: 127.0.6533.72, chrome: {chromedriverVersion: 127.0.6533.72 (9755e24ca85a..., userDataDir: C:\Windows\SystemTemp\scope...}, fedcm:accounts: true, goog:chromeOptions: {debuggerAddress: localhost:64664}, networkConnectionEnabled: false, pageLoadStrategy: normal, platformName: windows, proxy: Proxy(), se:cdp: ws://localhost:64664/devtoo..., se:cdpVersion: 127.0.6533.72, setWindowRect: true, strictFileInteractability: false, timeouts: {implicit: 0, pageLoad: 300000, script: 30000}, unhandledPromptBehavior: dismiss and notify, webauthn:extension:credBlob: true, webauthn:extension:largeBlob: true, webauthn:extension:minPinLength: true, webauthn:extension:prf: true, webauthn:virtualAuthenticators: true}&#10;Element: [[ChromeDriver: chrome on windows (26558a8142ac7a99ef03b71f6472398f)] -&gt; id: otp-match-now]&#10;Session ID: 26558a8142ac7a99ef03b71f6472398f"/>
  </testcase>
  <testcase name="testNumericAndSpecialCharactersInFields" classname="tests.VendorRegistrationTest" time="0.0">
    <skipped message="element not interactable&#10;  (Session info: chrome=127.0.6533.72)&#10;Build info: version: &apos;4.22.0&apos;, revision: &apos;c5f3146703*&apos;&#10;System info: os.name: &apos;Windows 11&apos;, os.arch: &apos;amd64&apos;, os.version: &apos;10.0&apos;, java.version: &apos;21.0.3&apos;&#10;Driver info: org.openqa.selenium.chrome.ChromeDriver&#10;Command: [26558a8142ac7a99ef03b71f6472398f, clickElement {id=f.EFAC5BC80FA90D92A4B0C5E8D0E11C5F.d.3515C7F732D3150C0A9F78C59F500596.e.30}]&#10;Capabilities {acceptInsecureCerts: false, browserName: chrome, browserVersion: 127.0.6533.72, chrome: {chromedriverVersion: 127.0.6533.72 (9755e24ca85a..., userDataDir: C:\Windows\SystemTemp\scope...}, fedcm:accounts: true, goog:chromeOptions: {debuggerAddress: localhost:64664}, networkConnectionEnabled: false, pageLoadStrategy: normal, platformName: windows, proxy: Proxy(), se:cdp: ws://localhost:64664/devtoo..., se:cdpVersion: 127.0.6533.72, setWindowRect: true, strictFileInteractability: false, timeouts: {implicit: 0, pageLoad: 300000, script: 30000}, unhandledPromptBehavior: dismiss and notify, webauthn:extension:credBlob: true, webauthn:extension:largeBlob: true, webauthn:extension:minPinLength: true, webauthn:extension:prf: true, webauthn:virtualAuthenticators: true}&#10;Element: [[ChromeDriver: chrome on windows (26558a8142ac7a99ef03b71f6472398f)] -&gt; id: otp-match-now]&#10;Session ID: 26558a8142ac7a99ef03b71f6472398f"/>
  </testcase>
  <testcase name="testPasswordValidation" classname="tests.VendorRegistrationTest" time="0.0">
    <skipped message="element not interactable&#10;  (Session info: chrome=127.0.6533.72)&#10;Build info: version: &apos;4.22.0&apos;, revision: &apos;c5f3146703*&apos;&#10;System info: os.name: &apos;Windows 11&apos;, os.arch: &apos;amd64&apos;, os.version: &apos;10.0&apos;, java.version: &apos;21.0.3&apos;&#10;Driver info: org.openqa.selenium.chrome.ChromeDriver&#10;Command: [26558a8142ac7a99ef03b71f6472398f, clickElement {id=f.EFAC5BC80FA90D92A4B0C5E8D0E11C5F.d.3515C7F732D3150C0A9F78C59F500596.e.30}]&#10;Capabilities {acceptInsecureCerts: false, browserName: chrome, browserVersion: 127.0.6533.72, chrome: {chromedriverVersion: 127.0.6533.72 (9755e24ca85a..., userDataDir: C:\Windows\SystemTemp\scope...}, fedcm:accounts: true, goog:chromeOptions: {debuggerAddress: localhost:64664}, networkConnectionEnabled: false, pageLoadStrategy: normal, platformName: windows, proxy: Proxy(), se:cdp: ws://localhost:64664/devtoo..., se:cdpVersion: 127.0.6533.72, setWindowRect: true, strictFileInteractability: false, timeouts: {implicit: 0, pageLoad: 300000, script: 30000}, unhandledPromptBehavior: dismiss and notify, webauthn:extension:credBlob: true, webauthn:extension:largeBlob: true, webauthn:extension:minPinLength: true, webauthn:extension:prf: true, webauthn:virtualAuthenticators: true}&#10;Element: [[ChromeDriver: chrome on windows (26558a8142ac7a99ef03b71f6472398f)] -&gt; id: otp-match-now]&#10;Session ID: 26558a8142ac7a99ef03b71f6472398f"/>
  </testcase>
  <testcase name="testPasswordVisibilityToggle" classname="tests.VendorRegistrationTest" time="0.0">
    <skipped message="element not interactable&#10;  (Session info: chrome=127.0.6533.72)&#10;Build info: version: &apos;4.22.0&apos;, revision: &apos;c5f3146703*&apos;&#10;System info: os.name: &apos;Windows 11&apos;, os.arch: &apos;amd64&apos;, os.version: &apos;10.0&apos;, java.version: &apos;21.0.3&apos;&#10;Driver info: org.openqa.selenium.chrome.ChromeDriver&#10;Command: [26558a8142ac7a99ef03b71f6472398f, clickElement {id=f.EFAC5BC80FA90D92A4B0C5E8D0E11C5F.d.3515C7F732D3150C0A9F78C59F500596.e.30}]&#10;Capabilities {acceptInsecureCerts: false, browserName: chrome, browserVersion: 127.0.6533.72, chrome: {chromedriverVersion: 127.0.6533.72 (9755e24ca85a..., userDataDir: C:\Windows\SystemTemp\scope...}, fedcm:accounts: true, goog:chromeOptions: {debuggerAddress: localhost:64664}, networkConnectionEnabled: false, pageLoadStrategy: normal, platformName: windows, proxy: Proxy(), se:cdp: ws://localhost:64664/devtoo..., se:cdpVersion: 127.0.6533.72, setWindowRect: true, strictFileInteractability: false, timeouts: {implicit: 0, pageLoad: 300000, script: 30000}, unhandledPromptBehavior: dismiss and notify, webauthn:extension:credBlob: true, webauthn:extension:largeBlob: true, webauthn:extension:minPinLength: true, webauthn:extension:prf: true, webauthn:virtualAuthenticators: true}&#10;Element: [[ChromeDriver: chrome on windows (26558a8142ac7a99ef03b71f6472398f)] -&gt; id: otp-match-now]&#10;Session ID: 26558a8142ac7a99ef03b71f6472398f"/>
  </testcase>
  <testcase name="testSelectState" classname="tests.VendorRegistrationTest" time="0.0">
    <skipped message="element not interactable&#10;  (Session info: chrome=127.0.6533.72)&#10;Build info: version: &apos;4.22.0&apos;, revision: &apos;c5f3146703*&apos;&#10;System info: os.name: &apos;Windows 11&apos;, os.arch: &apos;amd64&apos;, os.version: &apos;10.0&apos;, java.version: &apos;21.0.3&apos;&#10;Driver info: org.openqa.selenium.chrome.ChromeDriver&#10;Command: [26558a8142ac7a99ef03b71f6472398f, clickElement {id=f.EFAC5BC80FA90D92A4B0C5E8D0E11C5F.d.3515C7F732D3150C0A9F78C59F500596.e.30}]&#10;Capabilities {acceptInsecureCerts: false, browserName: chrome, browserVersion: 127.0.6533.72, chrome: {chromedriverVersion: 127.0.6533.72 (9755e24ca85a..., userDataDir: C:\Windows\SystemTemp\scope...}, fedcm:accounts: true, goog:chromeOptions: {debuggerAddress: localhost:64664}, networkConnectionEnabled: false, pageLoadStrategy: normal, platformName: windows, proxy: Proxy(), se:cdp: ws://localhost:64664/devtoo..., se:cdpVersion: 127.0.6533.72, setWindowRect: true, strictFileInteractability: false, timeouts: {implicit: 0, pageLoad: 300000, script: 30000}, unhandledPromptBehavior: dismiss and notify, webauthn:extension:credBlob: true, webauthn:extension:largeBlob: true, webauthn:extension:minPinLength: true, webauthn:extension:prf: true, webauthn:virtualAuthenticators: true}&#10;Element: [[ChromeDriver: chrome on windows (26558a8142ac7a99ef03b71f6472398f)] -&gt; id: otp-match-now]&#10;Session ID: 26558a8142ac7a99ef03b71f6472398f"/>
  </testcase>
  <testcase name="testSelectValidBusinessType" classname="tests.VendorRegistrationTest" time="0.0">
    <skipped message="element not interactable&#10;  (Session info: chrome=127.0.6533.72)&#10;Build info: version: &apos;4.22.0&apos;, revision: &apos;c5f3146703*&apos;&#10;System info: os.name: &apos;Windows 11&apos;, os.arch: &apos;amd64&apos;, os.version: &apos;10.0&apos;, java.version: &apos;21.0.3&apos;&#10;Driver info: org.openqa.selenium.chrome.ChromeDriver&#10;Command: [26558a8142ac7a99ef03b71f6472398f, clickElement {id=f.EFAC5BC80FA90D92A4B0C5E8D0E11C5F.d.3515C7F732D3150C0A9F78C59F500596.e.30}]&#10;Capabilities {acceptInsecureCerts: false, browserName: chrome, browserVersion: 127.0.6533.72, chrome: {chromedriverVersion: 127.0.6533.72 (9755e24ca85a..., userDataDir: C:\Windows\SystemTemp\scope...}, fedcm:accounts: true, goog:chromeOptions: {debuggerAddress: localhost:64664}, networkConnectionEnabled: false, pageLoadStrategy: normal, platformName: windows, proxy: Proxy(), se:cdp: ws://localhost:64664/devtoo..., se:cdpVersion: 127.0.6533.72, setWindowRect: true, strictFileInteractability: false, timeouts: {implicit: 0, pageLoad: 300000, script: 30000}, unhandledPromptBehavior: dismiss and notify, webauthn:extension:credBlob: true, webauthn:extension:largeBlob: true, webauthn:extension:minPinLength: true, webauthn:extension:prf: true, webauthn:virtualAuthenticators: true}&#10;Element: [[ChromeDriver: chrome on windows (26558a8142ac7a99ef03b71f6472398f)] -&gt; id: otp-match-now]&#10;Session ID: 26558a8142ac7a99ef03b71f6472398f"/>
  </testcase>
  <testcase name="testSpecialAndNumericValuesInCompanyName" classname="tests.VendorRegistrationTest" time="0.0">
    <skipped message="element not interactable&#10;  (Session info: chrome=127.0.6533.72)&#10;Build info: version: &apos;4.22.0&apos;, revision: &apos;c5f3146703*&apos;&#10;System info: os.name: &apos;Windows 11&apos;, os.arch: &apos;amd64&apos;, os.version: &apos;10.0&apos;, java.version: &apos;21.0.3&apos;&#10;Driver info: org.openqa.selenium.chrome.ChromeDriver&#10;Command: [26558a8142ac7a99ef03b71f6472398f, clickElement {id=f.EFAC5BC80FA90D92A4B0C5E8D0E11C5F.d.3515C7F732D3150C0A9F78C59F500596.e.30}]&#10;Capabilities {acceptInsecureCerts: false, browserName: chrome, browserVersion: 127.0.6533.72, chrome: {chromedriverVersion: 127.0.6533.72 (9755e24ca85a..., userDataDir: C:\Windows\SystemTemp\scope...}, fedcm:accounts: true, goog:chromeOptions: {debuggerAddress: localhost:64664}, networkConnectionEnabled: false, pageLoadStrategy: normal, platformName: windows, proxy: Proxy(), se:cdp: ws://localhost:64664/devtoo..., se:cdpVersion: 127.0.6533.72, setWindowRect: true, strictFileInteractability: false, timeouts: {implicit: 0, pageLoad: 300000, script: 30000}, unhandledPromptBehavior: dismiss and notify, webauthn:extension:credBlob: true, webauthn:extension:largeBlob: true, webauthn:extension:minPinLength: true, webauthn:extension:prf: true, webauthn:virtualAuthenticators: true}&#10;Element: [[ChromeDriver: chrome on windows (26558a8142ac7a99ef03b71f6472398f)] -&gt; id: otp-match-now]&#10;Session ID: 26558a8142ac7a99ef03b71f6472398f"/>
  </testcase>
  <testcase name="testValidCityName" classname="tests.VendorRegistrationTest" time="0.0">
    <skipped message="element not interactable&#10;  (Session info: chrome=127.0.6533.72)&#10;Build info: version: &apos;4.22.0&apos;, revision: &apos;c5f3146703*&apos;&#10;System info: os.name: &apos;Windows 11&apos;, os.arch: &apos;amd64&apos;, os.version: &apos;10.0&apos;, java.version: &apos;21.0.3&apos;&#10;Driver info: org.openqa.selenium.chrome.ChromeDriver&#10;Command: [26558a8142ac7a99ef03b71f6472398f, clickElement {id=f.EFAC5BC80FA90D92A4B0C5E8D0E11C5F.d.3515C7F732D3150C0A9F78C59F500596.e.30}]&#10;Capabilities {acceptInsecureCerts: false, browserName: chrome, browserVersion: 127.0.6533.72, chrome: {chromedriverVersion: 127.0.6533.72 (9755e24ca85a..., userDataDir: C:\Windows\SystemTemp\scope...}, fedcm:accounts: true, goog:chromeOptions: {debuggerAddress: localhost:64664}, networkConnectionEnabled: false, pageLoadStrategy: normal, platformName: windows, proxy: Proxy(), se:cdp: ws://localhost:64664/devtoo..., se:cdpVersion: 127.0.6533.72, setWindowRect: true, strictFileInteractability: false, timeouts: {implicit: 0, pageLoad: 300000, script: 30000}, unhandledPromptBehavior: dismiss and notify, webauthn:extension:credBlob: true, webauthn:extension:largeBlob: true, webauthn:extension:minPinLength: true, webauthn:extension:prf: true, webauthn:virtualAuthenticators: true}&#10;Element: [[ChromeDriver: chrome on windows (26558a8142ac7a99ef03b71f6472398f)] -&gt; id: otp-match-now]&#10;Session ID: 26558a8142ac7a99ef03b71f6472398f"/>
  </testcase>
  <testcase name="testValidCompanyAddressSubmission" classname="tests.VendorRegistrationTest" time="0.0">
    <skipped message="element not interactable&#10;  (Session info: chrome=127.0.6533.72)&#10;Build info: version: &apos;4.22.0&apos;, revision: &apos;c5f3146703*&apos;&#10;System info: os.name: &apos;Windows 11&apos;, os.arch: &apos;amd64&apos;, os.version: &apos;10.0&apos;, java.version: &apos;21.0.3&apos;&#10;Driver info: org.openqa.selenium.chrome.ChromeDriver&#10;Command: [26558a8142ac7a99ef03b71f6472398f, clickElement {id=f.EFAC5BC80FA90D92A4B0C5E8D0E11C5F.d.3515C7F732D3150C0A9F78C59F500596.e.30}]&#10;Capabilities {acceptInsecureCerts: false, browserName: chrome, browserVersion: 127.0.6533.72, chrome: {chromedriverVersion: 127.0.6533.72 (9755e24ca85a..., userDataDir: C:\Windows\SystemTemp\scope...}, fedcm:accounts: true, goog:chromeOptions: {debuggerAddress: localhost:64664}, networkConnectionEnabled: false, pageLoadStrategy: normal, platformName: windows, proxy: Proxy(), se:cdp: ws://localhost:64664/devtoo..., se:cdpVersion: 127.0.6533.72, setWindowRect: true, strictFileInteractability: false, timeouts: {implicit: 0, pageLoad: 300000, script: 30000}, unhandledPromptBehavior: dismiss and notify, webauthn:extension:credBlob: true, webauthn:extension:largeBlob: true, webauthn:extension:minPinLength: true, webauthn:extension:prf: true, webauthn:virtualAuthenticators: true}&#10;Element: [[ChromeDriver: chrome on windows (26558a8142ac7a99ef03b71f6472398f)] -&gt; id: otp-match-now]&#10;Session ID: 26558a8142ac7a99ef03b71f6472398f"/>
  </testcase>
  <testcase name="testValidCompanyNameInput" classname="tests.VendorRegistrationTest" time="0.0">
    <skipped message="element not interactable&#10;  (Session info: chrome=127.0.6533.72)&#10;Build info: version: &apos;4.22.0&apos;, revision: &apos;c5f3146703*&apos;&#10;System info: os.name: &apos;Windows 11&apos;, os.arch: &apos;amd64&apos;, os.version: &apos;10.0&apos;, java.version: &apos;21.0.3&apos;&#10;Driver info: org.openqa.selenium.chrome.ChromeDriver&#10;Command: [26558a8142ac7a99ef03b71f6472398f, clickElement {id=f.EFAC5BC80FA90D92A4B0C5E8D0E11C5F.d.3515C7F732D3150C0A9F78C59F500596.e.30}]&#10;Capabilities {acceptInsecureCerts: false, browserName: chrome, browserVersion: 127.0.6533.72, chrome: {chromedriverVersion: 127.0.6533.72 (9755e24ca85a..., userDataDir: C:\Windows\SystemTemp\scope...}, fedcm:accounts: true, goog:chromeOptions: {debuggerAddress: localhost:64664}, networkConnectionEnabled: false, pageLoadStrategy: normal, platformName: windows, proxy: Proxy(), se:cdp: ws://localhost:64664/devtoo..., se:cdpVersion: 127.0.6533.72, setWindowRect: true, strictFileInteractability: false, timeouts: {implicit: 0, pageLoad: 300000, script: 30000}, unhandledPromptBehavior: dismiss and notify, webauthn:extension:credBlob: true, webauthn:extension:largeBlob: true, webauthn:extension:minPinLength: true, webauthn:extension:prf: true, webauthn:virtualAuthenticators: true}&#10;Element: [[ChromeDriver: chrome on windows (26558a8142ac7a99ef03b71f6472398f)] -&gt; id: otp-match-now]&#10;Session ID: 26558a8142ac7a99ef03b71f6472398f"/>
  </testcase>
  <testcase name="testVendorMenuVisibilityAndClickability" classname="tests.VendorRegistrationTest" time="0.0">
    <skipped message="element not interactable&#10;  (Session info: chrome=127.0.6533.72)&#10;Build info: version: &apos;4.22.0&apos;, revision: &apos;c5f3146703*&apos;&#10;System info: os.name: &apos;Windows 11&apos;, os.arch: &apos;amd64&apos;, os.version: &apos;10.0&apos;, java.version: &apos;21.0.3&apos;&#10;Driver info: org.openqa.selenium.chrome.ChromeDriver&#10;Command: [26558a8142ac7a99ef03b71f6472398f, clickElement {id=f.EFAC5BC80FA90D92A4B0C5E8D0E11C5F.d.3515C7F732D3150C0A9F78C59F500596.e.30}]&#10;Capabilities {acceptInsecureCerts: false, browserName: chrome, browserVersion: 127.0.6533.72, chrome: {chromedriverVersion: 127.0.6533.72 (9755e24ca85a..., userDataDir: C:\Windows\SystemTemp\scope...}, fedcm:accounts: true, goog:chromeOptions: {debuggerAddress: localhost:64664}, networkConnectionEnabled: false, pageLoadStrategy: normal, platformName: windows, proxy: Proxy(), se:cdp: ws://localhost:64664/devtoo..., se:cdpVersion: 127.0.6533.72, setWindowRect: true, strictFileInteractability: false, timeouts: {implicit: 0, pageLoad: 300000, script: 30000}, unhandledPromptBehavior: dismiss and notify, webauthn:extension:credBlob: true, webauthn:extension:largeBlob: true, webauthn:extension:minPinLength: true, webauthn:extension:prf: true, webauthn:virtualAuthenticators: true}&#10;Element: [[ChromeDriver: chrome on windows (26558a8142ac7a99ef03b71f6472398f)] -&gt; id: otp-match-now]&#10;Session ID: 26558a8142ac7a99ef03b71f6472398f"/>
  </testcase>
  <testcase name="testVendorOnboardingMenuVisibilityAndClickability" classname="tests.VendorRegistrationTest" time="0.0">
    <skipped message="element not interactable&#10;  (Session info: chrome=127.0.6533.72)&#10;Build info: version: &apos;4.22.0&apos;, revision: &apos;c5f3146703*&apos;&#10;System info: os.name: &apos;Windows 11&apos;, os.arch: &apos;amd64&apos;, os.version: &apos;10.0&apos;, java.version: &apos;21.0.3&apos;&#10;Driver info: org.openqa.selenium.chrome.ChromeDriver&#10;Command: [26558a8142ac7a99ef03b71f6472398f, clickElement {id=f.EFAC5BC80FA90D92A4B0C5E8D0E11C5F.d.3515C7F732D3150C0A9F78C59F500596.e.30}]&#10;Capabilities {acceptInsecureCerts: false, browserName: chrome, browserVersion: 127.0.6533.72, chrome: {chromedriverVersion: 127.0.6533.72 (9755e24ca85a..., userDataDir: C:\Windows\SystemTemp\scope...}, fedcm:accounts: true, goog:chromeOptions: {debuggerAddress: localhost:64664}, networkConnectionEnabled: false, pageLoadStrategy: normal, platformName: windows, proxy: Proxy(), se:cdp: ws://localhost:64664/devtoo..., se:cdpVersion: 127.0.6533.72, setWindowRect: true, strictFileInteractability: false, timeouts: {implicit: 0, pageLoad: 300000, script: 30000}, unhandledPromptBehavior: dismiss and notify, webauthn:extension:credBlob: true, webauthn:extension:largeBlob: true, webauthn:extension:minPinLength: true, webauthn:extension:prf: true, webauthn:virtualAuthenticators: true}&#10;Element: [[ChromeDriver: chrome on windows (26558a8142ac7a99ef03b71f6472398f)] -&gt; id: otp-match-now]&#10;Session ID: 26558a8142ac7a99ef03b71f6472398f"/>
  </testcase>
  <testcase name="testWeakPassword" classname="tests.VendorRegistrationTest" time="0.0">
    <skipped message="element not interactable&#10;  (Session info: chrome=127.0.6533.72)&#10;Build info: version: &apos;4.22.0&apos;, revision: &apos;c5f3146703*&apos;&#10;System info: os.name: &apos;Windows 11&apos;, os.arch: &apos;amd64&apos;, os.version: &apos;10.0&apos;, java.version: &apos;21.0.3&apos;&#10;Driver info: org.openqa.selenium.chrome.ChromeDriver&#10;Command: [26558a8142ac7a99ef03b71f6472398f, clickElement {id=f.EFAC5BC80FA90D92A4B0C5E8D0E11C5F.d.3515C7F732D3150C0A9F78C59F500596.e.30}]&#10;Capabilities {acceptInsecureCerts: false, browserName: chrome, browserVersion: 127.0.6533.72, chrome: {chromedriverVersion: 127.0.6533.72 (9755e24ca85a..., userDataDir: C:\Windows\SystemTemp\scope...}, fedcm:accounts: true, goog:chromeOptions: {debuggerAddress: localhost:64664}, networkConnectionEnabled: false, pageLoadStrategy: normal, platformName: windows, proxy: Proxy(), se:cdp: ws://localhost:64664/devtoo..., se:cdpVersion: 127.0.6533.72, setWindowRect: true, strictFileInteractability: false, timeouts: {implicit: 0, pageLoad: 300000, script: 30000}, unhandledPromptBehavior: dismiss and notify, webauthn:extension:credBlob: true, webauthn:extension:largeBlob: true, webauthn:extension:minPinLength: true, webauthn:extension:prf: true, webauthn:virtualAuthenticators: true}&#10;Element: [[ChromeDriver: chrome on windows (26558a8142ac7a99ef03b71f6472398f)] -&gt; id: otp-match-now]&#10;Session ID: 26558a8142ac7a99ef03b71f6472398f"/>
  </testcase>
  <testcase name="uploadFileVendorAgreement" classname="tests.VendorRegistrationTest" time="0.0">
    <skipped message="element not interactable&#10;  (Session info: chrome=127.0.6533.72)&#10;Build info: version: &apos;4.22.0&apos;, revision: &apos;c5f3146703*&apos;&#10;System info: os.name: &apos;Windows 11&apos;, os.arch: &apos;amd64&apos;, os.version: &apos;10.0&apos;, java.version: &apos;21.0.3&apos;&#10;Driver info: org.openqa.selenium.chrome.ChromeDriver&#10;Command: [26558a8142ac7a99ef03b71f6472398f, clickElement {id=f.EFAC5BC80FA90D92A4B0C5E8D0E11C5F.d.3515C7F732D3150C0A9F78C59F500596.e.30}]&#10;Capabilities {acceptInsecureCerts: false, browserName: chrome, browserVersion: 127.0.6533.72, chrome: {chromedriverVersion: 127.0.6533.72 (9755e24ca85a..., userDataDir: C:\Windows\SystemTemp\scope...}, fedcm:accounts: true, goog:chromeOptions: {debuggerAddress: localhost:64664}, networkConnectionEnabled: false, pageLoadStrategy: normal, platformName: windows, proxy: Proxy(), se:cdp: ws://localhost:64664/devtoo..., se:cdpVersion: 127.0.6533.72, setWindowRect: true, strictFileInteractability: false, timeouts: {implicit: 0, pageLoad: 300000, script: 30000}, unhandledPromptBehavior: dismiss and notify, webauthn:extension:credBlob: true, webauthn:extension:largeBlob: true, webauthn:extension:minPinLength: true, webauthn:extension:prf: true, webauthn:virtualAuthenticators: true}&#10;Element: [[ChromeDriver: chrome on windows (26558a8142ac7a99ef03b71f6472398f)] -&gt; id: otp-match-now]&#10;Session ID: 26558a8142ac7a99ef03b71f6472398f"/>
  </testcase>
  <testcase name="uploadInvalidFileFormatVendorAgreement" classname="tests.VendorRegistrationTest" time="0.0">
    <skipped message="element not interactable&#10;  (Session info: chrome=127.0.6533.72)&#10;Build info: version: &apos;4.22.0&apos;, revision: &apos;c5f3146703*&apos;&#10;System info: os.name: &apos;Windows 11&apos;, os.arch: &apos;amd64&apos;, os.version: &apos;10.0&apos;, java.version: &apos;21.0.3&apos;&#10;Driver info: org.openqa.selenium.chrome.ChromeDriver&#10;Command: [26558a8142ac7a99ef03b71f6472398f, clickElement {id=f.EFAC5BC80FA90D92A4B0C5E8D0E11C5F.d.3515C7F732D3150C0A9F78C59F500596.e.30}]&#10;Capabilities {acceptInsecureCerts: false, browserName: chrome, browserVersion: 127.0.6533.72, chrome: {chromedriverVersion: 127.0.6533.72 (9755e24ca85a..., userDataDir: C:\Windows\SystemTemp\scope...}, fedcm:accounts: true, goog:chromeOptions: {debuggerAddress: localhost:64664}, networkConnectionEnabled: false, pageLoadStrategy: normal, platformName: windows, proxy: Proxy(), se:cdp: ws://localhost:64664/devtoo..., se:cdpVersion: 127.0.6533.72, setWindowRect: true, strictFileInteractability: false, timeouts: {implicit: 0, pageLoad: 300000, script: 30000}, unhandledPromptBehavior: dismiss and notify, webauthn:extension:credBlob: true, webauthn:extension:largeBlob: true, webauthn:extension:minPinLength: true, webauthn:extension:prf: true, webauthn:virtualAuthenticators: true}&#10;Element: [[ChromeDriver: chrome on windows (26558a8142ac7a99ef03b71f6472398f)] -&gt; id: otp-match-now]&#10;Session ID: 26558a8142ac7a99ef03b71f6472398f"/>
  </testcase>
</testsuite>