<?xml version="1.0" encoding="UTF-8"?>
<!-- Generated by org.testng.reporters.JUnitReportReporter -->
<testsuite hostname="DESKTOP-DSBPMRT" failures="0" tests="12" name="tests.VendorListTest" time="219.773" errors="0" timestamp="2024-07-29T14:39:58 IST" skipped="0">
  <testcase classname="tests.VendorListTest" name="testValidSearchQuery" time="18.619"/>
  <testcase classname="tests.VendorListTest" name="testClickingImageOpensModalWithCorrectBankDetails" time="15.936"/>
  <testcase classname="tests.VendorListTest" name="testNavigateToNextPage" time="18.244"/>
  <testcase classname="tests.VendorListTest" name="testInValidSearchQuery" time="18.543"/>
  <testcase classname="tests.VendorListTest" name="testCopyPasteSearchField" time="18.890"/>
  <testcase classname="tests.VendorListTest" name="testAddVendorNavigation" time="18.797"/>
  <testcase classname="tests.VendorListTest" name="testVerifyMerchantButtonClick" time="22.558"/>
  <testcase classname="tests.VendorListTest" name="testPrevButtonNavigation" time="21.806"/>
  <testcase classname="tests.VendorListTest" name="testEditButtonOpensEditingInterface" time="15.696"/>
  <testcase classname="tests.VendorListTest" name="testMerchantsButtonNavigation" time="18.021"/>
  <testcase classname="tests.VendorListTest" name="testEditBusinessInfo" time="17.114"/>
  <testcase classname="tests.VendorListTest" name="testClickingCompletedButtonDisplaysCompletedItems" time="15.549"/>
</testsuite> <!-- tests.VendorListTest -->
