<?xml version="1.0" encoding="UTF-8"?>
<!-- Generated by org.testng.reporters.JUnitReportReporter -->
<testsuite hostname="DESKTOP-DSBPMRT" failures="0" tests="9" name="tests.MerchantListTest" time="197.336" errors="0" timestamp="2024-07-27T11:24:42 IST" skipped="0">
  <testcase classname="tests.MerchantListTest" name="testAddMerchantsButton" time="18.475"/>
  <testcase classname="tests.MerchantListTest" name="testPrevButtonNavigation" time="21.507"/>
  <testcase classname="tests.MerchantListTest" name="testNavigateToNextPage" time="18.289"/>
  <testcase classname="tests.MerchantListTest" name="verifyMerchantListVisibilityAndClickability" time="15.386"/>
  <testcase classname="tests.MerchantListTest" name="testDraftButtonClickDisplaysMerchantList" time="14.621"/>
  <testcase classname="tests.MerchantListTest" name="testValidSearchQuery" time="18.436"/>
  <testcase classname="tests.MerchantListTest" name="testVerifyMerchantButtonClick" time="55.517"/>
  <testcase classname="tests.MerchantListTest" name="testEditButtonOpensEditingInterface" time="16.648"/>
  <testcase classname="tests.MerchantListTest" name="testInValidSearchQuery" time="18.457"/>
</testsuite> <!-- tests.MerchantListTest -->
