<?xml version="1.0" encoding="UTF-8"?>
<!-- Generated by org.testng.reporters.JUnitReportReporter -->
<testsuite hostname="DESKTOP-DSBPMRT" failures="0" tests="9" name="tests.MerchantListTest" time="221.843" errors="0" timestamp="2024-07-30T13:54:55 IST" skipped="0">
  <testcase classname="tests.MerchantListTest" name="testNavigateToNextPage" time="17.821"/>
  <testcase classname="tests.MerchantListTest" name="testValidSearchQuery" time="17.842"/>
  <testcase classname="tests.MerchantListTest" name="verifyMerchantListVisibilityAndClickability" time="14.795"/>
  <testcase classname="tests.MerchantListTest" name="testInValidSearchQuery" time="17.768"/>
  <testcase classname="tests.MerchantListTest" name="testVerifyMerchantButtonClick" time="52.848"/>
  <testcase classname="tests.MerchantListTest" name="testAddMerchantsButton" time="46.679"/>
  <testcase classname="tests.MerchantListTest" name="testPrevButtonNavigation" time="21.706"/>
  <testcase classname="tests.MerchantListTest" name="testEditButtonOpensEditingInterface" time="17.230"/>
  <testcase classname="tests.MerchantListTest" name="testDraftButtonClickDisplaysMerchantList" time="15.154"/>
</testsuite> <!-- tests.MerchantListTest -->
